1 1 1
1 10 20
10 1 20
17 97 119
97 17 119
958 630 179
828 1378 182
1113 1251 182
1188 2184 180
2720 385 209
2568 1782 209
2947 658 217
7720 4640 262
2772 7290 262
6090 3980 236
1815 7381 262
552 9048 262
4940 10153 262
3556 13776 276
10575 3165 262
7488 6528 257
13719 1122 276
10260 3870 262
969 6479 262
2580 11240 268
4683 20538 279
8448 2266 262
6463 19895 279
8928 552 262
19575 3800 279
19370 8996 279
25326 7560 282
9464 8316 260
10875 8323 260
14100 28890 308
11842 20398 279
17312 27744 308
20394 3168 279
16388 13634 271
29960 20230 308
15336 24300 282
1554 1036 182
36670 8056 324
29874 12246 308
9600 22640 279
23657 14022 282
35238 378 311
41667 10449 324
19404 42768 324
8595 26505 282
37398 26588 324
21526 19928 256
1632 18096 279
39984 30478 324
27000 14850 308
46971 13107 324
16952 21164 279
43301 34026 324
20142 2646 279
16775 24035 282
9856 52696 340
28272 54492 340
32016 47908 324
50504 21358 324
50640 54300 340
7320 4880 262
4278 8246 262
42966 44793 270
16960 52480 324
18460 23335 274
2970 60984 340
64387 15946 340
38896 32708 324
67620 47127 340
29610 37730 324
25560 29536 308
56880 23256 340
61101 72927 330
43882 46028 314
525 13275 276
5548 53504 340
41041 49049 314
468 74334 340
15879 77973 351
73040 24320 340
16605 30051 308
28044 19598 308
3237 79597 351
63504 32004 340
61540 23290 340
38958 2494 324
86130 75516 351
79992 10912 351
64614 28124 340
64710 67320 268
49049 73528 340
84088 29532 351
3069 54033 340
89018 282 351
70965 90630 351
7584 21600 279
62759 75854 330
18424 20580 274
85932 16632 351
82700 35500 351
54742 4040 340
90372 88944 315
51294 68392 340
65624 30888 340
36435 39270 306
17172 29256 308
5992 102292 351
61236 20412 340
55263 20274 340
51810 82280 351
8325 58053 340
94864 12432 351
11752 109271 354
19494 102600 351
102810 104765 310
65772 30972 340
75816 102258 351
17818 22774 274
28679 17255 308
113520 109920 323
66429 63404 299
110532 51362 354
114390 19803 354
39928 120156 354
81125 101750 341
21924 50148 324
108585 34163 354
37504 83712 351
124485 32637 354
6240 86060 351
11135 116066 354
95964 31284 351
1729 58121 340
98758 38458 351
74250 109620 354
72216 120360 354
132890 130013 331
35742 106122 351
72141 21545 340
58800 22820 340
123939 113505 349
74266 1562 340
27170 39897 324
41616 41616 182
99615 118175 354
4964 80592 351
44247 44394 239
36260 43956 306
20860 42018 324
54000 132300 354
14949 95734 351
5776 115064 354
61047 126072 354
5390 14014 276
128185 104005 354
18252 34164 308
17113 144283 375
83582 98276 333
112890 25917 354
81600 107520 354
98532 35581 351
106596 112752 323
142299 74491 354
35588 123328 354
6105 113190 354
150562 11122 375
4342 12024 268
22344 1512 279
95147 154973 375
37570 14450 324
118845 169461 383
76540 38528 340
21971 23874 282
26100 139374 354
18550 106050 351
74976 88352 351
138414 63720 354
116590 57672 354
122794 24702 354
94140 172260 383
143171 79097 375
140140 46592 354
67893 141459 354
112976 161000 383
53095 165760 383
40176 183768 383
184569 140250 383
178976 88736 383
73521 72009 294
87210 177080 383
162923 82321 383
129984 90240 354
171191 31845 383
10670 6402 260
54015 180960 383
117992 89572 354
2561 194242 383
135828 156618 383
96117 86565 333
45200 98800 351
191553 63114 383
63428 75346 325
131747 191632 383
189720 19584 383
184500 173635 365
55414 55620 260
175329 204930 365
106496 166192 383
92378 96140 328
43890 98490 351
107188 174919 383
7208 48760 324
81153 63261 351
22898 29746 308
186620 3010 383
162432 163296 339
19313 151466 375
206010 14170 383
165783 61758 383
115940 97680 354
68952 23868 340
58386 159174 383
101019 33896 351
58912 127680 354
39825 86850 351
107124 214474 383
111230 151636 375
118104 125172 336
35037 212512 383
138920 146510 375
59367 12705 340
191400 76096 383
120228 88540 354
102024 36270 351
16685 206565 383
164492 213344 373
45504 3555 324
80920 30226 351
21510 205779 383
139200 179280 383
238590 113752 443
229900 192632 386
177633 84321 383
41724 207644 383
165130 89180 383
211068 113160 383
222547 43719 386
239072 167152 443
69471 132717 354
36750 201500 383
49698 113201 354
123984 55440 354
64515 176088 383
159766 78994 383
95625 221850 386
19712 47360 324
110253 38293 354
143706 220074 386
29008 133644 354
39520 112580 354
52461 10962 324
133620 179732 383
244590 147806 443
103224 235752 443
217830 195305 386
89110 106134 341
246441 16020 443
175004 188672 365
185341 263620 443
14850 123660 354
265309 137939 443
158848 184144 370
169806 205296 365
21098 4110 279
5225 34925 311
99360 254472 443
3878 202210 383
249922 143726 443
244125 260307 363
275240 75320 443
172534 257396 443
205578 147204 383
207439 190176 373
116156 180624 383
151620 252510 443
5434 27456 308
61705 184541 383
225216 103680 386
17918 81787 351
185310 198360 360
77988 246477 443
127020 91688 354
47173 121888 354
122010 74676 354
198240 118885 383
275872 291560 389
280665 99792 443
172244 18774 383
131560 277771 443
200400 255600 443
88193 79464 333
167610 57682 383
18180 19089 261
302176 74480 443
168360 71065 383
270504 279990 389
288887 167315 443
192808 224840 386
237621 266667 407
204290 220410 386
40430 45717 314
219024 152880 386
255095 17215 443
112098 54322 354
244125 181125 443
300200 140936 443
255185 187347 443
257262 124020 443
294756 188848 443
66560 214720 383
118449 24717 354
119140 180964 383
108528 259046 443
97524 322704 443
34775 181025 383
253954 145070 443
157614 293319 443
181384 269616 443
62839 92120 351
304920 185130 443
121808 52960 354
20252 95616 351
262071 199467 443
138610 243152 443
85090 95475 333
258720 132048 443
195123 139855 383
293384 318734 384
273573 252216 407
235960 141440 443
55924 142538 354
3078 10260 262
156751 168413 370
174752 262816 443
306015 131100 443
71622 307940 443
160661 43375 383
163908 132588 383
197534 321778 443
349650 308350 441
131625 56511 354
217888 135520 386
117902 233686 443
61950 301962 443
236075 179985 443
296548 352084 441
182784 353073 443
147854 134608 375
69287 34823 340
248040 241920 350
12996 24909 282
86156 185344 383
116523 292578 443
224952 48776 386
122275 184690 383
317688 269742 407
323327 51013 443
78752 90896 338
265680 274905 407
321160 291930 384
176596 20034 383
289416 323268 384
224546 249164 443
163812 320144 443
196500 79500 383
247032 289144 407
352118 200187 443
82782 162540 383
17055 338068 443
275500 24320 443
275463 367284 441
335396 212774 443
381468 139412 443
151296 295680 443
151305 20790 375
92640 42846 351
345204 275157 389
365108 104372 443
61073 7391 340
162240 4290 383
379661 286212 441
84672 81536 320
242088 229512 443
236400 234430 337
298225 123635 443
333036 284328 389
266784 368813 441
144474 205766 383
369873 165585 443
53200 10400 340
22456 329221 443
284616 12060 443
357461 351416 379
312292 30300 443
328050 326025 322
360934 138446 443
288970 274725 389
357816 186456 443
280165 312067 389
369000 103730 443
316059 129876 443
308588 193640 443
239127 364679 441
306774 324990 384
214140 396325 443
126880 43264 354
265212 334017 407
197296 49324 383
59079 52375 340
197400 238140 443
315329 288385 389
420734 329582 449
202194 116748 383
103880 69960 351
99025 269875 443
322056 115872 443
383446 39284 443
191744 233260 443
221364 49335 386
55040 405060 443
68960 103009 351
323136 82944 443
303966 333410 384
46438 160580 383
34365 276225 443
327000 117720 443
354407 156883 443
294774 10074 443
213793 387637 443
337040 242000 407
289737 361179 441
165750 120224 383
357058 435912 449
289044 26640 443
260770 92115 443
154316 297928 443
335250 21009 443
111552 342272 443
73636 42655 340
298350 242550 407
399135 145673 443
109384 65992 354
82899 311211 443
372280 363654 392
350350 221585 443
311904 405384 441
152181 435978 449
427772 408994 449
443853 23409 449
240120 246560 368
62696 119860 354
22638 123816 354
46300 423182 449
33872 156832 383
307830 116250 443
264688 22368 443
355854 143836 443
176904 456300 449
320327 44086 443
296100 106220 443
332526 113511 443
7552 434712 449
328262 105952 443
110916 236526 443
258400 469300 449
93296 314160 443
62964 418329 449
25334 367104 443
286921 319972 389
87360 181920 383
80808 316979 443
187980 59286 383
70035 117852 354
41624 305404 443
62565 125615 354
433998 400950 449
383756 154866 443
396744 355264 436
320295 14670 443
301840 33810 443
391327 188053 443
218940 198276 386
428417 41905 449
152646 316654 443
223245 460350 449
471696 290656 449
117292 131208 344
274398 241032 407
215069 91317 383
427000 293500 449
73146 97194 351
87348 445274 449
141846 49797 354
164304 481824 449
308050 14645 443
347116 185196 443
7098 191139 383
475488 61468 449
247374 429087 449
316200 147900 443
363321 377118 423
295424 83968 443
390906 382185 436
271906 413256 449
331145 244625 407
381324 322500 441
204215 491150 449
487956 418026 444
121965 51381 354
400400 115960 443
281861 409506 441
297018 179568 443
486390 339427 449
518236 37204 470
35175 513450 470
338218 240908 407
49538 36890 314
184800 130944 383
448592 16928 449
103880 350860 443
64782 406215 443
123956 71288 354
180687 364572 443
17088 97722 351
219885 408740 443
19296 487760 449
373215 501558 449
369606 165704 443
325017 526603 470
358020 534600 470
337584 418193 449
62330 98644 351
540828 236748 470
27744 483616 449
301385 34880 443
402948 395850 387
5470 234663 443
500872 481692 426
354105 320067 441
418550 519200 470
317927 231971 407
151800 446016 449
385994 55300 443
327414 387800 441
167055 517815 470
404768 283004 441
486261 145377 449
430218 472626 444
167141 174967 347
553840 257600 470
47124 273207 443
44960 459716 449
249972 176219 443
70500 385212 443
463865 472905 413
356580 344128 441
209790 485919 449
514040 98264 470
273120 154199 443
546630 548340 452
279219 314621 389
38324 220792 386
430896 81366 449
471828 241654 449
343850 217925 443
358848 211392 443
378512 82511 443
283220 191318 443
296448 206124 443
233740 35380 443
201026 374745 443
398088 537186 470
17490 388861 443
241776 189216 443
413010 521235 470
247878 33402 443
149685 181970 383
49392 455112 449
245024 103075 443
223610 255470 443
58509 258858 443
422096 252192 449
272187 164261 443
583902 513216 452
196350 55335 383
292636 50064 443
177309 104475 383
456274 358800 449
273144 424691 449
243600 537000 470
216961 294490 443
484610 473774 413
22311 92259 351
402264 282672 441
159115 225060 386
107262 211494 383
553584 132326 470
440800 99104 449
396459 32886 443
93330 446520 449
96538 588393 470
501228 260712 449
126891 427261 449
28244 143062 375
347475 246000 441
456456 212520 449
167824 270863 443
32136 185400 383
281645 449394 449
571020 57040 470
313605 37881 443
531188 309756 470
566307 449183 470
312624 585312 470
9375 334375 443
119566 517076 470
154869 258951 443
437716 381824 449
375513 542198 470
468090 558180 470
195610 215171 373
538464 525824 408
78492 50640 351
442532 156598 449
161925 285115 443
22896 283656 443
418509 103194 449
333036 333674 322
230679 213426 443
312320 405760 441
565362 556388 421
339618 533502 470
404447 455887 449
8372 345184 443
77400 623715 470
121448 392122 443
430902 167573 449
561816 167832 470
331639 271282 389
345150 320450 384
378231 542283 470
41076 2608 324
637981 365680 509
231516 435564 449
339945 564610 470
386384 243376 441
319959 34164 443
240828 159894 443
127846 326864 443
234300 69960 443
370160 380075 423
573954 571306 372
607971 19227 470
458160 540496 470
557935 539980 452
603396 562104 434
470235 264799 449
659316 9352 509
244185 627522 509
473690 319590 449
352275 500566 449
107520 84000 354
11441 26920 308
386202 663890 509
239625 35775 443
525252 553644 452
64315 276216 443
571554 459006 470
390425 296044 441
517480 243440 470
577488 550929 421
15686 646536 509
644752 366771 509
638856 520524 509
321950 509640 449
281946 240100 407
50151 188925 383
44032 44032 40
553956 181207 470
602370 122130 470
4837 472644 449
212444 458796 449
591129 85932 470
217916 473308 449
361400 337075 441
535920 690432 509
297619 598026 470
115170 195440 383
621411 537531 452
215600 260400 443
431115 456351 400
51246 11232 324
452732 172235 449
304128 107712 443
638730 45120 509
605748 695410 509
417130 636300 509
487812 540912 470
499845 328267 449
218680 122120 386
334170 632079 509
305448 703456 509
293043 98394 443
211344 686154 509
618475 635635 509
98808 534136 470
444540 136230 449
68210 525576 470
707496 25884 509
181440 411120 449
687834 256676 509
301074 502512 449
532128 346317 470
556032 371412 470
400200 207350 443
140844 598950 470
661570 102507 509
515424 487032 470
683802 503010 509
67890 148190 375
6579 652052 509
430416 651480 509
306394 280006 389
35966 663536 509
318255 410865 449
57408 524768 470
485683 283745 449
301842 89298 443
216527 580115 470
328560 460280 449
721734 712101 411
201824 729386 509
355154 701392 509
63240 81096 351
628035 501385 509
525930 609482 452
718614 348849 509
596156 386716 470
26964 220955 386
321000 443250 449
500917 249332 449
488800 211312 449
280116 682971 509
72384 82940 351
303510 247640 407
425628 271404 449
751701 442845 509
140230 259994 443
3036 385572 443
49400 361000 443
740453 519002 509
570738 76962 470
338772 552412 470
430896 512644 470
621945 739755 509
448110 618928 470
566813 95108 470
256512 96768 443
415260 134575 449
595210 647570 509
296064 549723 470
630724 595212 509
629222 591345 509
306504 92880 443
634725 237925 509
388000 530784 470
190365 425019 449
735988 683084 504
137104 116071 344
659880 69420 509
525613 401434 470
40664 71162 340
515214 378972 470
87808 771456 509
76930 358745 443
705828 437016 509
105458 9444 351
657980 110320 509
116772 685641 509
683350 751290 504
671559 613025 509
763488 385704 509
86437 639158 509
181032 384296 443
183645 642360 509
347852 310440 441
278153 650352 509
782040 9576 509
89488 329987 443
94400 637600 509
204255 162603 365
129924 567014 470
753214 358138 509
358584 559584 470
531300 101430 470
274040 366730 441
444657 511638 444
561560 282800 470
93844 147238 375
545940 577530 452
727467 192207 509
228172 645540 509
147153 228453 386
603174 280016 470
64385 182560 383
766224 124848 509
683012 623371 509
632314 782008 504
616707 294840 470
156620 690440 509
293918 373555 441
286878 212898 443
27982 788434 509
824 398816 443
565125 226050 470
63602 560854 470
17367 779034 509
546480 70380 470
225488 413671 449
253150 612540 470
802746 597489 509
739648 500032 509
411502 115787 449
629670 786462 504
414995 464260 444
23408 124564 354
638631 657045 429
54470 17598 340
56213 573037 470
383040 36960 443
835954 395270 509
277018 815898 509
355746 89358 443
121536 338444 443
57460 250120 443
455994 739404 509
704704 642873 504
359552 647024 509
447423 839661 525
452200 40800 449
345506 65527 443
803436 243672 509
702872 825704 504
613172 743834 509
453150 240255 449
78752 321856 443
318804 835575 509
761904 385242 509
265431 563504 470
253700 216720 443
684495 359898 509
169814 493926 449
391802 743043 509
172800 762048 509
679890 757740 504
403556 711852 509
518466 216750 470
787276 273420 509
271997 13904 443
416730 88740 449
866645 240396 525
219744 843224 525
297693 475785 449
247342 49818 443
326375 133875 443
670140 336384 509
788423 819995 468
104482 604942 470
737481 770883 468
450560 777920 509
444905 211440 449
465696 638568 509
787636 658718 504
487968 778804 509
731010 842520 525
613998 853218 525
350365 455031 449
823176 808080 450
687197 789432 504
596300 633680 509
596079 789426 509
108824 650268 509
555446 481327 470
101022 414816 449
686465 11635 509
51968 57344 340
507702 418002 444
317892 434632 449
372186 542097 470
540900 668700 509
726206 584749 509
398684 252560 441
181503 234780 443
297416 708736 509
874230 716760 525
630576 163080 509
176865 792718 509
775432 670104 504
723564 28179 509
242060 466830 449
382620 364400 423
1824 92112 351
235554 149732 443
690984 561196 509
313845 273585 389
856460 591736 525
626311 282436 470
45900 515916 470
886835 775636 525
793960 5520 509
772719 804954 468
166882 831644 509
668252 127374 509
734580 911988 525
805675 490250 509
640792 914888 525
646119 913095 525
35264 148480 375
194161 696750 509
137640 761670 509
147098 222509 386
129548 591820 470
738003 445974 509
139166 166252 383
471240 308550 449
642096 927576 525
454445 220195 449
177282 932372 525
131460 274188 443
626040 548960 447
268185 259716 407
650922 893016 525
202745 634639 509
669296 583392 509
520695 365715 470
363264 591250 470
940371 890180 507
820020 931884 525
266669 662402 509
780900 595650 509
634317 595326 509
732088 580720 509
44791 861512 525
595296 769878 509
373405 887195 525
246648 955044 525
205755 445962 449
597792 169566 470
812273 670341 504
497280 64320 449
107632 343077 443
231842 925444 525
474759 593208 470
48200 468504 449
626285 805775 509
111090 716772 509
485434 110238 449
670824 689216 398
318801 134691 443
602370 711980 509
589397 231098 470
862164 413100 525
582827 140112 470
51622 514272 470
640575 410475 509
186416 409920 443
427926 384938 449
561372 787290 509
715649 419012 509
591920 455700 470
885843 156960 525
268086 116858 443
927952 937782 414
246984 276504 407
854980 38415 525
657662 904162 525
53298 141141 354
20748 487084 449
939550 897023 507
637560 97020 509
183335 722439 509
516832 155744 470
12909 282012 443
498988 112322 449
419890 340290 449
549792 575688 421
958117 357923 525
780436 124750 509
252747 361638 441
545000 375000 470
