29166 79904 351
24838 13813 282
48070 25240 324
32440 28880 285
46569 87698 351
30925 81253 351
49892 6892 324
36093 71924 340
17712 60157 340
7477 73577 340
94754 50846 351
7314 13582 276
90732 12501 351
11579 32095 308
45995 13716 324
38938 99698 351
24738 40648 324
25131 39655 324
35892 46025 314
75765 38015 340
42708 80394 351
92725 61483 351
83722 28580 351
93794 61544 351
4617 4862 197
93060 22292 351
57576 24952 340
42149 1237 324
13190 31035 308
26624 54326 340
34801 22378 311
31800 98666 351
7612 3387 262
9595 79415 351
15411 49094 324
99685 96725 328
6388 41817 324
2909 18647 279
77991 86551 338
98657 7187 351
16876 20247 279
47133 14211 324
71796 50781 340
65588 42319 340
73045 55056 335
5411 93745 351
83310 87493 333
40172 84375 351
80463 82413 320
30395 76546 340
40786 46494 314
77238 39690 351
81562 78044 338
84188 48278 351
23782 27378 308
12983 30959 308
39032 98560 351
34071 89098 351
77538 11535 351
24898 80220 351
81337 35511 351
48417 43068 314
2046 82542 351
8716 5451 262
69833 72137 325
91724 17631 351
60975 6977 340
31742 17449 308
72707 37881 340
84220 99643 333
53238 76918 335
16097 59204 340
61950 73293 330
53446 32965 340
92646 26407 351
54963 10279 340
99673 99137 297
9603 16188 276
89879 94013 333
17159 48840 324
80787 10892 351
87467 78525 338
89571 59526 351
35825 47567 314
4313 48308 324
61980 65942 330
957 2540 209
25735 17280 282
99408 97587 328
71497 73276 294
50184 64770 340
56347 10131 340
35044 56999 340
50390 38708 314
68123 23430 340
27394 93831 351
60993 25118 340
71056 22283 340
19725 42909 324
34294 54975 340
60170 54072 322
45117 60698 340
97053 34328 351
75757 63731 325
38383 3172 324
81870 70850 351
83662 12575 351
6274 58646 340
88085 94106 333
93208 48463 351
33566 51980 324
67853 74602 325
17889 98703 351
13683 1593 276
90708 53570 351
84871 46989 351
9934 60952 340
49446 60770 340
15407 68272 340
52448 85717 351
75764 99911 351
81495 85298 320
11377 41027 324
55196 96166 351
44257 48133 314
51715 49471 309
16463 929 276
88148 96239 333
58429 33258 340
87035 10909 351
11254 45771 324
30071 42943 324
77457 46465 351
97881 96452 297
42085 47083 314
5737 12940 268
10910 71763 340
61781 23542 340
23817 45674 324
28868 58235 340
74097 19004 340
29962 55287 340
54889 77926 351
40628 17414 324
87461 45633 351
72849 99636 351
9929 41787 324
43014 93490 351
7637 5241 262
18232 48689 324
86914 56817 351
19371 73849 340
33287 4303 308
64968 59589 335
62216 42813 340
50271 89127 351
56020 80239 351
38238 29696 324
76567 26688 340
23245 41865 324
85121 91444 333
98641 55214 351
91261 49864 351
65136 84220 351
35298 25805 311
58216 22137 340
5827 85630 351
9364 95604 351
44633 37736 306
20791 85056 351
43519 31346 324
51418 51971 247
88319 37655 351
41442 63891 340
75792 33639 340
25421 49369 324
99032 74457 351
81435 35490 351
93037 30970 351
26384 89765 351
40728 25775 324
77746 6768 351
96564 39006 351
81916 91292 333
14430 66883 340
25736 89952 351
14249 17407 271
39252 29577 324
68866 95157 351
31068 61435 340
47184 74687 340
51063 3434 324
40357 14164 324
73137 87680 351
74037 92695 351
49701 84128 351
15589 47199 324
74816 87276 351
37982 89849 351
27077 11994 308
85106 26665 351
35234 25242 311
59853 30325 340
19702 16140 279
24062 97495 351
28941 1896 308
2951 48156 324
73586 31414 340
7249 67273 340
9475 62643 340
55521 286 340
62396 62312 224
12609 57766 340
6769 71145 340
47210 44001 314
360 11045 268
65499 82706 351
81485 82 351
86831 19775 351
44570 11775 324
71530 19208 340
91755 70526 351
99846 90666 333
23649 82626 351
80628 66540 351
9835 55787 340
57755 85331 351
55958 73563 335
83393 38331 351
6834 64580 340
19998 78935 351
90434 18485 351
25273 11126 282
19667 21910 274
75921 36317 340
10224 36395 324
38244 13005 324
10303 6021 262
83616 42665 351
2052 24710 282
41628 22412 324
54627 72543 335
69911 7787 340
5019 60565 340
90821 63788 351
77832 52291 351
86255 58511 351
54506 90657 351
9847 87559 351
50176 80540 351
59188 12228 340
5039 27919 308
16377 64484 340
27799 34405 311
12285 41234 324
98158 35503 351
65506 50758 340
12003 6897 268
85315 92377 333
55019 39851 340
55963 83976 351
27758 55975 340
46491 80708 351
12386 32836 308
83601 2169 351
48666 7226 324
78865 92865 333
88895 27609 351
97790 71838 351
91549 5718 351
990 20881 279
78147 94180 338
214 33115 308
86192 21295 351
30795 38920 324
6515 85768 351
55403 36092 340
95691 61965 351
5755 68905 340
54644 76620 335
26501 45316 324
66654 95835 351
5253 63237 340
22209 97697 351
94434 81494 333
61164 87451 351
21383 92625 351
51191 11435 324
75460 34477 340
59512 49701 340
22830 9493 279
18334 54920 340
88504 6483 351
79280 91349 333
42551 44270 270
47329 91475 351
40110 22307 324
15441 39653 324
3801 23388 279
15543 27320 308
59516 68456 335
82217 91198 333
16018 40541 324
28600 93814 351
38933 86378 351
5160 47840 324
81436 51226 351
71696 61381 330
78271 15068 351
19333 67003 340
62141 94906 351
27458 74819 340
88201 18304 351
93318 71315 351
74068 27796 340
76591 57892 335
20228 87192 351
4325 23732 282
15002 93853 351
16924 75873 340
27424 71071 340
23050 87263 351
10677 64624 340
10670 55952 340
96694 38052 351
40176 70015 340
55926 50985 340
32027 86589 351
63161 52846 335
71636 97347 351
69842 35219 340
77344 63832 351
66616 932 340
26796 60022 340
16645 87183 351
22684 41786 324
49930 38101 314
67924 25235 340
29754 40662 324
52842 35240 340
4094 5431 215
58852 12639 340
3569 1785 217
19592 2975 279
50700 12899 324
86619 39319 351
55780 66630 335
27378 63664 340
22227 4759 279
67120 99747 351
29002 25650 308
55329 82837 351
13521 21937 279
54236 86583 351
48762 99868 351
96129 93633 328
69939 94392 351
74585 59770 335
13636 46509 324
15377 35002 311
97312 22023 351
3508 37785 324
77040 9073 351
66102 75854 325
49424 74077 340
30353 64950 340
83832 92539 333
99935 53488 351
98270 39201 351
63086 82741 351
49819 4884 324
15853 70731 340
12303 67196 340
47230 94473 351
34879 37448 324
57057 22233 340
68329 75192 325
80966 27981 351
64410 30807 340
51288 53996 340
64645 69578 312
15408 41003 324
64132 74761 325
38027 81273 351
2948 6206 262
88368 81771 333
28983 66133 340
18857 23745 282
32062 16989 308
1343 7947 262
95519 96256 284
35037 56895 340
74260 86332 351
56594 89503 351
97457 67403 351
23365 52786 340
73257 44484 340
51051 65145 340
31695 76861 340
52148 54628 340
91944 20106 351
6252 82084 351
83471 27594 351
41203 5948 324
19851 67892 340
19957 97392 351
32971 67808 340
52683 90323 351
17582 39086 324
48854 92943 351
95882 54189 351
1729 84468 351
38434 24231 324
53119 84267 351
40942 28052 324
39498 83023 351
52891 74749 335
17552 48617 324
86072 24587 351
37153 90355 351
59882 87743 351
55844 98668 351
86250 96850 333
46344 13621 324
67750 26409 340
53071 75085 335
55109 45295 340
40860 71395 340
69881 31699 340
39940 40069 213
23216 15481 279
95740 66501 351
99037 405 351
79740 7564 351
72844 33681 340
39411 29258 324
66249 12846 340
68653 39332 340
31860 80057 351
68857 51068 340
96506 72512 351
31394 70925 340
84545 97749 333
20537 50835 324
66190 84368 351
78907 80125 307
72173 46273 340
22501 38930 324
39095 6139 324
54788 25625 340
9481 87739 351
61336 19496 340
53470 32248 340
59600 56371 304
72432 8628 340
36370 48600 314
22885 10449 279
12192 90701 351
98311 99723 328
86875 90313 333
72017 85053 351
76676 13413 340
40724 94428 351
44127 64015 340
87188 3808 351
99530 89440 333
68912 57537 335
17612 13332 271
96370 6102 351
71 84421 351
1129 52475 324
67819 35429 340
29785 74894 340
96584 90629 333
10526 51106 324
13277 98358 351
32407 4666 308
49435 72129 340
5619 3356 238
66128 10976 340
96636 23792 351
51539 86047 351
71895 77212 351
82368 98382 333
6712 56826 340
70037 68355 312
95581 70437 351
99740 39860 351
87315 72085 351
39979 20327 324
84166 77814 338
15881 96078 351
23269 60391 340
116 64167 340
30166 15570 308
30029 26595 308
74508 26261 340
43873 14293 324
65099 31500 340
26168 42488 324
26859 71963 340
15676 36554 324
71941 89630 351
53273 86876 351
89184 99185 333
66372 91369 351
75505 68989 325
80787 29598 351
59703 18123 340
64566 25362 340
1294 79692 351
94108 26171 351
57823 62439 335
33311 3425 308
95112 86576 333
68361 36186 340
47762 86274 351
49098 36876 314
15649 90336 351
69699 8311 340
78721 76254 351
99942 8919 351
61269 96781 351
74658 83411 351
11520 72647 340
63062 15832 340
78658 18778 351
82172 13658 351
22381 81117 351
17324 55894 340
80148 47485 351
39033 63176 340
13719 87455 351
13326 80416 351
82730 14004 351
98867 12080 351
75434 37147 340
83278 27994 351
27132 82516 351
12812 29341 308
93301 6792 351
11338 56689 340
67867 25947 340
98818 93568 328
88674 18191 351
11448 19517 279
7685 51505 324
29213 8925 308
25985 92902 351
31533 17068 308
27384 92982 351
42857 1897 324
75188 41488 340
59194 88113 351
50075 67786 340
12531 90434 351
2712 26262 282
86013 52736 351
6678 44120 324
49975 11480 324
62704 92221 351
2054 84780 351
18103 47233 324
29696 59711 340
13631 57551 340
84152 45535 351
27860 42592 324
93629 92326 315
20291 90303 351
11046 96899 351
22790 97536 351
63017 29592 340
30422 89061 351
80430 14823 351
27051 48373 324
7846 2662 262
35809 39086 306
58207 40447 340
8929 28258 308
13616 64443 340
40611 8832 324
93750 18318 351
41664 43738 288
44426 14264 324
77375 40188 351
88427 50449 351
5192 51472 324
1702 48133 324
73604 40480 340
62175 45437 340
72522 20736 340
93234 20157 351
32218 1953 308
77436 3050 351
46681 51874 314
65159 64118 299
68959 87306 351
82440 74421 351
18391 41145 324
70380 12542 340
79301 92570 333
84737 45225 351
51019 81936 351
87241 16402 351
42299 9545 324
9148 39338 324
83574 36638 351
72854 44772 340
90482 87239 333
87850 1329 351
66291 85833 351
82021 94151 333
41471 10305 324
57721 43080 340
41963 6331 324
19361 16392 279
47381 40878 314
18336 59378 340
71565 9229 340
31117 14407 308
73180 64142 325
34053 13549 308
67770 40157 340
54354 9232 340
45620 30539 324
90079 44332 351
60682 25196 340
98887 29383 351
19379 74711 340
21698 450 279
36642 47662 314
568 65254 340
91602 90521 333
54878 28386 340
90335 70461 351
5577 94906 351
29598 99495 351
2192 94107 351
15959 33291 308
29213 45067 324
25183 1047 282
24307 77542 351
17651 66346 340
98837 35679 351
12010 55056 340
26931 93392 351
27584 82341 351
40694 17052 324
53462 11285 340
1491 3821 238
18844 14138 279
7726 50047 324
96029 7879 351
87872 8215 351
50796 21147 324
28976 15961 308
61482 62134 317
32034 42328 324
93041 78820 333
70236 23994 340
50321 17469 324
20072 73869 340
12856 46718 324
73575 47108 340
49311 29719 324
15314 66106 340
28322 52278 324
66550 89613 351
56851 60628 317
28502 10006 308
88883 37461 351
33352 86855 351
54273 8862 340
14411 26391 282
60830 919 340
94421 89919 333
73290 37776 340
55442 17749 340
40481 67980 340
20436 56557 340
13293 71519 340
93734 32963 351
35184 73267 340
10861 81607 351
16673 7144 276
28260 98849 351
26459 71712 340
74293 29498 340
64516 78781 351
85511 50745 351
45970 37855 314
34937 34149 311
80931 50997 351
6267 86374 351
53048 40881 340
3564 60254 340
89311 75839 351
27593 51306 324
50675 89273 351
37573 79207 351
77956 91943 338
1434 52689 340
15886 17300 266
21934 67233 340
51410 94431 351
85379 47683 351
56217 44890 340
40257 51644 314
50466 44824 314
50962 70805 340
92491 52601 351
79264 51024 351
35612 61647 340
23889 55329 340
96651 58649 351
39067 44791 306
39550 20679 324
74669 58717 335
23673 19825 282
92564 23028 351
47264 18730 324
23769 92093 351
87186 72883 351
70084 16169 340
9359 50193 324
30007 3448 308
42337 27049 324
63167 13562 340
26274 93395 351
3678 63017 340
88401 1632 351
81370 1317 351
49921 38062 314
61730 2403 340
52156 88465 351
79314 425 351
56446 5715 340
53044 47398 340
56645 97291 351
10135 67188 340
63043 59501 335
81 66008 340
82880 31427 351
16797 15998 266
98145 96718 297
25901 12182 282
72367 21515 340
65874 95402 351
47619 48476 252
11862 15478 276
53561 75746 335
50208 84160 351
58504 18787 340
16730 5341 276
32023 26220 308
59183 72351 335
13446 73942 340
18916 53961 340
59868 65087 335
52966 37906 340
91393 68469 351
56427 98087 351
99692 85999 333
96655 79165 333
96567 37448 351
18988 41773 324
69934 91950 351
54161 60645 322
51521 858 324
28515 1961 308
18796 97735 351
70294 48468 340
86292 40900 351
6988 68492 340
93837 49528 351
67048 30169 340
15686 22611 279
58152 91166 351
83303 76631 351
25969 85243 351
3245 44356 324
73870 60965 335
62156 43320 340
94787 20422 351
51667 93623 351
46265 86215 351
20501 55192 340
86098 12010 351
82800 83461 289
4231 17517 276
15837 99604 351
21729 70933 340
53639 71416 335
47097 49968 314
70553 59450 335
68217 9458 340
96256 23090 351
32859 32582 236
92687 60762 351
74391 23295 340
89803 19085 351
79294 39404 351
44902 71953 340
52923 58530 322
70914 90590 351
5245 56677 340
59970 24117 340
11178 40639 324
21270 46387 324
2104 37589 324
98084 19391 351
2799 52874 340
10906 98337 351
56122 38730 340
75412 95172 351
78796 89470 333
60542 69537 335
30665 86687 351
34560 20675 311
42754 70006 340
73798 72079 294
8815 41466 324
61808 24300 340
31050 78662 351
87157 70604 351
30539 71192 340
94202 21358 351
71935 15508 340
91396 96375 333
57147 32738 340
62622 884 340
5424 2588 238
56044 42057 340
62254 69437 330
2872 32266 308
19853 87845 351
45982 27677 324
27900 48548 324
73724 4681 340
46185 91191 351
90628 7298 351
58489 66243 335
65919 20620 340
56179 31218 340
62204 67187 330
48411 13704 324
68017 18994 340
25308 88047 351
93421 63328 351
90066 11173 351
74764 57012 335
68695 49919 340
54380 9104 340
86969 10274 351
72291 95814 351
69327 3815 340
91440 10553 351
72510 62075 330
42545 6985 324
5792 8618 262
78093 23550 351
64944 97813 351
69952 24474 340
38164 7786 324
19086 19545 212
98024 84048 333
70279 1735 340
51963 76747 340
89385 96601 333
65652 97015 351
74981 93372 351
73888 13919 340
24093 16653 282
96914 68512 351
87860 32111 351
55695 96580 351
93370 73172 351
59704 11296 340
20837 3098 279
72175 57900 335
98374 69474 351
26145 45066 324
45511 82377 351
31244 14884 308
50812 2425 324
69335 42485 340
13082 92750 351
49732 60029 340
91631 25037 351
84628 98985 333
38759 3886 324
9842 30920 308
22445 7568 279
19032 5152 279
30178 23549 308
4054 15913 276
25791 87069 351
22150 39568 324
73557 12641 340
52326 30808 324
95770 62974 351
41811 23913 324
8829 41611 324
19618 5671 279
91687 27264 351
83587 72239 351
81493 84356 320
26766 96780 351
73288 86088 351
16117 28129 308
9069 32719 308
24384 63801 340
76126 77654 351
1524 81847 351
80686 29089 351
95302 62433 351
25499 98154 351
19733 26670 308
46149 22108 324
26367 64953 340
2838 75484 340
65793 16492 340
73875 27350 340
79530 15732 351
48723 61111 340
84607 15343 351
54237 51241 340
54061 79606 351
67383 86867 351
69846 24630 340
83997 42244 351
59792 50470 340
51259 80936 351
79682 37445 351
22898 91464 351
76655 90457 351
95704 7906 351
46009 9459 324
64548 55460 335
8125 2337 262
60656 27804 340
98795 38140 351
71445 7868 340
60212 93314 351
11477 84918 351
67022 42727 340
73370 92478 351
96722 44361 351
24053 87876 351
28566 75249 340
90021 96555 333
92172 9041 351
92506 24538 351
78250 98269 338
9124 96904 351
15160 91855 351
59098 25540 340
97742 55798 351
75373 74977 307
17264 66349 340
44837 96584 351
11412 7237 268
47202 92305 351
78689 79134 338
67349 66117 268
45046 73435 340
60896 74233 335
38012 95758 351
55022 90838 351
40390 2334 324
84541 72390 351
23577 88696 351
96284 26054 351
92816 30875 351
51620 40372 314
82140 12895 351
49764 59901 340
89676 17842 351
28442 36865 324
59446 64816 335
48548 96556 351
59026 91443 351
13525 6183 276
29148 90904 351
86338 16058 351
6188 46617 324
24428 94328 351
40540 29352 324
45914 94972 351
67283 47587 340
57810 92884 351
76559 79482 351
34216 60491 340
23111 10134 279
91773 85427 333
21940 34426 311
11256 70954 340
36609 54848 340
77201 99736 338
35159 38187 324
