2 3 8
7 8 17
5 6 9
7 10 20
4 9 20
10 8 20
8 2 17
4 4 3
8 9 20
1 9 20
3 1 8
8 3 17
1 5 8
7 8 17
9 2 20
3 1 8
2 3 8
1 5 8
1 1 1
3 7 17
1 2 2
3 7 17
7 1 17
7 6 17
5 10 20
5 9 20
2 5 8
1 6 9
3 10 20
1 9 20
10 2 20
5 9 20
3 3 8
7 10 20
1 7 17
10 8 20
3 1 8
8 8 4
3 4 8
10 3 20
9 4 20
4 2 8
4 3 8
1 5 8
8 9 20
9 1 20
4 2 8
5 2 8
5 1 8
1 9 20
7 4 17
7 7 17
2 9 20
8 5 17
2 2 2
8 3 17
2 10 20
4 6 9
8 8 4
3 5 8
6 6 9
2 9 20
1 3 8
6 9 20
7 3 17
2 4 8
3 10 20
10 4 20
3 7 17
4 9 20
3 3 8
10 2 20
5 9 20
7 9 20
9 9 20
5 7 17
1 4 8
8 4 17
2 2 2
9 3 20
1 1 1
4 9 20
1 3 8
10 5 20
8 1 17
3 5 8
3 10 20
9 5 20
3 5 8
1 5 8
9 3 20
10 5 20
2 6 9
2 1 2
5 5 6
3 8 17
2 6 9
10 9 20
5 5 6
1 3 8
10 7 20
2 5 8
4 9 20
5 9 20
3 6 9
5 5 6
10 5 20
3 5 8
4 8 17
9 1 20
1 3 8
6 5 9
10 10 7
4 1 8
3 1 8
10 1 20
4 1 8
10 1 20
3 4 8
10 6 20
2 9 20
8 7 17
8 1 17
8 6 17
4 5 6
5 3 8
8 9 20
3 5 8
4 7 17
8 1 17
2 3 8
8 4 17
9 2 20
2 7 17
3 7 17
7 3 17
7 10 20
9 7 20
1 9 20
5 9 20
9 6 20
1 7 17
8 2 17
2 10 20
5 2 8
5 3 8
9 7 20
5 9 20
1 6 9
3 8 17
6 1 9
3 8 17
8 2 17
7 10 20
8 5 17
5 10 20
5 9 20
10 1 20
2 5 8
4 4 3
5 4 6
6 9 20
2 4 8
1 8 17
8 1 17
7 1 17
2 4 8
7 6 17
4 8 17
2 3 8
4 4 3
9 9 20
5 3 8
7 1 17
6 10 20
7 7 17
7 1 17
3 7 17
10 7 20
2 10 20
4 9 20
8 1 17
7 7 17
10 3 20
10 6 20
5 10 20
1 1 1
8 8 4
4 2 8
5 4 6
4 5 6
5 8 17
8 1 17
5 9 20
6 1 9
5 1 8
3 5 8
7 2 17
6 3 9
1 10 20
72 38 113
57 28 113
95 15 116
91 70 116
65 31 113
83 37 116
4 51 112
28 83 116
75 66 116
95 56 116
70 21 113
12 87 116
3 45 112
83 12 116
59 79 116
94 80 111
90 70 116
15 25 24
55 16 113
99 99 26
35 1 112
25 5 24
35 5 112
39 92 116
98 22 119
67 28 113
55 63 113
62 96 116
42 92 116
65 9 113
33 89 116
71 86 116
35 11 112
19 76 116
46 52 105
96 89 106
29 32 107
65 22 113
84 41 116
6 63 113
81 12 116
73 77 116
27 10 112
87 94 106
78 60 116
46 41 110
32 71 113
42 64 113
93 46 116
54 57 113
46 16 112
68 76 116
75 66 116
12 25 24
1 80 116
27 62 113
46 79 116
93 80 111
28 69 113
12 97 119
73 75 116
14 86 116
10 19 21
75 89 111
20 13 21
72 21 113
72 57 108
79 34 116
17 58 113
86 52 116
58 83 116
69 47 113
85 15 116
78 28 116
58 87 116
94 2 116
5 1 8
21 42 112
70 82 116
15 56 113
41 46 110
6 33 112
24 8 21
85 32 116
20 90 116
26 30 112
6 38 112
85 82 111
59 18 113
75 67 116
41 96 116
47 65 113
84 65 116
7 17 20
31 63 113
9 5 20
67 56 108
2 15 20
67 39 113
72 8 113
96 92 106
39 82 116
54 68 113
58 69 108
41 86 116
73 67 116
6 75 116
96 88 106
88 96 106
60 54 113
20 43 112
70 67 28
45 29 110
83 25 116
27 37 112
20 79 116
58 10 113
62 58 108
77 70 116
74 12 116
71 24 113
73 2 116
4 44 112
49 34 110
32 96 116
92 76 111
91 19 116
55 41 113
29 51 110
30 62 113
14 6 20
93 71 116
96 76 111
56 93 116
43 66 113
14 3 20
39 85 116
91 72 116
44 75 116
100 77 119
58 33 113
40 53 110
68 88 116
74 88 111
73 56 116
98 86 119
72 100 119
47 68 113
81 24 116
21 94 116
75 96 111
74 32 116
95 31 116
76 38 116
50 39 110
55 60 113
47 62 113
3 2 8
14 35 112
19 60 113
55 5 113
46 75 116
55 71 113
74 98 119
90 14 116
39 41 110
23 22 16
10 21 21
81 21 116
62 89 116
54 66 113
83 96 111
60 64 108
87 3 116
21 57 113
27 44 112
23 85 116
97 100 119
26 51 112
64 36 113
60 94 116
39 27 112
77 65 116
7 90 116
93 24 116
37 29 107
6 38 112
90 79 111
5 23 21
91 48 116
32 14 112
58 36 113
64 32 113
29 26 112
80 52 116
91 32 116
66 76 116
89 11 116
93 64 116
75 40 116
602 566 119
424 900 179
63 75 116
228 282 128
255 85 128
65 95 116
795 949 179
995 435 179
38 820 171
796 393 171
910 984 174
277 665 145
230 484 144
110 14 119
490 598 142
676 624 145
585 451 142
975 757 179
759 330 171
921 572 179
143 65 122
497 371 142
604 196 144
70 47 113
257 486 144
843 999 179
939 768 179
873 325 179
131 21 122
279 684 145
299 51 128
270 796 171
401 129 144
436 212 144
351 478 134
248 633 144
548 542 137
130 763 171
216 578 144
528 386 142
163 193 125
347 163 144
758 149 171
807 374 171
373 890 179
231 709 171
271 989 179
530 17 144
945 939 130
193 841 171
200 504 144
399 467 134
858 132 171
452 149 144
823 773 153
123 186 125
382 830 171
653 487 145
47 857 171
91 343 144
943 36 179
362 179 144
727 457 171
980 147 179
313 694 145
574 587 119
176 202 120
491 519 142
913 623 179
554 537 137
763 156 171
703 712 171
255 794 171
633 351 142
775 348 171
761 763 153
820 886 179
782 503 171
942 403 179
871 911 179
892 312 179
80 148 122
282 577 144
825 357 171
152 162 99
419 13 144
197 771 171
530 990 179
51 742 171
36 430 144
946 343 179
262 966 179
256 668 145
731 496 171
946 772 179
621 261 144
698 690 127
862 618 171
522 506 124
399 590 142
18 697 145
464 946 179
42 549 144
853 298 171
428 591 142
94 462 144
591 603 119
84 130 122
295 972 179
248 700 145
589 848 171
514 983 179
961 828 179
445 381 134
15 647 144
664 40 145
601 664 145
325 448 144
152 777 171
728 897 179
145 770 171
371 263 144
12 970 179
643 579 132
549 565 137
81 966 179
837 852 86
647 560 132
960 209 179
709 251 171
367 593 142
535 168 144
543 925 179
905 68 179
749 821 153
90 18 116
25 720 171
870 993 179
273 639 144
414 330 134
226 451 144
856 284 171
335 785 171
123 280 128
114 421 144
115 866 171
290 278 118
646 746 171
183 957 179
655 755 171
101 92 119
75 98 119
168 647 144
382 675 145
948 700 179
319 890 179
398 188 144
488 861 171
209 525 144
502 599 137
318 35 131
186 325 131
466 639 142
862 779 148
960 290 179
123 59 119
454 268 144
589 264 144
408 519 142
88 960 179
108 914 179
356 305 144
531 451 142
850 453 171
121 167 122
493 751 171
526 733 171
227 84 125
667 520 145
37 678 145
60 196 125
735 583 171
214 763 171
131 71 122
31 323 131
416 145 144
570 747 171
488 457 142
256 845 171
687 938 179
577 622 132
903 606 179
594 678 145
311 97 128
125 831 171
24 684 145
315 628 144
843 690 171
378 445 134
864 482 171
7323 5579 262
1385 4357 238
3848 6512 262
7702 6122 262
3947 9650 262
7767 1514 262
4832 4611 197
8308 7816 252
3604 1453 217
4997 2038 238
1484 9516 262
9296 5380 262
3543 4047 238
104 4560 238
2096 6107 238
9359 1100 262
8311 9943 260
7288 4691 262
5849 6015 187
7405 2208 262
2352 7175 262
3535 9612 262
9488 95 262
1170 53 182
9902 3991 262
3273 7771 262
9908 3931 262
6284 4092 262
52 6568 262
5535 8739 262
1773 2005 175
525 6988 262
7312 6689 257
9607 752 262
1742 8717 262
483 9610 262
534 8762 262
7645 5986 262
3428 6902 262
367 7217 262
5551 8133 262
5223 6098 236
9681 7023 260
5176 616 238
9380 5074 262
3310 3080 199
1291 2695 209
2961 8595 262
6332 1382 262
7630 2956 262
3729 706 238
3411 396 217
8898 8990 247
3894 2368 238
6007 6203 262
2477 9546 262
8744 2515 262
9882 585 262
8276 6200 257
5275 2808 238
5684 145 238
7846 1978 262
7258 7075 195
1984 562 182
4964 9792 262
3209 6500 262
1102 4229 238
3969 7391 262
5730 9912 262
8044 8204 190
7788 4553 262
9860 4174 262
6006 6918 262
306 4350 238
3663 4880 238
3801 5456 215
2065 3589 217
2289 125 183
1211 2092 180
615 8411 262
2510 5403 238
4294 6525 262
7675 3020 262
5088 2154 238
9943 4188 262
1974 1441 180
8610 4835 262
5126 8726 262
5567 1029 238
8342 6477 257
2983 9067 262
979 9512 262
4561 2825 238
3912 4546 215
8925 4930 262
5292 3401 238
2594 9419 262
952 5784 238
1717 116 182
1184 5459 238
6323 717 262
327 1819 182
8135 9711 260
8095 7430 252
3229 5701 238
1908 929 182
3739 6415 262
7625 3818 262
8639 7768 252
2016 9145 262
2218 7716 262
4083 9878 262
287 3281 217
3894 4809 215
8381 8186 234
6994 275 262
3268 2774 217
9664 6663 260
8912 7568 252
5261 9716 262
735 6712 262
4766 7971 262
7469 7809 221
5234 9335 262
8192 214 262
8334 1741 262
3256 4708 238
7400 5131 262
1723 3669 217
5502 4574 210
4638 2348 238
8921 7239 252
3037 8648 262
112 9174 262
1928 966 182
1755 1320 180
6641 1024 262
8799 8078 234
5934 1432 238
8572 5873 262
7030 5723 262
9926 3614 262
1364 2001 180
1206 1746 180
6221 18 262
3353 1661 217
6707 5493 262
8863 2640 262
4493 4770 197
9517 9220 260
4670 7581 262
5805 7889 262
9681 5545 262
8786 8357 216
9794 9340 198
758 1318 182
2879 8009 262
4584 1542 238
2328 9719 262
2738 2456 209
900 4524 238
6246 5930 262
9987 6108 262
557 8893 262
8345 1353 262
90 6625 262
1678 3659 217
5705 1083 238
4639 8387 262
9674 1462 262
9795 6532 260
855 3363 217
3869 5817 236
8729 2345 262
204 6715 262
8710 7498 252
7800 4655 262
2725 682 209
1491 8598 262
8416 7523 252
4896 524 238
7562 6964 239
7600 9959 260
9271 7178 260
718 2627 209
6360 7008 257
449 2524 209
3959 3730 189
7534 2314 262
7814 9922 260
1626 7765 262
6033 4465 236
3503 8161 262
2104 5325 238
4773 6108 236
8864 4638 262
4282 6960 262
2833 9849 262
2755 200 209
5808 8173 262
24077 25642 264
59600 54857 322
62121 54187 335
37840 49080 314
23008 69725 340
92207 47985 351
26087 32688 308
50212 6600 324
12492 5821 268
79962 5396 351
73643 58438 335
41776 89086 351
92208 10230 351
61197 97234 351
11827 20106 279
5727 53883 340
28553 24850 308
25892 46841 324
1715 84828 351
77520 93738 338
14885 99530 351
76664 61607 330
78582 14456 351
51134 79495 351
55597 52628 322
43371 59484 340
7022 68980 340
88214 20518 351
2543 43949 324
36106 91545 351
12055 3749 268
17357 55744 340
97327 79169 333
46339 85996 351
52234 92139 351
45798 13240 324
97978 89903 333
30972 64007 340
25758 30309 308
30781 1163 308
93512 58558 351
39086 2776 324
25623 5683 282
82866 18023 351
34921 82105 351
66122 46199 340
84815 35797 351
98433 95111 297
36076 93912 351
45286 88551 351
77561 9157 351
43675 9025 324
23081 87787 351
10927 81559 351
67661 84747 351
37306 27141 324
35584 13357 311
93664 40255 351
19910 31818 308
4289 73948 340
8565 36938 324
32015 48016 324
15629 16621 266
97822 31134 351
88113 87026 333
10313 86159 351
38313 67696 340
11861 9298 268
59706 28558 340
57651 38506 340
20430 76380 340
31443 54201 340
92518 35072 351
67644 46281 340
67361 14170 340
93066 75423 351
28263 52925 340
23760 13763 282
99521 73567 351
52412 10344 324
68085 76688 325
39984 90052 351
78661 64066 351
81657 61308 351
36027 79879 351
51595 77368 351
9367 19908 279
43644 68890 340
22575 70156 340
15806 41250 324
31790 1259 308
15183 9139 276
36809 63126 340
7039 23066 279
46589 95430 351
56749 27687 340
20663 93901 351
16606 80204 351
38141 49802 314
50829 48634 296
3821 10547 262
91550 4352 351
87004 93088 333
56204 21066 340
2759 18563 279
72421 93254 351
87661 26564 351
50409 91136 351
92447 70533 351
14749 76318 340
12563 91922 351
57659 12565 340
4232 20091 279
3980 19489 279
88476 47384 351
84491 33474 351
28408 84335 351
98643 59765 351
76165 8709 340
10389 22428 279
25009 83843 351
61507 44741 340
69409 36744 340
5671 21589 279
71311 54418 335
63499 77588 351
54378 78150 351
73882 39862 340
99583 49709 351
70154 92845 351
95388 90956 333
40981 23928 324
3595 78848 351
45346 13418 324
38036 11562 324
38570 70058 340
17393 48245 324
32082 64175 340
45747 44862 314
53440 64595 335
94864 1679 351
95123 42535 351
10738 84088 351
40699 65987 340
43607 77825 351
35180 71431 340
5415 92054 351
22744 66281 340
91614 29365 351
9475 85043 351
65230 419 340
21344 94950 351
90294 72809 351
18420 22700 274
18994 8608 279
95103 52950 351
82344 63186 351
43176 31316 324
7682 89044 351
79560 89904 333
87982 12725 351
43865 1785 324
57731 30328 340
52206 62292 340
88066 97687 333
53201 89700 351
99854 74998 351
69671 35548 340
7609 22468 279
25301 95793 351
49382 33519 324
49345 17945 324
28201 35135 311
24441 6494 282
89152 81140 333
92712 39172 351
82867 13513 351
63527 19991 340
20959 69261 340
72657 11478 340
11863 65988 340
27048 8185 308
76576 7940 340
31997 36282 324
82934 16144 351
38268 89931 351
4377 1206 238
65528 44144 340
4542 65388 340
55433 15953 340
72558 41782 340
82834 80976 320
85594 52703 351
6747 90833 351
54986 96893 351
74125 78396 351
20167 55660 340
98898 82445 333
90689 41782 351
26385 71101 340
