1 1 1
10 10 7
1 10 20
10 1 20
617 488 142
263 344 144
521 197 144
367 624 142
423 945 179
312 320 131
597 144 144
944 539 179
903 158 179
509 964 179
232 921 179
669 726 171
711 17 171
664 849 171
623 860 171
681 116 145
281 613 144
552 432 142
717 388 171
855 958 179
943 252 179
26 997 179
179 86 125
997 319 179
611 136 144
54 48 113
263 682 145
873 359 179
241 83 128
761 846 153
909 944 174
808 912 179
857 645 171
516 208 144
43 59 113
986 398 179
14 938 179
249 283 123
506 44 144
866 335 171
600 93 144
721 691 171
757 194 171
268 121 128
508 51 144
953 40 179
288 579 144
504 554 137
403 598 142
925 546 179
550 996 179
389 756 171
602 795 171
39 197 125
855 123 171
700 813 171
9 30 112
947 783 179
389 720 171
827 125 171
441 895 179
780 145 171
783 951 179
303 565 144
882 172 179
667 838 171
622 129 144
897 586 179
928 215 179
785 362 171
150 483 144
955 309 179
599 9 144
92 71 116
216 816 171
382 538 142
710 768 153
285 186 128
899 526 179
75 40 116
331 380 126
588 834 171
537 126 144
470 683 145
166 288 128
455 362 134
612 87 144
295 247 123
813 649 171
459 103 144
535 264 144
504 902 179
760 80 171
934 991 174
667 144 145
798 839 135
396 386 121
317 943 179
898 947 174
330 477 134
825 279 171
184 246 128
834 587 171
223 840 171
773 601 171
500 187 144
677 753 171
596 957 179
228 767 171
823 68 171
409 173 144
368 508 142
669 837 171
900 838 179
653 107 145
846 698 171
726 895 179
848 126 171
867 2 171
95 277 128
462 759 171
140 909 179
628 87 144
880 698 179
629 735 171
887 754 179
304 925 179
838 460 171
903 605 179
303 893 179
835 708 153
915 81 179
880 195 179
599 380 142
275 827 171
894 701 179
544 504 137
399 664 145
93 25 116
292 426 144
958 885 174
859 409 171
240 263 123
828 125 171
456 548 142
102 329 144
362 13 144
29 373 144
491 443 142
508 332 142
746 712 140
198 319 131
28 405 144
194 834 171
199 288 128
541 878 179
658 103 145
105 648 144
512 47 144
101 976 179
882 495 179
473 105 144
199 250 128
949 119 179
840 732 153
669 671 96
178 980 179
682 333 145
122 469 144
29 959 179
39 682 145
215 358 144
536 210 144
280 274 92
106 725 171
441 939 179
474 116 144
263 349 144
291 781 171
130 717 171
140 909 179
154 711 171
544 393 142
276 759 171
24 559 144
344 422 134
486 996 179
6 802 171
533 385 142
997 68 179
113 907 179
147 594 144
614 493 137
294 518 144
719 36 171
384 181 144
64 843 171
997 262 179
594 393 142
18 78 116
652 99 145
80 751 171
818 498 171
22 399 144
133 28 122
424 234 144
727 699 171
816 394 171
509 737 171
735 49 171
337 142 144
981 176 179
43 703 171
649 485 145
474 633 142
129 484 144
156 243 128
989 199 179
324 882 179
553 238 144
342 911 179
404 448 134
918 712 179
668 289 145
877 827 179
187 149 125
716 218 171
264 553 144
504 182 144
306 383 144
663 135 145
559 392 142
351 198 144
100 304 128
692 863 171
130 928 179
173 535 144
837 629 171
977 488 179
252 340 144
65 651 145
342 125 144
71 379 144
107 871 179
156 664 145
782 247 171
284 386 144
651 326 145
91 766 171
925 196 179
668 358 145
543 770 171
893 443 179
127 83 119
459 781 171
426 199 144
856 680 171
603 853 171
953 919 174
908 915 130
714 716 34
131 878 179
742 992 179
837 203 171
682 844 171
697 352 145
585 987 179
173 415 144
163 838 171
811 855 135
922 653 179
123 209 125
89 984 179
911 335 179
821 130 171
982 930 174
746 855 153
508 609 137
727 443 171
605 324 144
950 955 37
514 575 137
205 935 179
753 510 171
66 48 113
260 905 179
772 679 171
739 43 171
383 866 171
86 476 144
241 479 144
551 732 171
309 955 179
43 417 144
940 886 174
719 161 171
599 173 144
196 459 144
908 392 179
141 629 144
176 156 125
434 198 144
361 658 145
805 565 171
688 956 179
793 465 171
317 382 144
827 390 171
91 779 171
595 243 144
612 225 144
606 893 179
854 85 171
620 242 144
115 241 128
350 602 142
46 844 171
508 406 142
975 189 179
775 703 171
927 23 179
701 799 171
291 753 171
464 250 144
434 668 145
314 717 171
155 991 179
401 436 134
992 824 179
580 152 144
254 960 179
835 498 171
805 761 153
886 427 179
646 509 137
712 139 171
705 771 153
106 279 128
347 5 144
476 117 144
149 173 125
151 268 128
440 680 145
231 930 179
189 337 144
390 509 142
259 252 123
796 989 179
893 313 179
104 945 179
898 395 179
401 245 144
27 575 144
981 832 179
495 596 137
368 670 145
977 400 179
23 257 128
289 393 144
834 377 171
982 560 179
218 839 171
142 87 122
228 799 171
558 600 119
648 796 171
578 22 144
654 427 145
236 690 145
293 31 128
547 855 171
429 768 171
948 578 179
264 942 179
779 723 153
511 722 171
391 901 179
676 232 145
769 653 171
5 660 145
292 316 131
227 610 144
439 283 144
267 128 128
888 843 179
97 811 171
189 540 144
173 139 125
264 467 144
697 396 145
586 394 142
185 481 144
440 662 145
266 990 179
689 269 145
911 396 179
575 491 142
347 444 134
441 290 144
987 406 179
231 976 179
811 693 171
841 618 171
452 684 145
195 349 144
513 2 144
187 447 144
569 289 144
280 36 128
623 479 142
32 869 171
634 935 179
175 647 144
589 89 144
711 698 171
973 987 143
33 95 116
669 826 171
887 75 179
838 227 171
814 21 171
800 530 171
196 977 179
488 938 179
126 474 144
291 234 128
717 545 171
710 586 171
630 624 132
664 199 145
296 853 171
662 276 145
311 501 144
728 872 179
687 76 145
812 685 171
553 46 144
272 708 171
424 878 179
998 584 179
142 532 144
449 13 144
980 620 179
597 487 142
684 40 145
351 613 142
594 980 179
143 999 179
967 473 179
806 57 171
968 609 179
153 708 171
441 598 142
635 657 145
38 940 179
151 727 171
139 770 171
883 71 179
722 827 153
541 181 144
69 753 171
50 542 144
266 646 144
796 290 171
602 919 179
446 67 144
239 776 171
867 688 171
636 103 144
505 466 142
205 189 120
596 377 142
395 373 121
395 336 126
43 589 144
993 102 179
610 314 144
394 248 144
716 59 171
265 669 145
817 488 171
88 570 144
411 529 142
812 392 171
387 890 179
350 226 144
291 504 144
16 400 144
625 950 179
371 785 171
460 519 142
543 863 171
385 731 171
386 75 144
720 659 171
493 772 171
312 278 118
415 820 171
161 875 179
345 346 126
808 2237 183
2546 3543 217
80 9803 262
7646 6738 257
7849 6525 257
3832 7253 262
8552 9992 260
7245 2490 262
284 4863 238
6028 5201 236
3328 8505 262
5681 6704 262
5760 6941 262
7970 4343 262
4137 5199 215
2405 8310 262
6895 2268 262
5970 327 238
4475 6729 262
2131 7849 262
6107 827 238
7515 2431 262
8448 1767 262
869 9305 262
7825 5294 262
5104 2809 238
3522 5905 238
647 2051 182
9290 6281 260
512 3675 217
659 8853 262
5335 9331 262
1159 4812 238
1696 9346 262
8312 4406 262
6220 9449 260
8397 1958 262
7974 1603 262
8833 1518 262
1991 2468 209
386 5428 238
8546 5970 262
8793 8012 234
5928 9276 262
8430 1491 262
5801 3358 238
3498 1316 217
189 4543 238
2807 759 209
8238 853 262
4083 466 238
5619 4362 236
3961 876 238
1705 7527 262
7020 473 262
1283 7570 262
623 1708 182
6154 8870 262
3934 6011 236
6729 1689 262
259 2551 209
7929 7603 221
8108 5760 262
1476 3887 238
7774 9917 260
8144 3434 262
1033 3977 238
3601 5293 238
6107 2539 238
8885 7638 252
4018 8796 262
1212 1808 180
8770 9318 260
8406 6324 257
2753 4523 238
5520 21 238
7748 6678 257
6474 4654 262
9500 6142 262
8114 9046 247
7980 5119 262
1 174 125
4519 5798 236
6863 9744 260
4102 9800 262
6961 814 262
6853 8226 257
1944 1356 180
2828 7116 262
5532 5230 192
4211 8654 262
7243 4918 262
3161 6647 262
2026 9865 262
1315 1413 172
4717 3758 215
8709 3007 262
2590 8841 262
4089 1845 238
128 6395 262
7454 7247 239
3709 8492 262
2756 7373 262
282 7434 262
3947 749 238
512 3704 217
529 6572 262
3235 2248 217
5663 5665 130
3464 1008 217
9848 3408 262
8834 5400 262
9372 3811 262
2566 6258 262
9500 2601 262
623 316 144
1038 5830 238
4694 680 238
7477 2575 262
5561 7479 262
2339 1251 183
5402 9473 262
3165 8373 262
3813 7286 262
2222 9832 262
7027 390 262
8167 2553 262
3925 2120 238
3569 9858 262
158 584 144
5642 2126 238
7767 9541 260
6342 1785 262
8859 149 262
386 8120 262
6134 7559 262
4238 7612 262
3260 2850 217
4250 2598 238
7764 8016 252
1336 4809 238
8353 9236 247
7792 1667 262
5469 3505 238
815 5675 238
8360 4342 262
1236 9973 262
8677 7034 252
474 4353 238
9358 3891 262
5922 5455 236
9480 516 262
5841 5174 236
2097 443 182
5392 6102 236
3407 4215 238
8549 6195 257
3797 2086 238
3091 4290 238
1065 1871 182
4559 3876 215
213 3257 217
8422 3745 262
378 5244 238
5896 5042 236
3696 348 217
5767 6194 262
2727 5852 238
5468 6368 262
3703 6882 262
2573 3289 217
6283 7205 257
6550 8579 257
7810 3212 262
5713 3352 238
6475 7876 257
3155 888 217
1802 3298 217
4230 6834 262
6627 5427 262
7168 1667 262
8260 4638 262
9674 8615 260
3529 4574 238
4040 4228 189
6114 5989 187
5739 2067 238
8926 2612 262
3195 9940 262
9450 4357 262
9026 488 262
4241 9320 262
3857 8991 262
3671 2661 217
8682 1060 262
3222 110 217
1453 1498 172
5985 7881 262
5859 8830 262
9066 1675 262
9856 4819 262
605 1014 179
1151 9050 262
576 7217 262
1157 4703 238
4907 9100 262
7871 7453 221
6230 3205 262
1135 2471 209
654 8294 262
932 5272 238
4831 8276 262
2902 9332 262
4422 7009 262
1250 3807 238
3517 1403 217
175 1188 182
8704 1045 262
3334 1865 217
5435 2453 238
3328 1087 217
7485 4155 262
926 1679 182
5267 8538 262
2080 6893 262
3246 7823 262
3461 7040 262
9563 6342 260
2657 9904 262
3071 7061 262
206 9372 262
2913 3353 217
9427 5466 262
7542 7692 177
2820 1600 209
4988 7427 262
6608 855 262
220 7112 262
2807 2021 209
809 1438 182
5145 9104 262
304 8897 262
8081 2470 262
4981 1673 238
7695 5882 262
4367 8030 262
4597 5157 210
2844 1600 209
5322 3439 238
7145 3292 262
365 2571 209
8815 9171 247
6579 2962 262
5684 7418 262
1718 5361 238
6573 6848 244
8355 7671 252
2880 8455 262
5914 2402 238
6708 3249 262
4749 9712 262
1146 9991 262
5872 3853 236
4078 9512 262
22 1329 182
6389 4708 262
6228 3484 262
7512 7778 208
8818 8814 97
5603 3416 238
7260 6768 257
6195 1875 262
9842 3843 262
6583 9676 260
1009 1781 182
8404 8386 128
4319 7946 262
7539 3537 262
4349 550 238
2766 5386 238
7782 5423 262
9099 8868 247
3650 3060 199
1941 8571 262
7650 2143 262
7603 2942 262
8851 6235 257
3084 5247 238
3855 3016 238
6180 4208 262
8230 7545 252
8700 1768 262
4979 5995 236
5035 6193 262
2403 8589 262
2889 89 209
7324 5627 262
6933 6493 244
2350 9887 262
7400 8840 252
7566 3053 262
7641 1807 262
7759 6484 257
7922 792 262
9582 9547 198
1745 5373 238
2952 7814 262
263 8677 262
6492 4199 262
7332 8857 252
700 5453 238
4147 5984 236
6523 418 262
1592 7716 262
7228 6130 262
1916 744 182
4915 2808 238
2502 8474 262
8391 4890 262
754 5157 238
6353 699 262
3728 4421 215
8390 2838 262
9134 2995 262
492 7114 262
7065 9926 260
2050 8965 262
6338 7940 257
4772 6801 262
968 1094 169
8422 6515 257
2261 1596 183
3145 889 217
4422 102 238
8366 4909 262
5636 5860 218
1105 6631 262
4628 6112 236
7320 4556 262
3158 9460 262
8825 4822 262
4891 4209 215
5001 7891 262
2741 4140 238
8859 2977 262
7003 2915 262
8084 5036 262
6130 3131 238
585 3809 238
3839 690 238
923 1816 182
5857 285 238
4164 5055 215
9829 2745 262
2929 7824 262
2288 8134 262
5153 6508 262
9117 9543 260
2970 2062 217
401 7695 262
282 86 128
815 3838 238
6264 9949 260
3520 2283 217
5981 5264 236
4034 595 238
4296 2268 238
247 9424 262
9394 4936 262
294 35 128
7845 2308 262
9745 2442 262
3820 8540 262
7032 4699 262
834 2822 209
4280 3937 202
1610 8252 262
6513 3516 262
1106 8479 262
7152 3695 262
2137 9156 262
3991 7456 262
4683 5328 210
5608 2763 238
2194 7004 262
2020 3574 217
5372 461 238
791 3350 217
8564 617 262
4086 9658 262
693 7106 262
2731 9176 262
9632 672 262
4692 1687 238
8813 6722 257
8492 7536 252
4047 7715 262
2905 860 209
3295 3053 199
1898 6412 262
4448 4265 215
5540 1517 238
1405 299 182
8401 7490 252
2576 5251 238
9310 7752 260
2627 9996 262
6798 4436 262
1469 4422 238
2783 3864 238
5394 5420 161
850 9521 262
2753 1787 209
6938 4796 262
8055 5192 262
3796 9477 262
3665 9565 262
3478 2887 217
5075 7300 262
2424 7755 262
8351 5986 262
820 3821 238
3408 5708 238
9744 9866 211
7641 3751 262
6394 3165 262
430 7908 262
6973 4548 262
7291 438 262
6181 2064 262
1837 4366 238
5490 3105 238
5619 7930 262
3949 2647 238
2532 6875 262
411 8424 262
4196 459 238
6624 7441 257
497 8486 262
5796 686 238
5606 9792 262
4278 5037 215
5591 3485 238
5919 7449 262
6482 8489 257
8994 1286 262
6162 1858 238
3622 4980 238
6210 4411 262
8107 8662 234
9997 17916 279
48789 4317 324
12757 36167 324
22573 55355 340
91537 38284 351
64809 27870 340
49953 32604 324
78262 59015 351
19979 27298 308
97680 31691 351
89371 79871 333
61976 54502 335
31523 1819 308
46697 91652 351
9854 55491 340
71559 17748 340
6027 21367 279
48853 20663 324
30739 48064 324
5010 75206 340
49951 5964 324
91997 95050 315
94069 87133 333
34804 58124 340
47106 52279 314
2748 56787 340
2599 83359 351
83361 32624 351
19378 4588 279
1999 56567 340
82809 80996 320
69683 33271 340
30740 63772 340
99160 68678 351
95027 59864 351
62508 75695 330
27871 36487 324
84686 90987 333
11236 35958 324
77590 45872 351
97038 2416 351
32092 5203 308
216283 105812 383
151730 401520 443
440815 41322 449
142308 38051 354
