203 233 128
611 876 179
949 968 143
863 987 179
594 953 179
172 776 171
654 754 171
11 95 116
636 682 145
759 819 153
113 646 144
505 867 171
7 744 171
369 641 142
255 904 179
377 674 145
845 958 179
443 833 171
107 361 144
276 911 179
567 886 179
768 842 153
246 418 144
644 922 179
402 786 171
486 712 171
521 653 145
620 651 145
895 999 174
838 888 179
999 1000 112
594 978 179
41 496 144
777 794 122
315 629 144
830 947 179
523 948 179
484 540 142
15 297 128
868 912 179
957 965 130
785 790 122
111 556 144
708 997 179
289 485 144
326 738 171
988 994 112
955 964 130
183 340 144
377 479 134
147 793 171
238 524 144
370 686 145
422 696 145
997 999 50
448 491 142
111 372 144
580 754 171
419 714 171
594 921 179
780 969 179
131 583 144
770 971 179
315 446 144
719 891 179
99 788 171
132 776 171
229 959 179
294 766 171
127 157 122
898 987 174
735 950 179
754 801 153
409 859 171
160 832 171
799 928 179
735 765 153
591 676 145
508 554 137
184 278 128
735 818 153
812 915 179
319 951 179
311 905 179
89 309 128
732 764 153
360 644 142
768 976 179
849 881 179
539 658 145
519 887 179
906 978 174
456 571 142
917 925 130
227 323 131
355 895 179
478 661 145
787 990 179
304 528 144
988 1000 112
328 431 134
956 958 55
681 983 179
853 935 179
888 893 148
242 364 144
457 522 142
932 947 174
563 884 179
455 729 171
982 994 143
66 439 144
469 606 142
393 418 134
746 967 179
49 517 144
464 688 145
184 989 179
151 474 144
574 583 119
568 573 106
771 800 153
676 883 179
407 856 171
563 585 119
106 796 171
65 618 144
880 999 174
627 785 171
105 392 144
850 992 179
894 917 130
342 859 171
638 680 145
847 937 179
483 531 142
112 260 128
42 545 144
368 483 134
143 674 145
444 992 179
818 957 179
652 669 145
515 955 179
14 85 116
426 943 179
32 417 144
543 821 171
169 739 171
460 970 179
281 878 179
142 916 179
866 945 179
154 535 144
445 806 171
416 744 171
236 815 171
143 803 171
465 539 142
197 339 144
210 222 115
676 873 179
233 312 128
986 993 112
411 739 171
43 382 144
544 981 179
622 911 179
166 529 144
283 319 131
114 177 125
521 789 171
141 603 144
340 732 171
917 941 174
634 989 179
508 905 179
716 760 140
963 981 143
468 829 171
503 601 137
241 568 144
737 913 179
104 544 144
512 854 171
571 779 171
992 996 112
950 963 130
751 913 179
43 324 131
437 594 142
360 849 171
430 997 179
47 930 179
518 594 137
785 908 179
273 584 144
27 278 128
846 860 148
997 1000 112
105 508 144
212 270 128
504 956 179
551 779 171
960 999 143
697 892 179
334 804 171
609 697 145
456 635 142
576 739 171
486 664 145
19 300 128
117 299 128
633 834 171
176 860 171
565 800 171
893 916 130
202 224 115
782 920 179
568 747 171
40 343 144
349 763 171
457 864 171
582 985 179
395 538 142
318 564 144
565 566 62
420 851 171
628 983 179
210 874 179
566 968 179
332 616 142
858 991 179
749 880 179
966 972 143
662 755 171
612 673 145
863 887 179
822 850 135
75 676 145
891 964 174
320 324 100
76 747 171
766 929 179
871 924 179
947 958 55
95 812 171
453 609 142
600 705 171
137 677 145
110 743 171
551 745 171
14 518 144
403 982 179
529 888 179
939 976 143
211 693 145
597 941 179
208 754 171
25 650 145
796 966 179
827 894 179
181 363 144
630 907 179
682 734 171
638 686 145
645 882 179
300 693 145
532 536 31
585 840 171
208 542 144
91 990 179
78 817 171
871 927 179
273 335 144
496 850 171
646 990 179
119 883 179
292 684 145
151 263 128
670 812 171
328 638 142
75 678 145
318 607 144
233 768 171
762 983 179
41 311 128
283 946 179
749 936 179
290 344 144
249 270 123
246 608 144
784 838 135
444 509 142
395 672 145
97 500 144
45 354 144
551 949 179
995 1000 112
795 952 179
927 976 174
251 483 144
741 755 140
754 892 179
452 847 171
326 985 179
177 837 171
979 1000 143
398 915 179
838 844 86
42 96 116
896 898 117
100 971 179
664 705 171
218 752 171
291 418 144
862 964 179
723 909 179
673 748 171
760 815 153
901 971 174
316 353 144
606 976 179
552 629 137
608 956 179
415 425 134
875 899 148
818 992 179
192 325 131
161 292 128
447 663 145
806 913 179
720 776 153
734 992 179
806 874 179
794 917 179
103 742 171
661 991 179
812 833 135
189 260 128
172 314 131
940 959 130
621 853 171
378 509 142
726 872 179
630 864 171
765 833 153
563 781 171
165 282 128
16 206 125
5 689 145
339 552 142
668 763 171
47 889 179
675 726 171
441 965 179
967 989 143
419 452 116
273 785 171
513 684 145
415 919 179
383 836 171
633 789 171
122 916 179
945 977 143
330 856 171
682 739 171
110 534 144
629 801 171
733 922 179
676 892 179
43 625 144
278 925 179
734 796 153
204 536 144
281 395 144
504 668 145
438 601 142
985 990 99
461 624 142
382 421 134
23 451 144
969 974 143
580 715 171
553 661 145
473 604 142
392 895 179
655 847 171
346 406 126
653 867 171
495 829 171
546 547 31
776 963 179
278 788 171
552 626 137
367 665 145
710 844 153
882 928 148
473 959 179
415 572 142
850 938 179
116 889 179
967 979 143
151 412 144
513 724 171
421 572 142
501 849 171
815 832 135
213 657 145
856 981 179
815 841 135
965 994 143
271 411 144
266 983 179
60 835 171
11 342 144
615 880 179
647 847 171
666 753 171
456 900 179
181 477 144
536 986 179
65 231 128
747 997 179
698 815 171
517 958 179
590 826 171
238 550 144
376 495 142
658 667 145
345 744 171
867 953 179
525 947 179
70 747 171
640 963 179
917 931 130
460 985 179
519 1000 179
329 337 113
554 746 171
944 997 143
503 530 124
973 988 143
83 575 144
289 922 179
272 543 144
174 498 144
2 989 179
608 909 179
150 951 179
622 772 171
693 736 171
309 890 179
787 941 179
20 767 171
393 630 142
457 843 171
656 656 114
292 319 131
282 359 144
890 968 174
845 858 104
607 639 132
690 947 179
212 728 171
252 831 171
84 929 179
872 956 174
216 336 144
474 553 142
829 952 179
367 968 179
463 948 179
737 852 153
29 892 179
179 848 171
444 741 171
313 942 179
644 646 101
859 945 179
659 690 145
744 926 179
761 975 179
995 999 50
977 978 99
483 532 142
544 735 171
888 962 174
838 904 179
316 880 179
755 784 153
582 808 171
689 905 179
213 376 144
452 521 142
23 908 179
244 340 144
621 891 179
726 865 153
856 884 179
308 706 171
609 833 171
762 840 153
154 402 144
702 964 179
415 520 142
505 918 179
370 869 171
808 866 148
545 925 179
342 595 142
926 998 174
687 722 171
789 864 148
644 690 145
943 998 143
723 966 179
837 910 179
182 290 128
474 672 145
46 554 144
779 802 122
649 717 171
553 867 171
578 744 171
293 557 144
488 872 179
978 987 143
682 943 179
156 532 144
3 257 128
263 576 144
453 583 142
462 744 171
208 323 131
438 940 179
742 982 179
991 993 112
433 472 129
275 422 144
176 826 171
691 846 171
261 486 144
878 960 174
886 998 174
408 673 145
703 893 179
427 652 145
692 989 179
447 567 142
538 912 179
347 826 171
453 961 179
804 873 179
814 986 179
821 933 179
49 222 125
749 835 153
111 156 122
286 457 144
180 361 144
802 837 135
72 619 144
226 531 144
432 932 179
657 939 179
586 784 171
626 801 171
365 737 171
774 962 179
461 493 142
473 719 171
36 732 171
892 918 130
967 997 143
527 980 179
288 661 145
906 909 55
292 771 171
367 874 179
516 916 179
20 622 144
942 988 143
527 739 171
735 777 153
729 965 179
77 781 171
948 967 143
418 554 142
925 969 174
22 703 171
321 587 144
223 592 144
611 803 171
224 309 128
327 689 145
82 394 144
313 385 144
684 821 171
527 923 179
200 592 144
249 558 144
674 811 171
403 536 142
968 983 143
561 640 132
639 724 171
635 643 132
329 953 179
908 965 174
158 275 128
416 792 171
653 716 171
967 976 143
983 985 143
52 584 144
10 678 145
230 419 144
76 812 171
683 880 179
856 952 179
643 875 179
109 942 179
259 421 144
50 75 116
595 904 179
181 332 144
667 786 171
251 693 145
346 704 171
982 999 143
773 804 153
412 688 145
328 652 145
160 597 144
661 936 179
80 939 179
225 248 128
513 905 179
612 851 171
426 974 179
655 719 171
201 297 128
766 988 179
546 687 145
143 178 125
153 765 171
358 578 142
857 939 179
787 834 135
790 799 122
856 933 179
632 745 171
922 963 174
200 911 179
963 995 143
549 560 137
788 975 179
569 721 171
273 906 179
110 138 122
357 378 108
302 524 144
33 614 144
474 507 142
948 983 143
299 603 144
207 255 128
417 571 142
845 870 148
828 866 148
979 979 50
96 289 128
776 910 179
630 806 171
979 988 143
166 925 179
36 247 128
601 687 145
913 998 174
130 828 171
506 520 124
325 894 179
834 871 179
206 597 144
40 663 145
705 719 127
422 839 171
15 644 144
69 105 119
844 982 179
803 925 179
238 689 145
506 588 137
139 669 145
717 838 153
806 896 179
766 922 179
266 725 171
976 987 143
883 985 174
921 923 130
225 854 171
200 792 171
635 758 171
496 535 124
850 895 179
52 502 144
747 996 179
339 340 51
951 996 143
338 474 134
345 427 134
148 928 179
138 930 179
323 331 144
506 861 171
619 931 179
266 285 105
950 981 143
388 917 179
589 878 179
105 811 171
833 930 179
393 741 171
638 732 171
783 941 179
951 980 143
481 560 142
558 750 171
574 671 145
288 785 171
135 200 125
944 980 143
706 770 153
192 576 144
863 992 179
468 488 142
766 813 153
581 882 179
670 881 179
433 552 142
963 963 50
855 861 148
320 882 179
366 512 142
475 697 145
426 730 171
570 937 179
7 835 171
571 858 171
893 969 174
235 271 128
312 885 179
794 997 179
621 669 145
469 476 129
256 946 179
510 695 145
230 605 144
177 716 171
886 902 148
358 623 142
291 421 144
678 948 179
309 344 144
153 346 144
5 14 20
843 958 179
78 966 179
963 982 143
646 973 179
84 167 122
679 965 179
769 798 153
653 766 171
209 464 144
993 995 94
905 920 130
238 644 144
529 682 145
732 744 140
35 144 122
436 440 116
242 849 171
379 503 142
18 403 144
721 909 179
262 553 144
49 894 179
742 930 179
852 878 179
437 888 179
595 701 145
20 963 179
238 790 171
339 754 171
644 739 171
667 803 171
622 732 171
273 961 179
875 991 174
929 977 174
594 722 171
85 923 179
697 743 171
898 940 174
616 804 171
461 533 142
111 671 145
547 892 179
67 263 128
411 536 142
720 916 179
379 624 142
714 747 140
335 428 134
638 835 171
915 923 130
455 799 171
902 916 130
369 876 179
180 272 128
648 847 171
501 756 171
976 980 99
3 794 171
324 368 144
54 388 144
218 778 171
24 948 179
684 797 171
496 822 171
380 451 134
56 374 144
416 767 171
762 973 179
261 354 144
124 744 171
695 788 171
726 750 140
32 764 171
976 997 143
223 894 179
273 797 171
306 629 144
214 292 128
807 867 148
650 745 171
884 892 148
624 927 179
255 605 144
720 925 179
598 664 145
688 732 171
513 658 145
753 851 153
21 742 171
547 820 171
718 802 153
755 880 179
896 968 174
927 977 174
515 610 137
822 885 179
694 852 171
565 782 171
448 839 171
805 847 135
248 981 179
260 729 171
537 927 179
736 997 179
662 864 171
831 961 179
644 715 171
23 295 128
629 791 171
493 520 124
214 410 144
232 890 179
117 302 128
757 863 153
3 457 144
538 960 179
328 907 179
860 914 179
387 869 171
253 887 179
107 972 179
519 809 171
722 825 153
682 870 171
5 716 171
956 975 143
409 520 142
812 840 135
236 834 171
666 741 171
667 706 171
29 744 171
226 663 145
265 641 144
1 408 144
778 993 179
217 351 144
503 546 137
182 281 128
430 955 179
693 976 179
235 914 179
743 983 179
255 464 144
293 426 144
846 909 179
812 978 179
525 746 171
835 887 179
302 800 171
872 909 148
929 978 174
160 339 144
335 936 179
85 938 179
104 546 144
470 724 171
991 999 112
759 971 179
371 420 134
956 995 143
341 416 134
911 916 130
749 888 179
771 887 179
506 601 137
529 540 124
124 862 171
468 648 142
904 934 130
160 645 144
549 767 171
513 919 179
659 885 179
129 315 131
998 1000 112
24 323 131
595 619 132
42 321 131
817 867 148
593 769 171
250 859 171
596 728 171
870 940 179
442 526 142
14 104 119
243 652 145
117 931 179
244 411 144
808 810 47
639 882 179
642 832 171
426 903 179
56 963 179
977 998 143
246 297 123
398 811 171
164 621 144
13 121 119
103 135 122
234 533 144
760 835 153
981 982 143
694 939 179
555 802 171
435 757 171
30 741 171
419 968 179
15 861 171
372 950 179
706 841 153
815 929 179
495 634 137
25 189 125
806 854 135
503 805 171
316 479 144
451 860 171
274 441 144
549 575 137
618 967 179
789 850 135
625 927 179
517 885 179
900 916 130
866 932 179
883 963 174
784 864 148
520 832 171
926 979 174
151 828 171
