84442 75795 351
42057 25892 324
51127 40494 314
78380 30331 351
47660 58338 340
90811 50469 351
28184 75580 340
61837 25051 340
90974 98278 333
81021 90216 333
13437 84743 351
76377 25507 340
49544 44949 314
65159 78872 351
9386 2835 262
83576 43277 351
76228 211 340
44539 72154 340
22876 94527 351
90142 3059 351
95603 94782 328
5656 8488 262
83550 73597 351
66973 30814 340
60594 60680 273
58120 15839 340
43067 39353 306
72301 99481 351
94939 54418 351
44485 26824 324
23797 54423 340
36996 60392 340
62572 6553 340
1317 83747 351
25936 23433 282
99564 47026 351
83646 47635 351
63907 15062 340
63486 86804 351
52318 74125 340
23605 10317 282
39606 15498 324
6652 40159 324
91795 80045 333
76516 22193 340
53668 27668 340
17267 10619 276
21440 92747 351
82892 80665 320
80044 19344 351
62290 74178 330
79519 94245 333
73990 92232 351
2901 46562 324
94335 64897 351
90090 11321 351
46907 24658 324
54376 57394 322
1312 21673 279
27948 91634 351
79334 82195 320
48503 26162 324
46 66282 340
47025 75973 340
37316 77014 340
27270 80191 351
72982 41401 340
53830 68205 335
19299 55361 340
80512 26552 351
32383 15085 308
65093 7244 340
53588 36569 340
5800 50744 324
3750 43365 324
6986 9072 252
42452 82685 351
12381 22324 279
62743 94770 351
57710 39668 340
22671 96229 351
12633 70481 340
8519 24744 282
99912 20940 351
64187 45913 340
45313 49498 314
19223 83052 351
8957 23419 279
2000 26677 308
40766 90206 351
46301 37331 314
13854 86656 351
644 50278 324
89829 8082 351
55427 61665 335
4090 37902 324
70348 45202 340
72506 15716 340
23801 11095 282
50627 92383 351
57140 42889 340
57809 20610 340
81332 82359 289
65347 16023 340
52067 32777 324
25000 95281 351
99655 4456 351
86016 60319 351
38161 28362 324
67496 45683 340
45238 55977 340
92421 46565 351
50784 58738 340
18466 51191 324
62988 79297 351
9413 30340 308
9067 80964 351
69344 4188 340
98219 96475 297
65392 61556 330
47457 65747 340
66641 14260 340
1087 37476 324
27405 81034 351
69059 60146 335
55819 66132 335
14531 44006 324
16227 90597 351
5883 81882 351
7461 68694 340
25901 68526 340
68408 84933 351
18573 23056 274
14716 22517 279
73402 13022 340
53131 21391 340
29466 43158 324
83765 60840 351
1444 27584 308
14671 87128 351
10683 70258 340
65204 94035 351
27112 25578 308
73406 65845 325
30299 68423 340
39667 77751 351
11840 22327 279
90146 35803 351
26040 80428 351
63166 14971 340
96524 1166 351
73599 15802 340
98633 1689 351
87949 68135 351
85734 99981 333
23972 33808 308
70819 28058 340
26332 22861 282
85783 87453 333
79761 22339 351
36152 48048 314
41695 44676 288
40952 65770 340
25886 63499 340
1013 30205 308
33507 14195 308
74341 31011 340
78924 95620 333
25351 89354 351
80763 66742 351
52198 80669 351
96049 28963 351
76610 70422 325
66138 11017 340
2694 38417 324
74639 25239 340
50160 31744 324
84632 94519 333
40159 99844 351
6220 81261 351
18127 66143 340
33456 19794 308
48952 49403 265
47977 45833 314
26453 25380 246
69188 32444 340
67482 78717 351
86594 94402 333
23456 23740 282
73482 57554 335
67712 78491 351
52047 51149 309
39354 99681 351
28937 14826 308
26108 26044 202
32737 26791 285
10765 32550 308
31107 56924 340
20163 7079 279
20256 54244 340
90564 68625 351
76651 90461 351
25983 63572 340
90494 87213 333
57294 16938 340
41152 99383 351
10325 31914 308
95003 44940 351
20866 31691 308
90863 33557 351
16495 68977 340
63500 47910 340
21602 79263 351
80785 51246 351
50508 23606 324
319 37105 324
58536 6927 340
79375 23226 351
23270 4234 279
99756 73869 351
95820 14037 351
2362 99863 351
18426 12060 279
65142 34565 340
88955 23174 351
95948 31945 351
60114 93208 351
68526 92384 351
70811 4844 340
88136 58955 351
92486 94860 315
89243 8355 351
59203 42375 340
53009 13031 340
19200 44457 324
22104 45503 324
2477 8578 262
71001 42125 340
51263 73421 340
35900 5756 324
71234 83980 351
18260 99828 351
19410 67089 340
9179 75773 340
15130 70656 340
72445 76594 325
44138 86577 351
98790 11560 351
51689 95816 351
73915 44421 340
37696 92678 351
84344 21405 351
87170 63646 351
4240 95297 351
25569 30590 308
42408 58851 340
12440 68668 340
83224 51232 351
79446 62498 351
82481 18094 351
74729 20276 340
20516 60076 340
5676 77633 351
76441 4174 340
68339 50274 340
63544 95373 351
98675 40914 351
84414 78630 338
97175 2880 351
93789 22228 351
64850 70137 312
95704 19641 351
6537 82425 351
33307 37238 324
81486 18334 351
90968 49117 351
7134 91781 351
57300 7874 340
83858 77481 338
74017 65753 325
11296 13086 263
59726 17805 340
13250 46410 324
41757 21333 324
39168 84226 351
13111 18759 279
2780 23989 282
9499 98474 351
31456 98901 351
12944 90400 351
54812 34583 340
84485 28860 351
51034 34382 324
41549 97385 351
10374 44470 324
22481 34957 311
99874 32930 351
60778 41962 340
73045 44721 340
17044 43391 324
53908 28920 340
3004 65363 340
21001 25728 282
39720 64158 340
98881 46153 351
99348 99257 191
24268 7265 282
15990 84190 351
59955 91746 351
97216 65442 351
1228 11240 268
39284 68386 340
13869 11245 276
23181 75759 340
14740 74065 340
66217 13658 340
53566 44775 340
41257 99634 351
9312 2037 262
93980 40295 351
7743 21362 279
30313 90021 351
49625 72024 340
10024 50893 324
84307 52280 351
94470 88180 333
37096 75 324
75526 12641 340
942 73068 340
84284 83657 320
57033 63223 335
81700 27729 351
65186 89081 351
90882 18652 351
65173 61712 330
50339 96619 351
52827 44525 340
94356 63562 351
30130 30926 254
49610 5260 324
52894 58575 322
84332 89864 333
88218 36470 351
94884 42408 351
30619 9454 308
51168 15483 324
27423 61058 340
77637 75266 351
8641 6124 262
25522 55196 340
54869 75054 335
74730 86504 351
28591 96557 351
56674 74739 335
75490 92920 351
27411 36662 324
71734 58530 335
75037 36429 340
95523 1128 351
72168 37455 340
32870 98321 351
95924 91832 328
78990 87506 333
41 62699 340
24765 73044 340
43239 56009 340
54277 57616 322
82734 98154 333
34555 80610 351
88926 39207 351
68200 9161 340
61782 84192 351
83455 51502 351
63104 36923 340
52802 10786 340
68295 60067 335
28193 37857 324
73613 44388 340
95961 97125 297
83836 9103 351
63947 42902 340
72430 6624 340
69786 37493 340
60804 17009 340
34457 26697 311
32948 72659 340
47305 96279 351
58284 22330 340
61280 52805 335
14083 52685 340
20985 38540 324
19506 39560 324
56268 64581 335
25469 35609 311
17830 81469 351
29401 88277 351
7372 862 262
42385 42218 288
75228 86731 351
51337 29980 324
45861 87786 351
3185 28243 308
96179 66432 351
12838 34839 311
87975 44076 351
2864 89618 351
12988 64126 340
61958 46067 340
96198 17656 351
60474 11361 340
38102 23072 324
16604 91383 351
57794 69013 335
55306 38355 340
73162 57643 335
78121 66158 351
83929 43940 351
15505 14984 271
72317 16751 340
65465 62077 330
63943 2502 340
27503 22321 308
73647 67670 325
89218 8694 351
42192 2980 324
21864 50536 324
2654 19884 279
64988 54494 335
22044 58926 340
80943 650 351
3856 69622 340
14394 46253 324
67165 79295 351
45319 49827 314
1916 43239 324
37238 85229 351
54698 75531 335
43407 17619 324
85087 82022 320
37586 9575 324
40854 54197 340
86203 17667 351
22516 2910 279
11665 881 268
15669 51371 324
98949 69351 351
37843 40505 306
69131 32612 340
7356 84152 351
61722 11201 340
27188 48803 324
8188 33874 308
7234 1104 262
28385 11771 308
31104 74347 340
3576 62494 340
13501 79507 351
73697 21101 340
84807 71730 351
7496 40813 324
88826 40000 351
58862 85978 351
22854 51572 324
58373 94720 351
3219 6895 262
32009 82509 351
84315 13539 351
91954 52777 351
96789 93451 328
9293 97436 351
35185 43019 324
45367 34347 324
51244 39242 314
4091 41853 324
2366 10246 262
26381 96557 351
48155 54669 340
91740 89873 333
56757 23005 340
52327 35908 314
54816 13190 340
71154 30225 340
93832 19272 351
76198 16564 340
96608 87360 333
10752 64931 340
21805 51160 324
85031 15492 351
21711 7332 279
6351 49889 324
6689 41324 324
11051 75211 340
51128 4968 324
4481 73593 340
15435 73374 340
63044 50428 340
85579 60256 351
57336 40008 340
24875 13799 282
42325 37606 306
49754 26618 324
63741 24248 340
47317 97033 351
8519 31738 308
67644 8525 340
15332 82527 351
97972 31934 351
18897 97237 351
32892 60378 340
60749 63499 335
24352 50221 324
16194 82122 351
23140 55233 340
92635 39738 351
96786 73147 351
54811 62892 335
58606 36022 340
99671 40389 351
98384 85257 333
2835 25820 282
97835 5453 351
72566 48386 340
94172 40686 351
91924 15915 351
99478 41298 351
18315 34610 311
63079 3420 340
38719 1111 324
6937 17030 276
23063 27437 308
61714 89013 351
45649 71140 340
93698 52056 351
73384 72803 294
85818 3680 351
16930 99697 351
74680 26100 340
74244 16924 340
36024 44092 306
22882 13820 279
91364 13748 351
55607 48302 340
95898 38039 351
44650 57739 340
38210 91190 351
87855 72374 351
5601 98975 351
54890 59769 322
54212 51575 340
93071 27315 351
9034 95063 351
14997 73937 340
84124 74713 351
30194 35163 311
72186 96564 351
66263 54058 335
38790 40574 306
71909 42889 340
53420 63095 335
63252 4103 340
96591 55976 351
47367 52328 309
76766 98860 351
42057 23094 324
37469 6770 324
64322 99259 351
20722 75904 340
21091 92965 351
55698 38465 340
3035 15564 276
4257 58969 340
1932 51413 324
97664 29025 351
97422 63603 351
88398 1968 351
73564 51670 340
60434 37798 340
97697 65528 351
72558 68324 325
54636 81341 351
58076 20573 340
64197 94648 351
4121 44940 324
35345 28792 311
87692 96673 333
80389 41903 351
87183 10461 351
48965 46996 314
7345 55353 340
37665 36783 306
22419 93264 351
94574 2276 351
84691 71437 351
67989 1058 340
82831 37826 351
80655 53605 351
76129 72862 325
33891 66973 340
96898 89277 333
90749 10115 351
30781 57796 340
26562 80789 351
46722 33252 324
89675 79241 333
85961 66581 351
18546 38993 324
23943 79313 351
919 79054 351
16678 30614 308
62868 67491 330
49449 55669 340
80974 32062 351
32097 69316 340
48617 35935 314
40550 32980 324
16759 63180 340
89378 68881 351
63478 33755 340
43352 14417 324
72872 29647 340
92799 17303 351
97062 23811 351
46475 89776 351
35578 50805 324
16153 96115 351
98528 17169 351
12276 47255 324
51873 77530 351
34275 59010 340
16033 21262 279
44514 29409 324
90942 48431 351
8705 74996 340
7544 20251 279
7393 62821 340
84253 61119 351
22247 84501 351
87151 32815 351
27376 67376 340
97273 91281 333
47616 63022 340
40396 92002 351
1686 98761 351
70411 80399 351
80310 20137 351
81941 65297 351
14743 86133 351
44004 72129 340
8367 67946 340
535 6383 262
41474 28770 324
84471 44377 351
52873 55126 322
33890 63949 340
90003 7199 351
56091 26404 340
65567 62338 330
4574 11291 268
52835 85865 351
79767 82389 320
7081 43459 324
24625 44569 324
25609 86148 351
56043 74428 335
92652 49492 351
46854 12796 324
78427 6950 351
36339 16723 324
72818 45795 340
50491 52835 340
7480 76600 340
97209 41529 351
94487 42947 351
62161 91945 351
20376 3975 279
17677 3499 279
43946 12302 324
9552 30822 308
40070 88165 351
1272 64993 340
74167 94080 351
74740 90814 351
11098 57977 340
43187 26549 324
86041 32940 351
97367 36125 351
55362 77422 351
78175 4179 351
73354 10607 340
34246 9339 311
68424 9584 340
16692 60512 340
32804 91462 351
78805 86469 320
41453 82884 351
56704 83061 351
32120 54822 340
44028 41220 288
39212 41432 306
14721 14244 271
90977 29408 351
45943 13636 324
99506 15465 351
67394 59802 335
71462 41053 340
38009 39990 306
7256 31977 308
27584 78082 351
44584 9636 324
3170 34598 311
32376 62003 340
848 98285 351
82216 99901 333
26335 19949 282
5474 19381 279
2419 69174 340
36567 81556 351
76067 34933 340
16680 34768 311
3030 64832 340
7343 59436 340
98944 34399 351
54397 37434 340
73960 68546 325
59873 97608 351
70291 34283 340
37995 63364 340
69201 22200 340
80902 44702 351
77240 9108 351
27982 50214 324
56415 46096 340
58674 48723 340
51790 20224 324
11040 25510 282
77981 2541 351
35219 42236 324
55306 43353 340
85541 93728 333
56871 20249 340
85972 51528 351
11361 12062 250
30912 87541 351
93364 35141 351
44167 45672 314
92413 44600 351
31335 50272 324
302 51424 324
12720 82250 351
43842 95322 351
45085 43662 283
4164 76762 340
67345 67086 268
47267 67273 340
88248 69202 351
34564 89732 351
31700 8379 308
25119 49654 324
86129 34772 351
66154 26807 340
37056 95018 351
20005 29698 308
41812 23731 324
30138 84076 351
48972 8318 324
84717 22743 351
78922 6041 351
65909 59015 335
60687 98116 351
74281 33198 340
79911 32591 351
24050 82255 351
11507 47624 324
55789 61133 335
14548 63065 340
50062 85112 351
2836 95717 351
17268 81335 351
50731 83569 351
18288 32148 308
81448 9603 351
92439 73042 351
25734 42748 324
3415 14729 276
65145 77219 351
18870 69659 340
37883 54593 340
83400 23562 351
17465 42441 324
97771 40664 351
14534 34951 311
16294 24590 282
69238 15502 340
35092 20055 311
97440 49108 351
30906 40998 324
82805 36783 351
81769 38213 351
25972 90307 351
4105 91231 351
27149 54191 340
70813 95859 351
36908 53279 340
37472 55009 340
84151 99280 333
92854 93830 315
5439 24130 282
94601 56287 351
14474 62127 340
93544 23125 351
50594 45329 314
55797 38422 340
83452 15941 351
45034 76293 340
60609 90587 351
28868 35789 324
30474 13224 308
7534 51393 324
29791 57986 340
96104 99470 328
14472 48990 324
50510 96884 351
81198 79016 320
68004 15659 340
91312 43348 351
58276 9948 340
30718 84177 351
12428 8533 268
32564 34936 311
49122 48467 296
49616 85676 351
8870 37842 324
4917 64979 340
18919 30896 308
81865 5462 351
15354 30131 308
81158 47544 351
62615 90091 351
22983 44584 324
16676 78158 351
73153 91406 351
3733 440 238
99345 31852 351
19664 49872 324
55144 73927 335
60860 54490 322
75610 26133 340
46738 89100 351
72562 60304 335
12577 93859 351
19959 61505 340
10711 90517 351
19208 46122 324
77123 90790 338
58222 68122 335
53638 84629 351
22459 68407 340
60129 46594 340
43070 539 324
56240 43087 340
79152 3104 351
83774 31748 351
1202 6968 262
50223 63159 340
82137 81710 289
10263 86378 351
9580 81964 351
46044 58088 340
75949 20846 340
6221 88519 351
14596 18918 279
83910 54055 351
28086 33543 285
54331 32777 340
70990 12244 340
36368 27611 324
75485 83624 351
51397 89247 351
6959 67417 340
25040 18746 282
39749 18951 324
90244 62554 351
52667 69672 335
85248 68603 351
13551 99174 351
12237 14062 276
17332 41020 324
66983 13949 340
16384 46444 324
86133 6033 351
8109 60680 340
99772 14059 351
85228 14958 351
41602 89590 351
29970 68133 340
7657 86043 351
46768 368 324
14528 46138 324
78563 55845 351
97426 9098 351
20367 9270 279
65948 58613 335
63441 35485 340
45127 88837 351
81792 26473 351
27283 7428 308
73155 4105 340
67906 95193 351
84677 37266 351
80909 13146 351
8352 17238 276
68381 16136 340
94920 84432 333
74236 46545 340
82700 24368 351
60329 37057 340
49043 96394 351
21664 75475 340
76638 8743 340
99270 44856 351
42105 56491 340
55814 58885 322
80078 96687 333
67261 80880 351
57027 47150 340
83833 99594 333
57258 63104 335
6216 86208 351
64179 63362 330
16495 58130 340
91234 49435 351
56580 35330 340
11362 35538 311
17285 12190 276
16108 3297 276
55341 11909 340
62171 36786 340
90677 65566 351
77078 64865 351
75195 94179 351
54680 12412 340
28010 43070 324
1690 49820 324
95203 42856 351
83402 96002 333
2041 1305 180
43601 95992 351
45449 79768 351
67155 4511 340
46588 64377 340
76016 51382 340
99710 53922 351
93555 12833 351
49397 13950 324
1287 8481 262
27664 19380 308
56801 52917 322
19479 64862 340
36001 74365 340
38702 15400 324
37060 90762 351
39603 20606 324
81779 75878 351
69828 2182 340
40723 31451 324
25508 33905 308
27595 50432 324
1127 57659 340
98105 48334 351
31784 68869 340
19454 80607 351
37206 84202 351
79629 57435 351
55790 4160 340
88823 81506 333
36812 7084 324
43788 67268 340
82197 24227 351
30556 25231 308
41211 18776 324
35640 83116 351
35238 5873 311
47333 72818 340
67849 6466 340
49702 19593 324
3454 97962 351
70487 36097 340
77600 79115 338
747 38331 324
30462 4618 308
40398 20008 324
17881 24843 282
75987 25115 340
38307 68431 340
53863 93837 351
48928 42164 314
61321 21670 340
90200 37398 351
38811 68237 340
15228 66057 340
