73015 472134 449
192249 353185 443
292190 264641 407
239534 343206 407
159880 464401 449
261777 249590 363
302028 182610 443
151424 94306 375
343930 403936 441
126793 47218 354
323296 454210 449
264517 300330 407
244949 344138 407
153651 290211 443
183544 258719 443
468445 307027 449
395572 358287 436
90216 61833 351
360658 97713 443
226988 163025 386
249276 479625 449
90213 442429 449
310820 204617 443
367136 274604 441
194722 459228 449
260593 210563 443
147289 387720 443
307396 359376 441
160546 219577 386
168406 139620 383
273251 219247 443
443478 254726 449
332215 352947 441
316463 396078 441
436388 241444 449
42162 32846 324
242935 200294 443
159469 484904 449
102582 222929 386
138084 344740 443
13375 306005 443
88251 118618 354
92530 311825 443
111160 459207 449
346404 318280 441
220837 202415 386
45590 303809 443
411006 163465 449
289452 42281 443
473122 266004 449
409597 77332 443
443634 246285 449
332349 379490 441
416345 265507 449
303105 389437 441
249768 423657 449
288713 249102 407
459746 82163 449
117720 493549 449
254568 386753 441
444266 406125 449
116307 472492 449
158950 36106 383
250413 251183 319
162633 155090 383
102446 158782 383
270386 367600 441
389279 78063 443
259776 17692 443
127239 498192 449
411765 499279 444
260346 331672 407
372991 408356 436
245648 90424 443
176746 445544 449
496561 492424 426
388522 78375 443
166997 224108 386
215917 486777 449
156721 147380 383
283501 247520 407
141134 462540 449
249991 49448 443
360394 498242 449
46604 220506 386
355528 120045 443
190311 201615 360
130843 241576 443
359641 372716 410
324242 318244 371
455789 45681 449
353535 315138 441
234078 179657 443
444029 488848 444
110600 472839 449
358603 456598 449
487182 360272 449
101919 462244 449
448953 273977 449
33473 50184 324
163433 73326 383
292045 405194 441
119571 199352 383
107917 339482 443
470370 389277 449
160005 329643 443
488633 146213 449
102574 25894 351
422364 66271 449
237860 81041 443
115935 28188 354
274820 341991 389
35597 182027 383
94280 181204 383
93564 30457 351
167756 19859 383
255405 460791 449
158438 362237 443
74694 73805 294
88966 301460 443
221071 499180 449
398069 381307 436
482959 412945 444
5817 182048 383
233511 208941 443
128267 264903 443
41067 280982 443
21676 197628 383
202762 76423 383
164291 402482 443
281433 149542 443
48278 56685 340
81823 415623 449
257681 63543 443
226122 250219 443
105076 328883 443
482835 367698 449
455488 123943 449
262749 158881 443
462777 191572 449
402262 63428 443
4588 194418 383
405959 155723 443
196043 499396 449
332814 226913 443
102343 304580 443
193849 364181 443
471197 11917 449
66106 59938 335
231866 75821 443
293077 493140 449
378905 108221 443
392863 361055 436
476555 260498 449
337743 184090 443
164072 474386 449
108099 423557 449
426888 367334 449
302946 90445 443
51754 317827 443
148371 452866 449
105197 3830 351
489427 129630 449
262917 275849 407
203784 268208 443
395651 341121 441
20566 215090 383
338616 156729 443
206807 25901 383
47622 239378 443
128144 52495 354
243372 173587 443
477667 138038 449
386137 140986 443
108497 340060 443
258553 157672 443
270772 53076 443
13154 230643 443
249829 471835 449
464683 153439 449
92690 133779 354
421522 216876 449
149420 62605 375
285565 330596 389
352654 417473 449
474214 192065 449
408630 400414 405
408284 94441 443
371510 100480 443
492314 483641 382
312623 497295 449
51977 485420 449
246275 157058 443
213079 493561 449
303222 437511 449
313635 43307 443
451801 250989 449
373045 282916 441
324209 50160 443
232940 160290 443
223655 204374 386
474444 491727 413
152257 136798 375
441882 165615 449
441516 37776 449
297655 298155 327
218718 305163 443
113833 581 354
358734 75226 443
194427 14012 383
307735 479242 449
330422 485082 449
439216 231483 449
481240 360794 449
419394 398303 449
187671 428218 449
322412 152893 443
439585 235179 449
109994 46735 354
423359 285673 449
112412 82891 354
299675 387402 441
96505 178347 383
293927 154690 443
167032 410124 449
87317 290305 443
167084 352437 443
157102 379928 443
187175 182960 347
122104 209570 383
388840 477759 449
192079 437469 449
268581 317968 407
295928 341246 384
467364 448288 444
44110 4920 324
79658 338786 443
465915 186814 449
38586 172710 383
131201 117714 344
374161 329798 441
141139 493381 449
131731 263648 443
38033 136729 354
13157 346990 443
417876 174056 449
311252 221357 443
429261 270834 449
494500 266867 449
343305 67707 443
273175 245167 407
329531 166083 443
224474 258561 443
397162 17960 443
493739 109306 449
63054 107220 354
201952 442739 449
380457 181062 443
245861 481608 449
61074 243252 443
356840 285326 441
311218 18783 443
32869 322335 443
496079 452378 444
215119 420319 449
410419 40206 449
95941 234151 443
315840 146060 443
294500 480409 449
353287 68037 443
283659 215696 443
452923 375923 449
405402 172752 443
302086 449262 449
475756 396010 449
423143 471683 444
275154 196710 443
200280 169772 365
278279 198583 443
247684 66925 443
129592 339606 443
46841 128017 354
114679 256980 443
302094 149354 443
142630 162536 383
306068 357722 441
39312 252913 443
453523 280326 449
108808 93925 354
69760 349251 443
494260 419681 444
383255 439086 449
260812 117267 443
119429 225765 386
36578 355407 443
260379 285269 407
310734 13509 443
113394 440065 449
449816 34250 449
236561 399826 441
79494 98704 333
195355 4736 383
328273 468942 449
157287 252614 443
22141 431714 449
314977 460150 449
381263 71310 443
102960 50462 351
373620 325761 441
321243 477302 449
183951 180166 365
490228 424473 444
16028 448713 449
352059 136050 443
17624 42386 324
375019 45429 443
99741 405604 443
338231 241682 407
46881 91065 351
296439 225828 443
266241 385218 441
245733 17699 443
91360 438105 449
298257 35648 443
118618 60403 354
152752 325312 443
245343 449627 449
264655 101974 443
433333 129749 449
126766 221747 386
272615 404927 441
158136 346658 443
128846 56573 354
82101 46902 351
474512 237775 449
367242 78491 443
293622 270109 407
37330 472935 449
493190 396959 449
443808 86631 449
4427 17253 276
216464 121995 386
271393 315448 389
449418 154239 449
203340 19499 383
323745 490761 449
185842 408803 443
363483 463518 449
426567 162322 449
1697 342433 443
286326 405062 441
266343 222976 443
173674 132255 383
383134 272259 441
442746 102392 449
353151 104585 443
198796 392564 443
142908 36803 375
227146 233072 443
281218 35450 443
43602 28794 324
237550 100751 443
401603 240621 441
207852 224275 386
283445 442893 449
269177 290297 407
362195 290696 441
72092 231653 443
63530 375945 443
218576 126863 386
190655 342511 443
300955 452691 449
317768 49234 443
44262 310391 443
172461 367099 443
87312 400940 443
372927 256803 441
83119 179552 383
232223 321375 407
332155 467784 449
178921 179307 272
217243 13054 386
107785 71122 354
493564 360753 449
13344 52037 324
244791 309266 407
7765 393940 443
442764 321209 449
187191 44153 383
259682 287202 407
282008 17469 443
154458 199544 383
373848 429433 449
35389 499440 449
341897 204974 443
122112 61700 354
247996 460346 449
415180 74526 449
91518 367556 443
308445 157420 443
19506 44902 324
301758 323296 384
390330 152519 443
339600 417097 449
97927 268260 443
222317 17670 386
403022 332003 441
311207 218780 443
445377 232262 449
81060 6742 351
387014 397061 436
70712 464338 449
361587 145951 443
429606 436779 387
306949 229703 443
443338 252818 449
106390 94511 354
475641 118995 449
314403 174105 443
253667 337660 407
329678 259399 407
74645 295699 443
215304 434903 449
59416 464164 449
22387 251116 443
301907 496877 449
247427 73326 443
105073 282622 443
442491 241099 449
474055 320154 449
106558 35977 354
292503 477115 449
345281 484825 449
339477 471604 449
444752 489240 444
339897 61904 443
34598 267535 443
78829 255192 443
181753 259557 443
165930 117445 383
395665 193642 443
278844 493801 449
361303 104583 443
105791 142905 375
491132 163237 449
51226 351620 443
5967 160491 383
402475 308796 441
27359 486988 449
360581 208808 443
295345 81711 443
195197 135910 383
294346 463420 449
136921 77165 354
132623 96817 354
199342 110636 383
355383 438035 449
382408 457542 449
128865 168094 383
61625 427909 449
332221 38715 443
311349 477956 449
36207 232891 443
369406 184678 443
299482 438866 449
66414 6689 340
358774 496251 449
432765 421357 418
49759 383518 443
192602 173071 365
44133 60562 340
315992 371221 441
263277 428504 449
268952 261821 407
338506 278423 389
112615 114807 305
152566 27838 375
357670 355428 379
254861 272960 407
220266 361376 443
292198 38419 443
135836 58589 354
18365 350131 443
412498 69890 449
435915 416539 418
434075 435542 356
106365 289420 443
397544 181261 443
426682 468862 444
306276 477715 449
376801 371796 423
484061 87244 449
62622 129698 354
460122 305365 449
145653 46740 375
255550 291419 407
20657 2868 279
91418 263395 443
291490 349900 441
383033 302625 441
307195 192231 443
43792 479962 449
445418 186878 449
493996 78654 449
111736 276721 443
387635 317519 441
496940 172826 449
268061 12251 443
4415 349697 443
241583 415203 449
471929 488185 413
366937 87976 443
341906 206220 443
277296 142498 443
94234 423689 449
287627 33505 443
315715 490406 449
122277 329893 443
13298 400107 443
313680 236831 407
292934 452029 449
173810 96703 383
196194 166622 365
51263 389560 443
1272 461884 449
55023 71459 335
117125 77782 354
327619 157820 443
303574 270152 407
184784 426972 449
34722 344080 443
137438 461602 449
224193 292248 443
409809 444390 449
322793 478691 449
257579 304836 407
92877 122546 354
145347 398595 443
58575 113036 354
55984 276917 443
156583 348074 443
412924 192932 449
105440 482533 449
418286 337322 449
252595 390846 441
161826 55955 383
63938 311386 443
442343 235735 449
368018 127496 443
152226 372675 443
357765 317171 441
441390 218638 449
462190 108540 449
139487 176255 383
88577 49359 351
319153 445654 449
394614 391336 361
117519 152281 375
186464 114195 383
330028 58653 443
385339 470394 449
48937 421835 449
412061 250708 449
278171 175248 443
207966 408632 443
382056 55645 443
382589 206041 443
49670 98797 351
111985 419328 449
199173 137284 383
476929 260348 449
205749 153204 383
69034 457358 449
82162 277270 443
253474 299025 407
345799 72001 443
55710 421514 449
132550 97116 354
377956 298666 441
131657 357131 443
348621 254764 441
202012 393734 443
223161 47062 386
238454 353019 441
323412 445411 449
384196 305199 441
391159 188829 443
219671 9555 386
103554 471521 449
193296 484611 449
254250 429481 449
439540 11115 449
118624 171436 383
497143 233453 449
449478 418229 418
39418 274510 443
153549 177855 383
21504 264503 443
218402 326105 443
282829 67634 443
437944 379163 449
494765 79448 449
418049 367806 449
327154 324566 340
488580 192993 449
371791 276553 441
165910 209951 373
172085 347460 443
1222 317219 443
151255 346152 443
302519 372545 441
217068 183531 386
371677 350156 410
4908 11834 268
359352 115649 443
37560 73790 340
496848 195820 449
307365 315761 384
212060 75699 383
33630 40592 324
466351 447001 444
338398 323838 384
148857 227702 386
442381 33807 449
289298 401654 441
104719 216657 386
261836 46429 443
211655 57825 383
402902 157652 443
81605 259289 443
304707 226079 443
83390 119604 354
358739 168793 443
76651 55138 335
174764 105981 383
47252 203268 383
138764 403960 443
377533 260648 441
88200 336229 443
381681 319363 441
161320 275198 443
188136 156722 370
379236 385364 379
318029 454967 449
356550 489497 449
159451 455606 449
150204 321814 443
300904 18968 443
475312 63485 449
98621 269212 443
161945 204800 365
367930 401040 436
88069 367416 443
332725 100418 443
131467 65358 354
215228 29498 383
28045 484111 449
69527 26633 340
368065 31507 443
87825 353192 443
162047 332337 443
271245 166933 443
209468 400865 443
8829 166106 383
380193 372419 423
493356 128667 449
287878 413305 449
75663 6590 340
397092 471687 449
363218 214544 443
207118 442590 449
141727 102865 354
373188 413961 449
110013 357512 443
427478 63832 449
499466 71252 449
171172 405151 443
90810 388670 443
438605 98732 449
392861 215605 443
303446 251499 407
85259 70539 351
340527 416416 449
485187 8318 449
143009 141357 375
412216 415236 374
370305 141389 443
146706 415245 449
386972 203877 443
400972 452226 449
262751 457735 449
386824 173738 443
324446 167651 443
465447 159998 449
117404 317535 443
326362 406563 441
79972 78450 338
492753 305759 449
389504 451496 449
254161 24726 443
462872 92074 449
193656 350170 443
7612 76620 340
70022 472646 449
299634 23879 443
323851 33867 443
268132 378477 441
298291 204934 443
380299 423281 449
39631 467539 449
433078 61082 449
41035 83187 351
479397 52878 449
347634 112173 443
277988 418444 449
170330 197469 365
123678 46603 354
401061 11423 443
19118 404241 443
441894 269518 449
365261 201339 443
148664 418718 449
361994 442541 449
306133 214294 443
430614 270073 449
59744 338879 443
266428 193548 443
153949 297115 443
458815 277229 449
199843 372758 443
244301 71849 443
71223 40207 340
488697 308296 449
424703 465533 444
484254 359094 449
89623 129997 354
40734 490101 449
114054 137239 349
16020 417771 449
230156 409793 443
169905 61779 383
191643 288819 443
128566 180487 383
162025 181881 365
30337 166953 383
202310 359370 443
202053 325466 443
327159 37609 443
410474 305965 449
121540 344488 443
400318 429343 449
232213 380530 441
420939 251087 449
188633 209714 373
445385 236078 449
15335 88424 351
488222 320296 449
388375 181368 443
356016 15812 443
478963 188178 449
366541 238166 441
106337 86033 354
296859 79249 443
442736 286487 449
17693 396530 443
403417 89238 443
345901 6096 443
408359 197677 443
365362 182041 443
184685 431573 449
255858 379823 441
65631 66061 268
396656 291059 441
62593 183678 383
129171 368627 443
415498 9088 449
238046 354231 441
492641 478208 426
360329 481216 449
146728 456702 449
294185 302469 371
318321 243978 407
324828 436802 449
77284 447000 449
464862 46736 449
103075 376161 443
58448 321450 443
1840 297977 443
101335 449 351
362191 53375 443
318591 65878 443
84882 335533 443
202159 161282 365
396550 214100 443
453667 190330 449
74960 246553 443
288754 132226 443
425456 408391 449
355819 47753 443
50841 270199 443
235548 89065 443
358247 236740 441
135079 193168 383
36089 402452 443
461662 493475 426
318161 102530 443
204850 321506 443
65004 180826 383
462692 419307 444
259111 299220 407
91517 132800 354
135982 443958 449
410089 251004 449
92430 452624 449
165682 369006 443
395792 118435 443
358571 480957 449
352585 61000 443
291583 325012 384
477694 148769 449
455652 262440 449
386628 1241 443
140593 117540 344
346043 59375 443
261100 481308 449
134540 313739 443
191498 281883 443
487794 110608 449
186925 367861 443
110493 200796 383
188633 89360 383
241209 51780 443
236176 478974 449
113080 416861 449
85517 169251 383
135845 141068 344
274616 496724 449
42694 330833 443
246768 1359 443
167615 147223 383
112385 462621 449
343699 432643 449
321429 299075 384
452066 179073 449
204008 302792 443
475919 83591 449
298885 65444 443
62386 170279 383
468738 359724 449
165088 405094 443
363678 210805 443
320645 474710 449
7069 43168 324
297254 270490 389
221234 251119 443
439208 240109 449
282709 168696 443
30474 63517 340
147741 215012 383
86912 434500 449
334183 147372 443
275935 380788 441
348474 319298 441
92050 186151 383
186331 93859 383
268561 250237 407
267265 213027 443
395025 402045 387
301203 120025 443
189439 250361 443
227060 172817 386
300773 271645 389
306647 121441 443
271605 7276 443
193432 232401 443
125682 32071 354
494101 166604 449
370766 186303 443
326711 114594 443
405781 366689 436
194328 90062 383
339382 482904 449
407718 86894 443
112502 439458 449
183238 225140 386
128311 467661 449
276820 188704 443
67187 397676 443
203529 142342 383
166725 422727 449
335982 21694 443
199082 34860 383
240426 123893 443
43263 136254 354
114683 332155 443
478097 185333 449
198748 23518 383
477982 489063 413
488062 391426 449
306995 332453 384
153998 405745 443
342531 25865 443
402345 121844 443
75997 128773 354
320209 342365 384
322321 478242 449
206070 327793 443
24610 462961 449
288987 35655 443
224140 466306 449
187205 133332 383
48709 49079 296
231697 55817 443
38950 93412 351
397277 31963 443
359314 155297 443
212904 322383 443
121859 183780 383
224217 222903 324
342273 249128 407
121085 438801 449
351197 461273 449
333369 455432 449
468481 298402 449
284936 390566 441
290040 160689 443
158852 301881 443
98445 187608 383
74320 166155 383
495782 138210 449
263700 114422 443
63311 373645 443
58403 95471 351
258864 433406 449
137547 326528 443
468230 304292 449
259724 211961 443
75742 357017 443
454094 268843 449
83430 56041 351
292441 291272 296
126863 81950 354
260633 50353 443
182180 156816 370
484321 219424 449
242949 18635 443
52387 79362 351
92393 436152 449
451917 362184 449
122453 163059 383
156048 399511 443
438550 124429 449
20855 46183 324
7263 239124 443
333634 158668 443
352414 315714 441
252984 142183 443
226349 324579 443
217996 90484 386
223523 66267 386
85048 391382 443
474880 63595 449
12721 127120 354
213466 233105 443
376067 62732 443
315875 64351 443
107008 148252 375
119856 4952 354
328823 409026 441
64348 377277 443
117720 365088 443
343065 173942 443
54042 381886 443
193189 23231 383
301476 129116 443
64601 182123 383
423020 251474 449
424363 473113 444
436026 317896 449
327324 464566 449
180765 367381 443
135388 312029 443
93314 99561 328
411830 35316 449
293328 392127 441
347881 292419 441
214824 186656 373
435685 158212 449
362808 411986 449
406328 411107 449
403097 346929 436
441231 491440 444
436561 66231 449
383217 250981 441
414899 62830 449
90821 144178 375
21413 421148 449
205968 357385 443
15823 22553 279
473690 150830 449
