2018 3085 217
46 90 116
93 247 128
423 816 171
221 744 171
4901 5341 210
715 848 153
169 139 117
2630 9499 262
135 242 128
638001 916048 525
4102 5703 236
8669 84236 351
812 719 153
598 497 137
7704 1354 262
23 52 112
27831 19841 308
48235 81680 351
17 71 113
523 957 179
100 198 125
58 3 113
438 180 144
5250 1009 238
88985 21823 351
446 657 145
7579 2589 262
71 400 144
19 32 112
98 104 88
163 746 171
856 156 171
24689 18621 282
542 143 144
35921 68312 340
5177 2698 238
743 896 179
18177 27780 308
586 195 144
723 657 171
282 760 171
96 88 106
84669 25854 351
741 819 153
612 198 144
9729 3291 262
3214 2910 217
616 393 142
670 349 145
5845 8138 262
85525 58258 351
610 570 132
8225 4411 262
159 27 122
281 658 145
25604 52097 324
59038 77007 335
85921 55171 351
804 691 171
676142 238268 509
917 137 179
4222 3066 238
907 407 179
91419 3815 351
55 4 113
343 202 144
540011 430664 470
56406 11653 340
121 377 144
121 303 128
760493 238253 509
167 395 144
33395 63038 340
93 94 106
5 9 20
52 19 112
918 190 179
779 634 171
5 394 144
53 46 105
50 98 119
963 647 179
166 217 125
9258 5966 262
749963 509451 509
261 439 144
91 95 106
956 735 179
31 32 107
66 144 122
7125 9750 260
592 448 142
79 32 116
50735 89888 351
659 610 145
521 878 179
708 912 179
830 677 171
330 667 145
971 289 179
437351 124783 449
52 306 128
41103 49668 314
663 902 179
561 681 145
218 983 179
237 717 171
540 810 171
326 592 144
584 551 137
176 189 107
616 804 171
657 674 145
843 409 171
59 61 33
90 9 116
809 765 153
6113 5010 236
2685 92881 351
341 715 171
35 60 113
89912 94346 333
71623 49462 340
85373 19135 351
6826 6465 244
92943 89630 333
41575 23408 324
432 474 129
31 46 110
567547 770611 509
704 868 153
547 613 137
833 906 179
638 704 171
13203 67119 340
375 582 142
175 125 125
76892 20924 340
9443 7518 260
639 973 179
96 243 128
17923 34777 311
103 357 144
720 730 96
4 61 113
7129 5626 262
977 745 179
43 650 145
823209 970367 525
706 133 171
635297 596027 509
64073 43451 340
264 801 171
555 326 144
658 388 145
3196 9076 262
68 68 15
411485 754339 509
896201 301395 525
60 686 145
32527 11252 308
678 393 145
50235 8990 324
875 663 179
64 66 28
924 456 179
2130 8481 262
204 785 171
13 417 144
138 643 144
707 425 171
582 188 144
39 43 110
78 468 144
416 892 179
680 188 145
499 709 171
535 352 142
79773 66099 351
954 11 179
684 215 145
734 678 171
51251 74405 340
974 901 174
74 82 111
420 948 179
684 403 145
345 239 144
13 17 18
849 268 171
30191 46873 324
20556 87452 351
53488 23647 340
20 25 24
12485 87550 351
91 74 111
842 740 153
73124 22533 340
43 53 105
747 638 171
833 479 171
466 981 179
99 5 119
8567 3035 262
358 36 144
13 47 112
7 46 112
25735 64122 340
950 827 179
514677 344713 470
798 131 171
21805 43769 324
2355 3525 217
179 737 171
89516 63763 351
852 602 171
84160 48023 351
566 547 137
64462 92976 351
73814 96676 351
581 501 137
27719 81478 351
8058 8461 234
438 193 144
342 618 142
45 64 113
376 580 142
8045 4180 262
554 117 144
13683 67261 340
988 483 179
73 87 116
969 508 179
999 806 179
922 575 179
282139 274611 389
6818 4469 262
268 96 128
990 247 179
44 14 112
240 634 144
112 635 144
319 334 144
26 89 116
8680 2994 262
2127 80787 351
66999 7027 340
734 135 171
3589 4563 238
4988 9939 262
4358 5705 236
7976 1721 262
68228 38299 340
5469 8789 262
385 591 142
538 926 179
654 676 145
949495 972114 458
69698 19408 340
4721 6607 262
4279 8304 262
53 7 112
241 707 171
97121 6632 351
13 53 112
14120 18332 279
41163 57085 340
96 35 116
777 115 171
891 551 179
857 660 171
840 877 179
574 982 179
7592 9287 260
78 411 144
678 96 145
993 765 179
508 891 179
81275 95324 333
3391 6450 262
31934 11840 308
912465 381584 525
434 533 142
401 166 144
71573 47409 340
4652 3965 215
87502 60956 351
43 570 144
626 424 142
60549 11150 340
805 969 179
273 139 128
50547 3886 324
6111 7645 262
87970 57183 351
4173 5568 236
859 64 171
545020 589804 452
86675 85203 302
5 78 116
52370 17837 324
96 20 116
36 99 119
970 66 179
261044 771276 509
595 932 179
1392 18095 279
487568 140871 449
43 83 116
5 16 20
587 811 171
21 7 21
629 971 179
3457 8783 262
1278 7176 262
607 872 179
99367 69280 351
45 1 112
969 315 179
228068 422444 449
521 479 142
662 692 145
389 906 179
69 27 113
10012 61769 340
939 507 179
94 60 116
62244 80643 351
385 581 142
3232 9139 262
985 200 179
8871 6741 257
88 68 116
3360 7714 262
220 971 179
96911 74090 351
198 550 144
547 893 179
825 49 171
23 26 24
283 491 144
189 611 144
128 445 144
26930 27447 259
208 754 171
48 19 112
938 955 130
31585 58419 340
607 603 70
816 550 171
47326 85130 351
62 727 171
48 35 110
452972 398696 449
11 690 145
5654 7035 262
52926 54100 322
68 6 113
41068 99729 351
477 66 144
6826 6502 244
755 998 179
67621 55947 335
169 304 128
443 543 142
4195 6045 236
589 78 144
264 993 179
52600 98614 351
897513 941856 507
12 12 10
63 68 108
142 17 122
410 628 142
397 696 145
3739 9074 262
23 97 119
80777 5478 351
998 112 179
997 930 174
504 952 179
94052 63873 351
909347 676180 525
21850 78093 351
26 24 24
24824 7662 282
644 514 137
8185 1416 262
8437 6383 257
893 992 174
188 157 125
223360 202880 386
60078 25737 340
716156 373201 509
63 433 144
282 813 171
716 629 171
5220 8037 262
7063 4943 262
83745 53168 351
41516 40320 288
4346 8959 262
703355 645087 442
919 295 179
6922 6224 244
954 619 179
9519 7585 260
852328 507006 525
41639 48137 314
18849 60918 340
687 815 171
71189 66431 312
821 372 171
97 39 119
352 944 179
18 21 21
5573 5913 218
284 372 144
9017 9921 260
18 415 144
836 977 179
650 103 145
37 68 113
55654 28697 340
791 736 153
48842 42473 314
869 630 171
758 924 179
244 725 171
26 949 179
371 38 144
30216 98463 351
24161 77435 351
424 847 171
480974 656584 509
2562 4866 238
23236 6443 279
18572 70979 340
8952 6376 257
984 490 179
797 16 171
6956 3553 262
22501 59941 340
904 414 179
69 78 116
8630 9657 260
67674 79125 351
603276 364920 470
837 621 171
714 471 171
2174 5215 238
810 68 171
57 70 108
16514 56792 340
747 43 171
1915 5191 238
10 25 24
414 939 179
56393 57016 291
989 412 179
434 366 134
978 209 179
51432 85973 351
7704 3662 262
96 52 116
155718 624050 470
10 43 112
71 98 119
883 303 179
581 239 144
560 551 137
73245 49982 340
22 189 125
14 284 128
37469 33323 324
3858 98227 351
75862 39807 340
6882 7273 257
20583 33138 308
53 43 105
171 682 145
608 532 137
775709 874157 525
11158 70428 340
773 568 171
5710 3601 238
9775 5919 262
4981 6228 262
760 968 179
471 341 134
661242 169981 509
31 48 110
42 35 110
62208 35730 340
661 85 145
65 61 108
63031 81116 351
8073 96373 351
91 26 116
41 239 128
561 570 106
22 62 113
81848 47649 351
695 277 145
212 906 179
87291 85079 333
71618 97766 351
99 46 119
318717 733796 509
582 874 179
25 831 171
539 922 179
981 386 179
99280 93405 328
7589 4018 262
578 567 106
970 631 179
367 388 121
561 919 179
738 685 171
297 670 145
115491 209981 383
246 181 128
240 393 144
355 789 171
497 379 142
843 629 171
87542 19683 351
215 68 125
857 785 135
425 698 145
25280 14481 282
72 27 113
194 443 144
601 190 144
22235 91672 351
437131 390682 449
4775 4052 215
2520 3484 217
392 357 121
508 105 144
245 361 144
712 447 171
278 631 144
43245 12475 324
34481 25673 311
182 170 125
14 70 113
686 972 179
919 568 179
798 726 153
623 758 171
75396 14888 340
596 270 144
1 17 20
861 596 171
958738 817380 525
85880 66972 351
88 85 31
883 674 179
1383 3478 217
467 512 142
561 25 144
10747 90131 351
78027 52827 351
913 913 130
880 578 179
99543 93283 328
89 40 116
225 55 125
587 50 144
1940 6939 262
41 141 122
23046 31735 308
88178 34908 351
776 938 179
322 280 131
233 875 179
788 11 171
258 916 179
2050 2922 217
23421 38143 324
79 564 144
748237 268218 509
566 356 142
16 60 113
7134 4741 262
651 355 145
482 121 144
441 662 145
745 302 171
2977 8048 262
931 312 179
145 717 171
690 213 145
506 310 144
174 316 131
975915 239959 525
979 940 143
84 5 116
608 774 171
3929 6896 262
114 652 145
2096 2687 209
42338 53588 340
17658 97977 351
55 1 113
791 160 171
694 17 145
407 679 145
112301 996312 525
22005 55362 340
86007 5717 351
33 93 116
15229 53445 340
698 449 145
136 351 144
66774 94355 351
63950 7225 340
65032 10980 340
3 25 24
102 879 179
91 83 111
51429 17173 324
31 27 112
12816 50022 324
19109 5221 279
62183 39723 340
67756 93149 351
892381 844059 445
998 406 179
305 818 171
9774 7380 260
56840 59860 304
888 687 179
20 710 171
51962 73821 340
357 877 179
18945 41664 324
175 812 171
77651 25776 351
422412 309853 449
68 223 125
75056 10990 340
61638 73339 330
958 386 179
32290 34995 311
50334 1860 324
61 18 113
135 461 144
417417 392959 449
82 5 116
782 452 171
1323 6833 262
776 505 171
8377 4577 262
330 696 145
92898 79891 333
7301 6242 257
85179 2048 351
84605 8837 351
748 523 171
7387 9978 260
914 910 130
61474 93951 351
70453 44693 340
50 17 112
374 501 142
81479 10502 351
69413 50876 340
650 827 171
24003 66318 340
21 317 131
3554 2758 217
82443 96729 333
475 411 134
3511 4661 238
379 228 144
225 179 120
690 682 127
652 71 145
748 768 153
43706 26958 324
20 860 171
2894 6481 262
213 299 128
941 281 179
729 850 153
858752 327707 525
92863 67551 351
556 37 144
818 910 179
4035 8016 262
601 988 179
929 193 179
819 283 171
66082 29686 340
408 656 145
46057 75939 340
116 222 125
3736 4422 215
920 354 179
796 318 171
5269 5255 192
267 586 144
56343 62920 335
979 27 179
901 852 179
16550 80075 351
29581 40644 324
76945 78083 351
76802 75931 307
52 288 128
487 760 171
97 298 128
260 44 128
99497 22625 351
171 71 125
777 233 171
911 406 179
8211 5769 262
29048 98725 351
160 235 128
747762 508032 509
863442 176543 525
880 829 179
852 926 179
866 343 171
38181 58375 340
616 990 179
328 711 171
95 9 116
389 844 171
76639 54758 335
4001 7201 262
32433 27255 285
94488 78696 338
83 68 116
178 113 125
2004 2250 183
31 38 107
472015 451261 444
88025 71183 351
86523 79296 320
40068 52829 340
21 40 112
3328 4626 238
11 1 20
88082 14477 351
6805 4916 262
99977 70471 351
5293 3924 215
865 418 171
422 699 145
8583 58004 340
16 760 171
45 128 119
380 678 145
965 744 179
78827 46063 351
748 874 179
921 685 179
1 21 21
94623 38638 351
30042 70244 340
995970 806535 525
344 438 134
3076 2024 217
55988 10735 340
633 442 142
113 279 128
32 97 119
585 749 171
6219 3257 262
302052 191245 443
20819 44564 324
69 63 108
833 667 171
3934 4120 189
615 886 179
88742 21536 351
150 359 144
21 905 179
22 16 21
60488 26597 340
50 54 113
44574 56288 340
15 43 112
28185 71753 340
11671 91571 351
506 812 171
273 906 179
915 650 179
9896 7478 260
895 399 179
67907 46216 340
436 563 142
91 41 116
97653 31911 351
339 882 179
5246 9046 262
215 118 125
72 784 171
394 705 171
410 672 145
468433 298580 449
88006 95298 333
414 42 144
31428 53264 340
34509 63839 340
563 766 171
55 87 116
44768 82285 351
197 970 179
62 5 113
169 222 125
12076 86178 351
28859 87925 351
277 259 123
83309 98531 333
88175 73178 351
95 95 106
42 740 171
73180 97763 351
400 460 134
775 686 171
95270 27867 351
648635 850427 525
95378 37696 351
905 34 179
557 487 142
871 461 179
585 52 144
464 138 144
7573 3513 262
393025 874029 525
49 488 144
63495 75295 325
61324 50639 340
74960 67415 325
842 462 171
507 25 144
962 715 179
3835 3396 238
439 502 142
654 301 145
16 23 21
804 726 153
69215 65308 312
21398 26120 282
1365 5416 238
861 917 179
65 78 116
618 923 179
65706 58420 335
931 65 179
76288 18746 340
366 338 126
9171 9940 260
737 772 153
685 123 145
925 617 179
323 425 144
549 739 171
15 88 116
20878 51552 324
71315 85971 351
64675 82033 351
635 94 144
824 747 153
73 244 128
81748 99901 333
821 686 171
927 481 179
182 245 128
8383 8040 234
757 227 171
635 84 144
970 116 179
44 75 116
889 983 174
6465 5919 262
376 354 108
46 754 171
16 37 112
93863 73555 351
840 790 135
14 16 18
730 979 179
28486 74567 340
30 10 112
31319 79889 351
6775 99080 351
16132 98192 351
45 81 116
86142 23490 351
645 229 144
3125 2099 217
106 489 144
363 27 144
93401 25805 351
23588 22449 282
538 736 171
45484 55099 340
812 884 179
997 552 179
2353 84654 351
84556 37827 351
610198 671434 509
41207 82013 351
616 525 137
75760 71390 325
363 184 144
27071 20282 308
59 27 113
541 134 144
790 974 179
330 67 144
788 926 179
51074 46733 314
72 42 113
169 816 171
4710 4941 210
1774 4486 238
123 113 96
470 761 171
565 338 142
1594 6656 262
370 258 144
1171 3612 217
3128 8260 262
5026 27828 308
130 598 144
447 421 116
609842 323761 470
916 178 179
71189 28490 340
433 452 116
34 76 116
20067 77854 351
13697 51435 324
837 103 171
973 408 179
937 778 179
31 81 116
971 362 179
9095 1335 262
972709 415972 525
710 923 179
208 607 144
783 97 171
824 55 171
4806 3244 238
57 86 116
38 46 110
47447 46251 314
50 334 144
54776 25403 340
122 694 145
764126 363351 509
835 833 135
973 124 179
28546 67890 340
489 264 144
91819 92172 284
431 8 144
393 591 142
26 504 144
422 553 142
689 583 145
9075 2189 262
218 349 144
75869 73092 325
328 367 126
866 552 171
3 30 112
5 35 112
15 42 112
793 570 171
979 662 179
921 491 179
839 73 171
800987 578787 509
21114 37689 324
878 1654 182
8236 4683 262
11 559 144
213 661 145
2681 2913 173
850210 306046 525
811 247 171
7772 37077 324
24472 66857 340
77845 44120 351
634 624 132
805 437 171
48 77 116
993 536 179
794 162 171
556826 956035 525
63 43 113
658 319 145
79 111 119
5840 1723 238
752972 906152 525
457 727 171
51573 57943 340
6152 7790 262
6387 8712 257
594 606 119
2211 2016 170
370 560 142
17802 95777 351
2761 8109 262
90 37 116
5268 3267 238
1553 4042 238
21 547 144
35 98 119
84 524 144
69496 43148 340
64185 66754 299
600784 697769 509
408 13 144
58 58 20
894692 593385 525
33 30 107
74507 61671 330
76471 46936 340
63716 91276 351
889715 737557 525
76 90 111
960 256 179
335 706 171
61422 3143 340
357 901 179
39978 39675 306
961 782 179
48491 72156 340
681251 560913 509
54 39 113
710 957 179
2666 30385 308
413 619 142
47617 46135 314
207 538 144
5 44 112
7627 8926 252
757 441 171
92 302 128
54 39 113
336 281 144
60617 83132 351
451 521 142
16430 15578 253
124 450 144
33750 77483 351
489 945 179
94946 12618 351
95031 45609 351
75 79 36
