9614 1169 262
1942 4238 238
7735 5555 262
7355 472 262
1612 1396 172
4190 8396 262
2511 2741 191
5487 7175 262
3850 4201 189
1369 6513 262
1218 3725 238
3141 1615 217
4168 4304 202
1813 2678 209
9092 2433 262
6385 3835 262
286 8451 262
573 3889 238
9747 5243 262
1536 6741 262
6747 7494 257
8836 5149 262
4312 398 238
5136 7160 262
9821 8950 260
9001 6820 257
7535 3751 262
5887 4704 236
2090 1600 180
81 186 125
694 9857 262
4695 1282 238
777 5334 238
4337 124 238
2593 6300 262
7254 9039 252
5774 4073 236
2961 6620 262
9489 2512 262
9171 4622 262
3301 8272 262
563 4091 238
9899 5399 262
4765 601 238
5610 9261 262
5015 6132 236
3264 9610 262
8152 1627 262
4648 9045 262
5996 5196 236
128 18 119
1559 5947 238
5473 3654 238
6005 160 238
7076 3597 262
2035 7752 262
1349 8480 262
9729 1123 262
713 1262 182
1417 2460 183
2991 7855 262
430 2747 209
4388 8168 262
8978 8432 247
4605 801 238
3832 2961 238
5555 1656 238
5350 1079 238
7737 7702 177
1169 4015 238
5740 9885 262
5303 6867 262
2972 5637 238
2996 199 217
6411 3767 262
657 1864 182
9357 3458 262
7051 9050 252
752 5224 238
7234 7517 239
5707 5385 236
3725 5369 215
2768 1712 209
7670 6448 257
6117 4219 236
8040 6868 257
4607 6677 262
7575 6113 262
8235 8420 234
7259 4214 262
853 5850 238
354 4578 238
283 3101 217
1613 2292 183
2474 670 209
9029 7878 252
9582 5000 262
9671 3890 262
9006 4544 262
2041 1954 175
6982 5228 262
667 2377 183
3496 6440 262
7486 6854 257
4369 6717 262
8201 3802 262
6769 5159 262
2566 6020 238
3084 3736 238
4578 9377 262
7894 1286 262
3537 8961 262
535 9552 262
3974 6836 262
1437 1851 180
4618 600 238
976 8082 262
7846 785 262
7804 5845 262
2544 8540 262
5975 846 238
8414 3814 262
6723 3108 262
3151 7277 262
103 1470 182
9217 2270 262
4962 1077 238
23 7740 262
1136 7439 262
5941 9606 262
6154 2707 238
8055 7105 252
1809 257 182
8570 8027 234
5758 3965 236
8259 1650 262
9264 4387 262
514 5416 238
7594 6114 262
8113 9743 260
3664 9020 262
3797 7550 262
955 6485 262
9901 9635 242
5689 3351 238
1813 6745 262
2623 3276 217
5440 5792 236
376 2811 209
8574 1740 262
8285 9389 260
6209 7808 257
9837 7282 260
982 8064 262
2398 3575 217
3913 7618 262
2449 6651 262
7337 3332 262
1352 8635 262
1785 2578 209
1699 5789 238
7205 2804 262
5809 4261 236
6606 5119 262
1282 214 182
5464 9078 262
8241 7248 252
1173 1119 182
8554 7536 252
3168 6479 262
1997 8724 262
3768 2966 238
1705 4100 238
6446 9182 257
6523 3547 262
4375 5585 236
2955 4423 238
114 2970 217
9069 4762 262
6026 1146 238
1057 2245 183
3777 4905 215
6826 1788 262
1893 6742 262
5016 9167 262
5263 7629 262
6283 8811 257
9929 48 262
9550 9070 260
191 6 125
9311 5321 262
3024 8707 262
8178 713 262
6572 9839 260
4683 6899 262
9272 5648 262
8325 4008 262
6783 4764 262
6796 536 262
9681 266 262
1669 1862 180
9520 1060 262
857 7366 262
5174 7614 262
8730 3414 262
6219 2580 262
2455 4255 238
56 9320 262
6087 2986 238
1326 3232 217
8641 6038 262
9976 8212 260
9127 8613 247
953 658 179
1344 8021 262
878 6684 262
3800 1004 238
9142 4595 262
8047 6795 257
5540 8537 262
9716 7497 260
2389 8994 262
4879 7983 262
1114 1444 182
152 8716 262
7509 7817 221
5162 6009 236
380 6841 262
7488 5961 262
9307 9382 198
8754 3202 262
4895 3285 238
3166 8551 262
6737 9962 260
153 440 144
4922 8876 262
2548 2338 209
8231 313 262
5669 5974 218
2315 3317 217
8023 5371 262
708 6518 262
7990 9418 260
4827 9474 262
601 3154 217
4865 1594 238
1171 9433 262
1627 8418 262
2741 6984 262
4009 3 238
9310 3952 262
6116 6342 262
2316 9497 262
1692 63 182
6266 7316 257
8590 5657 262
3925 210 238
3314 9287 262
3322 3294 168
5793 5565 236
2403 9956 262
5750 7370 262
656 862 171
9411 5558 262
7883 8838 252
790 3761 238
3653 1605 217
6708 4328 262
4112 8210 262
2601 1761 209
5076 4817 210
7891 2690 262
641 602 132
179 5227 238
8423 6244 257
1535 9466 262
1659 2923 217
932 8478 262
584 5827 238
4498 9436 262
1796 2460 183
8295 9155 247
4556 8377 262
9394 964 262
8502 3166 262
5791 9340 262
9741 9180 260
888 3057 217
1977 4576 238
3135 4450 238
2001 2949 217
5019 2534 238
1169 3331 217
2968 2146 217
741 6139 238
4012 7407 262
283 1888 182
2301 2074 183
7045 5750 262
7528 3493 262
4643 9166 262
2077 4380 238
2060 485 182
673 9379 262
2743 7353 262
4348 7486 262
7209 8729 252
2366 6446 262
3911 1608 238
5469 9618 262
1583 3144 217
1868 155 182
4227 4257 202
8809 2317 262
8289 7274 252
401 6082 238
5227 7200 262
5212 4730 210
240 5871 238
3646 858 217
3077 8485 262
8852 3351 262
7099 3222 262
3569 1246 217
1783 1398 180
4148 6330 262
2869 6586 262
3538 2115 217
6884 2010 262
7467 9017 252
9261 2627 262
5939 8252 262
175 4283 238
4564 9141 262
540 7878 262
4933 2130 238
763 9521 262
4251 4001 202
599 9996 262
9221 3687 262
2247 5394 238
5721 2932 238
4671 8902 262
1422 6536 262
4918 9351 262
1133 8351 262
128 9878 262
3572 4228 238
1122 5092 238
7239 9391 260
9783 7804 260
5826 4125 236
4227 5228 215
1341 3169 217
563 6273 262
424 161 144
9531 2672 262
2750 9826 262
5189 1769 238
5751 527 238
4024 9603 262
1029 1047 156
7983 3221 262
8295 8146 190
8961 6112 262
1073 9364 262
8319 1608 262
1227 2684 209
4805 980 238
2394 8315 262
6178 4865 262
6655 874 262
1163 482 182
1708 2201 180
978 5777 238
4334 6810 262
478 4146 238
175 2623 209
3391 149 217
3818 1410 238
8286 1427 262
4979 9200 262
7586 2616 262
7738 6951 239
7409 2670 262
7896 3251 262
4334 852 238
142 8842 262
8714 8902 216
6506 2381 262
8432 9891 260
6695 9105 257
4666 3656 238
6274 8999 257
1541 3905 238
5986 5026 236
8975 902 262
7797 9870 260
7343 7338 195
5956 7985 262
8969 6753 257
4193 7430 262
6524 8122 257
2287 4883 238
1366 2573 209
9501 783 262
4494 3007 238
1527 4120 238
2039 3298 217
6462 8517 257
5761 816 238
6958 6382 257
5893 3742 236
954 9636 262
6010 6084 187
1603 9697 262
4784 3585 238
9448 5773 262
6337 9823 260
4436 4005 215
7794 1847 262
6448 859 262
5244 4215 215
8524 2481 262
9711 9771 167
685 3298 217
5823 5179 236
4364 1416 238
1589 1656 167
4983 6798 262
7080 7445 239
9684 739 262
4349 7327 262
3247 5005 238
841 4269 238
5863 3694 238
9610 981 262
5001 9659 262
8375 4359 262
7224 9990 260
2732 6059 238
518 8151 262
8570 306 262
6013 7368 262
8375 6245 257
5404 9353 262
7628 7994 252
5783 5218 236
822 5352 238
3044 2419 217
7358 7710 239
4947 4958 135
417 4160 238
1941 4583 238
7556 217 262
327 3556 217
7115 4073 262
9120 4795 262
3285 9284 262
6707 7909 257
9962 8781 260
201 618 144
3485 4673 238
9149 6356 257
435 2982 217
4765 5886 236
8977 9463 260
5350 9323 262
5279 5823 236
6583 2495 262
2938 4156 238
5232 1576 238
489 7744 262
9608 8927 260
2690 7833 262
210 3520 217
5081 7097 262
6970 4701 262
7212 1469 262
593 6686 262
1091 8614 262
4750 1777 238
2274 541 183
1040 3504 217
7990 7742 252
9543 4856 262
1658 3866 238
6165 5795 218
4933 8705 262
617 3552 217
8723 7373 252
6553 3783 262
4453 7576 262
1407 4336 238
3859 2945 238
9502 8323 260
7460 9577 260
2999 5223 238
3445 3288 181
6198 1942 262
9148 6239 257
730 3977 238
4837 7494 262
6349 9348 260
8445 9065 247
6346 5849 262
1410 9923 262
4247 9346 262
619 9068 262
4382 7970 262
3526 9969 262
4552 3640 238
4853 601 238
3741 4097 189
807 4691 238
5970 4158 236
2255 3015 217
3052 8695 262
9032 1621 262
7785 630 262
2328 2651 209
1543 4879 238
9828 9082 260
5346 4587 210
9750 2149 262
9542 5603 262
8569 5146 262
5133 8561 262
8467 4409 262
141 7550 262
2759 6062 238
1495 3314 217
9651 1950 262
3127 7718 262
1041 5257 238
4397 6224 262
140 340 144
6578 1396 262
7470 5141 262
3999 8606 262
726 957 179
1000 3831 238
765 3542 217
533 6461 262
5614 5430 236
6015 2598 238
1077 2107 182
4082 8848 262
8238 9367 260
9285 7972 260
3057 1211 217
3190 3268 168
5467 2303 238
7978 3239 262
4927 5880 236
6715 4268 262
1002 592 179
3410 2453 217
5549 400 238
5558 1252 238
1343 6837 262
2538 1734 209
2134 2201 170
7699 2020 262
6913 3262 262
3078 2121 217
5482 396 238
7077 3699 262
9631 8420 260
6435 6248 200
381 7371 262
954 2875 209
6721 2722 262
7872 5513 262
9610 90 262
3471 2619 217
6552 3685 262
8744 9893 260
258 1971 182
6266 8297 257
5408 4024 215
5232 5379 192
9890 2331 262
71 645 144
7649 921 262
9020 313 262
5676 3780 236
6753 6511 244
5842 2493 238
4935 126 238
5587 7235 262
5789 6609 262
7728 9114 252
1490 7420 262
9342 3290 262
6081 5133 236
1271 756 182
1288 1451 177
7569 8943 252
481 6405 262
7884 3090 262
6723 3857 262
1254 5359 238
4731 8440 262
7704 8544 252
1579 874 182
8978 1264 262
4029 4486 215
9857 8396 260
9280 2689 262
8225 8856 234
8172 9239 247
7122 9891 260
9772 6413 260
4580 1245 238
2953 7376 262
8535 9102 247
1563 8308 262
8001 3936 262
9003 385 262
5414 8218 262
5709 1582 238
6364 8661 257
8983 4683 262
3187 6287 262
5306 3716 215
9537 4235 262
6463 1251 262
7616 8465 252
2204 3588 217
3620 6584 262
694 9026 262
5310 9558 262
8079 9357 260
9774 302 262
943 3628 217
6048 7226 262
2861 1147 209
1550 8083 262
5421 5021 192
7211 4088 262
1524 1324 172
45 6617 262
9949 9440 242
3412 2167 217
8311 5760 262
3766 5315 215
2795 8708 262
787 4809 238
3496 1769 217
9500 6067 262
3502 4679 238
7913 6156 262
2579 8819 262
1721 2872 209
1194 6034 238
933 2497 209
8690 1435 262
309 1114 179
8884 8985 247
8540 6096 262
1946 2868 209
5155 8257 262
1231 4557 238
3589 2370 217
3607 5941 238
1847 1236 180
5582 1809 238
3835 1680 238
8625 2084 262
3690 4833 238
4674 4859 197
6722 9501 260
2110 350 182
4427 4958 210
421 9598 262
2676 8677 262
4424 2699 238
1690 3617 217
4407 6213 262
9909 7259 260
8475 9644 260
128 9318 262
2287 5557 238
5505 888 238
606 3752 238
6859 9736 260
7583 651 262
3233 4655 238
9778 7897 260
2239 8674 262
7061 7690 239
5216 1917 238
4636 3214 238
5424 6497 262
1564 475 182
7132 8107 252
9706 8209 260
8910 3069 262
2991 8931 262
2296 5960 238
6601 5328 262
3068 3881 238
4123 5143 215
1756 240 182
6671 5990 262
4117 173 238
3271 5856 238
5938 807 238
3919 7833 262
4256 5878 236
3714 110 238
1442 3998 238
5230 5912 236
3380 4515 238
6021 96 238
4768 1684 238
9159 4678 262
3166 7305 262
7199 5536 262
9685 8876 260
867 124 171
8128 2064 262
9009 3811 262
2026 5037 238
2435 6439 262
6914 4670 262
3761 2446 238
1206 9918 262
5004 4744 210
4221 2479 238
9438 999 262
2688 1880 209
8729 970 262
406 6916 262
7860 5617 262
8361 4714 262
6785 8773 257
1951 8307 262
4856 4436 197
9493 2981 262
2208 5512 238
9670 598 262
8906 735 262
1887 4763 238
9194 5547 262
3380 4580 238
391 4377 238
4570 6789 262
1359 5429 238
1759 1123 182
8086 6241 257
5006 5342 192
8278 9735 260
4829 9435 262
4758 8418 262
2532 5856 238
5998 7843 262
7098 8139 252
1119 5546 238
6693 8981 257
956 5963 238
7744 2419 262
6319 3333 262
4235 747 238
1237 4024 238
433 7835 262
8790 2261 262
7826 964 262
8527 9018 247
4763 319 238
1397 2519 209
7096 9913 260
1455 834 182
8173 2973 262
153 2921 217
3007 1081 217
39 6580 262
871 6058 238
7568 799 262
1940 1723 180
6753 1815 262
6614 4405 262
2923 9710 262
349 863 171
5476 9359 262
4709 4070 215
6343 9800 260
477 1489 182
7579 7718 177
6208 7229 257
955 601 179
849 7071 262
7026 5748 262
225 4950 238
5309 5930 236
2645 2916 173
5279 9461 262
4938 3827 215
8041 780 262
8714 1279 262
9198 9654 260
8983 9180 198
3873 5267 215
1997 9524 262
6218 6889 244
5105 8652 262
3220 9337 262
5640 1089 238
8452 6424 257
8487 6260 257
7369 3597 262
3713 7815 262
1380 2594 209
2467 7045 262
2475 2989 217
4059 701 238
1554 9418 262
9007 4880 262
2767 7885 262
3801 514 238
9045 1197 262
7606 6944 239
33 7310 262
9549 3109 262
3587 5708 238
3749 1733 238
1544 100 182
5272 296 238
5587 6002 218
2564 1992 209
8044 4485 262
3721 2643 238
3106 2982 186
4827 4553 197
7629 2016 262
2110 9388 262
6972 8344 252
7059 8050 252
3798 216 238
6790 2570 262
8173 2043 262
1227 6783 262
864 6011 238
277 3446 217
6746 2408 262
9518 333 262
4399 4636 184
6184 7069 257
7752 447 262
3992 5588 236
1168 4894 238
5778 2854 238
4478 2092 238
6565 9996 260
1020 2881 209
1949 7909 262
5987 7672 262
6981 9114 252
9663 3514 262
6735 5723 262
3216 2450 217
7246 950 262
246 6911 262
8198 9298 260
2039 5277 238
5912 5200 236
6516 8745 257
5778 9628 262
2994 1169 217
7191 7394 208
8389 4339 262
8635 9194 247
5774 1753 238
5944 2962 238
4445 6685 262
8500 3141 262
5124 1469 238
5336 9802 262
7415 2858 262
4502 3363 238
6971 2424 262
8582 7207 252
680 4215 238
6526 8441 257
7625 1279 262
9732 123 262
1247 5753 238
5200 9818 262
5112 2159 238
7441 3726 262
8262 584 262
4942 184 238
3032 763 217
8938 9288 260
4368 1392 238
7120 8403 252
9620 1494 262
3010 600 217
721 2176 182
6094 627 238
7861 5336 262
8265 4208 262
859 3342 217
1497 553 182
3936 8974 262
9783 5945 262
4177 7609 262
5374 6711 262
5242 7320 262
8839 4010 262
7376 2354 262
8850 4633 262
7449 5353 262
3888 9219 262
7807 3545 262
4113 4432 215
8759 1505 262
6047 5780 218
3660 7038 262
8459 8107 234
9520 2036 262
7409 2137 262
4715 9053 262
8713 599 262
8415 8777 216
5161 3091 238
5052 6603 262
5308 9796 262
1277 3611 217
9197 7718 252
1991 286 182
473 1892 182
7700 6624 257
9875 9003 260
5826 6813 262
779 8608 262
2978 1037 217
8673 179 262
4692 6717 262
5950 4160 236
7965 3818 262
8626 7537 252
3838 1945 238
1787 5427 238
5753 9275 262
2759 3884 238
6064 8538 262
5636 6734 262
4880 8885 262
8320 5697 262
4264 7981 262
8078 9257 260
4067 1997 238
2983 7779 262
2643 1503 209
6944 8125 252
3574 4149 238
2790 6571 262
3138 2075 217
9255 5767 262
9538 5653 262
2684 7490 262
2481 8801 262
7876 5809 262
9768 6833 260
7425 2589 262
8398 3278 262
7754 6822 257
2502 5724 238
8471 1339 262
8226 1792 262
7215 5551 262
5560 9888 262
4030 4312 202
6503 9762 260
36 4208 238
7955 7243 239
871 1709 182
2840 1905 209
9951 8935 260
1682 7275 262
7583 6033 262
7111 2486 262
304 5212 238
9958 1294 262
539 6119 238
5792 9967 262
1335 2718 209
1748 4500 238
1735 7533 262
6449 6962 257
4607 1176 238
2692 3277 217
1334 6885 262
2021 3578 217
1670 7362 262
2346 2952 217
3551 1907 217
8412 643 262
