545587 545118 315
981717 981729 197
735915 735243 424
503113 503105 258
925875 926537 326
399601 398774 330
440290 440609 294
208755 208320 311
383027 383580 330
796846 795897 468
999768 999541 290
495381 496128 320
598903 597960 341
857652 857591 233
952622 952843 277
620797 620001 372
176188 176006 334
195051 195350 298
363138 363506 273
261884 262323 301
117028 117744 305
191544 191710 329
616248 617015 354
390630 391270 361
121724 120956 274
531947 531808 333
279404 280203 345
846889 847018 264
345001 345074 260
700094 699779 336
481232 480459 413
814581 814780 313
242746 243379 319
537887 538679 346
453082 452996 263
336592 337021 291
15350 15153 240
280370 279452 345
572037 572860 372
156168 155461 383
161979 162275 277
966670 967413 308
538749 538709 209
27333 26993 259
96702 96481 266
409693 408902 312
224314 224089 262
577602 577482 271
26364 27052 308
664499 663901 367
735663 735940 424
389000 389320 436
806969 806995 194
974761 975602 339
243543 243153 319
312016 311732 278
635034 634063 310
496986 497496 289
252114 252704 319
109669 110011 310
587597 586952 297
527687 527884 302
416260 416263 162
202111 202484 342
592227 591887 403
788516 788502 163
924258 924437 352
237297 236715 319
658196 658698 354
302350 301884 265
480371 480563 413
565450 565436 253
68117 69034 312
634325 634387 292
557464 558070 315
520177 520188 196
929997 929922 233
698100 697332 318
922286 923140 445
94303 94706 315
372632 371843 317
964057 963654 383
374643 374349 330
833229 832556 388
682569 682882 305
273371 272649 314
626857 625933 509
528381 527886 333
15117 16097 253
283990 284082 283
203447 203453 60
245746 245727 257
261865 261899 195
84761 85043 258
985165 985261 290
380091 379729 304
153888 153487 277
948440 949181 326
938028 937976 277
841894 841408 313
668687 668722 323
899859 899958 233
208303 207785 280
267890 267580 301
272544 271981 270
106656 106736 204
700515 699688 367
90812 91281 271
521611 521784 333
951348 952032 383
566326 566741 359
62811 62883 286
449145 449038 224
64994 65325 224
339528 339732 291
813217 813993 375
655700 656665 385
824257 823612 375
219797 219629 311
3013 2949 155
525424 526118 408
989947 989618 215
312580 312089 384
427415 427921 374
239137 239165 231
656266 656777 429
470276 470213 276
922190 923101 445
196068 196639 267
679810 678810 367
644877 645375 310
575772 574874 328
264046 263487 301
416212 416648 387
659266 659220 217
890319 889833 370
643855 643924 248
884088 884624 295
146295 147144 357
641852 642502 416
572484 571533 359
578995 579265 359
522798 522401 333
967559 967149 308
61068 60332 335
482971 483728 289
908257 909051 370
757875 758219 287
684862 684950 217
432227 431503 343
439256 439819 356
687715 686760 398
603349 604259 372
70383 70894 281
715968 716860 380
295158 295967 265
988822 988370 321
635985 635933 217
278601 277956 345
707249 706884 230
758332 759136 362
609198 610130 341
377722 377536 224
208755 208531 311
677930 678492 292
812930 812453 344
83643 83351 289
345205 346041 441
198140 197550 329
815720 816326 344
522699 521948 333
711602 711148 380
677719 676969 292
896374 895837 339
294796 295722 358
311962 312362 384
948453 947596 383
493491 492805 320
358178 359107 348
916976 916612 264
735659 734854 380
326076 325693 322
68197 67245 312
566298 566557 222
974992 975368 321
624994 624844 279
925094 924241 352
311797 311109 309
707607 706624 274
699000 698640 274
303090 303940 340
492419 492796 426
953720 953184 414
463996 464261 307
811047 810737 406
678743 679608 292
964338 965178 352
836882 836299 344
36610 37063 262
966711 966411 308
333909 334456 322
783097 782482 331
337773 338118 335
64280 64447 224
254880 255112 363
953428 954152 308
358524 358236 304
475614 475700 245
344190 344929 304
817767 818684 344
172039 172195 210
862330 862970 326
70305 70157 250
960784 959971 352
858632 858683 251
284185 284172 283
496876 496555 258
298773 298072 265
604001 604644 372
354027 354358 348
221792 221825 231
971299 971364 290
993234 992670 352
193254 192938 329
68831 69399 250
612790 612559 310
926759 926977 233
81360 80758 320
939750 939145 507
877710 877213 401
659699 659775 354
22778 22899 238
810060 809510 344
867795 868101 251
57461 57410 260
307129 307190 203
629897 630506 341
350135 350349 304
985552 986064 321
641301 640877 297
692201 691525 442
31231 31559 285
257512 257491 195
159057 158622 308
600145 600274 315
829821 830129 313
244771 243912 332
884201 883495 370
808996 808295 313
628624 628547 217
64380 65148 268
991164 991125 215
830366 831184 344
874883 875699 432
262138 262172 226
520594 520038 302
22947 23610 282
956048 955929 308
612578 613366 310
285120 285996 376
235994 236102 275
51718 51027 309
576151 575256 346
898519 898333 295
235500 235374 306
440846 440930 325
469843 469703 201
796568 795937 468
655812 655835 186
483950 484174 276
891937 892377 295
121075 120373 287
419936 420515 343
880802 881306 295
914358 913579 357
938788 939607 507
537976 538798 346
42495 41846 288
244498 244361 244
274392 273574 358
365875 365949 330
131843 131982 287
667755 667174 367
752593 752013 318
333532 332656 335
769116 769178 194
690542 689760 336
577578 578372 346
450941 450793 276
590452 591150 359
708709 708739 274
693066 693668 367
160326 161150 370
891094 891272 295
11177 11533 237
751301 751281 150
685930 685739 261
999109 999038 277
880275 879386 357
692657 692763 305
68397 68982 312
842703 843232 388
689263 688863 336
409255 408644 312
169377 168841 334
360179 360795 410
952657 952534 277
656318 656577 292
545263 544852 315
306809 307448 309
741088 740607 362
943397 942984 277
671124 672094 336
716232 715992 380
318146 318279 278
629401 630184 279
457888 458519 307
394117 394458 255
972732 973150 321
264064 263366 301
119633 120170 305
541639 541286 364
982548 982982 383
585145 584284 359
404849 405156 343
622727 622944 310
651684 651242 336
965711 964994 321
912084 911220 383
571270 570928 297
89777 90376 315
502559 503306 289
464459 464804 338
883255 883661 282
786139 786171 269
55202 55604 260
812112 812193 269
571865 572555 284
318914 318042 353
848552 848680 282
810116 809721 344
365676 365704 224
524743 524861 302
173398 173447 197
855150 855088 220
465290 465632 369
613259 613693 310
661967 661181 323
592810 592373 328
534277 534651 302
708875 709507 336
834840 834096 313
412028 411716 281
37150 37738 306
589272 589585 297
976176 976057 246
98412 98243 266
672678 672110 367
387451 386790 268
517878 518652 302
495308 494809 320
980753 981452 427
585919 585815 315
558295 558702 284
358566 357692 379
260043 260931 332
697540 696970 318
850608 849800 357
925426 926289 339
509827 509835 227
852225 852520 313
499978 500942 364
427422 427811 374
379990 380469 379
202563 202399 342
987961 988457 290
137442 136799 331
766377 765812 331
562815 563773 328
323207 323593 322
328322 327982 260
869188 868668 326
46285 45768 252
612431 612227 297
859496 859218 295
306647 307111 309
651366 650473 336
245274 246262 319
378153 377259 361
248240 247773 319
743706 744495 318
307070 306536 309
40810 41782 288
835934 835279 313
597306 596342 372
411710 412372 312
530421 530583 240
988224 989133 321
339130 339511 260
586691 586168 359
969883 970218 290
670913 671493 323
628447 629293 279
44456 44925 270
220273 220857 324
275348 276302 314
711771 711424 274
958353 957544 339
186898 187146 223
623191 623837 354
36612 37067 262
930641 931332 370
42247 42194 226
687833 687269 367
718591 718636 243
948043 947989 246
182478 182619 316
955515 955440 277
674589 674435 230
813872 813245 375
461159 460942 276
858587 858250 264
956458 956258 308
343621 343218 335
41538 40886 288
956799 956867 246
94630 94748 315
868760 868937 326
511996 512142 289
132285 131552 331
36266 37131 262
244210 243305 337
974429 975295 334
191040 191019 223
841726 842478 282
693609 694077 305
307090 307765 278
380688 381673 286
802656 802301 388
750462 750849 300
863035 862041 326
746923 746039 287
360869 360661 242
922805 922389 445
406264 406849 343
428922 429073 281
864875 864215 326
174981 175469 241
440025 439342 356
290133 290446 252
640735 641147 354
315206 316057 309
847631 847318 419
188047 188611 316
48793 48312 265
386318 386396 255
326361 327297 291
473180 473751 307
783020 783742 331
704992 705096 305
996728 996210 352
90166 90911 315
727970 727187 318
464037 465004 338
316295 317176 353
48765 48310 265
527022 527720 377
917360 917477 264
880770 880748 220
926952 926697 233
44237 44506 239
487725 487913 338
596818 597371 341
959077 958199 321
29592 30244 272
467520 466915 369
106517 107394 323
423556 422856 312
392346 392044 299
937086 936970 321
82775 83701 289
756492 755931 362
298844 298686 371
768799 768252 331
913837 914063 308
991753 991681 290
436205 435217 325
181660 181643 166
602748 602790 266
698741 697953 367
697635 696731 336
868575 868351 357
410639 410503 312
952715 953091 277
983935 983699 383
274460 275222 314
165012 164446 334
332552 332039 322
76995 76067 307
440975 440947 188
983524 982946 383
110429 109638 310
366449 366408 286
965468 965085 277
396698 397189 330
873263 874142 326
191007 191165 254
807953 807047 406
970871 970525 458
813119 812252 362
688859 688923 261
389600 389670 299
978347 978615 352
177330 178274 347
153068 153021 202
331198 332056 353
962193 962875 383
476022 475588 276
508512 508977 377
601983 602254 279
144584 145047 264
43207 42681 257
487208 487095 320
46039 46708 283
516130 515305 302
622974 623909 354
486640 487610 382
906694 906431 308
994352 994492 365
812277 813055 362
183139 182456 334
889664 890205 370
897560 897923 326
450920 450045 387
555255 555437 328
924670 925197 339
713814 713327 380
428074 428986 294
961099 961933 352
256424 255887 288
558098 558830 284
380991 381209 255
82593 83286 320
401088 400099 343
36188 36127 249
546842 545980 452
265402 265384 146
433300 433804 343
924294 924181 370
775473 774657 437
155193 156093 308
553844 554576 421
651142 652074 336
345426 346078 441
432861 433427 387
227706 227922 262
477573 478000 307
262715 261908 301
246298 246222 257
131863 132571 331
880314 880801 326
391025 391205 237
245140 245327 257
547939 548814 333
765183 764545 362
710238 709681 305
952694 952035 414
98913 99407 328
917999 918471 277
561847 560923 315
840099 839238 388
641495 641033 261
134654 135629 344
433857 433309 343
371292 372267 317
170737 169825 290
758062 758901 362
240287 240918 368
465422 464709 369
788007 788428 406
683313 682659 305
961037 961953 352
193605 192764 329
199019 199133 205
173042 172161 303
204338 204941 311
943830 943147 339
592615 592948 328
927512 927035 339
296630 295824 327
356780 357373 304
707025 706977 230
547608 547433 315
63103 62840 255
88919 89037 302
736795 736453 318
872090 873009 326
389727 390326 361
867401 866931 344
500723 500928 333
729592 729301 243
893591 894318 295
334491 333535 335
965839 965317 321
979982 979597 290
236746 236735 200
342446 342656 353
223184 223990 324
271069 270465 363
752055 751571 318
97222 96389 266
620589 619702 372
599175 598960 297
176207 175642 334
396995 397497 330
418503 417653 343
846196 846936 313
23999 24829 264
418444 418079 343
997589 996913 352
784609 784069 313
612154 611543 279
649896 650568 341
495481 495482 165
182518 181959 316
226369 225483 293
822104 821985 313
750172 750095 256
914641 915042 370
861368 862223 326
305900 304953 265
73369 73784 294
908659 908879 339
976077 975854 290
907056 907820 326
640436 639737 354
491622 491672 320
405311 406216 405
903218 904160 295
411216 411225 175
200970 200254 342
782572 783176 331
904709 904492 339
657675 657393 292
588026 588578 315
43421 43829 239
46869 45971 283
111735 111606 292
347945 347349 304
730063 730934 380
249614 250051 332
783636 784245 331
132625 131945 331
148702 149448 295
561827 562431 328
132337 132749 300
535982 536369 333
509032 509884 364
75874 75056 294
895706 895568 326
972901 972659 290
451057 451242 307
543636 543152 359
240988 241882 275
836488 836279 313
245286 244602 275
792413 791693 331
91904 91317 333
273953 273593 358
438526 439224 400
885140 885794 370
341166 340572 304
537578 536975 377
559742 559430 284
691169 690488 336
183786 184515 316
657216 656579 429
499136 499962 395
202732 202060 342
766831 767327 318
123064 122780 318
293253 292943 358
485344 484709 320
977075 976645 334
407010 406583 343
66407 66064 268
637733 638489 354
257348 257734 332
349333 348496 291
718007 718441 336
908655 908677 202
938792 938298 308
47348 47800 283
888220 888648 295
308939 308822 234
90707 91485 333
406447 406358 268
525511 526466 408
211331 211770 311
17041 16362 266
546559 545991 284
602767 603627 279
706854 706187 305
458756 459491 294
21024 21045 225
102468 102094 310
39318 40123 306
272674 271795 270
634416 635310 310
219109 218838 262
372936 372053 286
559969 560636 359
521211 521008 302
274064 273434 358
547617 548383 377
782890 782855 225
842269 843034 388
922945 923492 326
263589 264054 301
887932 886941 445
856287 856025 282
80796 81721 320
915377 914495 370
873755 874365 326
589564 589569 173
417477 417557 206
403461 402693 268
146738 147131 295
37992 38776 244
62120 61889 317
688929 688665 261
938050 937088 352
912330 911589 401
84983 85048 240
610026 609036 359
914908 915547 370
252002 251818 213
145735 144772 295
129944 129477 300
260752 260356 319
552153 551350 377
636741 635988 310
408944 409149 312
709621 710194 305
145449 144717 264
64381 63798 299
992390 992759 290
375606 376484 317
197068 196972 223
4991 4130 215
666999 666076 323
306051 305409 278
125813 125302 318
187230 187103 223
581897 582600 328
563947 564293 315
684825 684527 261
376688 375947 423
633393 634112 323
830563 831558 419
406139 405173 405
275079 274456 314
459437 459454 201
676057 675120 385
455143 454359 338
442058 442189 263
839849 840418 282
277522 278017 389
564618 565322 421
890669 890953 326
944151 943846 352
576021 575652 346
183081 182264 334
656321 657024 429
458304 457809 307
747966 748713 318
562218 562328 284
525037 524714 302
121746 121127 318
919502 920053 432
590302 591147 359
123066 122729 318
570263 570277 222
991069 991238 290
457185 456687 356
192906 192908 192
204915 205346 311
673801 673599 292
418257 418338 281
403940 403193 343
296003 295333 265
188680 188922 254
319486 319350 322
12439 13180 263
3670 3401 194
922845 923420 383
704965 704744 305
514999 514621 364
30515 30412 241
494748 494443 307
8243 8227 159
419237 420169 281
680018 680586 336
590491 590928 328
169287 168573 334
882611 883085 313
823536 824086 375
292301 292085 296
303226 302427 340
226431 226416 231
877231 878067 401
535373 535349 240
2987 3178 199
20680 20019 243
246 635 144
51011 51722 309
278326 278620 239
668049 667222 367
436651 437441 387
119241 118454 318
907801 907445 295
102988 102652 310
327546 328431 322
37207 37785 306
288693 289657 345
450995 451617 307
865026 865970 388
597179 597994 372
854324 854830 357
117718 117081 305
355002 354287 348
274348 274548 332
623316 624046 354
49573 50018 296
524116 523983 271
114547 113704 305
528304 528714 333
891816 892376 295
404304 404411 312
218278 217938 262
627689 627804 310
726809 726092 318
299434 299549 234
37996 38275 244
178758 179715 303
716589 716847 336
316819 316257 353
770915 771040 344
642629 641990 416
304482 304588 309
767212 767688 300
399325 399003 299
525926 526400 408
470849 470983 307
332443 332426 123
640124 640317 266
630330 630684 341
735608 735404 380
53523 53607 247
395243 396182 312
407243 408220 281
997891 998823 277
107508 108373 279
173219 172222 303
963751 962755 414
271268 270860 283
505606 505386 289
813912 814249 269
78127 78272 276
438034 439020 400
921307 922215 339
774039 774326 256
242485 241588 319
561760 561514 271
834654 833985 313
159932 160684 370
894670 894759 326
675723 675491 261
181560 180569 285
442421 442246 263
881782 882332 326
258819 258103 301
585920 585486 328
996574 997534 352
938150 938104 445
131065 131161 300
605615 605893 310
58306 58552 273
467175 467705 294
106638 105657 354
72534 71654 263
98297 98974 284
204490 204116 311
318099 318887 353
350614 351143 273
859853 859987 233
479684 479639 276
97207 97183 191
906937 907379 326
981999 982563 321
862279 862923 326
255317 255106 244
426598 427598 356
250057 249470 332
19942 20555 243
698411 698939 305
828827 828053 313
472233 471265 276
214782 215710 280
351617 351010 379
741531 741565 256
612400 613378 310
739467 739965 318
247414 247426 213
11572 11278 237
72087 72649 263
653347 653622 261
621438 622118 372
811931 811423 251
615152 615865 310
579911 580410 253
469445 470017 338
677293 677398 230
930804 930681 246
616683 616076 372
463308 463049 276
886623 886443 295
740732 740273 393
654999 654423 323
812875 812990 251
699112 699991 367
496407 495464 320
674054 673725 336
168818 167987 321
876142 875819 370
324698 324792 322
542332 542218 271
588722 587725 328
189992 189490 360
845144 845793 401
826033 825298 344
656565 655584 385
811773 811470 238
779834 780763 344
87337 86739 333
14611 14904 271
618293 618210 248
879976 880184 295
823882 823680 375
441673 441579 263
779786 779469 362
220913 221492 355
298333 297538 327
478112 478494 351
522050 522993 333
615443 615348 235
378488 377594 361
707382 708171 349
170913 171362 334
995889 995246 290
34514 34183 311
222407 222260 262
483360 483385 201
655652 656377 385
528102 527742 302
585041 584615 359
368821 368257 317
715136 714768 274
898643 899164 370
495692 496303 320
962495 962358 370
24594 25159 264
402278 401387 299
97156 96474 266
993433 993801 259
704483 705351 504
830519 830663 251
106139 106009 279
899256 899627 251
57373 57770 273
679151 679430 292
673210 673791 323
655057 655600 323
176614 175698 334
680480 681225 336
989787 989478 352
89274 90188 302
278885 278510 283
968946 968731 277
15840 15855 222
640299 640236 266
456117 456961 356
612734 612032 297
778088 778675 437
689884 690059 336
928709 928013 383
414142 414761 374
32096 31619 285
250801 250772 164
62205 61330 317
