31 73 116
879 47924 324
1 666 145
3 7988 262
8 80 116
2613 4304 238
710 17158 276
34 100 119
12 26 24
1 27634 308
10 120 119
1337 45486 324
5229 24092 282
358 55002 340
14 65 113
1491 8125 262
2802 6854 262
4 49 112
99 582 144
14 866 171
64 4537 238
10 16 18
630 46502 324
6 30106 308
12 59 113
24 1506 182
338 34439 311
502 64898 340
35829 61138 340
78 798 171
905 61610 340
46 376 144
99 143 122
58 595 144
96 369 144
31 1007 179
143 866 171
29853 50768 324
19902 63591 340
39 58 113
9791 35641 311
16 37 112
56099 24096 340
455 65224 340
761 2906 209
4 27 112
71 2239 183
221 67845 340
535 5227 238
364 68739 340
591 26551 282
44 448 144
18 273 128
248 2386 183
8145 61969 340
16 626 144
53 312 128
13 135 122
6819 60397 340
6 12992 268
70 198 125
8 36 112
63 212 125
78 362 144
6 9 20
10777 42768 324
875 5332 238
2 473 144
95 985 179
30 8 112
194 2770 209
16 256 128
64 503 144
9 10 20
45 39 110
98 652 145
20204 55732 340
15 420 144
10 1 20
4 105 119
38 546 144
6 4201 238
65 598 144
705 25551 282
7 13 20
18 155 122
49 466 144
15 40 112
14 84 116
59608 55774 322
54306 5177 340
5 71 113
5401 20445 279
6286 53017 340
7358 21712 279
10 70 113
84 1092 179
4763 66634 340
874 2878 209
19 91 116
1 166 122
27 8 112
1 2927 217
58 114 119
594 5361 238
19 8 21
30 16 112
3 2918 209
1420 2968 217
4 64 113
37 831 171
15133 20974 279
13 71 113
2 1 2
6 71 113
59 204 125
11 15 18
40 33 35
4 111 119
2724 13651 276
33230 70319 340
30300 2231 308
30777 60125 340
959 67697 340
7 22 21
1 119 119
4650 414 238
7026 2013 262
89 118 119
51 525 144
11258 24512 282
8667 2411 262
554 49566 324
43 404 144
3 22 21
1 800 171
12 28 112
626 642 132
9 1843 182
5975 1446 238
221 59912 340
55 5306 238
14 90 116
4357 39305 324
99 593 144
10117 31581 308
3 26940 308
902 812 179
6892 8672 257
7 42 112
3121 60241 340
54 28 113
2 4 8
534 21728 279
6 12 20
7 35007 311
6925 2602 262
16 311 128
1906 15974 276
21 592 144
866 55828 340
29 926 179
78 550 144
7 17 20
7468 20521 279
22 211 125
12 745 171
1719 21935 279
8 10 20
1015 51826 324
29 33030 308
48 241 128
1 167 122
84 49 116
7012 15253 276
877 1238 182
6 11 20
8193 4711 262
28038 76300 340
10 95 116
2 56 113
959 2034 182
10 11 15
7 21039 279
339 5937 238
37720 51497 314
18789 53360 340
136 736 171
135 490 144
85 268 128
616 37046 324
2 26 24
632 52904 340
799 12640 268
4 20 21
7392 4108 262
7 21 21
3 13 20
1655 1978 180
1 7290 262
4748 3623 238
18 57 113
763 1030 179
709 5904 238
10762 55753 340
8622 4558 262
556 42222 324
44 1428 182
153 44857 324
8304 7440 252
800 767 153
22 44 112
2 40 112
1 4 8
606 59944 340
32 493 144
8700 26972 308
371 5837 238
2858 14834 276
13 1 20
77 290 128
435 4712 238
7 152 122
523 19365 279
4885 16814 276
7128 36180 324
78 671 145
82 166 122
8 13 20
20 98 119
3 51 112
151 63378 340
3837 26721 308
91 353 144
151 30102 308
7822 5732 262
6 2 9
3511 33929 308
14 38 112
97 64504 340
38676 38519 231
10 3 20
4 154 122
251 2736 209
1365 12495 268
59 1653 182
7 16715 276
10061 7451 260
742 11848 268
4788 17502 276
29 472 144
29330 77294 351
472 18821 279
80 2631 209
81 114 119
9 48383 324
829 8394 262
1 1 1
44 1234 182
12 25 24
1 19 21
846 3663 217
11 350 144
1291 35056 311
556 16386 276
16 722 171
7 12 20
14 315 131
130 1199 182
8 6 17
15 43 112
5961 3068 238
708 3567 217
8 44 112
891 22624 279
4 52 112
41 979 179
5 8 17
52 387 144
45 340 144
5 13 20
15 255 128
29 16672 276
8664 37948 324
14544 36855 324
82 553 144
64 1360 182
380 15357 276
88 754 171
27 284 128
5 47940 324
82 450 144
7468 111 262
328 5774 238
96 137 122
8029 69799 340
10588 46298 324
647 5091 238
13 1164 182
32 952 179
2 214 125
1 51 112
55 593 144
331 18633 279
28 180 125
54 423 144
6901 197 262
2705 3600 217
5 66 113
2417 54600 340
19 289 128
4 21 21
141 1150 179
84 516 144
79 60 116
83 849 171
1 152 122
6029 20252 279
870 57596 340
711 38173 324
126 16220 276
2 4 8
611 16393 276
525 5362 238
621 61563 340
26 135 122
12091 57323 340
94 929 179
1024 12723 268
518 2794 209
179 1957 182
28342 6356 308
90 229 125
2903 40313 324
3348 13947 276
13 12 10
30634 27867 272
3 46 112
9154 14258 276
96 140 122
19 15 21
39 930 179
9 13 20
63 77 116
47 74 116
485 4193 238
843 49329 324
13 46 112
7128 12173 268
11 74 116
4 14784 276
9802 9010 260
532 15358 276
487 6857 262
4255 29755 308
616 2538 209
7298 18878 279
13 192 125
75 264 128
10 5 20
51 328 144
365 52452 324
30 135 122
43584 47601 314
21 754 171
9322 33226 308
15 57 113
2 59 113
2964 22921 279
1688 36527 324
220 30642 308
12 43 112
5371 59475 340
27 1318 182
14 25 24
5980 46036 324
9 59 113
13 64 113
9 1930 182
9 7 20
9 17 20
865 11138 268
319 24492 282
99 721 171
1978 39947 324
79 329 144
36 507 144
69 480 144
324 59678 340
4 6979 262
11 52 112
5 3 8
69 469 144
35 271 128
1 16 20
16 168 122
14 38 112
4535 3084 238
5 16 20
100 465 144
1887 20634 279
8 166 122
83 806 171
653 242 145
92 807 171
61 913 179
11 36 112
6 8 17
9 601 144
1 496 144
6103 4429 236
18 737 171
10 39 112
10 3 20
4606 32320 308
722 17775 279
863 5707 238
27 420 144
11 5 20
9 3 20
37 321 131
25 548 144
12 198 125
5 17 20
90 255 128
14287 51537 324
63 174 125
636 34989 311
26839 4822 308
8414 10561 260
9 14 20
6637 19892 279
59370 29833 340
19 344 144
7 65 113
32538 15204 308
7448 31035 308
29417 47760 324
51 1184 182
97 686 145
7923 20364 279
13 252 128
6 17 20
9 21 21
31 296 128
113 2137 182
10 686 145
382 9611 262
10 240 128
10 11267 268
3 23 21
2 86 116
6 137 122
946 62603 340
81 257 128
88 582 144
59 206 125
1 48652 324
3 25 24
56 873 179
1323 57014 340
4782 5780 236
1161 41730 324
3 165 122
19314 19196 212
10 76 116
82 1111 179
12 127 119
65 106 119
30114 4944 308
19 795 171
44 640 144
4 51 112
213 33318 308
27783 74098 340
14 491 144
11 30912 308
4979 8543 262
8271 40563 324
84 700 145
44 851 171
6 23 21
4 35300 311
7585 31870 308
4 41516 324
18 133 122
353 3155 217
8 36 112
3 887 179
16880 29199 308
8604 14687 276
828 53586 340
77 462 144
15 1384 182
29723 45512 324
2872 26143 282
54 431 144
25 16 24
61 1182 182
87 234 128
2660 1937 209
139 1255 182
7 33 112
10622 51178 324
9159 23055 279
1198 34728 311
3 13 20
105 558 144
28 144 122
40 544 144
125 1185 182
40 717 171
6852 7847 257
56894 13616 340
26362 13650 282
97 324 131
32 360 144
66 802 171
88 949 179
3425 53895 340
4 10 20
46 344 144
5 13 20
21 87 116
4 168 122
845 57318 340
17 2681 209
980 50958 324
706 2190 182
716 5309 238
7 167 122
986 66663 340
854 30580 308
14 54 113
52 175 125
16 503 144
80 516 144
4 11 20
9 34084 308
48 9 112
79 507 144
5 33911 308
3359 18618 279
22305 57657 340
38 2899 209
47 109 119
114 1281 182
4105 44614 324
10 48 112
54 234 128
521 3195 217
21 149 122
1402 40518 324
4 23581 282
41 595 144
1671 42464 324
15135 16426 253
11892 40651 324
1 42655 324
2 15 20
5 24971 282
16188 31122 308
3590 12972 268
1161 12111 268
10 15 18
535 38475 324
495 2424 183
8 18 21
3 15 20
28840 24040 308
18 131 122
2607 14897 276
146 939 179
5322 29685 308
9 1 20
27 595 144
16 259 128
213 63444 340
57 129 122
1927 11227 268
14 22 21
29393 13062 308
58 625 144
9241 76053 340
5181 11293 268
13 14 18
3 27 112
6262 2740 262
17 26 24
28 460 144
21194 33226 308
3 129 122
5 79 116
5 52 112
7 1 17
78 54550 340
128 23653 282
28 471 144
5 5 6
7016 45220 324
6 36 112
601 3119 217
4 31618 308
9 118 119
4 3 8
10717 20583 279
3 18009 279
7306 1171 262
2 120 119
8963 20318 279
53 895 179
11 832 171
52 2848 209
11 30 112
1235 71749 340
89 6772 262
8960 7257 252
10703 9724 255
820 5495 238
8 193 125
7 2 17
2745 2757 173
2867 16865 276
792 39941 324
60 98 119
35310 45564 324
44086 51900 314
721 47393 324
54 35777 324
14 38 112
904 28009 308
16767 56304 340
22 87 116
10 6 20
86 400 144
3115 5261 238
73 454 144
6 12 20
3 49 112
7453 60471 340
1 264 128
43920 2371 324
20 23 16
17 30 112
17 11 18
21 363 144
6 11 20
18 104 119
9809 13862 276
1174 1879 180
31 953 179
20 31 112
21952 25773 282
8 40 112
38 237 128
14 24 21
75 510 144
35124 53763 340
847 3880 238
35 123 119
58 372 144
15 48 112
37 17 112
15861 11558 276
7 14 20
76 111 119
67 807 171
8 574 144
147 1056 179
62 558 144
36577 1115 324
290 3736 238
19 795 171
28 344 144
6 2122 182
81 713 171
71 284 128
8439 2435 262
65 482 144
4551 119 238
9 15 20
93 589 144
5783 9806 262
1 747 171
6 81 116
3 3 8
6439 9143 257
4736 7178 262
58 575 144
31 97 119
82 244 128
1 16 20
98 606 144
96 784 171
177 68884 340
7 31 112
2397 43662 324
26 207 125
11 105 119
281 54504 340
35 183 125
80 1188 182
52 1195 182
7 10 20
4 49140 324
93 2640 209
69 68084 340
6 96 116
141 288 128
1 1000 179
26502 49489 324
1 145 122
970 2989 217
13 43 112
8 482 144
117 910 179
1549 43686 324
14 68 113
15 255 128
71 164 122
19 150 122
76 124 119
92 43 116
778 52005 324
25557 20176 282
11 493 144
271 42954 324
4 79 116
6 16 20
25385 43935 324
33329 37489 324
9 159 122
32924 48262 324
857 5345 238
748 47896 324
4 24577 282
837 10538 262
24363 4758 282
7 22904 279
82 95 111
5 2656 209
84 1218 182
5294 6257 262
52 1488 182
2681 3833 238
10 28 112
618 1926 182
27 1546 182
6126 42308 324
12 152 122
72 366 144
5 14 20
564 3430 217
13 21 21
5 53 112
40 275 128
8777 5590 262
19 89 116
67 963 179
27699 59822 340
6 8 17
8410 30159 308
66 762 171
33 773 171
195 28804 308
12 77 116
4 5 6
12 2545 209
60 606 144
63793 71173 312
5230 3514 238
1481 56510 340
25 150 122
10 384 144
786 14308 276
81 990 179
34 567 144
1 586 144
5 21392 279
94 304 128
178 31090 308
29830 43713 324
861 6532 262
6712 7514 257
51 50805 324
7817 28366 308
3 53 112
37 101 119
2619 4476 238
944 764 179
59 183 125
3 12552 268
96 18 116
8 132 122
61 457 144
2 43240 324
85 1271 182
71 1309 182
21 358 144
5298 30880 308
10 45970 324
80 300 128
1219 28806 308
3838 18316 279
5 126 119
7473 4497 262
79 280 128
25325 25446 246
18 159 122
16 79 116
1 32 112
61 283 128
83 111 119
1 36 112
4685 56007 340
29 178 125
417 31625 308
62 186 125
4 508 144
4 19 21
802 500 171
75 296 128
12 88 116
94 521 144
416 17477 276
13054 74765 340
146 1020 179
807 29506 308
79 550 144
10 288 128
40975 22985 324
2554 52912 340
65 1939 182
8 663 145
17 376 144
3 18 21
11 101 119
8 2 17
741 1365 182
7 26 24
85 356 144
10 20 21
18900 42173 324
3 43022 324
35 448 144
418 44102 324
8249 775 262
3 511 144
311 22438 279
7 40849 324
51 534 144
38 12633 268
594 56011 340
6 259 128
8554 35575 311
908 5803 238
870 5440 238
88 596 144
68 27314 308
1 32254 308
884 34957 311
227 53401 340
25438 65200 340
19897 14418 279
4159 10436 262
72 874 179
41921 36293 306
553 4190 238
29 604 144
418 23551 282
47 44 105
9689 16812 276
6444 27639 308
8 118 119
6 48 112
952 206 179
3 107 119
51 686 145
14 26 24
55116 76253 335
87 529 144
3 30724 308
17 22 21
5 63 113
9598 629 262
44 145 122
11 59 113
8388 55458 340
4328 19762 279
42978 3145 324
9 56 113
20 4 21
965 10992 268
60 144 122
9 742 171
22 77 116
8 1155 179
8 128 119
9 7 20
248 1707 182
28 1703 182
80 158 122
14728 12441 276
42 843 171
1 30 112
9 303 128
1374 47081 324
3 65 113
5402 55588 340
9109 15956 276
28 15 112
6 40 112
58 691 145
883 55483 340
15 65 113
5 1233 182
5 45 112
15 108 119
609 73905 340
36 233 128
58 726 171
955 4329 238
24 631 144
371 15133 276
6 80 116
656 5127 238
11 111 119
3502 19225 279
27968 48803 324
5 764 171
65 929 179
2 41 112
36545 74986 340
824 24856 282
1679 18928 279
275 69422 340
58 321 131
813 243 171
3 342 144
8 28 112
8 34 112
71 20 113
866 28575 308
9 19794 279
5 12 20
613 23080 279
519 5831 238
550 53658 340
6769 10809 260
13 13 10
4 5612 238
3732 20708 279
764 16802 276
25738 34259 311
7 25 24
84 1911 182
44 88 116
48770 21308 324
35 1149 179
31 699 145
627 37051 324
26 869 171
2600 30372 308
602 7397 262
74 593 144
29 801 171
80 540 144
852 38415 324
885 1612 182
992 39128 324
1400 17398 276
7 1292 182
39 483 144
14 74 116
1 29 112
938 54181 340
1819 51947 324
6 2 9
11 16 18
14 48 112
62 248 128
65 1196 182
8 257 128
4 7 17
2851 11143 268
4 6 9
130 1381 182
2 43 112
12 267 128
310 69683 340
736 48766 324
4 704 171
7 136 122
6 8 17
53 2712 209
38 217 125
12 11 15
21 800 171
243 2312 183
63 1061 179
