266862 378057 441
977495 140392 525
486991 683855 509
835733 303468 509
576876 734181 509
973695 930753 507
657123 221659 509
687917 678615 398
382601 285997 441
627688 587052 509
586157 615561 447
744546 574737 509
437436 597746 470
856331 243743 525
412194 634697 509
122900 103738 354
790998 508898 509
998743 190226 525
347493 282106 441
972980 261144 525
619078 276538 470
515423 736193 509
569276 108232 470
903844 151369 525
345053 51972 443
284873 833607 509
892060 931854 476
561050 89460 470
895226 321147 525
800054 137896 509
149651 826522 509
777378 55064 509
965631 974166 458
170792 367816 443
861148 492126 525
941552 771646 525
766745 837322 468
126241 726936 509
200580 807345 509
965667 869434 507
75594 508688 449
853337 523956 525
543840 83741 470
801443 627189 504
507238 527218 470
591510 472076 470
516964 416144 470
582255 646403 509
154061 190497 383
957889 97481 525
655976 537433 509
711999 326542 509
803326 357939 509
449277 690561 509
484256 614044 470
94290 204135 383
886390 649513 525
115916 182173 383
901894 435543 525
224921 919579 525
582948 175284 470
820312 385087 509
927411 825410 525
147201 925315 525
719541 362593 509
923779 698730 525
480894 59971 449
489917 73280 449
317783 759286 509
200585 418556 449
497935 337775 449
139854 118092 344
781155 926673 525
557599 538722 452
540744 366257 470
497578 151532 449
987886 439293 525
234937 357279 441
338863 188012 443
375890 571428 470
93075 814787 509
578643 95985 470
194447 213571 373
500190 779809 509
854340 423348 525
73448 240480 443
632203 829419 504
749620 110884 509
537041 181232 470
822153 90747 509
555478 368337 470
329538 702620 509
203775 586212 470
91563 103837 341
830274 324787 509
121067 890582 525
623131 600401 447
869103 267274 525
302666 771309 509
933402 115161 525
776875 844139 525
146301 808680 509
594998 962636 525
237161 689545 509
159021 324909 443
900197 411988 525
656048 673977 442
836609 900111 525
486124 594114 470
658908 190210 509
431739 338916 449
186203 723846 509
597545 720669 509
791548 195016 509
172711 902800 525
842217 525936 525
694631 611283 509
820664 806755 450
79594 237626 443
478577 313608 449
874993 357214 525
730961 53167 509
796868 251956 509
822706 102818 509
82179 837975 525
814153 165163 509
168955 825962 509
912466 369208 525
142062 933352 525
101451 296367 443
445104 187836 449
410326 509429 444
663632 831866 504
928524 578585 525
704568 633384 442
338209 67577 443
162941 257511 443
805997 131308 509
770018 565499 509
373310 660863 509
141318 807388 509
75851 676965 509
969783 257706 525
234437 653340 509
846853 784223 525
146316 878083 525
519497 529357 408
680086 495148 509
755359 903998 525
285973 74671 443
70687 986883 525
982558 846789 507
523448 965579 525
70957 589243 470
649715 822406 504
148795 809677 509
717563 387317 509
658061 197832 509
274590 119616 443
421608 248832 449
571335 868081 525
882553 719732 525
597327 696018 509
184205 135430 383
845984 173257 525
277685 410493 449
851500 165420 525
950654 179016 525
891139 381037 525
898143 278509 525
79525 872439 525
913213 952959 507
297631 698108 509
666716 629349 442
610709 235669 470
767203 929862 525
703889 129167 509
280580 270144 407
494259 976610 525
810620 763961 468
742285 689319 504
168247 897541 525
173844 940986 525
385278 716597 509
379081 733240 509
139414 527390 470
123003 581023 470
758298 672875 504
718336 110328 509
324918 407372 441
76486 847863 525
908193 728957 525
432862 172031 449
897188 264027 525
759816 570426 509
992726 260591 525
699697 684012 442
502674 892381 525
744721 717452 424
915453 439160 525
802443 588894 509
560895 56590 470
185797 480727 449
266572 574580 470
681448 690630 398
239744 138956 443
377901 805284 509
163477 907942 525
751886 282010 509
687191 152803 509
370184 81921 443
645707 460225 509
170254 391418 443
833315 62830 509
463703 554993 470
390690 574663 470
340405 151298 443
462366 370883 449
338150 242902 407
772213 162401 509
706318 640760 504
904212 338060 525
835254 182439 509
66494 997424 525
894082 889333 370
509724 257826 449
458606 124259 449
934478 208951 525
297252 505090 449
641351 246356 509
469179 814053 509
866481 419337 525
715049 998718 525
842693 429985 525
593357 506489 470
462970 74871 449
832255 756467 468
412218 654653 509
780629 530843 509
271313 728998 509
926231 571010 525
488572 240910 449
562781 590055 434
908710 947397 507
724455 815857 468
383098 354838 423
320864 290388 384
703044 166700 509
758164 515746 509
721433 500100 509
989245 858894 507
846788 796148 525
850565 967340 507
147434 468580 449
372397 230221 443
377002 666911 509
370844 385070 423
772920 852428 525
261447 473592 449
930358 69476 525
409742 474100 449
875109 173368 525
362307 250995 441
909165 759519 525
563985 478261 470
300248 541821 470
779494 711748 468
524538 309259 470
258182 50825 443
367863 403841 436
800653 966482 525
713715 827050 468
838618 375927 525
893087 79410 525
484884 81540 449
305821 272248 389
835841 395973 509
643415 271371 509
301579 582870 470
480275 866221 525
445460 189962 449
536620 416270 470
122051 54069 354
56439 149820 375
402284 937367 525
974006 163257 525
581739 650264 509
282155 838557 525
708942 749729 424
673025 104402 509
753124 769854 468
65323 233937 443
874475 753532 525
628282 524833 509
205544 196044 355
569799 806314 509
995678 67782 525
520875 592816 452
696985 934173 525
217700 394364 443
2053 22587 279
28167 48331 324
13286 35839 324
20751 25196 282
48401 20630 324
28950 37417 324
32465 37540 324
7266 16032 276
18462 32131 308
11840 45155 324
4285 24808 282
12466 41688 324
23361 37547 324
21880 43879 324
21304 34681 311
18139 21323 274
7647 14053 276
45282 48723 314
32860 44108 324
29031 12467 308
5998 33608 308
22018 605 279
46220 25110 324
12011 41103 324
43929 35534 324
1231 18819 279
22354 1216 279
3149 23622 282
33062 30091 285
48003 24890 324
32982 46128 324
43902 7421 324
3864 1278 238
24071 24570 251
37527 23097 324
9746 29068 308
25433 33126 308
30549 46794 324
44772 7756 324
43515 1261 324
19046 4494 279
32008 9046 308
22527 24512 282
7497 45472 324
44022 37322 306
29351 37428 324
26377 44705 324
30810 3299 308
2108 37159 324
28090 20460 308
40614 4351 324
21363 10727 279
15847 19593 279
5343 4033 215
11437 8886 268
17008 12450 276
8071 7647 252
44658 26226 324
17694 9687 279
18636 42750 324
44888 25478 324
37076 24572 324
25898 23405 282
18838 24940 282
41091 28983 324
37955 13971 324
12462 49837 324
30330 44358 324
43482 29675 324
12274 47738 324
45629 5920 324
38330 40300 306
6211 43874 324
3081 17862 279
46954 35577 324
6472 27454 308
9367 41208 324
13790 12354 276
18017 8452 279
15905 9140 276
43698 16902 324
24312 30524 308
42566 30240 324
29208 21447 308
30506 14632 308
2530 25174 282
35049 30760 311
37050 4827 324
48929 23389 324
40116 7881 324
47921 32194 324
24122 33814 308
11710 23410 279
16603 30107 308
6570 14290 276
16919 49038 324
28117 6901 308
47467 38302 314
18066 892 279
39655 34953 324
28726 18263 308
32680 32119 267
15294 30806 308
21135 43678 324
42786 22735 324
44457 42215 288
14077 13700 258
15121 3878 276
18812 10823 279
11637 6502 268
21821 15735 279
12500 25544 282
12284 5365 268
35996 30407 324
46896 21724 324
31426 10016 308
13955 28877 308
38354 49329 314
31897 6345 308
42805 6101 324
9828 8569 260
38437 6842 324
19590 9560 279
4063 9830 262
43998 33268 324
9655 20726 279
47099 30416 324
25622 40816 324
44897 1249 324
47727 18184 324
18037 38209 324
3398 34176 308
35392 30940 311
49234 9745 324
1210 18775 279
38760 33455 324
8825 31250 308
6976 45341 324
37677 13418 324
20372 21419 256
2368 21681 279
28276 4331 308
26436 15742 282
6720 25290 282
16325 22626 279
10200 13961 276
18429 49777 324
35400 17382 311
33603 22612 308
15695 32369 308
48647 25993 324
25486 7541 282
32219 36361 324
42621 7055 324
23686 45875 324
1507 9590 262
17068 14375 271
40749 29937 324
5464 14996 276
500 8674 262
36207 39308 306
13795 23114 279
41094 15886 324
46834 8651 324
1939 3635 217
28763 24001 308
30889 45548 324
24509 40425 324
6747 31506 308
18268 24590 282
37419 28578 324
30060 48417 324
22036 28469 308
49929 44672 314
2556 12415 268
38423 802 324
23399 23478 251
47627 37652 314
45475 16262 324
11576 10071 268
18986 228 279
20456 41237 324
24558 24547 189
20164 10796 279
38464 34751 324
37031 29262 324
47822 5772 324
33038 4215 308
7770 43681 324
18800 12596 279
23149 6421 279
7646 47014 324
45409 41195 314
30884 18944 308
39433 13903 324
28526 33603 285
33014 48034 324
19349 26420 282
16475 46516 324
13592 1275 276
35433 46909 324
34954 14097 311
14733 35629 311
41496 38285 306
20402 42234 324
13279 11780 276
5672 30989 308
29897 24811 308
44610 29834 324
42132 18176 324
28818 33674 285
3964 276 238
9281 49740 324
46030 28283 324
46380 27953 324
25728 41827 324
26066 2692 282
18763 29719 308
7088 48496 324
3503 45134 324
34304 21479 311
26244 36462 324
17123 17996 279
46416 8107 324
34348 9963 311
41293 10067 324
29665 8795 308
10987 9423 268
1111 31418 308
5240 30671 308
42255 22534 324
14682 22283 279
47479 43380 314
30784 37439 324
12457 47226 324
23135 19846 274
36909 27307 324
36938 28658 324
7312 35766 324
40863 1346 324
18654 44368 324
14842 20946 279
2905 34736 311
30961 2181 308
26043 37279 324
3975 29289 308
6554 19081 279
32900 3588 308
14491 45098 324
7234 46145 324
48729 18572 324
27657 33109 285
19259 16584 279
25492 32580 308
41137 38230 306
26513 1321 282
41746 7256 324
37670 32941 324
24859 48274 324
13711 44715 324
24027 2918 282
5378 36051 324
19293 25869 282
19527 36415 324
12032 43002 324
353 48186 324
6593 28122 308
18740 11019 279
33508 6467 308
40017 46054 314
41256 47866 314
34132 43193 324
38850 4996 324
3836 47062 324
23990 40602 324
26706 25293 308
15028 896 276
6487 47142 324
31667 701 308
3314 713 217
48253 24850 324
16149 17230 266
36258 33509 324
35763 29944 324
49547 35386 324
43105 35406 324
39567 580 324
4667 14571 276
31830 39682 324
24898 18204 282
46525 4114 324
38583 46026 314
2667 10271 262
4043 1267 238
4736 49967 324
23346 16367 279
28942 33106 285
18039 32931 308
35205 30819 311
40793 1351 324
4669 29182 308
24206 49197 324
24440 13482 282
49991 44396 314
47417 31817 324
24579 30988 308
34487 17939 311
26671 622 308
3940 3141 238
7659 5099 262
39455 35279 324
5897 24228 282
26966 10341 308
25209 23965 264
42810 45945 314
28847 48349 324
25070 14073 282
37218 16308 324
15801 3492 276
23287 44212 324
24501 48162 324
22462 7108 279
45631 7162 324
44042 9285 324
23357 37564 324
19643 45276 324
13746 12387 276
19521 17951 261
40881 11227 324
20659 2611 279
1521 10125 262
45176 34746 324
27341 33772 285
4841 26942 308
34148 32360 267
21514 38252 324
42326 40765 288
25397 39585 324
43381 28793 324
7461 49907 324
21782 4702 279
13386 6512 276
19950 44623 324
46304 31123 324
32897 22591 308
34171 15859 308
12513 44898 324
15364 43936 324
25095 20107 282
39836 49133 314
17989 9461 279
25041 43789 324
11867 37926 324
31684 40801 324
22794 8799 279
34167 41772 324
41945 9834 324
38096 12381 324
37479 44156 306
36259 38016 306
33490 27954 285
23002 34698 311
48673 27845 324
32621 41533 324
18165 40203 324
38985 42543 306
45232 31897 324
10418 44899 324
23454 5902 279
44461 9188 324
44939 48952 314
35760 2587 324
2368 4277 238
520 38174 324
851 11079 268
45284 42405 314
35083 47650 324
44193 49742 314
2162 1036 182
43250 28914 324
4081 49934 324
4647 8614 262
27032 48410 324
26746 9933 308
16709 10146 276
34932 22141 311
1862 44987 324
10073 48092 324
7558 22547 279
42008 37755 306
5391 12841 268
34754 5149 311
16078 49406 324
27633 33612 285
8616 42170 324
17925 379 279
8856 22068 279
24116 38562 324
7697 23907 282
1952 43245 324
13016 44660 324
16596 14250 271
27336 7937 308
17834 49123 324
11015 29452 308
19872 9107 279
10883 33629 308
20379 4851 279
27820 22867 308
47099 13586 324
31989 22658 308
46615 20467 324
26457 18756 282
38956 4301 324
28050 18425 308
7681 41201 324
38446 42041 306
48901 44784 314
21604 21676 194
23285 392 279
20978 35697 324
1533 34360 311
37905 20030 324
36420 20745 324
12771 24366 282
29659 43966 324
2406 14374 276
12045 17487 276
1848 20087 279
24029 37495 324
26516 42947 324
46487 25562 324
19183 286 279
17304 21396 279
49337 49019 234
5041 47832 324
37431 13436 324
9047 39787 324
40415 16161 324
3499 38452 324
35422 13869 311
25485 15423 282
40403 209 324
11993 31615 308
44888 22458 324
16845 47932 324
34988 30380 311
14093 26286 282
15905 18947 279
24116 4006 282
8746 28320 308
41651 17666 324
15246 4121 276
16545 3333 276
45126 22285 324
8190 21254 279
40949 970 324
43495 39876 306
20569 4492 279
18677 47589 324
10953 38745 324
41703 23798 324
19305 16290 279
1222 18993 279
15490 40858 324
26635 46602 324
34044 46517 324
43001 4564 324
6066 43615 324
25483 3356 282
48766 2587 324
16139 48702 324
22656 336 279
14905 10167 276
46883 1818 324
40762 38529 306
1138 48941 324
6440 46293 324
13401 12247 276
2925 34630 311
35391 39972 324
25216 22459 282
38172 26877 324
979 33301 308
49399 30019 324
4412 44518 324
35973 39026 306
34567 15752 311
19237 18456 261
48926 30680 324
41992 22524 324
33560 6689 308
38871 20371 324
49868 17246 324
43530 30404 324
38280 12596 324
15031 17203 271
21388 45739 324
24468 1447 282
2454 35067 311
972 12725 268
18122 47911 324
33264 9994 308
7346 45533 324
11413 4726 268
35644 23118 311
18625 718 279
14753 44203 324
27864 31578 285
20785 34694 311
11521 11151 237
10233 28442 308
4501 39634 324
47621 31821 324
30570 5523 308
48599 40765 314
23815 27206 308
34371 48265 324
32719 9540 308
17183 321 276
6556 40521 324
43236 44580 270
30000 49675 324
279 15506 276
18411 47806 324
32251 44515 324
16297 11217 276
497 8616 262
21507 40396 324
43728 24383 324
28381 49875 324
30181 14333 308
20133 23261 269
26244 1070 282
47147 28549 324
4736 6424 262
18338 13678 279
15463 25466 282
31678 1541 308
10160 47058 324
31786 16274 308
9787 32301 308
20694 34497 311
47598 27911 324
6877 4340 262
40470 8322 324
31407 39871 324
44093 18793 324
37326 6574 324
19925 5044 279
1932 48296 324
43163 42340 257
36322 26159 324
38822 16284 324
14098 8134 276
24804 35336 311
20716 41469 324
25355 22717 282
49330 46407 314
20050 22270 269
2725 26758 308
20378 24953 282
26076 7081 282
10051 36587 324
15863 49218 324
6294 3139 262
6089 33872 308
14996 4667 276
33661 23191 308
20730 27471 308
24413 28423 308
31887 24146 308
37438 17030 324
30744 14707 308
39238 28261 324
1689 3590 217
16002 17169 266
6122 38384 324
37463 14347 324
43490 34852 324
36400 22475 324
24526 44602 324
27535 2733 308
26581 25048 277
35850 6716 324
35738 1774 324
48987 24008 324
10655 21826 279
18464 39182 324
31106 26497 308
31019 22695 308
13374 13655 245
16332 10091 276
5464 22712 279
32827 11782 308
16157 11142 276
43465 36522 306
20155 32688 308
7826 28850 308
39421 9868 324
440631 586978 470
838588 688982 525
794285 726838 468
909830 906847 370
568860 914373 525
240792 254027 350
747003 32407 509
551968 316415 470
310452 334921 384
370424 850657 525
310370 431352 449
90814 277655 443
804520 357734 509
474668 478973 382
650515 918935 525
415281 355877 449
934291 197449 525
32245 475869 449
661982 779635 504
196552 608163 470
265654 964901 525
993197 929862 507
538713 423564 470
381203 305544 441
810182 716062 468
817964 591063 509
891297 644864 525
80006 552876 470
224650 295592 443
328050 714633 509
273913 486518 449
892148 233023 525
903941 304584 525
155034 777540 509
745639 98156 509
762253 444703 509
515646 539568 439
888766 322560 525
110463 750994 509
761889 898177 525
191455 899218 525
220951 535899 470
366937 669202 509
535231 145029 470
367274 770431 509
415716 66426 449
364029 104906 443
656045 214537 509
890300 782607 525
447923 587180 470
730238 527355 509
140007 683831 509
735829 851841 525
939416 24571 525
72846 876193 525
556429 203958 470
37969 227922 386
653102 930903 525
620520 508474 470
685671 111588 509
345115 400051 441
25943 129450 354
561639 833025 509
825533 566491 509
247060 523724 470
199549 32764 383
640935 715136 504
788090 223170 509
598520 20572 470
543487 966135 525
765194 774047 468
469117 372575 449
246894 217094 443
866321 884062 432
131861 187893 383
390545 698355 509
245399 388623 441
483333 9470 449
964682 694379 525
381509 176521 443
38161 662415 509
231517 310548 407
484676 942908 525
656823 787067 504
910592 894211 476
303596 214840 443
48586 739705 509
929383 999424 507
178695 97986 383
577908 777370 509
907545 365079 525
659152 556223 509
209939 725798 509
964120 788540 525
97154 957074 525
329595 254479 407
491421 582905 470
953628 669697 525
430700 631089 509
669464 799220 504
