478988 658464 509
165302 545890 470
430626 655253 509
726349 961308 525
611268 365365 470
460318 738080 509
766495 992029 525
93174 572750 470
961885 49205 525
917711 907959 476
391148 657900 509
779786 700226 504
729895 337711 509
860186 862514 357
463070 501305 426
354151 352243 335
982004 720750 525
732419 787426 468
412192 309399 449
868199 256137 525
248175 326557 407
166561 656113 509
716990 450839 509
333464 93942 443
569143 433212 470
437090 919072 525
517026 42484 470
978555 588579 525
165536 276225 443
714903 299282 509
460462 395318 449
928119 456749 525
309418 313330 384
107148 254408 443
620867 603284 447
281065 413956 449
472201 235981 449
773091 589751 509
459213 926174 525
224162 623382 470
151346 536935 470
778637 511771 509
271794 387332 441
84302 764884 509
481250 203575 449
421983 579716 470
114430 581861 470
226781 650778 509
486496 489477 382
385116 228647 443
471263 703515 509
213194 904254 525
391442 216827 443
706658 369465 509
630698 568529 509
385467 506894 449
294741 272139 389
336198 965921 525
178061 541304 470
837324 191325 509
133001 934607 525
610522 343110 470
550101 53740 470
691219 812002 504
340569 181309 443
916990 337215 525
883132 473322 525
675712 703744 442
158533 389542 443
60956 622818 470
981156 974710 427
24219 860772 525
632671 161740 509
895050 538151 525
883583 922910 476
235190 282087 407
659261 777358 504
322255 497922 449
827077 895804 525
350471 970975 525
55849 762531 509
115945 286435 443
229371 919385 525
84505 26957 351
859201 246453 525
198446 709552 509
850084 567389 525
881129 921522 476
636563 270083 509
798324 674380 504
37017 125626 354
141274 923407 525
490674 60533 449
653140 366777 509
797371 416926 509
830717 617705 509
965355 397712 525
75129 563321 470
118621 996357 525
648262 46493 509
427140 777475 509
557621 373724 470
775796 840886 525
242128 267070 407
106155 64325 351
367041 239896 441
601924 356662 470
677224 992935 525
995216 798855 525
13195 350461 443
778005 576919 509
581981 607924 434
506559 559309 470
900924 117830 525
206415 943314 525
942687 59760 525
938790 112756 525
420437 32990 449
245894 938259 525
32378 815939 509
794441 546932 509
777850 399253 509
52509 96551 351
738468 597809 509
759297 341628 509
177038 68468 383
337086 843744 525
367918 908547 525
215526 978017 525
721347 787352 468
370313 191488 443
693497 356166 509
121858 290078 443
182176 335811 443
642983 226345 509
336359 761787 509
442897 319996 449
324476 357949 441
962500 329901 525
265312 15095 443
683839 773370 504
108819 485957 449
797663 216259 509
255538 149544 443
319246 206574 443
69596 633303 509
233544 788002 509
207001 435972 449
110674 247018 443
932774 240989 525
621629 279613 470
987811 262149 525
728568 115779 509
337008 137164 443
92508 432976 449
548964 59510 470
132423 949691 525
415704 270139 449
291001 554486 470
457750 173819 449
125893 702307 509
702755 600991 509
508591 714139 509
637788 856495 525
79990 672585 509
167527 538168 470
295945 177170 443
340628 951534 525
484970 806014 509
83585 791483 509
149269 620051 470
768766 614241 509
436249 255910 449
811401 309634 509
916178 129666 525
800724 659821 504
563376 552149 421
831004 20398 509
471783 92314 449
585911 441922 470
866574 385298 525
837516 251696 509
832143 485922 509
463957 832384 509
19026 965147 525
148579 409688 443
409947 527956 470
669158 631198 442
412363 389597 449
380649 139497 443
243128 719979 509
39025 988386 525
342733 951323 525
746407 274346 509
143580 102371 375
998149 582009 525
74019 645295 509
138923 669246 509
159466 39466 383
786920 334163 509
805532 223916 509
171663 262765 443
625463 149760 470
592591 520856 452
890125 59490 525
178139 526646 470
785839 15250 509
603758 204710 470
938486 986532 507
125415 690112 509
785139 782444 331
949844 771913 525
618613 840139 525
173580 240585 443
514552 56858 470
295612 664090 509
1595 43151 324
385763 609866 470
586678 467264 470
528905 513965 439
623868 975773 525
562372 417046 470
942415 344011 525
406810 597632 470
553830 587319 434
417000 790388 509
983462 586918 525
421085 235253 449
221255 601483 470
918605 458837 525
332567 103727 443
964385 204490 525
897856 488495 525
318311 713916 509
441997 14995 449
998451 995172 440
274211 558453 470
744017 868104 525
73069 442370 449
753086 125902 509
924583 318000 525
613231 386548 470
434679 323125 449
579326 461229 470
287852 177738 443
404588 636846 509
435606 412212 418
21685 968499 525
40198 318631 443
174405 833116 509
56344 614487 470
183331 975767 525
955877 180363 525
925136 353699 525
186360 350903 443
444409 351192 449
427164 114643 449
518134 665763 509
840980 499391 525
677119 263673 509
19799 694029 509
176286 625382 470
755964 247353 509
795264 486677 509
384574 960833 525
620016 4613 470
827996 145841 509
808283 466049 509
551092 516374 452
999351 857693 507
870052 948206 507
929435 995213 507
171949 693331 509
665412 75059 509
192109 914999 525
310568 39822 443
728636 194529 509
612315 759991 509
587619 754227 509
532177 552759 452
404047 132464 443
771081 476815 509
589269 650819 509
506047 48197 449
439341 189441 449
544776 772572 509
73148 504155 449
616246 649271 509
723539 640884 504
497841 797289 509
676303 183235 509
819115 669742 504
922974 441301 525
280222 30596 443
678260 244235 509
507581 105864 449
368602 355457 410
123359 598113 470
828546 901568 525
544668 8657 470
393781 78608 443
778362 609344 509
816142 110304 509
567603 846569 525
308527 485955 449
224666 90790 386
966402 446141 525
368645 231330 441
589407 458552 470
482467 739499 509
402653 452725 449
869693 562974 525
340093 860036 525
524953 304892 470
920508 492285 525
302348 345256 384
240838 970692 525
215071 345881 443
821125 203850 509
142369 869941 525
967916 936375 507
540074 49894 470
677613 672050 385
989827 906022 507
879246 181516 525
859444 993698 507
94756 190271 383
171677 328175 443
59957 258009 443
694120 941836 525
903773 437484 525
452627 755581 509
226683 328503 443
554189 851105 525
834566 161994 509
668666 313660 509
227671 26110 386
31289 926805 525
171040 669724 509
754132 164399 509
607896 880065 525
901454 921792 476
646284 494047 509
963522 591797 525
798972 88542 509
605649 886205 525
406771 721302 509
439940 136139 449
319392 576222 470
992866 52507 525
927771 872112 476
653013 688559 442
419675 778002 509
820633 171858 509
503192 519179 470
911205 454718 525
985325 684173 525
359933 34933 443
827541 210945 509
547925 425188 470
274052 926497 525
671555 856789 525
307433 567421 470
222264 743579 509
406498 280436 441
920118 298167 525
615359 542708 452
221908 64008 386
976352 794293 525
149623 11530 375
998306 290387 525
877035 642079 525
22886 895167 525
565009 119797 470
755112 207132 509
454943 160013 449
646478 73643 509
67559 364574 443
683394 776245 504
700958 908534 525
401522 723374 509
193921 205933 360
599590 565079 434
998865 938775 507
327338 967796 525
821195 166959 509
34484 109492 354
7284 265113 443
377155 427875 449
316675 741880 509
109897 354581 443
888520 767124 525
719875 742128 424
421926 173406 449
100239 277344 443
574227 597801 434
824856 133554 509
661621 749553 504
542679 9589 470
347385 607191 470
210923 700632 509
34080 772068 509
509494 132250 449
954020 585561 525
779149 245062 509
662555 519374 509
529990 926797 525
937878 571889 525
452751 129721 449
628068 130575 509
949620 806308 525
97950 359681 443
461600 417691 444
688918 652514 442
947238 74130 525
248978 622848 470
226392 745459 509
184188 669752 509
772387 100855 509
185841 592213 470
893340 387849 525
605844 209100 470
919284 460234 525
640555 495336 509
366472 654846 509
896771 568579 525
515321 178334 470
461401 963568 525
492204 353363 449
178754 471540 449
520870 175648 470
147707 835867 509
380473 79418 443
949212 677615 525
648945 411935 509
477230 16354 449
422115 831201 509
155602 148279 370
101823 981554 525
670683 716815 504
639767 922871 525
816015 321439 509
563347 254411 470
475747 167546 449
354381 964955 525
856904 870554 388
162863 725572 509
69214 518504 470
227804 308277 443
408026 602527 470
835536 914623 525
535181 996922 525
934534 73916 525
821612 415800 509
635565 672747 442
992191 57323 525
309317 147949 443
315332 243522 407
283580 225971 443
233157 188731 443
511304 412047 444
450738 529349 470
333652 664902 509
258472 673328 509
689818 356270 509
968790 428816 525
555873 778645 509
303534 290004 371
343143 760907 509
349068 694064 509
934621 987785 507
402650 66471 443
970849 968314 458
391284 399476 405
290362 385301 441
540415 196330 470
848851 964464 507
159925 733240 509
270295 631200 509
296083 825223 509
469878 517461 470
773079 747088 468
900129 208588 525
51365 285657 443
990645 733884 525
58223 647477 509
930780 304129 525
940504 123397 525
646005 73162 509
803610 213472 509
423934 74776 449
985840 910447 507
393601 549016 470
264844 229944 443
29037 29138 228
999547 378541 525
929822 949175 507
9984 43497 324
10309 227966 386
255245 244828 363
358369 290800 441
432053 21900 449
51076 638928 509
867499 340237 525
181474 888671 525
654981 668360 442
957134 831246 525
307319 816288 509
186097 868262 525
224965 632658 509
489435 409355 449
138154 281149 443
80207 432610 449
183943 166374 365
677620 788441 504
451409 387099 449
137173 978981 525
611589 428785 470
128169 11314 354
397189 905090 525
842440 383838 525
612348 530818 452
926986 154099 525
444918 127911 449
608443 446759 470
596832 68382 470
927797 363340 525
475732 49828 449
681664 802916 504
378421 991607 525
527773 706045 509
810435 308615 509
868713 299672 525
401412 117164 443
786984 169005 509
873982 596091 525
774371 860660 525
1888 606093 470
592391 684392 509
319235 34287 443
308646 558408 470
157888 923426 525
170859 70492 383
233889 53605 443
796995 446770 509
680025 607576 509
850719 509007 525
709869 283982 509
587919 191991 470
542 231104 443
206475 21767 383
935386 347792 525
755329 133437 509
435168 109938 449
85369 660958 509
614373 62805 470
660773 584186 509
559965 584457 434
10994 668764 509
477080 776466 509
610680 461169 470
542545 423161 470
479707 276181 449
668688 652168 442
943991 650573 525
121381 575574 470
215561 920259 525
415432 782482 509
700209 52249 509
878024 190895 525
818807 489726 509
730723 764838 424
771266 734977 468
836045 93416 509
840108 240126 525
940252 781342 525
341197 155785 443
203708 854611 525
685757 3218 509
766804 968872 525
254756 140424 443
81271 719769 509
934757 426413 525
689334 467393 509
621712 145028 470
539331 224072 470
999247 309384 525
663490 977067 525
435711 377585 449
386421 574605 470
977018 950838 458
565487 876700 525
878420 161793 525
542213 190905 470
463086 654969 509
748681 433229 509
194217 156826 370
906204 772196 525
704687 855159 525
824008 381441 509
668194 739414 504
268721 50439 443
972518 194366 525
172582 326669 443
154216 287133 443
894177 28185 525
696391 194886 509
299272 47844 443
916671 344417 525
386726 82834 443
442394 603422 470
837653 32295 509
846610 37333 525
376232 649093 509
886472 692532 525
353572 199762 443
776898 589602 509
539712 743202 509
118731 749347 509
991318 468427 525
749642 125186 509
904485 815614 525
842873 292873 525
581513 277785 470
418613 304288 449
934237 444238 525
37670 300056 443
735333 931822 525
613935 568702 434
939936 902669 507
179375 862826 525
128274 740852 509
290210 884949 525
158417 542192 470
32397 26887 285
7665 253996 443
381461 267582 441
726836 464623 509
745882 204736 509
97580 855580 525
979176 327287 525
810956 792770 468
873805 489855 525
606829 169802 470
712731 564070 509
503209 709862 509
143909 764415 509
912590 75001 525
436235 391287 449
841142 785978 525
78925 506279 449
834117 78173 509
831368 719107 468
994518 109769 525
459776 270138 449
401250 501093 449
598117 608995 403
681829 514823 509
160493 394296 443
638791 307796 509
821983 990159 525
91518 517440 470
962587 17934 525
174078 280778 443
714636 696776 504
580676 445185 470
183579 447429 449
257986 390701 441
463289 635091 509
969346 825112 525
895342 514339 525
579693 300495 470
758590 555519 509
107194 777070 509
817083 433932 509
636014 847025 525
830349 414816 509
591169 420703 470
269704 729991 509
782241 806666 468
367121 683795 509
665385 660279 442
636198 925927 525
455684 885556 525
487948 917388 525
544774 358039 470
622503 946765 525
329948 848018 525
49707 942286 525
807812 733869 468
287570 510098 449
929143 21190 525
201338 274750 443
940978 726666 525
853689 939248 476
496445 310736 449
674757 288129 509
811173 221252 509
159453 10323 383
309397 709041 509
20932 613274 470
100939 881178 525
751699 150680 509
839624 690906 525
631132 953075 525
28089 691629 509
135064 116921 344
606099 875515 525
360062 540939 470
506518 715105 509
364829 869659 525
790989 302925 509
8423 125813 354
610267 773414 509
398470 411819 449
338685 580211 470
200949 826675 509
912545 678426 525
522465 565301 452
316168 858012 525
119282 74623 354
181714 200880 360
935585 626024 525
594341 587847 403
362986 224120 443
87411 891902 525
739799 384030 509
74416 727229 509
420525 364059 449
211749 962967 525
450181 213380 449
200496 174189 365
658444 475190 509
556731 779854 509
962253 670908 525
251264 814033 509
456044 813152 509
521396 279748 470
643580 992549 525
98628 895638 525
325245 43552 443
625000 201110 470
915385 726534 525
120754 96068 354
953922 288546 525
396582 14771 443
254258 868907 525
954399 640810 525
379523 983728 525
561208 277964 470
301300 408762 441
527978 943241 525
562935 401046 470
920032 920051 233
59010 330030 443
779755 645190 504
269643 804510 509
119125 438491 449
410241 140501 449
747763 408179 509
857970 306815 525
112930 762628 509
333790 384128 441
696660 282977 509
51992 457631 449
886587 403989 525
561651 911242 525
927668 575104 525
144932 449027 449
522808 526571 408
212941 39548 383
231962 760852 509
34561 218241 386
190775 481814 449
12666 470489 449
159496 397226 443
781976 950987 525
278610 233607 407
334646 108757 443
660310 719183 504
935398 392144 525
854132 617526 525
670654 4894 509
15390 580619 470
778745 340113 509
898089 539230 525
422552 826274 509
343970 535048 470
103239 548588 470
942738 292722 525
594322 806657 509
58892 581820 470
211836 654070 509
313580 975297 525
377127 508333 449
585900 212480 470
253105 178199 443
339983 864618 525
26992 614985 470
832429 260671 509
843728 591135 525
222356 471748 449
82322 420692 449
582326 389428 470
96205 938130 525
384217 496886 449
52786 411856 449
498803 912510 525
854329 574358 525
508764 173754 449
747022 405623 509
844705 329759 525
883354 296514 525
791260 827108 468
542561 739236 509
313334 736825 509
724088 828674 468
644116 808444 504
375896 226187 443
681093 812659 504
184082 579694 470
328031 196296 443
912835 632104 525
399849 6629 443
399139 382722 436
62529 19438 340
128678 295510 443
22175 468163 449
170244 623247 470
575621 134942 470
663930 534330 509
17689 941112 525
241577 343125 407
146813 157613 383
159939 522539 470
920072 503350 525
927348 531452 525
210883 459016 449
516737 400385 470
791705 627486 504
700265 896370 525
659520 737485 504
895879 407922 525
525002 341635 470
279861 250700 407
472011 6775 449
905858 101124 525
582539 923572 525
364826 214197 443
75427 651353 509
805202 962715 525
961781 11730 525
446869 660815 509
150698 160289 383
466093 49033 449
819789 74929 509
450491 153939 449
330306 317188 384
110335 648872 509
609620 274367 470
840706 301982 525
841 798841 509
447496 475516 444
295804 166101 443
767770 904146 525
695580 189933 509
229018 855193 525
639545 706849 504
531047 337802 470
259297 797285 509
133755 251913 443
65651 123632 354
588123 892553 525
771843 901007 525
181294 351960 443
594632 503910 470
287920 211871 443
801156 102034 509
375392 318068 441
404866 658566 509
786762 158923 509
283481 381671 441
535414 865628 525
396666 951737 525
850631 895817 445
517819 949285 525
462512 93443 449
318388 205413 443
121290 73567 354
263641 561450 470
313452 730570 509
283667 167877 443
763482 564837 509
247080 883219 525
40761 536448 470
896728 711564 525
970412 888993 507
119164 828807 509
738382 426848 509
559047 525552 452
120765 169910 383
795739 417823 509
37722 778142 509
522979 757022 509
602994 688026 509
973935 85092 525
256931 866832 525
998326 404101 525
198116 349588 443
956120 207783 525
851977 909634 445
509046 531229 470
77728 140447 354
34784 242466 443
793345 508537 509
242343 283105 407
361701 708614 509
341126 464032 449
439924 934121 525
116487 496878 449
461 588736 470
686956 580552 509
667964 898738 525
168316 703815 509
211778 224211 386
299543 190701 443
244904 770055 509
116984 22775 354
421634 936570 525
638416 97112 509
588745 421950 470
390389 988583 525
782025 513532 509
811399 950596 525
219103 991342 525
7047 28530 308
701657 227993 509
123405 351843 443
394799 761499 509
645541 553337 509
269935 886162 525
902437 240807 525
680715 326228 509
894431 535048 525
873864 335403 525
39924 234838 443
976602 970774 383
939484 729730 525
656001 81068 509
785023 769612 437
191895 968100 525
251613 740304 509
760691 71283 509
567450 136909 470
483878 132457 449
950422 316474 525
170898 663368 509
162877 95269 383
449832 838777 525
496666 754294 509
755468 243129 509
890432 580862 525
674964 125542 509
690798 161225 509
262736 758918 509
137896 482938 449
167142 222041 386
915123 193640 525
586312 508437 470
895692 856312 445
659710 567656 509
335211 595602 470
456090 672126 509
975725 111593 525
840684 437734 525
801302 816398 406
756698 884401 525
515152 39108 470
30906 479229 449
479790 562325 470
813653 7475 509
623230 71990 470
393821 847419 525
688082 808237 504
202935 918721 525
147287 555111 470
115543 594104 470
970963 176931 525
975606 30434 525
763146 702235 504
176517 60861 383
325203 271854 389
970378 827631 525
90781 321475 443
317513 681243 509
334058 407266 441
621248 552726 447
758862 290137 509
709656 172 509
7857 155307 375