790 239 171
602 639 132
952 1851 182
1745 433 182
2396 414 183
2240 1586 183
2364 583 183
4431 83 238
1534 2241 183
5547 7031 262
2097 3710 217
10971 7456 268
5036 11369 268
5032 8522 262
7705 1537 262
9613 8118 260
10635 10160 255
8363 13129 268
16265 11782 276
678 8069 262
3236 7815 262
19366 17820 261
7305 16722 276
20171 20857 256
1179 8338 262
7949 21038 279
3415 5873 238
10405 11817 268
4266 27151 308
12198 14198 276
20495 2939 279
24270 24780 264
8044 14122 276
28849 29678 272
26513 23421 282
30357 3417 308
26671 12776 308
12404 2554 268
14836 19108 279
31571 8552 308
2160 19558 279
9465 4685 262
3999 32735 308
35321 24630 311
38687 22877 324
9762 4474 262
5441 35245 311
32451 35828 324
38998 3471 324
24052 23755 251
25109 15126 282
13895 42983 324
46162 49295 314
9224 2210 262
15811 23691 282
8786 52055 324
25791 2451 282
3616 48306 324
24848 54719 340
1830 46806 324
30667 31918 285
39223 60248 340
31042 36088 324
61824 15634 340
54300 29783 340
864 35919 324
54826 40007 340
52414 46479 314
33287 65658 340
6578 36928 324
8778 582 262
61456 5986 340
50939 65538 340
63543 48202 340
52547 14906 340
34532 48134 324
50384 32026 324
68990 71285 312
14256 54216 340
63155 46735 340
18621 18689 186
53307 64687 335
48953 21057 324
53986 45930 340
66731 79623 351
72471 28162 340
60094 39467 340
73642 14776 340
20712 1994 279
66801 49774 340
78246 89399 338
36831 68464 340
81862 17175 351
1754 62656 340
54080 33544 340
2288 30274 308
63825 77804 351
78523 18733 351
791 65861 340
64911 93539 351
75529 25619 340
92665 83937 333
28170 95170 351
5687 94999 351
50940 95254 351
87433 81106 333
11003 28521 308
89497 53664 351
52991 29064 340
44014 64169 340
1400 93753 351
15053 26388 282
76496 59350 335
80183 77845 338
105020 5992 351
92685 14886 351
45658 113450 354
97308 19902 351
42552 96035 351
38376 5173 324
105166 21048 351
44088 94428 351
78946 69826 351
41070 58888 340
15943 35820 324
14598 10409 276
25340 36454 324
112617 116856 349
89752 65534 351
38006 42404 306
62641 92816 351
8768 25410 282
122401 74002 354
8379 31643 308
14403 25057 282
24997 113504 354
133510 26425 354
66874 39303 340
107277 120617 349
51789 77147 351
121408 101760 354
75743 106215 351
70623 119316 354
105294 39727 351
110889 116220 349
16417 122471 354
37440 125853 354
51953 36683 314
97767 84290 333
130570 9074 354
89489 149698 375
134217 4948 354
54566 3042 340
22479 40806 324
151978 122721 375
39824 87111 351
34083 47726 324
98162 46892 351
10697 150919 375
90660 110273 354
151255 24007 375
154779 60016 375
54150 40716 340
115190 18565 354
8481 161243 383
62630 132847 354
38114 162783 383
12763 39610 324
73259 112356 354
104439 146096 375
166838 118271 383
46425 36277 314
43601 28239 324
132047 27193 354
144162 130148 375
101544 102019 279
82930 155762 375
126288 120011 336
109968 6341 354
110047 59942 354
156660 64078 383
126643 18672 354
178341 101060 383
420 147351 375
67681 73590 325
142278 123075 344
146330 184041 383
22510 117980 354
132440 45068 354
172257 121423 383
91165 53501 351
177770 175254 334
18439 184096 383
130242 112757 349
137396 179860 383
64342 150943 375
23766 72597 340
90069 18663 351
105711 138022 354
66069 136493 354
179965 62612 383
179462 199386 365
112269 14185 354
38724 79616 351
190876 7317 383
152894 26482 375
131516 50024 354
157697 137247 383
166582 78708 383
5450 181310 383
135145 115495 349
97732 201787 383
100974 210813 383
190359 201783 360
9755 120855 354
84007 194101 383
39829 148858 375
203740 184487 360
8356 175915 383
137001 8283 354
207782 84256 383
16236 18950 279
16669 44250 324
79432 123038 354
59598 50934 340
188554 70088 383
129813 101448 354
204780 163376 365
2322 6667 262
39714 108136 354
16755 227274 386
194599 211021 373
74250 90386 351
67662 112044 354
25766 206675 383
217171 46929 386
210984 1589 383
150281 75550 375
234039 188584 443
59368 79417 351
12589 65809 340
64872 240867 443
27467 26394 308
94380 15083 351
58574 104179 351
222893 177843 386
148548 141663 375
60204 201234 383
133651 224678 386
240944 185952 443
16339 56589 340
158225 79629 383
42590 101875 351
201030 244574 443
134534 33188 354
165404 77094 383
178609 18933 383
188111 231640 443
71696 221770 386
107363 89376 354
215238 58993 383
12922 106680 354
91403 24043 351
204435 59869 383
31016 118674 354
176305 251494 443
141628 171628 383
231413 155317 443
52932 227491 386
105993 129537 354
166461 162395 352
219080 256729 443
34404 217859 386
147175 71761 375
253320 140838 443
146933 69576 375
183001 182036 334
30900 273270 443
10875 225659 386
208724 240445 443
252736 228614 443
108527 236082 443
90707 168032 383
78817 4218 351
115598 163037 383
64253 131280 354
53694 101566 351
155674 27106 375
116652 273833 443
189219 252939 443
28445 141794 354
247237 268570 407
29076 31277 272
150610 289468 443
179852 64266 383
276454 76246 443
130648 22608 354
28627 290594 443
157995 1197 383
10787 293340 443
276411 205999 443
169146 70320 383
282288 149718 443
202980 119017 383
242784 150310 443
142050 290879 443
291692 181708 443
141756 81329 354
127775 162492 383
295492 184320 443
167646 168361 321
20074 120652 354
156530 38552 383
94186 6299 351
95410 134177 354
166864 63947 383
22805 20281 269
240089 138644 443
173300 179999 347
292088 240156 407
75223 308292 443
222114 314417 443
24923 174274 383
315605 254645 407
174021 319723 443
25441 34466 311
267798 289995 407
286315 253751 407
92841 281793 443
69990 295875 443
326025 254086 407
53128 260355 443
220021 215249 386
60007 299875 443
197727 293017 443
273414 68003 443
48798 50526 296
147097 90517 375
117059 156742 383
168225 162955 352
231950 167987 443
55316 120157 354
221218 108029 386
63714 320701 443
130132 149474 375
141391 98651 354
319953 220178 443
267932 320292 407
147366 274041 443
103129 83287 341
300648 198751 443
217657 84317 386
311053 92904 443
16430 336625 443
58974 350521 443
262951 317980 407
136078 169540 383
288682 36600 443
2969 303932 443
329479 226005 443
66094 273052 443
12463 28445 308
324919 26686 443
67248 131636 354
293343 199499 443
185089 72805 383
184867 204769 360
70156 12652 340
361357 44474 443
192746 39417 383
291817 95177 443
348450 227860 443
58043 295583 443
281136 57023 443
193795 126029 383
267524 96063 443
97923 170185 383
312019 65089 443
351477 249306 441
91705 246919 443
42394 269722 443
133857 201053 383
192605 89162 383
70947 302073 443
220410 171269 386
261374 131920 443
349263 293539 441
234365 82477 443
214445 11592 383
360928 315944 441
131305 286469 443
238154 996 443
129663 260307 443
241539 249653 350
77384 273826 443
91705 280814 443
341016 202671 443
271623 19622 443
284733 149732 443
116970 105514 354
399848 222035 443
233967 131105 443
192171 138577 383
173685 17721 383
139576 50535 354
317978 366850 441
338966 271489 389
379451 186546 443
248264 249251 350
259215 199172 443
343266 398933 441
120910 338274 443
267212 73324 443
178958 70716 383
175256 121026 383
362862 120948 443
344512 321410 384
248949 414556 449
291951 91157 443
224206 4252 386
324639 201576 443
70107 23600 340
233017 372056 441
301753 75872 443
399906 28751 443
26821 342435 443
6851 12865 268
397474 263482 441
342909 240598 407
99825 78619 338
306568 389332 441
265147 18076 443
324321 54206 443
253036 359913 441
181532 307498 443
170913 429413 449
62126 376651 443
20640 255950 443
35570 377541 443
46056 142880 375
404353 205643 443
112710 187138 383
3724 150559 375
328121 68168 443
282887 83526 443
61168 330126 443
21944 392075 443
181480 431026 449
158357 163066 370
232169 228483 443
25526 126433 354
160659 218995 386
168102 251448 443
145014 41372 375
391847 325279 441
196764 71633 383
10595 281715 443
422303 230669 449
20306 113012 354
272028 217859 443
365329 312054 441
257333 275750 407
64212 378364 443
275022 447079 449
379397 294723 441
401619 4794 443
422238 24622 449
230158 434769 449
73333 247690 443
27908 266464 443
141102 289499 443
49914 304501 443
26995 227751 386
179318 91043 383
355569 182735 443
19927 198295 383
56703 354190 443
48432 30546 324
215261 208699 373
49480 166385 383
197202 343418 443
236974 115447 443
314195 204790 443
208293 299315 443
426839 476506 444
408391 390573 405
48570 89723 351
99883 24989 351
447813 41372 449
251939 421854 449
342350 186783 443
296280 341347 384
325477 105126 443
8059 219147 386
204805 17265 383
4040 36212 324
254378 336441 407
469395 90575 449
27279 174222 383
16488 69912 340
284907 184482 443
369931 222557 443
207558 341184 443
436912 288302 449
445975 247718 449
5691 257407 443
345195 226380 443
219361 367778 443
100006 382354 443
283927 362201 441
270678 356568 441
446788 142145 449
251877 155928 443
270891 471930 449
169715 112059 383
367714 62782 443
350161 41972 443
358076 101470 443
167892 408177 443
454877 401062 449
267378 511434 449
384458 121005 443
175547 196387 365
234495 517366 470
419460 236243 449
434618 245194 449
294946 319722 384
255099 513917 470
498563 376618 449
469370 165953 449
278279 385432 441
326892 280713 389
19678 147141 375
213312 215438 373
293417 285054 389
55550 31501 340
298268 64705 443
261261 107411 443
86836 527044 470
356868 2560 443
192302 508105 449
441676 25886 449
348894 188858 443
212463 111474 383
246116 492206 449
250934 441322 449
458128 175733 449
542818 316756 470
152908 200034 383
49639 162955 383
228568 429351 449
4491 119292 354
16667 136806 354
317277 114147 443
70918 309271 443
84803 517366 470
465420 513950 470
556736 388601 470
495651 459379 444
262053 451890 449
201798 421068 449
99637 523462 470
155669 112514 375
551922 517087 452
37108 459169 449
444158 402087 449
368202 241998 441
419624 474957 444
312190 295627 371
203834 206555 355
83945 342679 443
125579 85070 354
264614 315725 407
277138 419022 449
300400 235820 407
165537 287272 443
188894 168543 365
245915 202929 443
407376 111549 443
360614 250677 441
321268 104459 443
526868 556177 452
413139 99081 449
171833 399455 443
342649 407945 441
19299 191689 383
220814 28844 386
131219 259677 443
379634 132611 443
296726 397682 441
473794 455082 444
575697 6039 470
117036 394959 443
417503 359112 449
229276 365447 443
323869 378117 441
501371 414428 444
455347 211770 449
310019 535210 470
429347 385467 449
377177 548207 470
168571 178493 347
195598 409760 443
310265 233944 407
531644 323526 470
465947 520146 470
420506 64851 449
29322 36655 324
461064 95941 449
471623 527485 470
400972 162178 443
425785 115800 449
555725 250610 470
312519 591260 470
377874 376541 423
66592 535405 470
528009 507114 470
569253 460469 470
118705 460505 449
406852 504807 449
614234 575376 434
118269 46814 354
70133 579627 470
82400 248704 443
273804 100219 443
178664 93734 383
342730 467594 449
443052 529910 470
75381 50053 340
265677 343977 407
347762 441308 449
78073 146548 375
531577 581971 452
440488 82553 449
60438 293492 443
393678 501402 449
234174 317592 407
258166 375389 441
247574 516316 470
506351 152348 449
554642 340902 470
145138 71525 375
488690 627597 509
257237 69534 443
446227 42343 449
604796 641782 509
213767 275165 443
270292 47148 443
216829 576457 470
137969 522140 470
324679 524304 470
378302 10970 443
486128 39884 449
239262 449392 449
503607 239799 449
210032 452777 449
434779 394413 449
568449 232199 470
262758 427907 449
617884 474418 470
149842 488329 449
186786 205164 360
549252 306263 470
584617 259724 470
161591 431704 449
48912 585196 470
206647 488533 449
167235 269552 443
315321 604053 470
590852 107416 470
364268 456959 449
161732 483035 449
422968 158207 449
257319 176578 443
63094 443109 449
306870 252434 407
323009 391491 441
344757 531245 470
434777 669067 509
2662 284825 443
462085 541856 470
392687 637359 509
443187 512749 470
549435 570405 421
127607 48040 354
643111 644333 279
642194 32928 509
256596 589773 470
92069 432368 449
478083 427257 444
463450 222926 449
2065 598852 470
284883 250899 407
121313 372585 443
139891 632574 509
181983 689021 509
49790 541313 470
255418 293017 407
102557 385085 443
359619 164601 443
253146 501994 449
536593 601577 452
617277 525223 452
632061 268449 509
616145 670027 509
122112 539568 470
359698 205109 443
71738 355586 443
238543 371816 441
184964 115937 383
570026 127102 470
164282 327848 443
393346 23304 443
430767 407257 449
429936 25460 449
41312 626700 509
687279 272277 509
227658 388275 443
474782 603250 470
264059 716765 509
357998 154191 443
613274 498975 470
33669 504637 449
672031 396681 509
324834 70492 443
634088 452476 509
230483 114014 386
227662 152229 386
82349 373272 443
10981 63746 340
91400 12900 351
240481 232746 381
354881 263289 441
432009 202321 449
252796 355300 441
562670 591258 434
185998 409106 443
680929 133933 509
423469 181559 449
668283 659091 442
587722 315219 470
263108 85453 443
96266 284320 443
587296 731525 509
636378 462264 509
456807 308353 449
222964 572941 470
389182 616856 470
510129 339345 449
43661 225733 386
290550 249104 407
605508 541080 452
331952 590792 470
146341 41870 375
423279 179090 449
282485 322168 389
45609 52660 340
467089 143953 449
157331 59825 383
110325 57308 354
158720 174632 370
676451 240805 509
204106 195020 360
402600 267705 441
74540 281601 443
34422 558026 470
194663 706476 509
711244 745256 424
108511 20674 354
371840 134108 443
328917 377846 441
215609 304061 443
371969 389530 436
137897 226547 386
81815 745715 509
752821 372639 509
660558 67299 509
619122 775723 509
257788 745348 509
164620 337304 443
345265 720110 509
526296 779077 509
636026 320443 509
419907 485571 444
44936 165620 383
349695 41380 443
672714 399590 509
371997 147358 443
773288 464926 509
233315 655693 509
561530 311165 470
256451 497706 449
675798 570845 509
604867 742358 509
467421 749600 509
749339 409942 509
766166 437714 509
653980 71163 509
686516 737179 504
172178 773443 509
513187 756010 509
616985 799624 509
129309 14953 354
451433 694124 509
626967 793345 504
170121 29407 383
623568 445020 470
391054 492311 449
55624 676064 509
583346 580152 328
209849 603575 470
574423 790895 509
39558 368854 443
522615 784673 509
25232 609862 470
158937 560785 470
214111 123533 383
588734 422442 470
393117 190294 443
200459 264187 443
414043 227613 449
157099 670344 509
328519 499233 449
189652 310308 443
304561 18455 443
700973 489739 509
735858 74744 509
310901 690171 509
513994 323555 470
69191 318500 443
52983 342591 443
429542 113488 449
722628 487656 509
119898 44478 354
135886 397292 443
58961 707681 509
417228 688369 509
370235 535614 470
768937 611572 509
22702 797912 509
92001 429282 449
780734 664272 504
319427 460557 449
773343 755082 468
649644 584842 509
653420 44462 509
501615 460135 444
499254 620450 470
27514 629625 509
590457 775478 509
460673 721207 509
165713 372178 443
481638 543420 470
280163 804608 509
97168 749451 509
595844 585242 403
433943 462718 444
154516 432012 449
774029 686402 504
31452 212779 383
445117 820432 509
310064 447642 449
284579 319978 389
512153 754613 509
225215 362082 443
685186 293399 509
740790 287077 509
582574 10585 470
601569 407591 470
339310 92998 443
189851 495206 449
599792 674287 509
496812 393527 449
843313 34274 525
761545 29093 509
224999 775820 509
701815 827053 504
134270 103673 354
747762 109255 509
406209 503466 449
311439 366622 441
61235 67960 330
398510 444102 449
654422 529209 509
195756 746542 509
744729 291825 509
285049 846455 525
49262 416266 449
472459 666471 509
130869 732790 509
748773 81268 509
236231 447228 449
136750 103039 354
731069 272455 509
728842 696679 504
327915 776753 509
391449 238712 441
126377 526532 470
163638 420000 449
879303 375819 525
236410 484786 449
651523 412769 509
298269 519605 470
40247 74593 340
51096 295372 443
160919 882074 525
231252 366393 441
585960 165786 470
428367 707307 509
886628 615435 525
121945 658630 509
164377 94369 383
158595 500336 449
536067 583810 452
402777 426912 449
651619 213445 509
758767 496643 509
464666 751645 509
896033 678253 525
512447 724969 509
637386 779988 504
454215 45723 449
287834 859015 525
220350 300363 443
422937 50138 449
520781 44041 470
226916 107863 386
668597 555310 509
345371 478880 449
601864 682412 509
256513 760520 509
208789 313759 443
19132 761022 509
372594 379327 423
224147 424605 449
698670 354612 509
504719 87366 449
810929 22521 509
184321 905082 525
260757 21651 443
251575 902427 525
505227 761849 509
889833 298848 525
475650 323533 449
276908 757554 509
676108 739531 504
937705 145896 525
756588 115969 509
786417 504343 509
126617 454977 449
775682 914654 525
805177 184600 509
549164 328865 470
97295 745995 509
705573 579321 509
228386 656359 509
878260 206314 525
704320 362192 509
332264 850447 525
436976 532658 470
240309 624633 470
840431 653922 525
274755 95723 443
943588 760355 525
773621 557638 509
786853 228603 509
102236 408214 443
895573 413926 525
448247 511115 444
621421 284006 470
5344 536444 470
733343 182676 509
121611 930935 525
3665 149041 375
253221 263794 407
587860 290519 470
528463 677277 509
833506 459468 509
800994 25577 509
722761 858973 525
872529 616549 525
505654 550689 470
790352 225736 509
802643 405927 509
5911 417240 449
282728 759824 509
607277 75883 470
609322 483749 470
652815 234986 509
734666 264581 509
411141 576155 470
60771 755460 509
59536 594210 470
453165 415123 418
324969 820274 509
778521 795999 437
841341 594962 525
235552 202959 443
529774 672955 509
118453 182764 383