40 41 110
8 9 20
5 3 8
9 12 20
19 27 112
9 7 20
50 46 105
9 21 21
9 1 20
15 5 20
17 1 20
36 50 110
46 63 113
23 18 21
11 18 21
18 25 24
13 22 21
18 26 24
34 15 112
29 61 113
29 19 112
11 34 112
26 18 24
41 43 110
47 64 113
44 5 112
25 9 24
29 1 112
42 6 112
40 17 112
8 23 21
9 4 20
39 66 113
4 9 20
33 65 113
14 18 21
41 47 110
1 48 112
31 7 112
42 86 116
49 20 112
17 14 18
43 41 110
9 7 20
28 34 107
21 22 16
34 7 112
23 53 112
15 125 119
39 85 116
7 16 20
15 20 21
25 119 119
8 16 20
25 36 112
27 82 116
13 22 21
16 15 18
49 20 112
34 37 22
7 17 20
13 120 119
17 34 112
36 18 112
11 3 20
3 18 21
49 99 119
50 147 122
9 1 20
34 107 119
45 85 116
10 144 122
36 51 110
22 84 116
4 53 112
29 46 110
47 163 122
17 66 113
43 114 119
18 165 122
41 14 112
31 23 112
2 43 112
31 48 110
8 27 112
29 63 113
11 14 18
49 89 116
29 110 119
34 16 112
32 108 119
45 53 105
23 59 113
42 127 119
32 45 110
40 178 125
16 199 125
48 241 128
36 27 112
28 166 122
8 175 125
17 36 112
22 38 112
10 90 116
30 90 116
41 70 113
9 183 125
18 25 24
41 173 125
2 65 113
2 2 2
26 88 116
48 96 116
9 93 116
14 270 128
27 8 112
13 33 112
27 137 122
15 155 122
34 1 112
32 214 125
38 36 22
49 85 116
10 4 20
30 251 128
33 132 122
10 88 116
50 19 112
32 151 122
25 8 24
37 19 112
50 18 112
13 63 113
9 80 116
34 95 116
48 183 125
2 37 112
45 70 113
25 62 113
44 404 144
8 327 144
40 107 119
36 147 122
23 56 113
41 51 110
18 16 21
9 163 122
27 123 119
30 50 110
4 28 112
7 36 112
17 5 20
2 30 112
14 105 119
8 6 17
15 147 122
18 100 119
20 35 112
38 311 128
2 115 119
20 175 125
50 190 125
9 241 128
3 172 125
8 372 144
35 36 22
17 265 128
9 197 125
21 402 144
46 52 105
38 25 112
3 61 113
35 153 122
40 2 112
15 38 112
16 297 128
50 106 119
31 150 122
35 191 125
3 230 125
28 71 113
49 39 110
22 150 122
42 102 119
11 417 144
23 27 112
11 198 125
49 88 116
7 119 119
14 42 112
42 7 112
36 131 122
39 142 122
39 274 128
33 191 125
47 87 116
15 237 128
8 109 119
5 404 144
50 43 105
8 248 128
17 265 128
50 304 128
50 84 116
45 4 112
3 56 113
35 306 128
22 78 116
23 106 119
15 30 112
3 115 119
37 631 144
9 321 131
16 342 144
24 401 144
42 252 128
36 140 122
31 77 116
39 134 122
40 77 116
16 565 144
32 35 27
13 92 116
41 88 116
50 398 144
47 140 122
12 150 122
19 2 21
9 287 128
11 292 128
4 199 125
10 57 113
7 309 128
32 423 144
47 348 144
21 313 131
42 467 144
28 253 128
11 259 128
40 148 122
26 182 125
30 242 128
4 88 116
11 7 20
22 11 21
44 18 112
16 220 125
9 13 20
42 111 119
377 378 108
704 703 171
341 342 126
242 243 97
116 117 21
158 142 117
260 267 123
533 518 124
798 795 122
997 993 94
839 853 86
843 857 104
20 6 21
113 81 119
415 411 134
303 306 43
622 639 132
419 407 134
457 414 134
549 550 93
207 185 120
356 348 126
180 151 125
911 915 130
757 734 140
668 654 145
611 605 132
404 407 41
764 746 153
243 283 123
413 434 134
788 768 153
213 230 115
964 1003 143
118 99 114
244 294 123
816 801 135
133 165 117
45 50 105
523 520 124
834 744 153
833 784 135
681 587 145
932 1023 174
483 497 142
144 170 117
443 513 142
471 486 129
686 626 145
107 155 122
672 677 114
69 97 119
371 339 126
147 111 122
571 528 137
559 646 132
182 190 107
741 760 140
726 777 153
243 309 123
187 262 128
485 583 142
551 560 137
455 481 129
364 240 144
827 787 135
743 792 153
901 850 179
578 633 132
412 375 134
733 723 140
487 482 142
478 555 142
502 711 171
137 235 128
232 142 128
280 223 128
508 511 62
854 936 179
318 351 144
905 747 179
333 175 144
229 150 125
124 82 119
225 296 128
638 707 171
382 510 142
590 672 145
553 500 137
440 433 116
875 786 179
371 316 144
24 133 122
932 873 148
790 790 78
353 361 126
355 504 142
135 6 122
54 141 122
620 451 142
930 931 37
380 471 134
54 136 122
72 32 113
960 845 179
718 800 153
656 733 171
513 561 137
440 597 142
301 305 43
821 933 179
850 821 135
871 906 179
725 833 153
58 165 122
775 770 153
944 1129 169
109 66 119
224 252 128
585 479 142
445 414 134
567 585 119
913 867 179
96 225 125
897 1012 174
619 654 145
770 653 171
669 504 145
513 738 171
836 755 153
890 1078 174
311 146 128
308 349 144
889 1087 174
649 466 145
219 83 125
731 553 171
146 52 122
547 669 145
434 313 144
705 908 179
148 30 122
107 47 119
753 617 171
613 504 137
216 211 115
552 584 137
462 423 129
498 781 171
302 691 145
704 773 153
950 953 37
609 744 171
21 18 21
210 252 128
784 757 153
809 975 179
770 849 153
328 408 126
971 1046 156
878 866 179
729 886 179
860 685 171
749 967 179
29 5 112
221 67 125
430 564 142
533 777 171
144 179 125
553 583 137
357 431 134
169 449 144
717 718 52
836 633 171
671 591 145
168 140 117
667 562 145
81 127 119
889 869 179
404 569 142
219 184 120
14 114 119
544 723 171
201 100 125
914 1202 182
154 209 125
755 710 140
854 810 135
707 1058 179
768 683 171
706 563 171
411 423 134
173 164 125
40 166 122
545 416 142
97 263 128
97 57 119
623 767 171
99 310 128
745 649 171
500 569 137
747 539 171
752 582 171
658 753 171
563 785 171
703 1016 179
799 802 73
371 175 144
690 897 179
764 703 171
381 631 142
758 891 179
534 525 124
698 808 171
13 160 122
431 604 142
897 1240 182
924 867 179
57 221 125
647 682 145
222 10 125
525 275 144
974 974 143
725 1045 179
969 959 143
313 336 144
995 362 179
301 293 118
951 1662 182
631 528 137
960 1186 182
39 414 144
534 584 137
219 95 125
436 432 116
818 820 42
886 582 179
549 297 144
336 80 144
924 1160 174
367 215 144
380 404 121
281 385 144
555 752 171
287 304 118
657 1015 179
909 589 179
297 193 128
675 948 179
878 591 179
554 857 171
218 379 144
950 713 179
873 881 148
618 356 142
820 861 148
647 869 171
965 1471 182
501 575 137
165 227 125
289 220 128
955 1262 182
620 794 171
739 766 153
712 409 171
651 485 145
583 319 144
491 8 144
956 1150 169
825 635 171
958 1243 182
361 325 144
653 695 145
112 416 144
835 837 135
314 423 144
444 407 134
54 401 144
726 576 171
139 64 122
340 544 142
515 1105 179
33 110 119
79 328 144
502 717 171
293 1 128
375 843 171
827 841 135
95 208 125
345 838 171
726 996 179
229 496 144
830 476 171
311 619 144
833 593 171
95 56 116
38 46 110
144 293 128
199 176 120
926 1311 182
28 80 116
145 496 144
710 809 153
621 980 179
569 773 171
50 103 119
798 471 171
630 411 142
916 559 179
536 252 144
768 779 153
109 81 119
173 119 125
682 447 145
105 3 119
717 1058 179
893 1177 182
877 677 179
636 369 142
235 34 128
896 833 179
827 197 171
41 383 144
492 195 144
943 958 55
324 129 131
500 670 145
143 597 144
102 257 128
932 276 179
503 766 171
588 1532 182
196 121 125
918 927 130
226 176 120
453 343 134
638 903 179
252 633 144
409 234 144
168 11 122
968 1324 182
177 389 144
953 624 179
970 514 179
592 787 171
58 621 144
760 1221 182
971 1065 169
511 684 145
138 974 179
518 792 171
555 282 144
274 150 128
522 776 171
172 294 128
318 465 144
825 293 171
289 125 128
786 1111 179
781 1037 179
295 412 144
251 290 123
770 1396 182
354 153 144
395 575 142
930 1198 182
571 1181 182
586 1252 182
397 67 144
750 708 140
870 1335 182
253 999 179
389 581 142
863 614 171
263 157 128
9 385 144
933 190 179
39 104 119
267 61 128
650 818 171
546 505 137
72 283 128
656 1123 179
788 395 171
250 283 123
924 915 130
240 87 128
110 776 171
816 479 171
548 634 137
310 131 128
285 75 128
118 275 128
61 71 108
396 370 121
442 661 145
630 620 132
501 272 144
653 80 145
758 1146 179
672 645 145
947 885 174
885 894 148
137 381 144
880 1343 182
843 307 171
45 197 125
180 276 128
836 556 171
270 1271 182
34 411 144
534 185 144
844 1144 179
204 21 125
479 952 179
505 1126 179
745 404 171
64 173 125
135 81 122
162 31 122
754 741 140
417 730 171
527 543 137
180 612 144
178 223 120
993 1239 182
359 275 144
865 1679 182
515 109 144
471 224 144
141 565 144
398 332 126
793 873 179
200 318 131
99 97 119
46 39 110
212 1042 179
186 48 125
479 840 171
295 42 128
565 556 88
353 391 126
447 353 134
304 290 118
948 1759 182
378 191 144
642 758 171
73 914 179
1000 470 179
792 788 78
544 1244 182
33 772 171
745 658 171
227 805 171
860 390 171
558 77 144
50 131 122
296 216 128
308 695 145
565 296 144
917 845 179
907 1109 174
164 783 171
971 1106 169
469 142 144
666 822 171
104 1182 182
495 624 137
368 1105 179
158 128 122
155 232 128
524 972 179
174 341 144
606 711 171
669 1392 182
17 842 171
945 692 179
770 1194 182
521 506 124
317 307 131
541 1662 182
72 232 128
377 1260 182
973 1377 182
767 869 153
533 881 179
309 136 128
297 25 128
791 1192 182
69 406 144
926 1201 182
309 430 144
797 373 171
504 923 179
144 66 122
443 710 171
523 1167 182
449 944 179
832 1146 179
933 931 86
936 939 174
924 924 130
920 921 130
989 987 50
974 986 143
969 970 99
912 914 130
972 988 143
924 922 130
959 973 143
944 947 37
936 927 130
975 995 143
900 896 117
968 956 143
928 929 130
983 952 143
976 987 143
967 968 143
959 935 174
928 965 174
954 973 143
901 877 148
969 985 143
929 921 130
921 901 130
980 1033 156
909 942 174
936 904 130
924 966 174
958 973 143
952 953 37
901 923 130
912 941 174
900 876 148
958 921 174
935 940 174
957 944 55
907 836 179
968 959 143
995 1076 169
959 1026 156
986 893 174
953 1006 143
911 947 174
903 928 130
945 898 174
944 995 143
975 1021 156
993 981 143
962 1024 156
990 1008 143
994 970 143
924 960 174
914 841 179
985 1006 143
912 955 174
926 920 130
930 976 174
948 916 174
973 1031 156
927 1012 174
959 955 130
941 906 174
964 980 143
934 941 174
979 1066 169
904 930 130
963 1023 156
907 896 117
912 937 174
971 937 174
929 882 148
903 956 174
994 1020 156
931 1020 174
965 1033 156
974 961 143
907 994 174
950 1001 143
940 948 130
906 999 174
984 1088 169
930 1048 174
956 979 143
948 934 174
923 940 174
905 966 174
925 1029 174
964 944 130
910 727 179
921 917 130
981 865 179
910 1236 182
993 1044 156
920 902 130
942 866 179
925 964 174
967 900 174
985 950 143
989 838 179
925 1036 174
937 822 179
953 895 174
922 1187 182
970 905 174
976 854 179
924 954 174
933 925 130
950 895 174
967 1034 156
922 1028 174
902 810 179
935 924 130
974 1047 156
976 1019 156
907 834 179
967 1048 156
935 848 179
955 978 143
975 1037 156
926 963 174
952 1084 169
951 922 174
918 1017 174
906 1127 174
901 1020 174
974 1045 156
907 911 55
924 990 174
999 833 179
964 905 174
973 938 143
929 983 174
984 1293 182
980 1181 182
957 747 179
962 1095 169
969 644 179
903 868 179
949 1030 156
957 1140 169
914 1078 174
939 981 143
948 1067 169
907 873 148
902 816 179
950 845 179
987 784 179
926 1150 174
924 735 179
970 862 179
917 1157 174
905 581 179
907 560 179
977 854 179
974 796 179
963 979 143
932 761 179
972 813 179
963 1172 182
968 712 179
933 803 179
960 965 50
951 873 174
936 903 130
926 1002 174
993 1167 182
917 921 130
977 1245 182
934 911 130
989 906 174
953 1003 143
930 787 179
941 1100 169
943 1035 156
930 1249 182
991 884 174
904 892 117
977 1279 182
941 784 179
935 918 130
912 915 130
967 1115 169
912 1157 174
913 629 179
919 1023 174
959 940 130
928 939 174
962 680 179
958 959 130
984 883 174
947 1119 169
904 1034 174
934 1064 174
974 906 174
965 974 143
943 1293 182
959 1115 169
948 1216 182
958 994 143
923 822 179
909 724 179
923 835 179
965 870 179
987 1311 182
905 618 179
939 1026 156
937 966 174
927 687 179
917 973 174
924 800 179
989 821 179
972 1434 182
960 918 174
962 908 174
997 1331 182
917 947 174
970 963 143
901 752 179
928 857 179
920 734 179
982 1098 169
944 709 179
985 1000 112
928 766 179
949 893 174
912 918 130
943 1057 169
978 1317 182
983 933 174
983 889 174
927 700 179
984 1021 156
900 1395 182
976 957 143
952 1320 182
968 626 179
971 1138 169
954 1013 143
968 1074 169
1000 1117 169
916 791 179
970 1156 169
909 1057 174
969 1210 182
964 787 179
938 979 143
