198 789 171
484 611 142
112 497 144
72 236 128
253 537 144
718 984 179
112 185 125
449 493 142
609 991 179
104 689 145
5 811 171
438 736 171
530 862 171
389 985 179
379 477 134
549 986 179
173 569 144
254 545 144
218 684 145
254 390 144
475 967 179
287 914 179
51 331 144
125 390 144
1 87 116
183 378 144
31 706 171
556 997 179
283 856 171
111 159 122
125 327 144
136 844 171
226 520 144
292 350 144
586 718 171
117 700 145
256 846 171
452 987 179
508 964 179
686 774 171
67 401 144
336 474 134
760 793 153
18 664 145
146 180 125
453 541 142
606 927 179
196 380 144
205 582 144
589 844 171
500 780 171
330 733 171
131 191 125
2 462 144
100 958 179
18 369 144
54 950 179
283 532 144
123 728 171
839 876 179
558 942 179
913 981 174
440 784 171
451 508 142
408 941 179
15 629 144
150 773 171
461 758 171
571 945 179
897 934 130
189 327 144
220 255 128
152 746 171
54 760 171
122 973 179
213 265 128
867 897 179
241 483 144
270 961 179
381 403 121
633 754 171
102 578 144
223 736 171
563 601 119
293 297 118
423 441 116
666 710 171
374 818 171
230 490 144
306 992 179
211 645 144
612 897 179
132 417 144
180 495 144
684 880 179
416 784 171
624 820 171
900 968 174
611 787 171
688 946 179
727 819 153
386 998 179
178 388 144
781 886 179
506 573 137
679 938 179
55 130 122
822 873 179
508 937 179
666 888 179
864 949 179
806 967 179
119 951 179
393 438 134
203 667 145
543 897 179
442 519 142
339 601 142
307 323 131
265 625 144
306 494 144
405 817 171
458 517 142
372 696 145
683 719 171
50 809 171
328 952 179
601 906 179
612 787 171
562 905 179
94 147 122
29 937 179
209 645 144
103 735 171
460 986 179
670 875 179
69 677 145
125 272 128
507 521 124
276 595 144
496 614 137
136 348 144
94 690 145
695 854 171
408 561 142
614 657 145
481 755 171
376 728 171
124 363 144
241 720 171
229 701 145
100 327 144
644 650 145
273 894 179
516 523 124
137 804 171
569 831 171
322 338 144
493 750 171
353 615 142
214 489 144
383 751 171
95 330 144
156 887 179
57 887 179
155 747 171
349 427 134
159 515 144
850 963 179
85 321 131
312 979 179
340 813 171
455 646 142
440 502 142
71 236 128
2 67 113
647 980 179
181 947 179
882 997 174
79 321 131
652 734 171
234 862 171
307 438 144
639 718 171
124 198 125
111 260 128
71 944 179
473 877 179
322 685 145
262 865 171
209 541 144
287 729 171
508 703 171
143 913 179
627 758 171
486 914 179
26 402 144
519 898 179
273 556 144
56 480 144
458 539 142
29 262 128
427 871 179
120 440 144
173 194 120
71 405 144
77 595 144
163 555 144
134 748 171
553 709 171
656 964 179
378 952 179
180 562 144
486 503 142
856 1000 179
494 905 179
72 352 144
820 894 179
54 960 179
478 711 171
31 179 125
14 87 116
122 509 144
75 820 171
191 601 144
669 774 171
180 591 144
689 759 171
347 862 171
589 995 179
46 471 144
594 886 179
554 953 179
28 118 119
535 800 171
501 600 137
252 865 171
466 821 171
136 795 171
373 777 171
456 607 142
634 675 145
529 816 171
859 989 179
139 486 144
895 904 117
131 818 171
754 796 153
707 881 179
312 338 144
125 140 122
554 861 171
221 628 144
642 953 179
373 465 134
21 382 144
250 599 144
227 427 144
574 809 171
474 985 179
486 707 171
90 691 145
51 658 145
726 774 153
169 623 144
232 629 144
215 706 171
173 349 144
7 767 171
499 657 145
783 869 148
587 866 171
190 827 171
615 966 179
269 604 144
268 786 171
36 746 171
4 68 113
624 893 179
522 868 171
346 480 134
303 810 171
69 856 171
199 844 171
414 968 179
339 537 142
224 837 171
165 174 125
127 406 144
251 590 144
457 534 142
371 968 179
128 919 179
8 812 171
308 829 171
78 79 36
37 413 144
261 498 144
363 406 121
160 447 144
562 663 145
302 552 144
183 474 144
602 972 179
208 298 128
577 956 179
129 785 171
794 818 135
464 961 179
591 791 171
38 65 113
250 433 144
141 521 144
144 971 179
42 83 116
204 432 144
132 628 144
441 560 142
66 277 128
81 238 128
323 876 179
854 898 179
439 591 142
295 667 145
236 359 144
497 835 171
376 411 134
504 682 145
619 994 179
184 332 144
158 633 144
296 533 144
150 198 125
190 811 171
991 993 112
284 472 144
564 918 179
167 754 171
586 880 179
29 586 144
363 396 121
215 790 171
249 512 144
159 246 128
317 785 171
122 744 171
713 862 153
295 459 144
539 853 171
397 972 179
157 984 179
171 879 179
342 872 179
431 783 171
147 815 171
388 829 171
215 944 179
355 481 134
33 651 145
141 821 171
690 909 179
390 476 134
11 789 171
238 507 144
61 438 144
245 941 179
174 226 120
24 402 144
892 972 174
642 703 171
192 635 144
112 861 171
93 253 128
249 614 144
566 833 171
425 734 171
652 952 179
197 459 144
313 878 179
272 387 144
545 617 137
78 941 179
354 888 179
602 773 171
643 928 179
259 393 144
254 892 179
651 765 171
459 691 145
223 727 171
617 690 145
1 698 145
233 736 171
304 931 179
487 771 171
603 980 179
37 829 171
416 755 171
362 558 142
198 362 144
686 833 171
595 746 171
214 383 144
328 830 171
777 938 179
123 254 128
375 671 145
186 247 128
45 456 144
360 601 142
679 893 179
176 897 179
102 560 144
149 481 144
501 942 179
25 236 128
529 945 179
384 693 145
390 851 171
729 970 179
196 269 128
389 410 121
298 715 171
172 949 179
501 725 171
464 991 179
300 624 144
380 487 142
160 841 171
71 353 144
101 263 128
65 87 116
166 416 144
418 789 171
137 222 125
576 697 145
849 962 179
3 784 171
95 876 179
624 741 171
96 136 122
5 716 171
104 281 128
528 654 145
92 514 144
64 393 144
201 570 144
903 963 174
880 959 174
97 694 145
556 666 145
569 778 171
598 786 171
404 534 142
217 677 145
92 440 144
46 931 179
285 459 144
32 745 171
318 602 144
108 497 144
631 721 171
610 639 132
281 686 145
493 843 171
470 915 179
579 969 179
518 955 179
8 535 144
63 688 145
429 523 142
68 237 128
313 988 179
413 791 171
823 945 179
605 751 171
59 303 128
714 780 153
8 205 125
567 887 179
7 396 144
310 619 144
119 575 144
688 865 171
223 893 179
267 734 171
450 543 142
564 988 179
250 873 179
169 590 144
355 890 179
546 694 145
456 602 142
422 466 129
83 154 122
728 838 153
353 495 142
30 357 144
208 370 144
197 488 144
221 310 128
106 657 145
738 794 153
835 944 179
717 980 179
20 732 171
67 763 171
83 180 125
467 655 145
67 735 171
288 743 171
404 408 41
76 155 122
403 919 179
153 555 144
185 264 128
390 660 145
143 220 125
653 979 179
124 922 179
365 612 142
163 505 144
321 550 144
158 344 144
184 836 171
375 803 171
457 576 142
287 303 118
175 422 144
174 929 179
242 965 179
461 943 179
98 862 171
1 781 171
346 747 171
526 911 179
104 685 145
301 529 144
262 737 171
123 684 145
601 647 132
204 723 171
134 675 145
458 666 145
782 848 135
101 858 171
749 840 153
253 393 144
341 985 179
306 820 171
114 710 171
139 824 171
478 761 171
522 764 171
787 983 179
401 860 171
510 547 137
381 497 142
115 692 145
123 911 179
374 517 142
50 165 122
313 689 145
522 854 171
352 427 134
379 576 142
235 359 144
139 254 128
80 562 144
208 453 144
171 188 125
110 271 128
388 856 171
223 557 144
127 739 171
305 509 144
199 958 179
102 848 171
435 674 145
428 930 179
628 815 171
843 898 179
63 820 171
460 536 142
41 763 171
258 551 144
677 942 179
624 907 179
201 530 144
602 747 171
117 536 144
8 68 113
389 492 142
764 944 179
681 764 171
722 848 153
456 748 171
110 491 144
494 961 179
215 613 144
233 534 144
424 776 171
427 966 179
148 604 144
525 743 171
732 735 96
169 329 144
453 635 142
644 952 179
145 351 144
166 442 144
246 346 144
602 987 179
452 537 142
129 365 144
99 581 144
82 225 125
274 473 144
552 554 137
252 787 171
301 635 144
211 862 171
506 646 137
735 906 179
40 112 119
384 671 145
91 987 179
478 627 142
523 687 145
10 879 179
91 364 144
242 879 179
8 414 144
96 740 171
75 775 171
680 891 179
320 844 171
385 678 145
119 974 179
892 916 130
289 295 118
14 76 116
136 640 144
295 901 179
148 600 144
71 341 144
246 853 171
450 621 142
445 640 142
619 898 179
318 594 144
487 918 179
359 973 179
491 502 142
620 921 179
400 818 171
369 449 134
657 765 171
90 542 144
666 738 171
137 553 144
16 23 21
29 216 125
41 475 144
393 953 179
268 956 179
176 923 179
50 415 144
191 209 120
337 824 171
669 948 179
377 700 145
728 772 153
553 956 179
381 774 171
63 946 179
630 685 145
487 964 179
86 317 131
49 723 171
561 975 179
149 559 144
204 799 171
145 234 128
472 923 179
897 943 174
351 452 134
706 763 153
582 901 179
226 674 145
269 744 171
589 691 145
354 743 171
204 813 171
163 402 144
539 734 171
788 872 179
102 593 144
2 79 116
257 484 144
28 764 171
530 548 137
625 674 145
32 820 171
72 130 122
416 718 171
69 278 128
166 704 171
51 880 179
77 992 179
648 670 145
306 769 171
417 975 179
215 561 144
525 534 124
133 335 144
298 538 144
668 919 179
154 305 128
579 690 145
113 285 128
468 797 171
339 978 179
828 834 135
20 348 144
31 164 122
737 977 179
119 438 144
196 515 144
545 586 137
114 636 144
345 788 171
246 835 171
101 216 125
399 638 142
157 492 144
224 579 144
29 182 125
597 885 179
124 514 144
163 614 144
481 975 179
636 717 171
576 765 171
84 875 179
11 229 125
346 518 142
102 604 144
319 377 144
504 983 179
80 209 125
76 935 179
93 365 144
159 333 144
91 249 128
882 944 174
364 921 179
344 772 171
9 731 171
221 670 145
268 543 144
148 927 179
196 234 128
204 229 115
319 357 144
826 828 91
391 721 171
187 313 131
821 946 179
478 614 142
58 929 179
486 843 171
667 866 171
25 67 113
539 682 145
314 905 179
184 481 144
358 817 171
70 950 179
194 618 144
524 771 171
90 404 144
546 655 145
130 386 144
50 720 171
652 980 179
482 646 142
228 840 171
328 834 171
197 468 144
211 966 179
524 691 145
516 967 179
290 677 145
464 773 171
330 770 171
732 944 179
106 977 179
385 616 142
201 928 179
54 1000 179
647 733 171
5 574 144
599 758 171
289 308 118
18 921 179
265 338 144
501 835 171
331 600 142
281 882 179
287 376 144
133 865 171
361 517 142
626 707 171
83 244 128
540 817 171
587 954 179
459 646 142
373 418 134
53 86 116
326 406 144
445 464 129
346 685 145
32 114 119
398 659 145
64 676 145
879 945 174
46 966 179
111 219 125
868 910 179
223 636 144
890 962 174
539 689 145
325 497 144
198 924 179
616 628 132
79 501 144
525 832 171
548 553 137
473 789 171
659 995 179
170 374 144
295 713 171
222 883 179
160 799 171
149 503 144
380 415 134
304 554 144
760 865 153
263 758 171
428 810 171
36 343 144
624 966 179
216 336 144
162 975 179
653 858 171
172 727 171
397 629 142
527 598 137
314 984 179
4 993 179
510 759 171
132 823 171
264 914 179
179 370 144
336 763 171
215 873 179
95 712 171
91 761 171
140 905 179
454 615 142
399 639 142
589 793 171
554 817 171
533 674 145
181 879 179
276 916 179
215 406 144
503 633 137
9 490 144
298 672 145
67 570 144
139 313 131
932 997 174
266 695 145
356 658 145
244 759 171
356 398 121
357 839 171
320 349 144
18 337 144
798 808 122
788 862 148
64 90 116
162 655 145
824 922 179
515 990 179
146 421 144
148 704 171
145 455 144
731 785 153
328 788 171
677 751 171
183 498 144
560 874 179
263 900 179
106 780 171
200 663 145
315 397 144
307 952 179
417 421 134
11 669 145
133 662 145
78 684 145
371 970 179
579 923 179
420 560 142
106 910 179
380 990 179
175 226 120
617 882 179
22 383 144
8 537 144
150 950 179
422 532 142
49 386 144
467 587 142
538 799 171
92 691 145
207 670 145
546 616 137
597 844 171
283 410 144
283 515 144
738 857 153
79 707 171
815 822 135
115 568 144
555 587 119
189 902 179
499 564 137
662 826 171
529 847 171
536 702 145
262 911 179
454 768 171
217 956 179
255 845 171
340 986 179
153 387 144
301 637 144
550 838 171
176 292 128
105 817 171
323 619 144
90 200 125
321 906 179
706 807 153
152 427 144
222 733 171
544 793 171
273 851 171
64 912 179
525 959 179
165 907 179
603 903 179
620 727 171
457 673 145
407 952 179
339 904 179
132 650 145
149 447 144
311 787 171
227 390 144
504 981 179
256 674 145
56 752 171
360 443 134
181 868 171
628 692 145
279 509 144
129 810 171
186 957 179
6 337 144
460 746 171
228 465 144
86 685 145
253 816 171
428 619 142
412 877 179
670 957 179
300 314 131
575 743 171
657 971 179
21 817 171
335 351 126
156 204 125
460 697 145
116 256 128
232 605 144
