1 1 1
36 112 119
68 215 125
16 35 112
73 23 116
55 81 116
81 58 116
18 36 112
43 114 119
41 136 122
93 19 116
73 37 116
2 219 125
21 27 112
82 155 122
62 156 122
100 138 122
29 248 128
87 250 128
6 163 122
23 114 119
61 39 113
1 46 112
79 8 116
74 153 122
70 7 113
75 141 122
1 67 113
67 55 113
7 93 116
47 142 122
61 126 119
94 82 111
1 116 119
11 87 116
36 81 116
75 33 116
45 203 125
7 159 122
86 58 116
77 94 111
14 206 125
15 110 119
53 54 113
31 109 119
55 7 113
45 235 128
54 33 113
23 250 128
87 85 31
70 75 116
84 150 122
18 148 122
85 4 116
86 11 116
62 123 119
7 35 112
90 116 119
96 130 122
81 64 116
89 158 122
30 84 116
86 160 122
47 104 119
96 169 122
61 162 122
52 135 122
15 139 122
5 27 112
12 138 122
67 159 122
41 79 116
35 162 122
83 98 119
3 16 20
58 160 122
41 191 125
67 161 122
21 115 119
63 22 113
30 219 125
46 151 122
100 83 119
3 243 128
65 126 119
70 16 113
44 187 125
47 222 125
28 162 122
16 38 112
100 209 125
90 238 128
18 170 122
27 192 125
96 239 128
80 175 125
45 165 122
41 226 125
65 3 113
97 87 119
97 233 128
67 211 125
64 181 125
54 200 125
76 85 111
85 127 119
1 240 128
44 103 119
55 242 128
22 9 21
8 146 122
32 243 128
35 101 119
52 69 113
7 99 119
52 112 119
25 84 116
63 151 122
37 81 116
32 209 125
25 139 122
96 162 122
47 108 119
82 59 116
11 62 113
4 248 128
100 160 122
1 67 113
24 1 21
89 202 125
74 131 122
32 78 116
94 19 116
30 56 113
18 30 112
17 86 116
100 171 125
1 157 122
21 135 122
82 79 111
81 189 125
46 57 113
62 33 113
90 85 31
95 73 116
49 79 116
99 237 128
46 174 125
64 50 113
97 250 128
46 47 105
33 113 119
82 33 116
6 242 128
82 88 111
2 172 125
37 98 119
14 120 119
85 218 125
52 158 122
95 60 116
90 107 119
52 217 125
45 100 119
50 206 125
82 218 125
88 159 122
77 28 116
75 156 122
69 108 119
99 210 125
18 72 113
96 58 116
14 3 20
59 206 125
62 171 125
23 86 116
74 205 125
10 149 122
47 233 128
45 156 122
49 63 113
70 215 125
62 122 119
39 33 35
21 165 122
52 74 116
78 144 122
56 34 113
47 148 122
88 47 116
49 13 112
84 160 122
9 226 125
11 99 119
29 2 112
6 215 125
2 69 113
49 81 116
70 8 113
98 188 125
37 812 171
461 149 144
461 17 144
317 108 131
401 321 144
18 731 171
489 958 179
442 103 144
57 481 144
432 853 171
20 783 171
493 929 179
144 518 144
325 230 131
219 36 125
25 490 144
246 428 144
407 859 171
270 958 179
426 181 144
7 906 179
341 500 142
473 105 144
236 376 144
427 29 144
417 212 144
67 426 144
262 294 123
60 490 144
382 640 142
329 360 126
170 293 128
400 506 142
271 509 144
83 858 171
349 189 144
369 623 142
487 140 144
316 150 131
227 864 171
467 445 129
287 809 171
41 291 128
92 241 128
173 616 144
56 841 171
79 65 116
13 352 144
190 931 179
441 117 144
43 796 171
237 428 144
4 340 144
19 809 171
494 165 144
165 426 144
355 322 144
92 61 116
62 855 171
31 391 144
356 141 144
105 269 128
118 268 128
463 646 142
488 961 179
417 929 179
55 204 125
71 586 144
354 237 144
241 983 179
339 457 134
240 638 144
358 925 179
428 729 171
32 220 125
287 806 171
258 830 171
467 689 145
212 88 125
284 834 171
356 670 145
396 179 144
446 453 116
339 630 142
240 55 128
364 762 171
72 812 171
329 972 179
211 679 145
223 533 144
393 555 142
377 438 134
271 337 144
202 305 128
368 194 144
124 153 122
466 282 144
293 607 144
415 184 144
472 657 145
366 230 144
96 795 171
436 127 144
60 837 171
62 149 122
348 782 171
454 182 144
16 140 122
153 504 144
288 910 179
435 439 116
437 30 144
44 938 179
248 418 144
143 990 179
354 837 171
147 185 125
230 429 144
193 820 171
45 80 116
357 193 144
471 905 179
451 922 179
125 764 171
325 875 179
212 957 179
245 966 179
173 562 144
144 522 144
323 35 131
85 137 122
286 553 144
84 145 122
474 807 171
330 164 144
450 842 171
183 701 145
410 943 179
175 298 128
396 76 144
359 979 179
227 384 144
371 250 144
85 78 111
215 411 144
29 913 179
441 901 179
212 404 144
140 857 171
415 271 144
27 473 144
20 537 144
98 15 119
187 916 179
143 404 144
67 35 113
49 192 125
264 203 128
280 354 144
129 803 171
119 780 171
237 226 128
113 783 171
485 643 142
153 770 171
465 821 171
459 681 145
125 325 131
337 505 142
202 520 144
402 217 144
131 397 144
302 693 145
166 395 144
277 674 145
263 250 123
151 243 128
360 93 144
285 820 171
233 611 144
49 274 128
213 912 179
455 614 142
412 449 134
11 955 179
85 289 128
267 793 171
147 469 144
193 515 144
266 675 145
336 122 144
34 67 113
243 828 171
405 316 144
265 488 144
477 609 142
447 455 116
302 263 123
117 344 144
312 919 179
925 652 179
761 106 171
646 149 144
859 51 171
778 795 122
531 802 171
12 128 119
120 419 144
439 517 142
475 429 129
828 249 171
532 678 145
836 140 171
706 34 171
776 679 171
459 483 129
843 848 42
770 513 171
4 42 112
385 624 142
181 629 144
297 928 179
449 656 145
991 490 179
756 155 171
873 833 179
455 811 171
142 61 122
802 339 171
626 307 144
116 503 144
932 761 179
439 875 179
785 388 171
865 269 171
5 495 144
510 626 137
893 55 179
69 695 145
888 541 179
119 456 144
89 563 144
399 689 145
747 686 171
994 159 179
382 228 144
245 320 131
373 890 179
767 159 171
416 557 142
915 79 179
639 243 144
6 266 128
806 428 171
119 374 144
283 291 118
933 679 179
161 180 125
922 481 179
542 988 179
594 487 142
534 690 145
199 348 144
183 81 125
540 724 171
106 227 125
923 478 179
915 659 179
419 923 179
864 66 171
691 678 127
800 190 171
140 746 171
607 385 142
610 836 171
446 868 171
288 305 118
872 889 148
624 993 179
940 437 179
381 268 144
830 671 171
832 199 171
77 147 122
157 661 145
502 733 171
922 498 179
561 922 179
730 49 171
55 107 119
277 146 128
611 143 144
710 791 153
627 88 144
556 970 179
448 850 171
435 333 134
323 595 144
427 727 171
128 914 179
766 86 171
28 121 119
247 201 128
615 931 179
365 562 142
942 436 179
659 587 145
261 525 144
919 980 174
344 334 126
669 718 171
942 509 179
752 916 179
455 81 144
704 212 171
590 766 171
969 737 179
181 79 125
128 937 179
713 514 171
631 518 137
4 992 179
28 877 179
924 854 179
113 495 144
214 824 171
682 166 145
452 959 179
509 245 144
42 305 128
497 565 137
442 242 144
353 3 144
562 76 144
841 919 179
305 952 179
859 95 171
697 575 145
667 218 145
220 899 179
913 222 179
299 284 118
57 97 119
261 831 171
583 317 144
453 281 144
210 211 40
783 612 171
949 822 179
783 204 171
155 808 171
622 237 144
309 390 144
723 508 171
755 740 140
309 469 144
229 654 145
537 677 145
742 757 140
894 134 179
929 648 179
293 557 144
687 297 145
390 126 144
940 13 179
642 588 132
381 144 144
266 125 128
523 365 142
376 94 144
732 798 153
183 616 144
277 926 179
808 104 171
624 21 144
899 985 174
473 7 144
301 8 128
517 455 142
830 423 171
912 575 179
610 999 179
344 411 134
721 210 171
633 570 132
129 640 144
95 148 122
221 499 144
360 318 144
206 47 125
578 615 132
84 314 131
613 657 145
734 392 171
483 188 144
590 845 171
172 277 128
723 69 171
999 732 179
538 411 142
1846 4144 238
1390 4571 238
3253 4123 238
2995 1733 217
4920 3809 215
2955 2847 217
4021 3894 189
2175 3142 217
3117 4601 238
3815 3624 238
3241 1205 217
4259 3960 202
4361 2930 238
3291 1659 217
1761 1333 180
1394 3427 217
3548 1188 217
4081 1878 238
2929 4074 238
1334 3490 217
1062 3341 217
4235 2700 238
2899 3567 217
4362 1872 238
3082 1213 217
2475 3353 217
2914 4996 238
1369 2659 209
2934 3774 238
1784 1403 180
4698 3728 215
1503 4764 238
3867 1645 238
2927 3961 238
3374 1153 217
1583 1826 180
1919 1159 182
4866 2039 238
3616 2628 217
4822 1741 238
3257 4063 238
2448 3916 238
3662 4675 238
4236 2013 238
4959 1711 238
3630 2529 217
3804 2840 238
3466 3080 199
4029 1214 238
3101 1525 217
3450 3682 194
1952 4667 238
1030 1230 182
1277 3949 238
2320 2669 209
4074 2693 238
2354 3005 217
3517 2474 217
2097 2605 209
1502 4544 238
1978 3808 238
4458 2302 238
4192 1054 238
2283 3811 238
4296 3262 238
3454 2701 217
3681 2521 217
2279 2818 209
2759 4241 238
2859 3757 238
1718 4101 238
3216 1247 217
2242 4917 238
1229 3423 217
1947 2388 183
2345 1383 183
3050 2185 217
4408 1072 238
2768 4877 238
2796 1943 209
1311 3520 217
3220 2399 217
1437 4633 238
3945 3137 238
1151 1335 182
4572 2505 238
1536 1394 172
4125 2062 238
2300 1800 183
3201 1621 217
1713 2156 180
3791 3884 176
1254 4587 238
2756 4661 238
1230 1236 133
3082 4860 238
2721 2534 191
1543 2924 217
3485 2148 217
1015 2299 183
1054 3601 217
4085 2845 238
2871 1922 209
4582 4866 197
4702 1374 238
4144 3511 238
4451 1617 238
4009 4448 215
4107 1648 238
2686 4635 238
4337 3172 238
1607 1585 167
2048 1654 180
3202 4861 238
2154 1997 170
4718 1722 238
4056 3424 238
4835 2498 238
4889 4425 197
4343 3602 238
4435 1591 238
3961 2496 238
4001 1866 238
3315 2894 217
4937 3197 238
4747 3012 238
2654 4720 238
1696 1797 180
1054 2704 209
3001 1998 217
3730 2875 238
3038 2178 217
2072 2712 209
4830 3787 215
4673 2378 238
1450 4450 238
2070 1598 180
4582 4213 215
2308 4440 238
2987 3776 238
1571 3202 217
2341 1171 183
3451 1274 217
2569 4536 238
1570 2145 180
2396 1599 183
1936 4325 238
1346 4936 238
1795 4240 238
3260 2350 217
3128 3192 199
3900 2858 238
4108 1242 238
1579 4448 238
2244 4606 238
2928 4121 238
3711 3175 238
3823 1613 238
4276 3235 238
4293 3984 202
4285 4806 215
3894 2468 238
3772 4879 215
2554 1327 209
4669 4261 215
1527 3960 238
4706 3903 215
1338 4365 238
4582 3248 238
4270 1530 238
4482 3597 238
4054 3727 189
1406 1487 172
4489 1381 238
3922 2622 238
2647 3324 217
4776 2245 238
3344 1934 217
1175 2029 180
2848 1676 209
3091 4237 238
3884 2930 238
3466 2168 217
2829 4942 238
3240 2262 217
4559 1852 238
3322 4398 238
4227 3269 238
4089 1284 238
3246 3495 181
4326 3978 202
4775 1736 238
3650 3334 194
1890 4408 238
1331 3268 217
2879 1862 209
1994 2382 183
1520 3469 217
3988 4293 202
4253 3179 238
12661 21291 279
43550 15520 324
37140 36019 262
43331 47503 314
16413 21144 279
19583 31122 308
39566 26710 324
37597 31277 324
29532 27797 272
48518 26098 324
29889 33626 285
12583 30699 308
35776 34442 324
21619 26075 282
29939 44347 324
22765 36185 324
45545 49660 314
49775 39487 314
48448 21128 324
33284 40872 324
32775 23440 308
11130 19295 279
41650 44485 288
27167 27735 246
21550 15606 279
38398 16889 324
48726 34932 324
24169 17323 282
37826 34141 324
29859 19852 308
31853 17956 308
40560 17535 324
44892 13981 324
25068 38310 324
39660 22620 324
45013 46099 314
39568 26509 324
30904 42407 324
10130 29471 308
43067 43995 270
28909 41285 324
43238 45198 314
18694 45195 324
23481 41000 324
17574 34269 311
36900 33981 324
36838 27209 324
37627 40583 306
37439 30381 324
26370 40842 324
42247 27396 324
45091 32180 324
39789 40115 306
42398 23696 324
43589 18910 324
13352 44451 324
28451 27485 259
47045 25857 324
37260 38943 306
24870 42976 324
35886 30715 324
29833 47409 324
29131 37677 324
24141 14891 282
28716 36035 324
46122 17163 324
27070 16582 308
17957 44562 324
29360 22354 308
17828 31210 308
24710 13721 282
45262 33115 324
49510 14674 324
31971 15438 308
48219 39693 314
25738 29228 308
46283 43014 314
40872 33826 324
26477 37763 324
13220 48417 324
37764 18431 324
38057 11969 324
25626 39157 324
40617 43029 288
41220 11923 324
49268 48366 296
28324 12025 308
32086 10000 308
42699 18218 324
29514 31197 272
16427 31267 308
30510 33819 285
46303 47144 283
49588 12007 324
20822 14861 279
12693 33294 308
19085 23634 282
31812 18050 308
10188 31953 308
38892 37942 244
25564 29101 308
22000 29504 308
16490 49211 324
18727 24772 282
49081 21287 324
31697 41453 324
26973 26336 308
41159 42547 288
37977 15874 324
21315 39145 324
24887 46509 324
18427 45502 324
43058 29586 324
49596 47145 314
31897 29959 285
15879 22616 279
44086 46930 314
27788 32751 285
17563 49288 324
24760 24471 264
42734 15646 324
47047 15226 324
27503 43576 324
36862 37669 306
23193 24249 282
14666 33539 308
31897 35101 311
26367 47353 324
20628 11447 279
35301 12140 311
19042 39128 324
45433 14794 324
38604 22066 324
45083 13255 324
42549 40720 288
25383 22345 282
35962 37776 306
25455 13207 282
44889 47576 314
36943 32797 324
46630 11177 324
35627 12245 311
40320 20058 324
40786 12001 324
32286 37082 324
47677 26644 324
47433 39348 314
43144 21825 324
20574 46581 324
18942 13776 279
42006 17890 324
12009 14552 276
20182 17027 279
46943 24254 324
49885 14458 324
24389 37942 324
43502 14103 324
27906 35301 311
31149 18926 308
26775 22441 308
10889 44375 324
10766 26464 282
13799 25983 282
35507 28144 311
28596 49639 324
27673 23724 308
23673 33129 308
38753 31314 324
30283 34218 285
48544 10441 324
17008 40403 324
12560 20697 279
48078 38756 314
48363 39938 314
47812 47559 252
30280 48582 324
17304 48470 324
30473 27849 272
23457 20047 269
14669 38256 324
48397 39299 314
34791 39816 324
47160 24828 324
17979 20228 274
40361 25101 324
46847 20405 324
28871 47127 324
20006 17890 274
10225 20663 279
18235 20088 274
32465 23443 308
47751 16211 324
45995 38240 314
21700 29848 308
40810 38305 306
20164 49133 324
16638 18149 279
32910 18177 308
26997 21328 308