4282 2852 238
9404 634 262
7676 6655 257
8785 1389 262
5778 4174 236
1579 6397 262
8958 3608 262
5265 1265 238
8471 5014 262
4627 9310 262
2757 6909 262
8825 7968 234
8244 8488 234
6762 3773 262
8615 5535 262
5053 3756 215
4568 553 238
6996 4990 262
3809 4901 215
7673 3453 262
1005 7526 262
5397 8266 262
2538 19 209
5320 9857 262
4129 6296 262
1363 4349 238
5390 172 238
2311 58 183
4634 8252 262
3331 4978 238
2323 8780 262
3984 2168 238
3630 939 217
7688 859 262
1597 9914 262
3133 6159 238
3218 7975 262
7661 7951 221
8365 3995 262
2327 4642 238
6649 5439 262
8399 5912 262
6146 6882 262
1418 1241 177
4593 7175 262
5101 2824 238
4853 6325 262
6052 8965 262
5726 3975 236
8329 6529 257
7333 6666 257
1380 461 182
4598 5519 210
9268 4231 262
4822 3265 238
8605 1731 262
8016 8567 234
6411 3224 262
6001 9519 262
1373 8493 262
7776 1946 262
4135 2476 238
5936 9844 262
7879 7358 239
6121 9136 262
2652 3727 238
5986 1658 238
5442 4413 210
6623 3186 262
7087 6972 195
6475 8413 257
8817 5418 262
726 2075 182
3616 3828 238
1513 1712 180
4045 1183 238
7516 9751 260
1397 239 182
9784 8936 260
3885 8259 262
5483 915 238
7318 8630 252
5220 9633 262
6194 8245 257
2990 5900 238
46 7405 262
1329 4129 238
2494 3884 238
6309 4686 262
4516 6754 262
4423 2680 238
9455 4929 262
7224 3236 262
358 4233 238
1645 3466 217
3580 4512 238
5619 1277 238
9084 5164 262
9584 4145 262
7822 3310 262
6370 7488 257
5178 475 238
1895 996 182
6269 3562 262
2366 8252 262
5580 5849 218
7765 9101 252
149 8887 262
5885 898 238
4554 415 238
695 7898 262
4319 2620 238
1328 4306 238
80 3489 217
367 8067 262
9801 4740 262
4942 4086 215
7470 7861 221
7134 6419 257
7175 7033 195
9280 7822 260
4074 1982 238
3142 5047 238
6571 8956 257
9196 415 262
8971 3646 262
2301 2418 183
1965 4993 238
2428 1011 183
5838 8467 262
1834 3895 238
6979 9111 252
3420 2227 217
870 608 171
9962 342 262
5076 871 238
876 2161 182
7535 6356 257
4465 4744 184
7813 9056 252
7804 2680 262
2434 2323 183
2829 5426 238
1928 9072 262
6018 8772 262
1151 7962 262
4044 2610 238
5827 3684 238
9768 6967 260
3937 6995 262
7184 6563 257
6183 6483 200
709 3558 217
5038 6260 262
9612 8911 260
1496 5320 238
3682 951 217
5705 6867 262
307 9932 262
5924 647 238
3779 464 238
6750 2052 262
6 7073 262
7340 3065 262
5100 3409 238
7767 2542 262
1303 1651 177
3062 8384 262
7386 9084 252
6582 7460 257
8790 1854 262
9710 4860 262
8646 8977 247
1433 5254 238
9996 4658 262
2804 3736 238
9908 8151 260
1769 3274 217
3080 6352 262
8045 6740 257
951 7083 262
9056 8707 247
5230 1875 238
128 9194 262
307 1878 182
5775 5825 205
3150 7975 262
7823 5555 262
5210 3908 215
1601 1596 123
7729 1237 262
4812 8545 262
8776 3918 262
5678 7914 262
5446 9878 262
8634 7914 252
2948 1315 217
9046 8402 247
1330 6280 262
7152 4315 262
5359 7248 262
8989 6008 262
7992 9459 260
8533 3128 262
3183 7589 262
5968 4880 236
4388 5688 236
8866 7334 252
5486 8806 262
498 4112 238
7752 8802 252
6414 1636 262
2863 5157 238
1383 9115 262
4888 1385 238
9391 4001 262
3109 7921 262
6999 8379 252
498 6820 262
7495 5559 262
5054 2783 238
2579 6102 238
8811 7418 252
4224 4625 215
1168 5085 238
4325 3312 238
1669 2775 209
2864 9008 262
726 8512 262
2748 9068 262
1702 9307 262
944 2770 209
9999 2226 262
2349 1864 183
453 9414 262
7195 9975 260
6273 4457 262
8537 7949 252
9930 2957 262
8148 4441 262
6022 4950 236
4516 7103 262
404 6839 262
4978 8054 262
2227 9781 262
6917 4407 262
4699 9616 262
82 2320 183
2552 996 209
4897 1912 238
7745 5168 262
5366 803 238
8027 3856 262
9377 9923 242
3076 1662 217
5475 2442 238
6741 7244 257
6410 6802 244
474 2253 183
674 1654 182
5736 9464 262
6391 2190 262
1609 7704 262
6403 5954 262
9522 6337 260
4306 6036 236
8646 3569 262
9352 6927 260
3604 260 217
9269 2767 262
3151 9080 262
3579 2918 217
1509 1970 180
7539 4879 262
2099 8458 262
9080 3240 262
6149 9331 262
2153 8552 262
3756 2324 238
8415 7785 252
5579 4811 236
9444 1934 262
4542 8286 262
5640 8317 262
9277 1930 262
958 7010 262
14 6396 262
9951 3480 262
1381 4225 238
7505 446 262
8960 257 262
4700 9634 262
3132 1772 217
925 9345 262
8250 9591 260
6490 7606 257
3310 1087 217
3187 6721 262
1575 119 182
3089 9814 262
5619 4143 236
4467 8441 262
3867 4404 215
6434 7595 257
1585 4490 238
675 9824 262
7767 502 262
230 2614 209
4964 5586 236
8242 8135 190
3404 4211 238
362 7666 262
2372 9412 262
9059 6493 257
2556 1267 209
3076 4993 238
6464 810 262
810 3739 238
967 3876 238
1084 3286 217
7074 4197 262
401 5914 238
8388 9384 260
2728 3129 217
1145 3099 217
7272 2239 262
4707 9654 262
4250 7910 262
888 3694 217
5432 7253 262
9499 5462 262
175 9887 262
6821 1649 262
9788 6791 260
5607 7077 262
5389 5926 236
4292 642 238
5481 1021 238
3400 4667 238
2373 5430 238
4685 4757 166
6423 9935 260
4350 5256 215
9530 5034 262
5615 954 238
3996 7690 262
292 7202 262
5576 571 238
257 3401 217
1422 4434 238
8985 3145 262
3360 4764 238
2159 5465 238
2426 3014 217
307 7393 262
8213 4594 262
1951 2133 175
5520 1691 238
3995 7189 262
7618 3582 262
987 4216 238
5996 9264 262
6372 3015 262
6673 2796 262
4621 3863 215
3575 4658 238
6528 6806 244
7461 231 262
4512 9484 262
968 8596 262
1837 8491 262
2197 3626 217
9863 3956 262
3513 4570 238
1353 3074 217
6409 5543 262
1326 3597 217
5254 1483 238
3810 691 238
5167 1998 238
3609 8457 262
5609 118 238
9602 6476 260
2055 6466 262
6954 3455 262
6321 681 262
2807 3733 238
8062 9225 247
2319 5733 238
5110 5866 236
6599 7751 257
9303 1921 262
3471 7518 262
4956 7363 262
2871 674 209
9502 3376 262
9589 8561 260
2283 7715 262
5973 4543 236
3412 6457 262
2500 6853 262
5781 4164 236
9027 9010 185
1015 6796 262
4404 3182 238
1973 5563 238
345 4120 238
2528 1823 209
4361 2750 238
2020 5846 238
1929 9003 262
3566 9808 262
8826 7938 252
1291 5352 238
2286 1577 183
1811 9287 262
4505 8291 262
8617 4661 262
2311 1065 183
9088 9158 185
7245 4046 262
9518 2464 262
5486 4184 215
1538 1901 180
7809 2978 262
6633 5982 262
8209 5819 262
7885 2693 262
7879 2486 262
4246 5474 215
9489 6805 260
5809 1711 238
2813 3508 217
8303 6947 252
4068 4902 215
6735 1664 262
5738 3089 238
1992 4416 238
9718 197 262
2751 2509 191
9238 9451 260
2565 2676 191
8067 7785 252
6058 2120 238
5273 7297 262
7368 5034 262
1108 2385 183
660 5460 238
5549 1012 238
8085 6977 252
4112 253 238
3545 642 217
4292 2754 238
3042 1282 217
9806 1763 262
4280 8085 262
4477 6228 262
4414 9113 262
7090 7270 195
2819 8352 262
2292 569 183
3828 8602 262
253 1984 182
4553 4374 215
1418 1454 141
4894 8276 262
5158 6037 236
5296 4146 215
6930 9565 260
6117 6784 262
5327 8034 262
927 6391 262
7257 6560 257
5285 8078 262
7325 6268 257
461 3863 238
5776 4710 236
6773 9624 260
9910 6824 260
1744 5164 238
6548 5747 262
4836 3938 215
954 2255 183
8734 6948 252
9978 1736 262
4839 3013 238
2274 1614 183
2617 47 209
6731 3444 262
418 2471 209
7564 9244 252
3235 6737 262
2689 7248 262
9662 943 262
5795 1424 238
4166 9306 262
4628 9014 262
1511 5006 238
2963 178 217
4451 406 238
7743 9553 260
3456 4331 238
614 6381 262
1350 2061 180
8144 5283 262
1596 9248 262
8510 8607 203
9430 5246 262
1628 5027 238
3667 5255 238
9203 4439 262
5144 3717 215
347 8588 262
9247 595 262
595 2109 182
4726 1184 238
2289 5003 238
737 3496 217
7238 8000 252
9237 6896 257
6829 6440 244
2750 2670 160
6696 4484 262
1031 5223 238
869 4766 238
980 149 179
9647 7491 260
7600 8383 252
1743 8004 262
6950 8698 252
6045 3783 236
1886 5834 238
4178 5343 215
7918 1775 262
3749 4710 215
8964 8476 247
8360 335 262
9547 3703 262
3399 9560 262
9064 3457 262
3338 9096 262
4449 4164 215
315 8597 262
1088 9531 262
160 52 122
1437 2814 209
3716 9952 262
8700 9821 260
756 7733 262
1626 5935 238
1806 3541 217
525 9879 262
9007 7655 252
971 3621 217
6660 2656 262
5823 1248 238
2893 6327 262
4676 6462 262
8480 3719 262
6123 4388 236
4048 8374 262
7339 4723 262
4399 6777 262
5887 465 238
7245 7157 195
5302 4206 215
7357 9833 260
6928 5173 262
3887 4735 215
7498 4734 262
7363 9314 260
4066 4777 215
7153 5173 262
3712 8430 262
617 9233 262
9631 8622 260
4997 396 238
8766 1341 262
3978 6921 262
415 7771 262
4122 8554 262
9977 7032 260
9795 5369 262
6803 2253 262
8 1450 182
1791 6645 262
9470 2676 262
2542 6375 262
4691 7136 262
6599 2658 262
1774 8069 262
7351 9116 252
6019 4606 236
7967 6960 252
5518 6552 262
7706 9842 260
5088 8912 262
6625 674 262
5807 1700 238
8237 3885 262
6821 4682 262
2598 2494 178
8826 7972 234
2229 1075 183
7726 3834 262
2922 4033 238
8948 4917 262
7349 5879 262
9159 4671 262
7656 2959 262
2273 986 183
1065 6762 262
6710 4467 262
9078 158 262
4734 2229 238
4435 3343 238
6476 7852 257
8309 1154 262
3572 8326 262
310 8546 262
8085 8462 234
6014 4152 236
5968 2449 238
4722 180 238
4389 3440 238
1482 8877 262
6463 9315 260
7021 3930 262
3890 4336 202
2355 6516 262
3708 7278 262
5972 5100 236
4612 8763 262
8120 4937 262
1920 2313 183
8680 7133 252
5536 3840 215
56 1855 182
7423 2257 262
9429 1298 262
3518 5430 238
1448 6512 262
1956 9256 262
9998 5616 262
4568 6253 262
5182 4420 210
6388 8999 257
2787 1293 209
5077 7764 262
4626 513 238
2458 9235 262
2897 5633 238
8133 9863 260
4251 5628 236
8927 7218 252
7605 2987 262
2904 7709 262
4658 5200 210
6548 5351 262
8847 7667 252
2099 1279 180
3739 8080 262
7950 8312 252
7036 731 262
2699 3376 217
4551 324 238
3622 8036 262
5156 6002 236
9015 370 262
7377 6762 257
4237 7114 262
2571 680 209
5048 9611 262
4133 6776 262
181 9332 262
9007 1719 262
8722 9996 260
3704 8645 262
59 9558 262
5125 2797 238
4264 9205 262
7818 6923 257
4331 8868 262
7331 1217 262
5975 1500 238
970 7702 262
8647 8292 234
8189 3282 262
8633 3667 262
6695 5217 262
649 2717 209
8998 5679 262
7275 3466 262
255 6196 262
4821 8975 262
5249 5455 192
6221 7599 257
2752 9097 262
2276 241 183
7601 7434 208
3654 1563 217
3415 3526 181
1978 6251 262
6085 9079 262
5587 8381 262
2090 9053 262
4669 9754 262
1360 8391 262
7582 2252 262
2014 6233 262
9908 9669 242
5571 9433 262
5590 6631 262
8781 8143 234
4024 6496 262
485 7067 262
1566 5294 238
9777 2329 262
963 1562 182
2126 4752 238
8893 7853 252
2306 838 183
5017 8615 262
354 2827 209
3472 4591 238
715 6714 262
5202 2642 238
7942 8224 252
76 2101 182
8070 8895 234
6606 6151 262
666 3893 238
6135 9220 262
7885 966 262
2696 4036 238
6670 967 262
9290 1282 262
8440 6352 257
6851 1334 262
3968 3193 238
9967 4154 262
7132 1316 262
6242 4482 262
9231 7786 252
6075 2052 238
8019 6279 257
8088 8073 146
2396 7708 262
6881 8602 257
6252 9313 260
5225 5433 192
8720 5941 262
8730 6241 257
2020 4918 238
4312 9377 262
9001 9895 260
5257 9667 262
2060 3504 217
371 9106 262
3061 3089 155
8722 4608 262
3977 8170 262
1299 47 182
5056 9513 262
2654 7365 262
6026 7753 262
1440 7512 262
9833 713 262
8072 2591 262
8479 2792 262
129 7744 262
2820 8519 262
4568 6717 262
2100 223 182
11 9424 262
7916 6717 257
8538 2879 262
5584 6987 262
7141 9486 260
6492 9638 260
2429 4545 238
2909 9872 262
7730 1487 262
7108 8920 252
9168 3220 262
2630 2895 191
800 1218 182
6557 7622 257
3963 7221 262
5397 1334 238
6194 6672 244
7621 977 262
158 8981 262
8199 7011 252
7446 5808 262
9597 2399 262
6948 3568 262
7660 8000 252
4836 4387 197
6245 9963 260
5352 7421 262
5140 2628 238
1279 6405 262
6218 4791 262
1832 9602 262
3169 7357 262
1238 320 182
7000 9312 260
3149 6792 262
6479 7977 257
434 1266 182
9940 3291 262
3183 3178 106
7339 8679 252
1674 9103 262
7309 1796 262
6800 3070 262
8136 4962 262
217 4300 238
3387 8153 262
4465 1320 238
2126 5817 238
4964 3726 215
8576 8784 216
3720 2559 238
9996 9528 242
4751 6775 262
9865 3163 262
7076 2118 262
1102 6509 262
9095 4600 262
3575 4121 238
4615 7071 262
558 1307 182
2993 689 217
7059 2722 262
1654 312 182
9484 347 262
253 3375 217
6881 2263 262
4430 5089 210
3845 6421 262
8053 3533 262
9757 9871 211
1136 9966 262
6331 6657 244
1786 1402 180
9046 9017 185
7503 6557 257
7263 1205 262
4326 2149 238
7380 6608 257
1139 5414 238
2052 4943 238
8967 6094 262
9221 7820 252
2839 2184 209
9783 1832 262
2965 5477 238
7151 2223 262
4659 568 238
9951 6532 260
1600 2835 209
7029 9595 260
2427 5016 238
3065 9570 262
2803 3246 217
2493 3215 217
4186 8382 262
4664 5766 236
9977 7917 260
7413 4142 262
2343 8251 262
9235 1375 262
4224 3716 189
355 7081 262
9629 7333 260
9659 2232 262
405 1023 179
5189 5464 192
7163 1598 262
226 8850 262
444 6315 262
2785 2361 209
3019 6867 262
2058 8725 262
2813 4996 238
5650 278 238
1948 7846 262
2232 2300 152
8216 6872 257
6879 771 262
6188 9422 260
2449 7430 262
2660 6168 238
9065 9373 260
5628 8026 262
6571 1527 262
6640 971 262
4511 1138 238
8749 6458 257
818 2620 209
3191 4539 238
2414 5803 238
3740 9163 262
6035 3917 236
9362 8367 260
1069 6068 238
8621 5101 262
6847 568 262
1760 6268 262
1970 9785 262
9598 9866 211
162 1848 182
8743 4185 262
3036 4648 238
3421 5630 238
3810 748 238
7109 3075 262
2376 3554 217
2376 3843 238
3971 9794 262
2087 2942 217
8678 8798 216
6949 4820 262
795 6815 262
1783 3808 238
5004 8847 262
7105 9878 260
4401 2466 238
626 1605 182
2735 6394 262
8996 2431 262
5280 7765 262
9056 2947 262
3371 5650 238
3471 9508 262
9751 7364 260
8757 5921 262
5480 6247 262
9644 265 262
7116 2952 262
6102 5020 236
8073 8847 234
2577 4992 238
9013 1778 262
9599 9822 198
4781 9654 262
774 7172 262
1415 3478 217
6845 7054 257
2790 5461 238
1186 6746 262
4386 1578 238
8423 2424 262
6799 3690 262
1428 319 182
3100 9525 262
4797 723 238
9435 9330 198
1785 7098 262
927 6151 238
2481 1827 209
3156 3235 199
8158 405 262
1861 11 182
7104 9852 260
2393 3730 238
1671 1925 180
5963 9272 262
9504 8942 260
2828 6117 238
5011 26 238
2423 1110 183
4643 6346 262
205 2909 209
5910 2913 238
4304 5357 215
4636 8026 262
7161 5387 262
6657 98 262
369 7087 262
1767 1270 180
6050 4413 236
7284 5986 262
1811 8051 262
1407 3927 238
2724 6566 262
1833 2076 175
1856 622 182
3029 8988 262
970 5708 238
2430 534 183
9778 2816 262
2398 8102 262
8090 934 262
7956 930 262
6062 8153 262
950 2376 183
2274 3953 238

