97 97 119
978 978 50
112 112 21
11 15 18
9614 1169 262
1942 4238 238
7735 5555 262
7355 472 262
1612 1396 172
3941 94411 351
4425 15541 276
3893 66431 340
8798 39491 324
5834 74871 340
3 42191 324
9163 35491 311
9399 9931 242
1758 32831 308
5157 83351 351
5276 73511 340
4981 49921 324
9125 33891 308
3788 64731 340
8181 85431 351
6953 51521 324
1913 79141 351
9175 56691 340
4499 1781 238
71 41771 324
4522 1121 238
3199 51651 324
7998 1951 262
331 82211 351
9215 54131 340
1941 56221 340
5788 96191 351
5447 58161 340
2918 54951 340
11 68981 340
9497 95791 351
1117 76111 340
9266 92381 351
7218 18711 279
1317 91841 351
8916 52191 324
5575 31131 308
4312 49511 324
1251 21451 279
1515 83631 351
5389 64341 340
6989 79511 351
6154 41211 324
7151 31151 308
7133 23831 282
58 11161 268
1643 372 182
2452 941 183
5124 113 238
2566 821 209
972 833 179
2974 162 217
1683 234 182
4815 283 238
8478 73 262
6351 611 262
9793 27 262
4934 728 238
5458 632 238
4195 799 238
5947 177 238
7266 463 262
3883 115 238
2784 281 209
5283 649 238
1925 219 182
3467 966 217
1615 316 182
693 622 145
9824 297 262
8141 219 262
1311 594 182
9163 197 262
3366 762 217
6439 913 262
6114 195 238
8951 433 262
141 793 171
1885 951 182
7975 729 262
1498 189 182
5482 384 238
5147 276 238
9129 181 262
7118 961 262
3294 231 217
1719 623 182
6496 378 262
1991 335 182
1583 369 182
187 561 144
4413 2 238
7611 881 262
8351 137 262
2476 685 209
5565 77 238
4532 512 238
922 543 179
8418 628 262
986 872 174
2711 584 209
7931 154 262
5147 47 238
3564 294 217
448 282 144
5854 731 238
9419 619 262
7618 231 262
3869 191 238
7568 956 262
9939 842 262
7485 48 262
8113 11 262
9251 452 262
7136 897 262
7662 669 262
6341 931 262
1181 625 182
3922 452 238
3141 171 217
7559 21 262
5199 176 238
3979 71 238
4164 441 238
7112 556 262
755 11 171
5261 572 238
2523 69 209
2333 559 183
5471 582 238
4441 766 238
3969 35 238
9582 466 262
292 586 144
8343 155 262
3576 854 217
7771 716 262
4775 669 238
5823 645 238
7257 419 262
6482 83 262
2143 294 182
291 761 171
7311 181 262
1164 521 182
7996 248 262
7471 241 262
4691 658 238
7542 763 262
7361 524 262
3786 421 238
9759 421 262
5532 836 238
4334 698 238
2615 653 209
821 619 171
8647 577 262
431 95 144
5211 525 238
332 46 144
2113 418 182
1641 56 182
152 566 144
2151 439 182
5429 24 238
631 373 142
2871 352 209
1415 319 182
9158 812 262
1175 161 182
7476 422 262
5477 323 238
1649 711 182
5714 166 238
7588 357 262
2253 891 183
2584 316 209
2395 141 183
4198 642 238
817 411 171
6174 218 262
2676 531 209
8855 847 262
3457 836 217
2762 195 209
3412 175 217
8936 962 262
687 647 145
9779 834 262
7849 239 262
3993 858 238
8759 771 262
742 164 171
435 843 171
5583 391 238
7497 771 262
6646 871 262
4768 537 238
228 773 171
8361 517 262
4718 919 238
1143 175 179
515 988 179
5962 326 238
9111 451 262
2172 96 182
3571 352 217
7769 814 262
8244 448 262
2563 389 209
9281 81 262
435 115 144
898 235 179
8599 517 262
8484 668 262
8452 516 262
6711 991 262
8275 119 262
485 248 144
2525 314 209
1811 898 182
7418 484 262
7193 455 262
9713 518 262
4519 63 238
47 618 144
6244 326 262
2844 747 209
4741 872 238
8515 874 262
4578 823 238
273 699 145
2228 624 183
6711 665 262
5398 911 238
5919 359 238
3954 99 238
6181 655 262
5884 494 238
9522 811 262
2236 896 183
2766 669 209
3861 288 238
4642 715 238
2331 463 183
8511 612 262
2246 154 183
8813 652 262
981 361 179
4744 557 238
7911 111 262
1417 352 182
4114 47 238
8836 173 262
158 838 171
1874 642 182
7119 221 262
3155 5 217
7293 815 262
8318 749 262
6972 527 262
4771 443 238
5187 144 238
1415 471 182
2211 419 182
4812 11 238
9153 618 262
7936 243 262
9718 866 262
8348 872 262
3125 944 217
6948 674 262
1257 221 182
2 776 171
5659 346 238
4685 637 238
5177 789 238
399 812 171
5344 56 238
6911 79 262
7435 38 262
5339 327 238
6297 131 262
9354 216 262
4252 457 238
8181 813 262
1417 989 182
7813 323 262
9372 874 262
3175 855 217
711 465 171
719 247 171
714 117 171
2143 287 182
1194 487 182
4421 588 238
4763 791 238
3728 869 238
2263 672 183
8565 758 262
4977 541 238
6828 697 262
4792 689 238
9765 814 262
2113 735 182
643 254 144
3421 163 217
2115 815 182
2462 235 183
7233 497 262
7779 246 262
4914 454 238
4596 868 238
1117 536 179
2784 958 209
3718 786 238
614 398 142
9689 277 262
5612 837 238
8176 853 262
3212 859 217
4311 416 238
9654 611 262
4542 786 238
8954 889 262
2913 517 209
9177 191 262
7619 129 262
4986 811 238
6971 411 262
2172 755 182
3874 418 238
3797 188 238
222 858 171
3992 147 238
7767 219 262
919 384 179
8851 563 262
3111 411 217
1614 367 182
1716 561 182
9431 118 262
8666 447 262
8455 229 262
9951 842 262
6691 175 262
5839 336 238
6652 346 262
5288 171 238
3349 563 217
2283 889 183
9431 188 262
3859 511 238
8151 343 262
9259 527 262
6975 333 262
2361 39 183
6695 983 262
8259 138 262
9671 961 262
4854 661 238
8115 23 262
4151 631 238
3865 411 238
2859 751 209
7 371 144
3252 378 217
9324 921 262
895 883 148
2389 836 183
1176 819 182
2911 212 209
7138 528 262
8322 294 262
6988 294 262
7496 313 262
2132 236 182
7579 622 262
2459 69 183
8238 716 262
2887 731 209
9162 1 262
1633 357 182
691 533 145
9518 394 262
6221 126 262
5482 289 238
439 421 116
3143 212 217
2715 887 209
5621 365 238
7861 878 262
4193 215 238
1152 711 179
1231 216 182
7681 165 262
3655 614 217
6969 531 262
6689 698 262
6441 274 262
7573 319 262
5726 894 238
3517 783 217
1692 754 182
7437 441 262
8618 948 262
8619 352 262
6174 133 262
5867 965 238
3947 698 238
151 913 179
7314 788 262
8214 587 262
8716 81 262
1891 115 182
6824 412 262
6629 913 262
5483 126 238
9269 123 262
9656 819 262
4459 358 238
2914 161 209
8398 557 262
7614 878 262
496 56 144
3881 645 238
9911 313 262
8633 668 262
4222 681 238
1531 592 182
7794 712 262
7361 299 262
3573 722 217
5218 443 238
4952 127 238
9584 5 262
7819 2 262
1857 918 182
5948 759 238
2321 198 183
3524 794 217
1191 424 182
342 136 144
378 365 108
3133 72 217
9661 329 262
2977 545 217
1147 477 179
8168 836 262
7493 973 262
3586 49 217
9336 559 262
8776 383 262
9152 437 262
4547 542 238
6651 341 262
8168 88 262
6755 62 262
5119 533 238
5162 637 238
3619 112 217
2493 7 209
2796 543 209
231 921 179
9633 429 262
2149 88 182
1529 748 182
6996 14 262
5645 275 238
118 27 119
114 961 179
9471 352 262
1358 694 182
6689 162 262
5757 597 238
28 154 122
6485 845 262
5859 661 238
3875 212 238
9841 179 262
6818 592 262
1729 511 182
1684 775 182
6953 212 262
9187 186 262
5198 51 238
4856 171 238
1915 751 182
4827 617 238
592 342 142
5443 75 238
8549 859 262
2858 474 209
7815 318 262
9171 571 262
211 452 144
2734 954 209
6395 912 262
8329 227 262
9261 41 262
7734 992 262
6191 269 262
2162 562 182
3167 423 217
1583 494 182
2164 85 182
881 326 179
2842 871 209
157 469 144
5985 896 238
8875 131 262
6378 763 262
5161 761 238
3282 614 217
3855 33 238
2218 738 182
6176 619 262
6932 918 262
5118 913 238
3562 383 217
3534 784 217
7298 25 262
5121 174 238
1124 915 174
7752 74 262
4619 754 238
442 17 144
3129 621 217
8369 182 262
9115 985 262
9136 218 262
2316 666 183
9813 835 262
8613 436 262
8576 316 262
7367 46 262
665 325 145
5911 261 238
4511 261 238
2331 228 183
9638 518 262
5948 46 238
2671 951 209
1454 232 182
6396 17 262
2971 214 217
8135 594 262
642 322 144
5442 545 238
281 799 171
2816 257 209
1788 11 182
997 465 179
4238 122 238
6211 162 262
7117 685 262
4561 229 238
1229 671 182
1798 156 182
2947 118 217
7836 261 262
3582 622 217
4999 15 238
1464 912 182
7967 153 262
4155 38 238
1263 789 182
1617 882 182
4626 288 238
2745 525 209
8146 143 262
4975 555 238
2483 155 209
9638 868 262
8241 346 262
8191 767 262
8323 751 262
9131 469 262
6365 174 262
718 764 153
1422 673 182
1148 525 179
4545 131 238
1884 716 182
2116 276 182
2244 871 183
5113 83 238
6127 842 238
6973 733 262
8197 919 262
7745 948 262
2157 972 182
5513 729 238
171 741 171
251 54 128
4956 271 238
8811 615 262
3249 213 217
3512 766 217
651 931 179
2184 378 182
5417 421 238
5142 524 238
8932 869 262
1391 4 182
4925 698 238
618 397 142
9491 781 262
7594 773 262
7157 595 262
241 838 171
949 365 179
3271 819 217
8745 267 262
2262 289 183
5113 473 238
2178 111 182
835 5483 238
423 9941 262
819 2211 182
312 3477 217
51 4734 238
21 5236 238
284 7146 262
321 2975 217
375 3252 217
116 8128 262
72 1469 182
268 68 128
285 8611 262
232 6915 262
127 4821 238
51 6175 262
213 2146 182
253 2161 182
612 7393 262
799 3116 217
427 3197 217
696 6295 262
289 7861 262
33 8658 262
479 3111 217
548 1251 182
733 6239 262
739 1893 182
983 1399 182
969 4122 238
141 3735 238
233 7121 262
165 1925 182
393 1654 182
63 4243 238
331 814 171
228 6569 262
871 8218 262
894 1764 182
844 4371 238
312 161 128
137 3645 217
942 9314 262
935 9525 262
457 7411 262
957 2195 182
417 7181 262
681 7234 262
584 7141 262
566 2663 209
496 9574 262
691 4116 238
513 3911 238
755 5444 238
531 3352 217
525 4417 238
488 7617 262
718 8869 262
888 9873 262
881 3351 217
337 866 171
154 3361 217
858 9414 262
915 6519 262
271 5975 238
316 2139 182
297 72 128
315 8857 262
14 2454 183
846 6135 238
887 3682 217
864 9473 262
789 5157 238
41 1168 182
923 4716 238
665 6192 262
66 2973 217
172 1171 182
831 1985 182
411 8841 262
177 3118 217
889 6197 262
717 8181 262
597 7457 262
264 595 144
635 2449 183
711 7522 262
877 7361 262
129 2884 209
296 3186 217
615 1418 182
124 9188 262
595 5555 238
997 8247 262
447 2381 183
494 1141 179
26 6973 262
741 3754 238
967 9991 262
718 5522 238
418 6926 262
916 5414 238
58 4261 238
561 1691 182
317 5451 238
237 7254 262
933 1219 182
698 1911 182
878 9984 262
463 1823 182
173 5384 238
539 5797 238
174 2289 183
494 6112 238
469 4464 238
692 1953 182
916 5551 238
132 4463 238
24 1739 182
971 8796 262
615 8954 262
555 6363 262
933 273 179
121 8446 262
716 6669 262
821 159 171
473 832 171
37 9816 262
212 1119 179
18 7975 262
918 3123 217
255 4642 238
572 8451 262
89 8715 262
831 8192 262
611 8921 262
636 9377 262
966 4341 238
436 8713 262
116 6319 262
751 8478 262
597 7365 262
498 7176 262
522 5122 238
92 8655 262
9 7126 262
414 3553 217
727 8741 262
413 1588 182
119 4116 238
362 9482 262
78 9713 262
636 3216 217
182 5888 238
241 8575 262
787 2327 183
891 5419 238
553 6762 262
461 6978 262
92 4844 238
23 3516 217
812 6111 238
619 1843 182
577 1118 179
681 1142 179
516 6326 262
815 7274 262
387 1192 182
434 7135 262
693 9121 262
338 2416 183
374 2981 217
773 4736 238
598 2769 209
268 8916 262
964 6744 262
532 7161 262
387 6816 262
711 9878 262
336 9146 262
345 4683 238
81 4415 238
333 2215 182
593 5252 238
911 9452 262
263 7599 262
518 797 171
311 5594 238
415 7471 262
573 5288 238
151 981 179
146 1526 182
612 2363 183
397 6562 262
127 5919 238
841 1367 182
681 4895 238
24 7756 262
414 7816 262
351 4415 238
575 7784 262
826 2728 209
49 6617 262
936 4159 238
51 5418 238
545 1288 182
181 5187 238
263 8195 262
511 8576 262
497 7876 262
292 2878 209
679 5242 238
888 6445 262
139 3962 238
183 6867 262
355 2215 182
755 7281 262
196 8482 262
991 8117 262
951 3592 217
144 3237 217
737 653 171
913 6722 262
918 1211 182
521 4914 238
17 7611 262
186 9139 262
731 5766 238
811 5541 238
299 7236 262
319 8111 262
311 745 171
262 5112 238
853 6444 262
13 4132 238
446 7944 262
515 311 144
911 3182 217
588 4577 238
292 3893 238
495 6634 262
564 851 171
391 5646 238
228 1661 182
521 1333 182
479 7731 262
815 512 171
771 6316 262
185 1663 182
215 8739 262
715 9911 262
429 3761 238
488 5396 238
592 8498 262
621 6913 262
693 3454 217
284 832 171
11 5276 238
279 1111 179
147 5381 238
894 1916 182
1 3721 238
444 5288 238
32 7411 262
611 5641 238
496 1991 182
58 2151 182
622 7176 262
488 3371 217
472 4511 238
711 7862 262
675 817 171
552 5111 238
551 6137 238
316 7578 262
8 1833 182
393 9235 262
168 831 171
218 8256 262
811 1717 182
4 3816 238
985 8892 262
427 8681 262
617 6511 262
716 1651 182
498 6829 262
726 6536 262
563 6819 262
472 1996 182
816 6791 262
612 2176 182
515 8298 262
731 8415 262
625 2991 217
232 5575 238
167 6411 262
996 1747 182
469 3618 217
191 11 125
696 6253 262
552 821 171
218 8516 262
694 1212 182
713 4197 238
398 5343 238
15 141 122
797 5322 238
382 6578 262
599 5257 238
53 1583 182
641 2492 209
684 3777 238
761 3428 217
956 566 179
768 6145 238
938 4671 238
398 4818 238
972 437 179
736 5694 238
875 4183 238
413 9831 262
141 1311 182
721 7614 262
1 4351 238
341 5212 238
251 736 171
2831 92531 351
7254 35971 324
7198 66291 340
6927 86311 351
9143 21261 279
3832 73621 340
264 43411 324
7111 94321 351
1953 51111 324
5711 78991 351
5914 82451 351
3397 12681 268
7183 2721 262
5463 77611 351
6741 77611 351
7314 13811 276
8595 13111 268
1645 84851 351
4828 84761 351
1954 25131 282
994 37581 324
3678 33161 308
8997 15911 276
8426 11251 268
6517 91781 351
1113 35141 311
9497 41581 324
2925 5451 238
1814 26371 282
2412 51771 324
9139 29511 308
5481 51591 324
3826 7961 262
5143 36721 324
1837 96751 351
7119 74181 340
5634 31151 308
1741 52141 324
857 59111 340
123 96881 351
7228 89491 351
261 41361 324
5942 92191 351
4748 88361 351
5865 33211 308
1587 41391 324
634 96511 351
4861 31791 308
