5550 6386 262
27 922 179
6613 6693 182
1875 1886 175
6018 6818 262
1417 1858 180
3381 3582 194
4273 5099 215
5570 6343 262
357 774 171
2870 3249 217
8168 8725 234
9487 9660 198
4711 5623 236
9393 9441 154
6823 6861 182
963 1110 169
9937 10409 242
5022 5205 179
1122 1318 182
2410 3373 217
8127 8944 234
7134 7865 239
3325 3498 181
8330 8398 234
147 505 144
9616 9935 242
7037 7184 195
3329 3644 194
2732 3305 217
7110 7629 239
8804 9214 247
273 539 144
7618 8515 252
1338 1788 180
4051 4440 215
8389 8432 203
823 1141 179
4960 5384 192
9148 9944 260
5710 5722 174
8473 8652 203
5977 6204 262
5280 5468 192
4936 5312 192
5775 6774 262
6883 7211 257
4005 4836 215
3108 3475 199
6710 7464 257
3552 3994 238
6640 7128 257
6857 7705 257
7270 7577 239
2454 2792 209
7271 8268 252
140 756 171
5302 5666 236
8157 8657 234
1173 2098 180
7856 8154 252
4055 4484 215
4527 4800 197
9236 9594 260
2110 2213 170
5986 6300 262
9664 10105 242
5533 6427 262
7332 7719 239
4713 5701 236
3960 4474 215
5860 5904 174
8398 8615 203
2435 3027 217
8283 9220 247
771 1207 182
1599 2486 209
5901 6506 262
9064 9278 260
2794 2875 173
7204 7766 239
3869 4598 215
6225 7016 257
2739 3228 217
580 1005 179
3741 4672 215
6559 6782 244
9104 9404 260
6221 6703 244
2638 3247 217
6777 7279 257
5013 5883 236
344 617 142
661 1347 182
2341 2571 209
5483 6276 262
9031 9814 260
2539 2730 191
2548 3337 217
1501 2291 183
3859 4466 215
270 275 92
784 1243 182
643 1401 182
3355 3446 181
6542 7282 257
9048 9648 260
7986 8583 234
5535 6318 262
3284 4182 238
7290 7299 164
507 710 171
1605 1829 180
4436 4780 197
968 1315 182
2611 3167 217
4725 5389 210
6146 6949 262
1304 1949 180
2496 3002 217
9428 10299 242
9793 10634 255
3206 3482 181
4475 5194 210
8547 8952 216
731 1695 182
2311 2956 217
597 1209 182
5697 6433 262
8399 8849 216
6113 7070 262
8547 8983 247
6206 6381 200
9935 10044 211
3511 4224 238
9276 10188 242
869 1687 182
2666 3140 217
7317 7383 195
3490 4424 238
3542 4518 238
629 777 171
6633 7281 257
4425 4571 184
784 1066 179
6469 6791 244
2321 2330 183
1925 2589 209
5087 5189 179
6188 6784 244
6184 6265 187
7569 8366 252
2622 2889 191
6994 7664 239
3199 4097 238
8493 9406 260
6114 6904 262
7028 7081 151
3492 3908 238
7804 8319 252
4260 4901 215
5755 6247 262
2879 3525 217
9484 9771 198
7514 8101 252
6339 6763 244
3359 3910 238
5491 6308 262
8883 9768 260
1610 2112 180
5236 5575 236
9645 10472 255
104 1076 179
9347 9398 198
5977 6874 262
9829 10480 255
8366 9355 260
2042 2617 209
3468 3738 238
2811 3299 217
8439 8488 203
6345 7010 257
6951 7681 239
2607 3232 217
3697 3741 238
3872 4115 189
1780 2185 175
1594 1599 123
8189 9087 247
3599 3697 207
293 757 171
751 1026 179
1877 1937 175
9103 10023 260
7784 7811 221
5945 6569 262
6352 7140 257
4051 4793 215
9166 9509 260
3783 4258 202
2950 3249 199
8706 9111 247
3424 4215 238
3338 3547 181
1653 2492 209
4522 4827 197
9694 9937 242
5701 5966 218
3463 4403 238
448 1314 182
4050 4748 215
3216 3714 238
6212 6825 244
5333 5805 236
6459 7092 257
3432 4269 238
4626 4929 210
498 772 171
2835 3599 217
4873 5323 210
7177 7601 239
1608 2075 180
5393 5505 192
808 809 47
8315 8334 203
6578 7041 257
8783 8838 172
9568 10116 242
783 1001 179
6579 6691 244
4814 5800 236
5369 5866 236
5835 5887 218
7651 8365 252
3685 4418 238
5068 5715 236
4237 4594 215
2283 2755 209
3761 4566 215
2507 3159 217
9628 10299 242
4062 5035 215
3029 3641 199
4045 4529 215
7013 7942 239
7086 7191 195
6383 7308 257
5560 5915 236
9904 10121 224
9457 10208 242
7764 8622 252
2305 3070 217
954 982 143
9340 10046 242
7366 8355 252
1988 2139 170
6763 7305 257
6665 7161 257
301 771 171
1222 1944 180
2809 3640 217
4977 5795 236
5915 6383 262
1078 1743 182
5286 5661 236
3894 4842 215
3155 3436 199
5505 6062 236
1837 2601 209
4751 5683 236
686 765 171
7165 7636 239
9274 10220 242
1998 2240 183
5084 5755 236
626 1037 179
6820 7099 257
5497 6021 236
6699 7108 257
7795 8455 252
1744 2257 183
8315 8853 234
2982 3495 199
9996 10247 242
6658 7336 257
6908 7850 257
4964 5276 192
4391 4716 184
3899 4611 215
36 489 144
1390 1823 180
381 751 171
6835 7514 257
2539 3167 217
3194 3319 168
8460 9307 260
7730 7986 252
7366 7667 239
7199 7790 239
5774 6577 262
7235 7695 239
1772 2005 175
8735 9152 247
2957 3427 199
2999 3565 199
4485 4961 210
2582 3053 217
2814 3268 217
6902 7047 257
706 903 179
9721 9784 180
4669 4785 197
5656 6572 262
9321 10271 242
7775 7838 221
6629 7171 257
5314 5858 236
6063 6146 187
5998 6034 187
8296 9174 247
771 983 179
1840 1967 175
8361 9274 260
8190 9073 247
9742 10415 255
7951 8811 252
6911 7033 257
8541 9320 260
5759 6382 262
9368 9710 198
9790 10087 242
2761 3450 217
8113 8149 190
1160 1299 182
9704 10621 255
2133 2799 209
7215 8149 252
9888 10763 255
2487 2983 217
2707 3260 217
7729 7777 177
2782 3120 217
5150 5996 236
9024 9449 260
5692 5802 205
7343 7910 239
6038 6780 262
4994 5267 192
5680 6648 262
7635 7772 177
3367 3557 181
7352 7800 239
3572 4431 238
3894 4183 189
9220 9962 260
195 1175 182
854 969 179
3844 4585 215
3922 4186 189
8658 9104 247
37 407 144
63 1052 179
6533 6711 244
5211 5687 236
248 1194 182
8415 8523 203
1003 1145 169
4940 5040 179
4521 4966 210
1726 2285 183
1842 2364 183
554 819 171
9791 10079 242
5187 5892 236
8167 8677 234
5033 5182 179
1537 1661 167
3758 4077 189
2170 2305 183
3835 4450 215
687 1180 182
6453 6508 169
5175 6136 236
1383 1918 180
8973 9655 260
3750 4624 215
2722 2837 173
3596 4120 238
4296 4327 171
7694 8293 252
2559 2612 178
2501 2519 134
1673 2362 183
7014 7898 239
209 220 115
8305 9228 247
3975 4618 215
6594 6624 169
2990 3443 199
818 1308 182
9542 10224 242
3767 3906 176
3351 4325 238
8207 8226 190
7193 7368 195
5085 6018 236
8430 8947 216
4634 5417 210
5111 5353 192
5483 5872 236
4084 4119 158
4574 5566 210
1593 2031 180
969 1406 182
6472 6800 244
7053 7349 195
2636 3619 217
2891 3593 217
6970 7439 239
9883 10480 255
5956 6622 262
4094 5057 215
6539 7119 257
5666 5838 218
4288 5039 215
3538 4164 238
8097 8180 190
7957 8098 252
4470 4663 184
7676 8429 252
8517 8926 216
3363 4045 238
2017 2801 209
160 1099 179
7900 8753 252
626 1511 182
4197 4432 215
4551 4868 197
6583 7467 257
9557 9949 242
3818 4031 189
187 369 144
4356 4763 215
9051 9098 185
1347 1436 172
5221 5469 192
3158 3871 238
1284 1701 180
667 1311 182
8990 9772 260
9808 10719 255
3155 3425 199
8228 8283 190
6039 6105 187
384 797 171
7760 8624 252
3545 4539 238
9528 9825 198
5325 5675 236
8331 8397 234
394 719 171
3371 3992 238
2525 2917 191
5184 6039 236
992 1593 182
7699 8033 252
4914 5588 236
1926 2308 183
8163 9016 247
7740 7906 221
3373 4126 238
6321 6696 244
286 678 145
3316 3853 238
5482 5776 236
6634 7156 257
9247 10047 260
7834 8057 252
4502 5151 210
6897 7132 257
2876 2925 217
9403 9440 154
5796 5802 205
4292 4399 215
2119 2316 183
6399 6872 244
1430 2163 180
5768 5918 218
1203 1902 180
8223 9042 247
9351 9947 242
3583 4097 238
6865 7630 257
8525 9125 247
873 1803 182
6945 6984 182
4664 5325 210
6938 6998 257
4887 5181 210
8910 9732 260
8192 8700 234
1952 2328 183
9778 10153 242
462 1159 179
6925 7095 257
8258 9159 247
6565 6860 244
6961 7473 239
7398 7449 239
4112 4998 215
888 1826 182
1254 2237 183
1876 2848 209
602 814 171
5977 6663 262
3721 4353 202
2377 2732 209
6378 6907 244
7055 7993 252
6459 7406 257
3075 3113 186
7114 8014 252
6326 7173 257
9036 9481 260
5220 5664 236
3832 4490 215
2189 3120 217
8171 8922 234
2408 3047 217
2037 2912 209
9712 10083 242
3645 4412 238
2215 3190 217
6176 6707 244
3177 3958 238
7449 7613 208
4699 5687 236
7100 7769 239
8555 9042 247
2460 2777 209
1086 1534 182
4046 4409 215
3154 3444 199
3941 4605 215
1174 2148 180
3616 4022 238
8411 9172 247
1038 1163 182
5998 6596 262
5978 6818 262
9296 9655 198
8412 9360 260
414 972 179
2163 2915 209
1125 1461 182
1726 2583 209
9725 10698 255
3170 3646 199
5370 6138 236
8817 8886 185
3202 3876 238
2050 2754 209
1018 1089 169
2045 2298 183
9620 10333 242
6988 7360 195
948 1862 182
5112 5305 192
6354 6624 244
5212 5616 236
2530 2719 191
2083 2418 183
6561 6801 244
7896 8113 252
2379 2430 165
4724 5488 210
8053 8529 234
4507 5077 210
164 644 144
2922 3562 199
4529 4617 184
9001 9758 260
9107 9125 154
8967 9213 198
5471 6127 236
462 1214 182
6935 7089 257
1603 2535 209
4659 5047 210
8542 9332 260
1615 1985 180
2624 3391 217
6296 6576 213
5562 5745 236
6818 7167 257
505 1245 182
2359 2763 209
779 1249 182
4374 4831 215
3658 4581 238
2949 3478 199
5696 5949 218
194 911 179
6494 6683 244
8606 9011 247
3728 4229 189
9772 10759 255
4015 4930 215
898 1643 182
4333 4363 184
5039 5205 179
5408 6076 236
3559 4138 238
1774 2700 209
3922 4000 189
8449 8891 216
7483 8029 252
6177 6385 200
1224 1731 180
5363 6007 236
1721 2466 209
6705 7286 257
3651 4501 238
7061 7377 195
3901 4572 215
9489 10416 255
7078 7249 195
5521 6355 262
3563 4105 238
7626 8296 252
4838 5100 210
8494 9052 247
6159 6603 262
2908 3552 217
3905 4224 189
9418 9477 154
8197 9192 247
9476 10450 255
6416 7253 257
6954 7112 195
4618 5024 210
7616 7630 177
3927 4432 215
906 1226 182
730 1143 179
951 1441 182
1285 1465 177
2355 3269 217
2551 3370 217
4553 5406 210
5066 5961 236
9974 10671 255
6640 6696 182
5442 6433 262
5994 6062 187
4495 5222 210
8676 9175 247
7055 7912 239
5576 6453 262
8101 8239 190
9970 10177 224
6640 7017 257
1772 1921 175
4342 5148 215
9184 9442 260
4450 5315 210
2712 3441 217
4740 5623 236
6361 6484 200
1279 2260 183
7983 8116 190
7788 8214 252
7561 8364 252
9530 9994 242
7110 7386 195
3267 3595 194
9524 10404 242
8109 8463 234
4097 4718 215
1598 2246 183
9827 10306 242
64 584 144
9172 10034 260
184 663 145
2609 3464 217
4969 5380 192
5344 5717 236
9361 9568 198
5010 5493 192
4048 4427 215
4967 5599 236
171 734 171
1285 1306 146
1719 2274 183
9849 10598 255
7562 7871 221
5070 5347 192
3516 4332 238
2407 3357 217
7441 7666 208
6785 7751 257
9627 10044 242
9289 9583 198
6411 6496 169
5946 6695 262
1022 1660 182
1310 1904 180
8738 9380 260
5264 5992 236
6024 6834 262
4582 4972 210
3644 3926 238
6053 6734 262
1691 1821 180
9919 10331 242
2222 3068 217
3676 3886 238
9139 9539 260
1970 2720 209
8338 8945 234
800 958 179
5691 6163 218
3252 3915 238
3404 4007 238
3636 3830 238
9253 9456 260
3815 4422 215
2505 2685 191
2870 3736 238
2367 2694 209
3985 4015 189
3297 4188 238
2838 2880 173
1603 2593 209
277 732 171
9534 9715 198
7201 7226 164
1864 2508 209
7780 8780 252
9447 9747 198
4986 5326 192
9178 9787 260
2708 2892 173
3000 3815 238
778 1220 182
9664 9862 211
3151 3391 199
5013 5153 179
8105 8471 234
2219 2575 209
4890 5487 210
3450 4313 238
5614 5738 205
6675 7453 257
3829 4155 189
6736 7049 257
1863 2191 175
9424 10210 242
1068 1540 182
5054 5471 192
2174 2457 183
9421 9850 198
141 649 145
255 602 144
6600 7005 257
9628 10207 242
6420 6981 257
6522 7494 257
8077 8598 234
3154 4112 238
6931 7143 257
4423 5197 210
2845 2973 217
6982 7141 195
258 954 179
7332 7348 195
1534 2397 183
7465 7483 164
2498 2637 191
7545 8424 252
13 841 171
7357 8202 252
7522 7768 177
3500 4234 238
2026 2201 170
5051 5592 236
1353 1544 172
1457 1848 180
2229 2732 209
6214 6355 200
1231 1578 177
5234 5703 236
9628 10140 242
798 1453 182
3410 3544 181
8113 8418 234
387 1300 182
8976 9928 260
8201 8451 234
7387 8100 252
985 1767 182
5484 5760 236
7245 7525 239
9149 9940 260
6545 7452 257
8197 8671 234
8822 9618 260
6851 7387 257
9725 9915 242
5101 6084 236
5812 5864 218
7186 7496 239
404 723 171
1244 2163 180
5417 5823 236
7070 7568 239
433 1009 179
9651 10512 255
9038 9227 229
3175 3922 238
1417 1969 180
5858 5867 130
1380 1767 180
1148 1890 182
283 1243 182
70 596 144
8778 9511 260
7578 8050 252
8681 9438 260
9325 10293 242
3293 3941 238
2299 2591 209
646 732 171
2236 2912 209
3228 4018 238
9846 10437 255
2732 3135 217
8683 9445 260
5638 5909 218
3417 3994 238
5397 6202 262
94 785 171
8640 9046 247
7791 8356 252
5290 5817 236
1960 2620 209
6389 6815 244
5893 6566 262
1859 2737 209
1266 1615 177
403 1243 182
8034 8680 234
2747 3233 217
5577 6441 262
9775 10473 255
4182 4985 215
1860 2038 175
4538 5506 210
3030 3735 238
6996 7098 195
5760 6739 262
3614 3855 238
492 582 137
844 1502 182
999 1516 182
642 1226 182
1768 2760 209
4107 4709 215
6904 6975 257
1472 1880 180
3056 3278 199
5802 6526 262
7091 7735 239
7534 8440 252
1719 2571 209
2867 3055 217
6866 7086 257
8062 9045 247
9052 9490 260
8512 8673 172
7581 8500 252
5928 5965 187
3114 4079 238
2111 2859 209
8262 8427 234
4551 4754 184
8026 9018 247
7261 8030 252
6538 6611 244
2479 3167 217
8248 9213 247
773 1405 182
1852 2290 183
192 1080 179
7019 7141 195
5914 6882 262
7181 7203 164
201 456 144
9769 10273 242
8074 8819 234
4677 5222 210
846 1124 179
1964 2785 209
2213 2855 209
7950 8931 252
1864 2312 183
1084 1745 182
5185 5701 236
2724 2929 217
1963 2900 209
4974 5464 192
2474 2998 217
7184 7263 164
387 497 142
5714 6654 262
7847 8227 252
6635 7193 257
1905 2372 183
3598 4423 238
1145 1230 182
5245 6021 236
4812 4994 210
6353 6677 244
3603 3672 163
7152 7475 239
5160 5627 236
8728 8861 216
7321 7552 239
824 959 179
3737 4483 215
4860 5388 210
4310 5309 215
2758 3668 217
9423 10410 242
2798 3039 217
2999 3977 238
94 611 144
4822 5186 210
9169 10168 260
9722 9906 242
2300 3297 217
3045 3705 207
4841 5653 236
9152 10024 260
9189 10027 260
6255 6333 200
3895 4595 215
8323 8453 234
3724 4146 189
6989 7348 195
6237 6850 244
2406 3401 217
8532 9212 247
3277 3719 238
3414 3612 194
7311 8129 252
7293 8192 252
3522 4168 238
9491 9560 198
7967 8089 190
1786 2499 209
6167 7031 262
1939 2828 209
8306 8634 234
9215 10147 260
6091 6581 262
2495 3266 217
8491 9077 247
4334 4889 215
2383 2933 217
7722 8363 252
8217 8878 234
9398 10321 242
1444 2013 180
9731 9919 242
2074 2816 209
4007 4846 215
6848 7596 257
4206 4745 215
3561 3904 238
5912 6509 262
6806 7457 257
8289 8654 234
5008 5206 179
5036 5256 179
8699 9401 260
2540 2656 191
1359 2108 180
6965 7679 239
7826 8553 252
4648 4877 197
9713 10019 242
4435 4484 184
8442 9259 260
7764 7838 221
5434 5541 192
6326 6653 244
6142 6450 262
3403 4128 238
5493 6278 262
