58970 672728 509
38033 986941 525
633277 355412 509
554432 663076 509
901470 174072 525
223693 645090 509
552481 570734 421
838387 162672 525
358746 986613 525
791020 457564 509
737621 185425 509
502778 854292 525
294224 528670 470
570715 327894 470
349240 89295 443
763713 719334 424
850633 677565 525
840865 670559 525
801753 194758 509
442903 908374 525
144222 714266 509
834136 915448 525
116813 546268 470
167775 139465 383
93934 357881 443
645003 700762 442
87678 75008 351
435603 481620 444
552768 115766 470
449648 26897 449
724209 38022 509
794948 554560 509
68244 940063 525
769327 262773 509
270753 947730 525
934714 284134 525
233121 87094 443
581884 564491 421
744448 786582 468
731134 241879 509
725922 508009 509
868010 952738 507
193911 711161 509
803707 634188 504
313885 918535 525
5139 283925 443
265267 424995 449
800260 963193 525
653392 577465 509
167504 814850 509
598568 722594 509
342552 347138 441
579693 512612 452
78105 116931 354
780144 300874 509
666234 247054 509
293128 993808 525
661293 808532 504
930850 833560 525
398767 114619 443
148386 602925 470
928302 673817 525
16889 317955 443
87071 916898 525
935297 225519 525
654310 961996 525
115633 395983 443
243265 871272 525
654435 313162 509
104746 659589 509
438699 766993 509
37125 551449 470
66368 894992 525
872782 923610 476
62957 416 340
956504 536634 525
832156 122557 509
558430 399354 470
922521 433874 525
622894 164845 470
979350 295870 525
498287 513041 470
862493 772352 525
797784 126563 509
722356 74029 509
537607 438622 470
334678 276695 389
222504 783703 509
952899 91010 525
404909 679374 509
78088 852250 525
998935 100609 525
314384 860805 525
929050 158159 525
547597 950503 525
987800 145476 525
425180 732446 509
407201 700092 509
83160 924255 525
759488 243946 509
223857 642633 509
327998 528552 470
66604 113281 354
220749 403064 443
436401 860636 525
445376 868537 525
424216 404386 449
628554 375061 509
618710 19574 470
768707 953414 525
849543 198199 525
67294 731705 509
21983 354076 443
283502 199474 443
457470 336850 449
770344 777149 437
448467 830816 509
557888 220661 470
864841 938283 476
934719 587634 525
279126 500075 449
951387 96134 525
965672 648254 525
66666 291915 443
590086 926373 525
398960 568259 470
787051 680968 504
693405 649982 442
436339 208159 449
689623 348781 509
840615 353785 525
833449 982929 525
341870 347133 441
529540 483195 470
390413 450275 449
204440 572022 470
808232 727618 468
372433 640099 509
185892 524671 470
240114 442745 449
429870 684575 509
195599 447806 449
512510 953722 525
369490 708681 509
853770 22626 525
959992 111113 525
717584 282652 509
657747 762224 504
190175 968394 525
633586 213265 509
380466 940625 525
60685 274803 443
891966 179180 525
235034 3380 443
609690 838572 525
39821 709353 509
612793 645505 509
947109 244841 525
795169 220213 509
15557 748581 509
461264 596612 470
486705 651027 509
749134 850034 525
546513 271462 470
316913 453302 449
986347 278 525
197880 441983 449
117931 399497 443
644679 666275 442
357536 485892 449
68506 569827 470
579482 779732 509
688625 296044 509
631656 700821 442
636002 419791 509
381705 842388 525
554759 385874 470
555458 290301 470
960356 948744 414
742410 267115 509
241682 622971 470
990279 632828 525
106959 116955 349
579710 289201 470
140850 476634 449
511270 935958 525
161050 980815 525
246653 781327 509
369252 992201 525
260100 286998 407
625341 962536 525
289193 704293 509
599953 978685 525
451608 51287 449
69002 5592 340
316325 96293 443
827389 304122 509
711875 701533 504
380910 311845 441
600345 766774 509
466461 461386 369
151466 937197 525
972521 728607 525
145475 456434 449
548679 963501 525
89322 644657 509
859586 465252 525
708397 469133 509
405988 254430 441
116487 971570 525
432272 761881 509
928361 372366 525
865047 830645 525
989799 457370 525
768042 874721 525
602341 752806 509
803489 237208 509
154814 319552 443
61586 773911 509
428241 942836 525
560229 332139 470
317188 785506 509
721265 623760 509
592075 48970 470
788640 944722 525
513543 78581 470
133386 746816 509
789369 368955 509
743608 480177 509
65442 133338 354
277693 90301 443
438113 381193 449
243241 54486 443
578566 33464 470
193836 270494 443
946278 48350 525
878710 330603 525
268373 91165 443
706099 622251 509
569616 883385 525
810231 901347 525
105050 719866 509
662487 43049 509
349937 562785 470
388554 932881 525
335179 154251 443
204301 415329 449
139994 796030 509
193073 828662 509
890108 739649 525
855105 227266 525
277595 154714 443
132123 22026 354
13602 560739 470
65196 166883 383
396612 827477 509
484901 254664 449
966274 432781 525
809667 745113 468
726090 870795 525
406106 177294 443
673308 833963 504
55612 342854 443
954286 542586 525
584316 934051 525
874806 979056 507
511249 687010 509
682356 127460 509
485999 706932 509
407419 369582 436
30425 520233 470
217184 433568 449
157076 742651 509
106687 657776 509
104118 830616 509
876577 132569 525
32356 902203 525
804325 279880 509
815484 946408 525
843042 639577 525
553017 992046 525
333474 937851 525
551300 653666 509
266348 806893 509
313167 880948 525
679934 676107 380
318738 208258 443
629845 737988 504
224736 978671 525
356275 87544 443
929201 579602 525
77138 142327 354
167444 383827 443
806161 441623 509
381746 233948 441
462773 173192 449
458033 30302 449
18400 696122 509
657987 560353 509
241044 65330 443
356716 903016 525
374758 788035 509
267917 191926 443
78195 122442 354
608197 377790 470
434791 835668 509
743964 15183 509
1672 22710 279
262881 883131 525
711007 903175 525
507439 597296 470
2390 156807 383
932246 100142 525
943393 288655 525
228983 998019 525
319327 933393 525
9584 69887 340
889139 432008 525
227131 711344 509
21021 96023 351
539597 973587 525
754913 168782 509
980551 332075 525
172743 148115 383
854220 441992 525
580335 602148 434
917127 999003 507
961906 816004 525
174676 313174 443
299774 616785 470
713439 888384 525
135480 732295 509
719976 594037 509
287957 39364 443
66875 666922 509
379006 55375 443
122005 477954 449
143059 154676 370
511890 858452 525
579262 409820 470
874515 285961 525
334268 997476 525
854256 375289 525
959168 235739 525
860093 775836 525
354868 148221 443
607797 86284 470
457556 859554 525
489304 819070 509
280190 599125 470
479900 88616 449
369371 670472 509
721281 695179 504
999100 777467 525
795288 53932 509
567049 934217 525
637243 41463 509
6908 164267 383
803552 704040 504
260309 896610 525
753390 943157 525
372063 540267 470
270411 769573 509
791405 532480 509
447703 459093 387
933074 942744 507
353275 606035 470
544757 640021 509
31127 594623 470
813454 65192 509
634518 920293 525
968916 775451 525
87966 144011 375
195722 632082 509
740949 361256 509
970857 61271 525
429369 406612 449
561614 26918 470
931611 282565 525
777078 209217 509
58260 539414 470
109035 668400 509
931451 175453 525
220061 143 386
43202 906504 525
635110 124133 509
545479 80989 470
411178 37051 449
237503 12615 443
9248 903590 525
437982 509906 444
438547 537846 470
209344 613252 470
589153 217296 470
58777 423740 449
145672 407246 443
398817 752719 509
567933 521161 452
658981 638847 429
591446 899131 525
274847 767738 509
848807 185604 525
812687 761300 468
4359 847399 525
400027 391092 405
208835 547847 470
366039 897811 525
292620 293499 358
739354 994825 525
506446 657947 509
796246 945864 525
251540 271818 407
48365 757685 509
792119 364483 509
669532 100149 509
339766 437567 449
757191 330605 509
903179 607693 525
589058 292616 470
601816 396842 470
516202 527924 439
752258 22157 509
655096 175879 509
231024 541482 470
712836 467874 509
336313 854728 525
929057 669189 525
773457 565940 509
75133 676061 509
573251 71400 470
978685 181753 525
293536 902139 525
768794 78217 509
4750 792991 509
246792 686155 509
930521 804483 525
377699 474782 449
676067 140931 509
92018 553016 470
323546 533620 470
259013 440277 449
519508 962077 525
776840 782917 437
991145 777661 525
165432 580409 470
225437 591439 470
443610 1767 449
136593 137178 313
34650 542537 470
521771 693923 509
747456 146403 509
874130 22532 525
424711 223590 449
307434 80208 443
781841 555806 509
255726 386585 441
548091 676728 509
88107 540395 470
195923 199491 329
694579 257443 509
221580 740595 509
72232 449303 449
817977 103877 509
759717 261665 509
917523 608613 525
962442 137597 525
678767 678116 380
579992 34163 470
348379 426095 449
230360 782356 509
703969 540457 509
456092 710052 509
965725 622414 525
140561 884359 525
975434 145359 525
277166 984869 525
757302 836840 468
584062 762516 509
573774 107942 470
951969 475727 525
755528 878103 525
295577 250315 407
943176 145095 525
718453 137147 509
874732 72552 525
774295 215593 509
563953 381850 470
140073 587794 470
40460 585637 470
995042 979631 427
853677 268404 525
756745 781055 468
714009 883272 525
813612 371702 509
818359 752922 468
416835 381412 449
631715 619034 509
604506 725724 509
89065 862232 525
566096 569233 359
353544 168498 443
88307 569850 470
491953 426924 444
381892 945051 525
964532 938923 507
789136 542549 509
928487 566248 525
637201 222732 509
953959 702447 525
897240 441600 525
74858 244944 443
103972 736190 509
705515 630147 504
228141 168513 386
709334 711684 380
217161 122835 386
432233 810368 509
273830 843639 525
964469 504597 525
958473 341191 525
307400 618783 470
661356 615869 509
175806 734750 509
209943 953787 525
391333 38040 443
974932 54141 525
61353 901228 525
793438 208700 509
657072 300003 509
747306 354072 509
506723 232030 449
715353 589418 509
631150 867719 525
199436 367256 443
741530 832634 468
805730 52177 509
419065 668080 509
379025 343962 441
898424 849448 445
87487 746746 509
119342 730537 509
567778 953113 525
309301 171508 443
531687 223942 470
60769 92728 351
897953 955209 507
35030 840042 525
217385 337874 443
931570 552220 525
229495 668744 509
346294 420777 449
174497 138614 383
417606 77047 449
547965 695536 509
698534 515426 509
273378 425503 449
247582 555239 470
886019 648266 525
389258 467363 449
807970 178109 509
359605 716453 509
305535 696886 509
986482 344639 525
28665 114088 354
337396 520920 470
755415 812396 468
656575 370819 509
471219 707158 509
890643 691023 525
756507 950209 525
525126 838056 525
415965 25945 449
759542 147362 509
691099 743340 504
903482 808753 525
606637 865224 525
134018 754762 509
98556 667096 509
738088 375700 509
414189 913403 525
426574 592565 470
592052 526728 452
209116 798269 509
253950 837726 509
856561 445989 525
596447 76405 470
350121 62355 443
866063 495959 525
5049 527991 470
623534 61742 470
278489 223957 443
756203 286445 509
816625 696138 504
36032 90493 351
279405 857733 525
735763 748981 424
490177 643589 509
636644 521439 509
67809 570511 470
713457 61418 509
670420 498535 509
17460 397621 443
223634 728841 509
805728 254773 509
627722 903011 525
782515 584268 509
342098 400544 441
648339 795493 504
912115 287864 525
403012 699437 509
758560 659201 504
794217 982796 525
8504 963577 525
467015 679892 509
410536 24399 449
4967 431917 449
991034 135744 525
100514 785696 509
22429 826839 509
338 968707 525
316734 512773 470
581187 212054 470
999762 218318 525
617100 646869 509
95918 746863 509
592124 217900 470
613149 561997 434
641215 728843 504
883855 651927 525
368517 367726 317
118931 74237 354
356814 720967 509
516716 631104 509
513650 913370 525
155074 965572 525
699449 999466 525
406388 882444 525
158068 423707 449
683090 873336 525
681631 821847 504
728082 90501 509
635916 106696 509
737938 597992 509
236227 527256 470
112931 25471 354
775159 183467 509
659758 741854 504
31805 116366 354
90150 164518 383
562548 723971 509
404702 158485 443
123706 973355 525
862231 886362 432
259367 831987 509
128619 164946 383
443214 713546 509
861810 380327 525
582969 758190 509
122751 525472 470
968362 208555 525
297898 178588 443
445445 952769 525
516397 861069 525
999175 329880 525
726363 659347 504
178616 593942 470
695344 749679 504
971110 854106 507
237384 407023 441
684509 859266 525
363531 860795 525
959690 301483 525
997773 211837 525
582188 613723 434
695294 994058 525
119271 306764 443
68367 872822 525
661787 265072 509
285354 355578 441
326892 42529 443
162029 153072 383
902839 705699 525
350790 461105 449
344877 436556 449
387604 755857 509
651348 972071 525
252526 314355 407
868912 999300 507
665806 242420 509
690151 700928 442
480270 997374 525
179856 373918 443
37620 717011 509
173406 98047 383
37119 815751 509
128999 774437 509
712621 614282 509
561151 248543 470
198444 39193 383
870909 101642 525
249382 208282 443
337108 218682 443
693043 446229 509
794582 847312 525
800630 501500 509
922807 461173 525
939300 990078 507
228642 891664 525
742074 749263 393
283370 544760 470
757662 64455 509
721241 652366 504
771499 925909 525
471704 805764 509
557214 437842 470
797138 504304 509
744134 909032 525
290797 910207 525
714911 929738 525
977007 914384 507
312321 202696 443
469958 557172 470
235668 877052 525
627778 427509 509
42686 773285 509
46484 971899 525
150729 702630 509
747362 601812 509
375697 754526 509
783394 521604 509
94509 793777 509
722202 82995 509
721304 747099 424
533404 508265 470
909216 276492 525
601843 116974 470
179880 289933 443
617898 994825 525
535169 522263 408
780688 69015 509
509551 120677 449
659561 985653 525
984588 938935 507
682444 460877 509
630642 513519 509
346305 550842 470
175761 305621 443
745705 941805 525
124039 721510 509
17512 192298 383
665118 174430 509
546664 687221 509
546649 142339 470
3658 664957 509
280021 810632 509
159143 30299 383
316705 655494 509
986647 683986 525
287545 519711 470
114026 542849 470
105168 820854 509
273645 752070 509
450455 929443 525
416616 945687 525
145517 764659 509
310851 657614 509
663561 165585 509
608497 34098 470
899117 868382 445
944766 247492 525
595339 109022 470
464299 488268 413
559828 156577 470
252518 716572 509
551720 406828 470
57003 951744 525
549251 26609 470
451244 79216 449
954791 490105 525
958549 941496 414
583762 960028 525
615171 8679 470
420066 528090 470
781809 301815 509
759609 246755 509
76505 439092 449
36035 744040 509
8964 223766 386
180585 62707 383
919346 751688 525
418224 604111 470
437793 539462 470
678504 138621 509
322931 825232 509
11126 121120 354
317325 23317 443
723279 825967 468
448767 539844 470
331216 130522 443
481287 297181 449
974436 425287 525
161137 736140 509
538624 535721 377
233800 299542 407
657159 523179 509
74928 142250 354
737977 635167 504
660517 591795 509
209068 938494 525
63179 52013 340
83764 632359 509
69781 875393 525
951322 457694 525
784881 954607 525
354635 906091 525
815067 650405 504
3878 73690 340
132280 348262 443
177292 715386 509
541213 736061 509
446087 714761 509
733133 510866 509
113916 242139 443
854483 523437 525
983345 495716 525
537693 800101 509
991833 597791 525
522253 791974 509
268380 687124 509
317601 8486 443
264988 275072 407
314827 296601 384
223206 390805 443
847443 763656 525
148983 435549 449
582351 103561 470
654120 144914 509
501245 558157 470
475591 759974 509
179595 934449 525
370277 727429 509
187438 556992 470
30275 515717 470
766776 238576 509
165916 685331 509
550998 686844 509
447021 283509 449
156026 190744 383
906419 541550 525
99805 444970 449
586849 176075 470
982321 623985 525
389044 636998 509
135410 302137 443
430181 79005 449
325105 115462 443
172045 13083 383
164439 944931 525
423772 152884 449
438979 66046 449
862151 22533 525
232797 685805 509
873146 569604 525
979695 415677 525
52214 508660 449
729640 568461 509
42460 742359 509
54714 773598 509
461095 765581 509
95590 540864 470
718240 475935 509
42183 938428 525
413823 830609 509
366900 275812 441
249122 864638 525
849318 217840 525
880997 170716 525
466594 476326 413
937201 630801 525
11485 427111 449
452926 789729 509
651742 110730 509
820456 623616 509
881987 786942 525
666886 21953 509
868078 161764 525
590546 376412 470
430123 196132 449
103807 326920 443
798448 156792 509
690529 195420 509
352189 162424 443
525188 536138 408
656547 183397 509
129496 942626 525
902790 227837 525
166034 484934 449
349864 273776 441
6109 479335 449
336948 221752 443
911860 917669 401
799563 770664 468
72657 58351 335
647837 791066 504
828044 78706 509
778463 619725 509
690989 455273 509
648637 867106 525
596105 813888 509
251197 48440 443
104203 769734 509
893292 727167 525
620097 374734 470
335370 817911 509
321185 522026 470
590649 401121 470
35832 330401 443
259031 703680 509
222903 238591 443
987505 909231 507
315552 154946 443
940353 253114 525
521010 528492 408
254617 864393 525
664569 992894 525
199175 170633 365
907190 901055 445
111158 981363 525
707652 779755 468
584979 805333 509
696842 443746 509
513153 940726 525
404706 251595 441
847391 214132 525
886614 184736 525
373523 531270 470
446740 442070 356
713557 737276 424
231354 682396 509
902851 420046 525
491841 74478 449
276397 879672 525
692651 565086 509
242863 595174 470
952272 922695 507
478887 155090 449
626612 263006 509
442 153310 375
84727 824689 509
254113 602581 470
787034 125909 509
590962 928486 525
159790 758747 509
960861 111132 525
926669 608223 525
134353 817768 509
465426 537810 470
588965 363348 470
184558 805446 509
804547 564643 509
198744 24187 383
597396 144897 470
260502 787815 509
802688 489975 509
24040 761041 509
794167 130435 509
208917 212802 355
596080 8296 470
727997 185125 509
563264 273406 470
531658 462172 470
359710 233561 441
281550 982754 525
459614 878313 525
482245 476304 413
831194 744863 468
401525 557421 470
114397 748453 509
839486 902652 445
694297 931103 525
160030 510206 449
664352 244027 509
994705 800763 525
484006 156588 449
31515 741957 509
889250 239564 525
866059 138548 525
573867 238736 470
82143 983429 525
489868 312152 449
683166 722175 504
631165 783112 504
888096 92057 525
73465 431657 449
750555 471563 509
681450 341739 509
997821 880295 507
711124 582263 509
109292 746014 509
26397 857190 525
