1 10 20
100 200 125
201 210 89
900 1000 174
4 4 3
1 1000000 525
3 1 8
1 1 1
493453 614177 470
335876 776874 509
244352 716512 509
539311 6220 470
306926 298940 371
70582 786352 509
839534 661671 525
760726 367840 509
921030 46547 525
901832 669981 525
619592 385501 470
310396 219057 443
284552 303562 389
735096 823113 468
389126 888733 525
926203 451629 525
257488 769087 509
713100 211917 509
555383 64933 470
683681 427738 509
373079 3299 443
750737 989493 525
61841 33838 340
932936 907933 476
421604 925276 525
644072 723861 504
462691 16804 449
915984 49672 525
338524 346072 441
104874 646101 509
412820 986089 525
776569 190313 509
280463 615335 470
842054 867782 419
718843 270653 509
373503 865528 525
684883 713545 504
539309 299907 470
750718 58175 509
713266 28035 509
542396 392460 470
880025 198021 525
831752 117708 509
214603 239994 443
826963 746508 468
606988 131669 470
626585 341099 509
719617 514929 509
386846 669407 509
624234 486415 470
510891 14222 449
714256 325416 509
401092 851584 525
504995 125482 449
521744 270412 470
674787 785013 504
860044 807405 525
857861 164295 525
281726 743389 509
49242 781369 509
717766 689767 504
861564 491575 525
628486 405942 509
535115 224263 470
641086 898336 525
368551 651551 509
137547 54951 354
248552 720308 509
240883 154391 443
476631 430398 444
432060 690006 509
437266 229608 449
725627 245170 509
158230 956285 525
175086 226721 386
514911 277030 470
700360 846043 525
427316 648934 509
630171 155533 509
686001 784271 504
378978 324673 441
399073 640805 509
609121 968313 525
636363 692077 442
593416 736522 509
134226 20451 354
344611 162962 443
112297 246758 443
522173 510946 470
70237 920597 525
212159 952477 525
854732 151665 525
85118 887758 525
448725 573583 470
181723 24228 383
128448 786496 509
773646 497990 509
979931 427361 525
164119 906708 525
656761 175363 509
491178 35519 449
830202 572455 509
661464 849967 525
543976 937027 525
232549 565486 470
873540 519182 525
781029 259328 509
365913 50496 443
81845 352836 443
626220 886623 525
52325 431452 449
802295 25196 509
65225 50873 340
584819 609622 403
915563 690893 525
227330 878182 525
78220 796158 509
106206 126157 354
298268 101826 443
798060 198089 509
532137 345229 470
133864 185818 383
862846 293693 525
407283 781989 509
935501 172036 525
747697 530506 509
582591 466364 470
851223 519319 525
462556 377565 449
423074 230821 449
473204 154258 449
390617 415919 449
9154 1105 262
625256 726775 509
288198 756838 509
670846 603671 509
934073 521953 525
683155 572371 509
593301 744459 509
894405 884150 445
741584 714246 424
11479 153986 375
872238 24724 525
136981 897972 525
255145 269247 407
649846 111443 509
234446 330719 407
644905 420318 509
404071 374411 436
511299 125636 449
427011 701628 509
497333 974374 525
209770 981226 525
495589 14804 449
392421 571763 470
114317 583022 470
607137 787887 509
412309 14827 449
578449 716825 509
966893 72683 525
685555 312730 509
418296 283797 449
590805 958492 525
636625 363223 509
380174 190283 443
361661 345943 441
977974 258209 525
259184 109268 443
342604 317871 384
683105 994033 525
606218 730288 509
265111 968913 525
751617 463432 509
314624 845668 525
493512 958573 525
516978 771373 509
243594 753164 509
993162 235268 525
336088 545026 470
277287 669723 509
731991 561155 509
295182 896207 525
947039 211697 525
38023 412678 449
841529 252356 525
842662 243210 525
561307 648312 509
259813 477455 449
558456 926619 525
907344 977396 507
989997 230613 525
622681 657037 509
319053 230113 443
165628 216288 373
163666 483980 449
74859 973666 525
134392 155775 375
698030 359383 509
842117 452579 525
44057 863021 525
672350 392406 509
654120 78044 509
371775 795694 509
94689 125085 354
922651 217794 525
168629 132050 383
172659 507318 449
700899 262840 509
521657 703449 509
928321 19003 525
498952 533816 470
664075 634147 429
534357 820513 509
260545 217384 443
617190 838089 525
623692 607686 447
356212 773424 509
233399 646865 509
584823 66100 470
412262 657300 509
801000 57354 509
59687 729316 509
896638 785315 525
388319 758390 509
216691 967825 525
481384 112720 449
965800 808983 525
47335 634661 509
474536 813088 509
99274 937221 525
713183 946996 525
623308 833415 509
64708 794701 509
718959 708319 411
254317 730206 509
405160 47839 443
849437 489415 525
254083 246903 350
571419 656810 509
927088 14143 525
296429 451515 449
311228 758732 509
199416 703182 509
73773 353027 443
975854 194345 525
111149 179615 383
114382 73527 354
488410 326323 449
430076 785370 509
168014 648489 509
202405 680973 509
735351 525618 509
245045 273799 407
974003 545042 525
684772 418647 509
256315 567999 470
765548 361031 509
2351 864337 525
24729 687750 509
51243 498734 449
186565 529854 470
946782 508064 525
221155 712882 509
504400 803525 509
986407 825172 525
917119 937072 476
453696 271512 449
403009 738904 509
812359 228743 509
644474 51161 509
666291 526578 509
489643 664436 509
805674 475834 509
819370 941511 525
452301 117725 449
92806 777522 509
454603 155407 449
79078 89097 333
860579 234071 525
131834 171997 383
807778 746454 468
879561 380172 525
903527 653531 525
512978 787366 509
785310 345770 509
566769 32740 470
539448 382532 470
309743 892009 525
518674 665933 509
116707 221155 386
69979 924752 525
810084 947019 525
770616 703667 504
299709 739095 509
704032 840975 525
964420 887289 507
321748 947944 525
798704 986124 525
294415 177363 443
430415 206564 449
172944 781512 509
342145 544553 470
550170 646343 509
994599 453530 525
696851 590555 509
446103 613994 470
715104 485816 509
938281 40275 525
307809 182955 443
970922 738606 525
117508 987251 525
400722 11937 443
415027 849930 525
933241 864658 476
143908 57276 375
937453 610515 525
745711 15137 509
171579 107847 383
491564 241337 449
311926 905287 525
143675 896839 525
232805 969316 525
411318 659336 509
444653 775364 509
448518 182101 449
378502 374362 423
436780 387913 449
652481 337674 509
268616 337680 407
823315 750145 468
37922 832742 509
582550 181578 470
820695 809542 450
309650 218302 443
456177 520747 470
107359 146593 375
472550 6383 449
393816 915484 525
702576 384323 509
94077 159715 383
202404 854550 525
176903 878801 525
326088 211949 443
786740 42039 509
360118 417768 449
727398 676209 504
98741 663465 509
220935 392413 443
873646 929502 476
265993 863089 525
331952 768444 509
406961 762245 509
121816 548087 470
58763 47312 340
197112 990273 525
303638 688151 509
539646 85544 470
877306 781312 525
235239 463421 449
934609 558287 525
522640 82726 470
74570 77931 351
395919 163613 443
900794 40461 525
298810 175155 443
587444 464795 470
179518 897785 525
131924 339793 443
400021 967181 525
888414 339100 525
879721 831206 525
676646 501324 509
851207 829544 525
414783 852692 525
8960 422349 449
275913 33304 443
765196 720339 424
119820 758227 509
37337 142876 375
520254 875892 525
529978 816288 509
153312 666534 509
506177 280348 449
30584 335312 443
331549 717697 509
529303 151018 470
43787 176995 383
828544 203040 509
503521 904802 525
880967 164146 525
948993 398297 525
197919 131758 383
24366 323540 443
434876 988176 525
575965 850751 525
129478 520598 470
104574 165149 383
701967 502819 509
281726 695862 509
783818 737496 468
939205 81430 525
779922 684460 504
709810 71962 509
529323 535524 377
148433 839417 525
733575 585688 509
290817 830003 509
749599 49951 509
863795 891881 445
80231 990565 525
872205 496406 525
766868 447630 509
828072 954425 525
301615 712901 509
88105 722533 509
221711 892657 525
927956 166692 525
988866 181682 525
237416 20255 443
883586 496747 525
97681 112763 354
129377 899144 525
516326 277586 470
851473 809013 525
187493 567985 470
113317 219801 386
50714 160811 383
191376 630323 509
791411 788902 406
849442 293588 525
939731 41148 525
698096 745981 504
10697 800129 509
20041 405142 443
164435 292072 443
701699 361788 509
412794 444272 418
912314 594598 525
527100 689677 509
332092 98233 443
98360 945599 525
494411 19824 449
408337 171904 443
659524 767011 504
952122 803789 525
344483 669543 509
565052 428318 470
879125 36281 525
247446 311242 407
638287 381386 509
947014 357188 525
541698 417092 470
175575 799806 509
179238 57409 383
753295 580030 509
803296 498141 509
109042 590144 470
749548 415032 509
139544 175946 383
321395 958516 525
732922 436119 509
502079 14236 449
895268 571417 525
984484 262720 525
590579 65334 470
999614 960765 458
929132 553914 525
716115 181741 509
266863 77623 443
131919 800918 509
597683 224617 470
146085 151895 370
916394 175231 525
437460 798938 509
93567 694835 509
605003 825316 509
432333 116808 449
860538 551939 525
175106 770831 509
237450 157807 443
292853 573377 470
142180 923139 525
169187 664716 509
510379 68748 449
522610 852295 525
930897 87585 525
320202 459971 449
234142 93653 443
243730 999572 525
942111 891849 507
98637 61065 351
744806 117569 509
353667 915224 525
285706 336512 389
100544 43207 351
960556 185908 525
928158 330740 525
198937 445109 449
645055 414997 509
865973 116957 525
119756 19832 354
597901 934427 525
967195 216162 525
626723 293453 509
883039 200671 525
664735 288890 509
633013 252668 509
515947 240065 470
909986 370008 525
167916 32982 383
473964 882549 525
116866 842074 525
225588 184265 386
790241 889494 525
528122 9159 470
394776 131987 443
562104 299337 470
977540 415696 525
959193 347558 525
88134 87602 333
451234 597760 470
816808 201257 509
574674 421936 470
454548 993847 525
101623 510442 449
333846 983679 525
720770 378219 509
66301 483495 449
96063 816853 509
822099 254916 509
785593 831452 468
608936 110660 470
302928 576338 470
716164 666295 504
200045 194164 360
386987 760555 509
160508 278595 443
606770 300372 470
390776 826782 509
476118 769845 509
700026 32215 509
724568 791341 468
245745 210603 443
18504 884363 525
291755 867521 525
397865 763784 509
309496 189827 443
465399 68253 449
198711 490102 449
697325 45330 509
329661 695015 509
519474 240245 470
976929 880207 507
523753 811894 509
679990 710380 504
844447 57051 525
550104 345240 470
431621 919389 525
6051 191410 383
925086 42893 525
512476 689030 509
181495 373985 443
407094 292222 441
536080 186714 470
751707 245143 509
487767 113854 449
713511 906593 525
980183 521942 525
117758 290639 443
689061 859170 525
778438 366462 509
747772 951148 525
755186 242684 509
23527 113194 354
870048 318714 525
491926 615389 470
889691 37797 525
745275 344608 509
327981 232930 407
861223 748732 525
709194 727466 411
661719 640812 429
753960 255399 509
944653 27551 525
125058 113458 349
383906 19501 443
671474 651593 442
663211 558333 509
599133 949546 525
186007 649607 509
893500 57113 525
645301 661749 429
124733 613548 470
572127 362342 470
193303 932344 525
564276 673877 509
254057 217164 443
578546 707791 509
367655 652790 509
59528 392634 443
358756 215094 443
712934 55544 509
533540 519317 408
102569 169106 383
843112 459734 525
803981 740713 468
122539 704461 509
900375 579018 525
695068 754997 504
231390 633453 509
252756 577690 470
864613 204044 525
906265 783630 525
242359 542374 470
387740 554725 470
411910 667312 509
36373 834916 509
888804 922924 476
937705 725390 525
818850 357544 509
214338 62558 383
596402 221922 470
353301 119133 443
417893 896856 525
317416 508315 449
521218 522052 364
91477 182299 383
907889 661042 525
686656 981501 525
172494 225148 386
180282 631189 509
190599 311196 443
595158 272008 470
612223 761126 509
297072 540032 470
641133 880750 525
412915 139744 449
865263 614606 525
262532 634011 509
266372 325229 407
722099 674641 504
281541 745006 509
269235 165691 443
115878 457705 449
161550 345407 443
301540 75257 443
667320 592965 509
527807 538877 377
140286 351641 443
368502 838720 525
423674 697532 509
697719 31540 509
244671 743358 509
763115 343928 509
967291 694962 525
476174 887203 525
352499 364177 410
527007 543197 408
66280 172223 383
327295 219410 443
119984 161131 383
54125 514412 470
35627 709147 509
353751 322880 441
853256 124313 525
713524 799283 468
78088 481603 449
621875 286927 470
320699 926217 525
151007 794235 509
889107 365122 525
887620 212980 525
498464 395158 449
175058 769965 509
119173 287156 443
794726 731500 468
576459 792933 509
427466 486742 444
817004 843025 525
942395 826434 525
300581 41645 443
989548 886796 507
613184 874691 525
273884 901902 525
450981 676933 509
115013 772713 509
837718 661244 504
16560 404077 443
593602 3580 470
456486 271146 449
571896 554283 421
764700 99097 509
130461 747154 509
507818 830377 509
48943 421759 449
567256 845476 525
600920 733136 509
389185 64031 443
779999 108123 509
753027 982255 525
21413 123487 354
392592 538322 470
856827 678113 525
419839 173354 449
638807 60376 509
415137 388949 449
193628 531258 470
549111 987748 525
706450 797239 468
597147 906793 525
571977 10207 470
854821 88905 525
194182 76750 383
945510 877450 507
207638 156875 373
652186 875251 525
899190 847387 445
95945 90237 333
997814 37620 525
63651 439955 449
990014 219325 525
57428 170041 383
950715 442959 525
956823 553163 525
907787 191781 525
948427 455513 525
24793 759416 509
934162 591696 525
424460 482009 444
953421 346883 525
678448 888224 525
590759 836272 509
163990 180040 352
894292 111809 525
204909 300835 443
651247 309911 509
833502 585585 509
871885 116291 525
254440 9179 443
116502 112050 349
493387 599326 470
217983 255465 443
907649 142241 525
335233 763659 509
793957 649609 504
338441 247796 407
701313 674208 442
631626 379851 509
103804 529194 470
74017 858161 525
7735 339604 443
76228 761956 509
796486 718129 468
83795 380434 443
186559 917384 525
418858 77771 449
382552 681591 509
506867 366440 449
155898 650888 509
567895 894953 525
45298 557991 470
235035 448658 449
838886 401554 525
899379 274625 525
987226 783415 525
30360 141243 354
537191 711640 509
240504 271578 407
507483 934647 525
770191 883975 525
321795 405262 441
772254 676549 504
65035 994578 525
426727 179852 449
583506 44152 470
903326 69559 525
827671 147654 509
20020 274956 443
3686 902506 525
501122 63086 449
989396 675819 525
666356 458694 509
546218 6445 470
557388 673446 509
488539 187425 449
843997 322169 525
417437 698938 509
360769 60083 443
383561 614696 470
479960 508190 426
971894 311074 525
549534 996388 525
46508 241028 443
130176 339635 443
819298 94899 509
93641 50135 351
484095 358570 449
39434 362795 443
903826 688683 525
346877 883480 525
789365 247949 509
763531 74982 509
614081 457350 470
587464 335630 470
249590 247478 350
770213 355742 509
153407 520926 470
901624 460365 525
595462 925987 525
760526 847028 525
426792 456626 400
205140 84035 383
77544 466163 449
733264 668326 504
342197 730682 509
241731 131243 443
613490 937203 525
423594 568959 470
790665 904853 525
752052 210455 509
541833 320960 470
555710 519511 452
321847 57809 443
939567 973623 458
650221 104314 509
293008 804316 509
437803 567008 470
840351 293815 525
434504 247236 449
25633 600956 470
148834 817964 509
180671 167739 365
320724 362292 441
352905 926338 525
242125 472713 449
33602 872866 525
225786 753260 509
980273 176767 525
494361 670003 509
49207 839830 525
128689 169252 383
563296 263337 470
969136 806908 525
586349 44494 470
14209 283223 443
849443 699583 525
589387 841463 525
80186 189577 383
317517 830768 509
752962 911148 525
661024 25360 509
696783 191677 509
2805 783194 509
77518 162921 383
762144 281996 509
782699 776752 437
53171 514488 470
405822 394031 405
750730 692896 504
96351 599898 470
827447 265890 509
7559 683749 509
253928 22317 443
222177 399682 443
196662 334533 443
300299 676527 509
6264 63417 340
500637 898352 525
420234 326239 449
302454 388445 441
579800 811684 509
83036 453146 449
314612 744984 509
604298 560461 434
676881 867002 525
713804 524949 509
229345 104335 386
540017 874560 525
154222 200676 383
603856 191427 470
525165 208547 470
839645 968308 507
715432 828568 468
24574 963992 525
743861 543259 509
19406 623458 470
327930 159105 443
983764 203081 525
940488 362227 525
935426 842150 476
318777 99553 443
734161 825910 468
957477 87538 525
488470 603733 470
699723 178925 509
284867 853207 525
933727 607252 525
552003 705664 509
495860 902263 525
249116 42196 443
506667 511067 382
591798 745807 509
253384 347206 441
495067 968295 525
975548 62546 525
873018 153002 525
595533 612336 403
346972 927035 525
629443 722701 504
28276 538271 470
315461 671120 509
952166 601042 525
193657 743751 509
929785 854358 476
608571 855391 525
557505 803208 509
857673 320775 525
658230 806160 504
890705 941506 507
237479 535309 470
886583 613697 525
882036 360230 525
293768 828281 509
272112 431926 449
854656 19613 525
406755 101351 443
410517 299195 449
680649 150459 509
836406 395026 509
952271 123165 525
734074 676550 504
749741 892429 525
92908 340176 443
681595 410049 509
314571 960868 525
765397 602419 509
241411 934778 525
584532 655625 509
832618 119401 509
664047 674155 442
1349 504785 449
906934 261095 525
636336 933159 525
431196 114385 449
620923 494611 470
915943 522611 525
909303 912576 476
939762 23935 525
918585 599261 525
453074 11608 449
285183 275396 389
760222 391077 509
794092 498966 509
423393 157939 449
948505 320114 525
525354 116705 470
149741 471041 449
164118 59362 383
788201 15387 509
354414 560366 470
218794 650447 509
938044 310357 525
859291 174004 525
304744 455009 449
937371 697286 525
620110 792112 509
13720 356602 443
235549 296041 407
333304 817369 509
779827 28362 509
368939 87159 443
696459 110327 509
709259 367786 509
23774 383907 443
264326 375814 441
940272 249393 525
281679 372840 441
151317 71291 375
265422 555479 470
744863 613143 509
195282 472899 449
390527 776412 509
437136 498438 444
975205 738552 525
393815 740487 509
701309 719078 504
862441 308510 525
964139 764893 525
171619 177772 347
305248 81311 443
244397 965927 525
825938 160862 509
191849 627006 509
439910 390642 449
594595 539200 452
472692 723558 509
697313 78601 509
84509 872061 525
511587 929150 525
624750 451650 470
