65219 37435 340
99543 21917 351
56401 60793 317
33526 75339 340
57449 37035 340
48517 13556 324
82890 99427 333
70393 23908 340
48105 69060 340
46469 5608 324
32599 28936 285
18964 98502 351
61565 90446 351
89677 60536 351
25428 57337 340
29609 23513 308
65199 50883 340
58953 99178 351
65767 692 340
17890 47561 324
13714 54403 340
31321 18209 308
36485 21838 324
52234 35783 314
56673 33983 340
22493 82811 351
77168 40699 351
63791 44782 340
8542 98335 351
10257 97547 351
7605 75990 340
79357 63015 351
42376 69339 340
64461 38286 340
36899 83542 351
72321 94328 351
97274 24989 351
54362 5685 340
85139 76665 351
37217 29925 324
70207 8184 340
8951 78724 351
2162 46326 324
43567 86380 351
6338 38482 324
37703 7522 324
18278 49710 324
44283 83460 351
7580 99624 351
44602 93270 351
99139 63414 351
3330 84542 351
93101 21318 351
91820 12342 351
30282 21535 308
8469 36063 324
488 9360 262
73972 82185 351
27283 1486 308
26251 12255 282
62301 69144 330
49005 44739 314
7964 98728 351
76224 66492 325
41955 53196 340
14056 40663 324
30474 98719 351
93177 27746 351
36499 29562 324
99550 12162 351
52009 14176 324
25452 50797 324
69922 16858 340
91620 15163 351
2733 27411 308
62579 75779 330
72862 78539 351
81438 53502 351
61775 82553 351
15070 23924 282
32448 8514 308
33670 21667 308
78903 16171 351
8416 84508 351
793 85446 351
23631 1008 282
43294 45771 314
69308 65710 312
46738 75295 340
13923 19126 279
4809 79780 351
73261 97399 351
56303 23094 340
30816 67650 340
55939 98126 351
77097 9496 351
3130 16088 276
20954 4027 279
77470 20494 351
30105 60108 340
9564 58989 340
15900 99221 351
3361 41492 324
63801 27659 340
2342 91849 351
83621 89478 333
52059 1901 324
89933 40341 351
36287 51966 314
46370 72438 340
46984 41402 314
28815 73062 340
83012 79867 320
78768 28581 351
83920 37212 351
23302 84562 351
70522 78306 351
74145 50345 340
43656 35943 306
70734 10020 340
79583 37664 351
39696 13112 324
28858 64321 340
8446 71177 340
80327 63485 351
38577 81622 351
12911 672 268
16087 41270 324
9388 44808 324
97859 47288 351
56864 8188 340
13170 84727 351
39399 25171 324
15748 46205 324
76146 97936 351
8640 68533 340
90762 29593 351
53237 42321 340
42508 44686 270
95516 49964 351
57798 76005 335
58075 62712 335
61823 56733 335
96198 96770 297
33373 66768 340
16979 25002 282
61954 98373 351
50335 96401 351
77368 79914 338
69845 27106 340
3607 881 217
5856 75150 340
49995 74820 340
50064 36013 314
43808 51885 314
53607 80145 351
67282 16920 340
84023 71820 351
62019 18766 340
18510 15637 279
58802 27410 340
69013 620 340
60650 15798 340
66849 52073 340
25487 18007 282
58012 57538 273
7263 17969 279
8001 69366 340
16323 63958 340
78010 77756 245
46619 85907 351
13692 23812 282
61144 49695 340
7598 282 262
44427 12957 324
26685 61094 340
63655 46397 340
92489 35038 351
62923 73724 330
27018 98675 351
21240 42713 324
69119 48018 340
69584 38719 340
73975 75490 325
46546 18403 324
68975 10888 340
78676 42138 351
7303 49836 324
60949 83727 351
19982 72979 340
24957 44477 324
3475 59104 340
74586 36179 340
58779 16068 340
93353 6494 351
31082 26907 272
60497 60272 242
64860 37305 340
98694 15806 351
18909 27624 308
47187 68445 340
99649 34271 351
94789 33409 351
20500 59200 340
63216 13392 340
55570 21260 340
23826 45610 324
68354 84557 351
93366 13777 351
49278 9732 324
81059 51532 351
39284 87152 351
72749 72505 263
49076 21967 324
79232 42484 351
7503 42235 324
19199 8710 279
40196 61709 340
59432 56292 304
82724 41911 351
94847 76181 351
82447 14333 351
68681 9641 340
57453 32405 340
37474 52190 314
8815 70069 340
76288 1340 340
25716 43680 324
4463 448 238
17918 18661 261
21938 95670 351
18773 50634 324
94078 44588 351
54307 66525 335
36807 74881 340
87231 70658 351
41008 4612 324
33568 78149 351
20064 26728 308
40147 69531 340
21770 43093 324
12451 86887 351
2438 59257 340
84987 36455 351
5420 86242 351
87782 42779 351
44466 45006 270
10760 47611 324
12246 61169 340
93996 12089 351
11732 38270 324
10703 47673 324
36362 28948 324
53217 33980 340
95869 63025 351
19205 51541 324
58749 32926 340
65659 78073 351
99888 52624 351
45306 35137 324
19838 83883 351
25011 1089 282
87110 67428 351
99936 99484 328
70552 76287 325
18956 56049 340
91723 6870 351
81284 6537 351
49217 87460 351
76104 75068 307
81345 6306 351
51686 98542 351
1802 21968 279
12598 79438 351
20312 62429 340
1358 87578 351
62821 24171 340
47009 54274 340
45520 97066 351
15972 53732 340
62186 38165 340
13976 87845 351
5313 59566 340
72505 21929 340
59133 88031 351
33957 42186 324
81112 76825 351
24288 41327 324
91585 48674 351
90648 77036 351
21455 99350 351
3916 13567 276
29846 89592 351
98017 82441 333
22614 78634 351
88509 26980 351
65203 69731 312
91423 43481 351
55695 26707 340
496 34690 311
61863 92915 351
3693 98892 351
51216 60397 340
3123 14860 276
81436 16012 351
8520 51412 324
27554 31796 285
75577 88077 351
32061 77671 351
30148 7906 308
36980 9696 324
88619 14831 351
97883 18201 351
58472 89346 351
59473 68911 335
85688 35428 351
87457 95570 333
78743 58430 351
9135 25497 282
5956 52487 324
92421 37823 351
91609 98001 328
43587 77459 351
84519 95782 333
73440 63145 330
41321 54619 340
89670 62634 351
63662 83990 351
39960 8528 324
43825 19474 324
78895 11676 351
68994 26026 340
68809 88116 351
63103 69374 330
23549 86340 351
59709 82749 351
81897 55348 351
7034 19863 279
44175 20205 324
56794 35009 340
42215 79297 351
25836 26075 233
12918 34482 311
81082 65303 351
97183 59594 351
18869 63537 340
97133 64837 351
55532 91007 351
77187 79808 338
13993 7891 276
47365 88649 351
53608 19306 340
94144 50517 351
51813 36836 314
28376 27900 259
51237 87770 351
52711 83314 351
63746 44857 340
35226 10090 311
29925 49387 324
22246 63512 340
66355 57635 335
6141 26562 282
42527 51649 314
46880 60737 340
10404 18868 279
18201 24815 282
28814 16357 308
56547 53733 322
89485 36967 351
97750 63976 351
46145 42443 314
1508 32001 308
73588 4712 340
36881 57784 340
60904 86764 351
6401 21147 279
78976 77089 351
16974 83828 351
94919 51636 351
20609 33380 308
61838 21933 340
31991 9705 308
70416 91020 351
16941 63525 340
61671 30243 340
85121 78446 338
72686 68384 325
94447 59997 351
73050 44223 340
79842 84282 320
50565 35942 314
79969 38790 351
74863 74710 325
86867 24978 351
33124 57828 340
69783 96400 351
95559 49227 351
66726 37019 340
92472 90995 333
43608 32974 324
47577 7129 324
21564 94740 351
55536 12337 340
7818 11121 268
94697 93120 315
39294 4253 324
38353 47510 314
36793 87039 351
81089 77957 338
1726 89180 351
33024 12000 308
7823 69879 340
43372 44172 270
33499 73696 340
85433 21155 351
35889 51852 314
12734 28629 308
18762 72926 340
76375 27457 340
68009 86079 351
2849 42513 324
12176 69513 340
63053 96641 351
41839 80999 351
7620 89242 351
40226 25633 324
47103 49872 314
25514 83736 351
82756 41862 351
30720 16489 308
83330 72537 351
41513 44745 288
45071 89436 351
26219 75009 340
13035 43682 324
90932 79250 333
14148 41481 324
43793 95261 351
73384 19578 340
20030 76206 340
88997 91623 333
13518 3840 276
98346 33869 351
19689 68221 340
17081 84621 351
96225 53598 351
1495 41853 324
4399 85494 351
15999 37266 324
79457 75863 351
45435 37293 314
69083 37239 340
22594 83851 351
44811 83664 351
52376 54445 340
11721 36464 324
22631 47790 324
62748 5840 340
95621 32611 351
89395 32319 351
69341 80026 351
20226 55897 340
63999 31837 340
43241 483 324
90591 49409 351
11642 34221 308
16358 4003 276
5059 49847 324
81939 51615 351
46824 99267 351
97148 68049 351
81249 47964 351
10716 85156 351
26991 42424 324
15043 55506 340
17624 75459 340
18054 87098 351
59851 89551 351
35238 24791 311
22454 47035 324
73216 72607 294
94796 64366 351
95829 82320 333
78272 17516 351
82255 79558 320
919 41078 324
68151 18199 340
98698 9711 351
22508 19219 274
75975 30649 340
48728 67726 340
57458 89691 351
75827 94712 351
82339 77930 338
79677 91419 333
12736 31644 308
52363 43931 314
10154 2536 262
73540 48321 340
80964 98725 333
92629 96066 328
28912 12246 308
52889 42170 340
76463 38143 340
82370 64941 351
3155 94270 351
29959 31865 285
99374 90639 333
39891 67921 340
75401 19794 340
52360 55837 340
14581 59371 340
71565 64513 325
20354 98634 351
24190 31346 308
99304 81397 333
79220 88790 333
51693 50776 309
55810 3989 340
35987 9946 324
91662 41320 351
21317 99636 351
22850 38076 324
31508 64942 340
61741 61613 286
1339 1030 182
36617 97982 351
78633 77628 307
48999 6298 324
22538 64804 340
15089 47008 324
99792 27315 351
68957 5883 340
17509 59779 340
15460 13692 271
3249 83391 351
69680 67717 312
46995 63016 340
26681 2772 308
95894 49075 351
74914 20732 340
23230 27582 308
49059 60115 340
98913 20528 351
23736 53171 340
24173 30567 308
76124 68274 325
73343 57065 335
62702 74669 330
95432 78476 338
91145 90266 315
14936 84880 351
2013 28417 308
13710 88188 351
93092 35989 351
64299 66674 299
46228 78164 351
5029 9500 262
39471 85280 351
40059 73287 340
62917 92032 351
57594 32782 340
6808 12502 268
29312 23751 308
21831 29120 308
16844 43898 324
66737 26668 340
58861 948 340
86956 89374 333
1612 64455 340
76276 43481 340
82790 78890 320
84275 3920 351
23373 16387 279
75009 27163 340
1615 89061 351
38830 12298 324
27346 55484 340
57289 13276 340
5450 50675 324
71321 38203 340
11078 63808 340
14421 83572 351
71757 42928 340
51537 7353 324
62502 64997 330
58169 80041 351
28391 31624 285
38855 83881 351
73357 23172 340
44304 82356 351
72479 409 340
52911 87473 351
60501 50050 340
29447 77412 351
63233 91331 351
17967 82516 351
81441 1431 351
26254 7856 282
97284 45328 351
20785 51412 324
58326 59988 304
29730 38934 324
68274 90144 351
18331 8674 279
41579 27995 324
9591 43378 324
67915 42594 340
57063 29253 340
86978 67441 351
84277 33710 351
70471 42656 340
75861 18808 340
55046 58315 322
42574 56740 340
21913 3103 279
52301 62000 340
79425 13869 351
84629 71704 351
62645 84592 351
89130 9046 351
3953 59519 340
27861 45241 324
79809 79108 307
83169 85858 320
4191 96281 351
6422 41600 324
52310 86048 351
3181 88195 351
72846 58351 335
84426 212 351
951 86322 351
97054 74868 351
10652 57744 340
74726 1851 340
72602 96483 351
40628 89507 351
30208 20292 308
98642 27156 351
75252 30395 340
2703 73284 340
83107 25973 351
27267 799 308
5625 80734 351
69018 39431 340
11355 73193 340
94107 7495 351
6539 94035 351
76986 10127 340
3386 44964 324
74329 6971 340
14727 56915 340
44574 48221 314
93864 85688 333
16925 97868 351
5823 89204 351
99296 59575 351
88911 15459 351
17340 19528 279
57346 37138 340
6649 73728 340
31829 39340 324
23920 40178 324
21535 58329 340
48373 43459 314
53554 47107 340
42657 66109 340
14009 96008 351
59088 382 340
4121 39164 324
91581 51739 351
28864 47365 324
89854 84214 333
95867 7543 351
93160 91643 315
21135 79770 351
15490 6773 276
38782 39524 275
94862 81328 333
30988 40622 324
98236 64222 351
48291 74393 340
89354 33096 351
43264 6889 324
77991 38628 351
26091 71052 340
22766 18516 274
91208 2078 351
47658 30046 324
74516 51769 340
62359 78219 351
61716 96799 351
5012 13687 276
70914 17121 340
65332 61167 330
19927 83174 351
64922 18268 340
89591 12889 351
2105 16369 276
28884 12485 308
22938 26094 282
18605 65061 340
72512 60438 335
23737 98553 351
18965 21254 274
6390 67422 340
33312 31825 267
14433 5167 276
70048 43528 340
30013 60301 340
79471 85566 320
48091 31656 324
3921 53965 340
45607 69586 340
76270 4047 340
55542 9584 340
87089 83221 333
95006 19329 351
63314 54090 335
35468 74243 340
77932 57693 351
61806 91929 351
2574 20376 279
49938 40588 314
5888 8990 262
58655 54146 322
71200 5004 340
27980 67930 340
59207 19600 340
22600 75659 340
85042 6926 351
53760 42566 340
23713 11478 282
10888 16406 276
18109 91755 351
14599 9289 276
55177 11530 340
58316 50636 340
48706 86467 351
30977 90396 351
4508 1534 238
32058 71561 340
65475 80735 351
50775 28986 324
58793 28241 340
69996 81111 351
34622 86595 351
11029 72557 340
22170 47329 324
94322 44917 351
70948 99918 351
79837 14483 351
40898 66834 340
26172 16462 282
64810 72764 325
72479 28236 340
94944 83420 333
3525 84428 351
51504 84508 351
41267 59090 340
59244 3742 340
10362 32246 308
29312 31280 272
96395 49594 351
72219 48807 340
2607 13799 276
47030 25477 324
29147 60383 340
25543 97275 351
95518 9132 351
50997 76236 340
37281 37233 187
70368 10936 340
87654 20786 351
84003 70067 351
75701 58671 335
93409 59757 351
23921 89835 351
66725 26637 340
19861 28856 308
18422 25819 282
87195 14672 351
5350 56547 340
84787 1957 351
12435 17897 279
59988 68573 335
30379 47860 324
4612 44204 324
64473 41444 340
32891 36314 324
84543 99224 333
56119 77202 351
46425 73992 340
90477 69052 351
41649 79247 351
90442 18620 351
27530 832 308
57182 94427 351
1410 52033 324
14437 47972 324
96258 98210 297
62678 81742 351
14792 33491 308
321 15936 276
90113 27346 351
36009 86266 351
33280 51527 324
48481 63795 340
64814 15609 340
90572 3655 351
59629 74272 335
51820 42010 314
36142 17160 324
65676 72080 325
48505 26885 324
11131 63870 340
36973 84531 351
56850 9127 340
18858 18709 230
26453 16981 282
45608 3185 324
94965 39922 351
32035 22568 308
25506 84298 351
76158 98232 351
20451 64620 340
5405 50049 324
80019 24135 351
81870 81951 289
39502 95513 351
76641 95845 351
90944 51021 351
34209 8416 308
59436 4981 340
25402 19833 282
97565 92285 328
25258 20868 282
22646 10113 279
11211 89114 351
61287 54510 335
12324 98721 351
78472 26993 351
54474 60261 322
31356 25720 308
12040 88495 351
29916 59890 340
53996 5327 340
83361 98559 333
99796 14731 351
45526 29556 324
86880 77829 338
73511 92290 351
30739 31436 285
72774 59587 335
18722 99382 351
7121 55648 340
87175 34780 351
46930 51777 314
65093 8727 340
83722 35170 351
44997 6143 324
58879 19420 340
3077 82968 351
28347 91274 351
12999 81008 351
12227 32977 308
78860 33342 351
37937 11991 324
4714 35851 324
60412 1367 340
68949 69165 250
42821 30173 324
75734 7568 340
1870 73963 340
30948 63184 340
86889 7986 351
20847 40280 324
51064 22297 324
31585 73779 340
16582 10603 276
51725 47947 309
71150 17091 340
25457 62379 340
35133 81338 351
38159 82054 351
86902 79031 320
88059 71817 351
2924 26075 282
37994 5275 324
38926 70582 340
38251 77583 351
48020 774 324
26162 44290 324
64055 67585 299
82185 22598 351
18312 68217 340
68880 65355 312
32393 93778 351
22216 54739 340
71145 13964 340
13433 16087 271
11430 75082 340
16830 84960 351
35039 6295 311
8530 89040 351
39380 44760 306
74624 48024 340
96283 16336 351
80923 49589 351
80823 71383 351
75299 50853 340
50519 13675 324
94478 15074 351
47704 73240 340
49948 35031 324
25872 45900 324
1287 69204 340
73320 47913 340
88889 66329 351
25180 63534 340
16505 61062 340
9302 65779 340
46601 83156 351
71749 8050 340
40365 95276 351
94602 84633 333
23889 43907 324
80099 46012 351
91106 92376 333
61800 6894 340
82498 19852 351
99364 62232 351
55373 45870 340
29647 9546 308
77826 12173 351
14780 13791 271
11268 74166 340
56962 87321 351
60910 72470 335
10678 6707 260
36543 29816 324
94482 79489 333
34207 57365 340
68318 74766 325
26352 77463 351
89405 14570 351
21225 26243 282
2772 22803 279
27247 91040 351
52550 48939 340
33056 27801 285
67976 87135 351
41338 93133 351
83637 87019 320
63457 68408 330
32645 94665 351
70911 91173 351
54200 40293 340
38899 42416 306
27326 42845 324
90006 99603 333
54767 51092 340
20154 42670 324
69061 46047 340
66568 10981 340
13478 19292 279
50469 69260 340
57405 49637 340
21178 74549 340
36932 31371 324
13746 74338 340
96998 26020 351
24958 70209 340
25093 99436 351
64955 17989 340
10732 75953 340
62671 22945 340
9528 20798 279
86890 80565 320
45374 13276 324
10422 15892 276
78343 85312 338
72972 9523 340
12376 37848 324
94620 82772 333
68532 39804 340
25335 54307 340
97622 5911 351
23258 16617 279
59884 53705 322
88682 96073 333
12169 177 268
34840 61309 340
91744 99211 328
672 74605 340
41137 56374 340
99225 25866 351
85613 26837 351
83985 66452 351
